   1              	 .syntax unified
   2              	 .cpu cortex-m4
   3              	 .fpu softvfp
   4              	 .eabi_attribute 20,1
   5              	 .eabi_attribute 21,1
   6              	 .eabi_attribute 23,3
   7              	 .eabi_attribute 24,1
   8              	 .eabi_attribute 25,1
   9              	 .eabi_attribute 26,1
  10              	 .eabi_attribute 30,6
  11              	 .eabi_attribute 34,1
  12              	 .eabi_attribute 18,4
  13              	 .thumb
  14              	 .file "arm_negate_q7.c"
  15              	 .text
  16              	.Ltext0:
  17              	 .cfi_sections .debug_frame
  18              	 .section .text.arm_negate_q7,"ax",%progbits
  19              	 .align 2
  20              	 .global arm_negate_q7
  21              	 .thumb
  22              	 .thumb_func
  24              	arm_negate_q7:
  25              	.LFB139:
  26              	 .file 1 "../Dave/Generated/CMSIS_DSP/BasicMathFunctions/arm_negate_q7.c"
   1:../Dave/Generated/CMSIS_DSP/BasicMathFunctions/arm_negate_q7.c **** /* ----------------------------------------------------------------------    
   2:../Dave/Generated/CMSIS_DSP/BasicMathFunctions/arm_negate_q7.c **** * Copyright (C) 2010-2014 ARM Limited. All rights reserved.    
   3:../Dave/Generated/CMSIS_DSP/BasicMathFunctions/arm_negate_q7.c **** *    
   4:../Dave/Generated/CMSIS_DSP/BasicMathFunctions/arm_negate_q7.c **** * $Date:        12. March 2014
   5:../Dave/Generated/CMSIS_DSP/BasicMathFunctions/arm_negate_q7.c **** * $Revision: 	V1.4.4
   6:../Dave/Generated/CMSIS_DSP/BasicMathFunctions/arm_negate_q7.c **** *    
   7:../Dave/Generated/CMSIS_DSP/BasicMathFunctions/arm_negate_q7.c **** * Project: 	    CMSIS DSP Library    
   8:../Dave/Generated/CMSIS_DSP/BasicMathFunctions/arm_negate_q7.c **** * Title:		arm_negate_q7.c    
   9:../Dave/Generated/CMSIS_DSP/BasicMathFunctions/arm_negate_q7.c **** *    
  10:../Dave/Generated/CMSIS_DSP/BasicMathFunctions/arm_negate_q7.c **** * Description:	Negates Q7 vectors.    
  11:../Dave/Generated/CMSIS_DSP/BasicMathFunctions/arm_negate_q7.c **** *    
  12:../Dave/Generated/CMSIS_DSP/BasicMathFunctions/arm_negate_q7.c **** * Target Processor: Cortex-M4/Cortex-M3/Cortex-M0
  13:../Dave/Generated/CMSIS_DSP/BasicMathFunctions/arm_negate_q7.c **** *  
  14:../Dave/Generated/CMSIS_DSP/BasicMathFunctions/arm_negate_q7.c **** * Redistribution and use in source and binary forms, with or without 
  15:../Dave/Generated/CMSIS_DSP/BasicMathFunctions/arm_negate_q7.c **** * modification, are permitted provided that the following conditions
  16:../Dave/Generated/CMSIS_DSP/BasicMathFunctions/arm_negate_q7.c **** * are met:
  17:../Dave/Generated/CMSIS_DSP/BasicMathFunctions/arm_negate_q7.c **** *   - Redistributions of source code must retain the above copyright
  18:../Dave/Generated/CMSIS_DSP/BasicMathFunctions/arm_negate_q7.c **** *     notice, this list of conditions and the following disclaimer.
  19:../Dave/Generated/CMSIS_DSP/BasicMathFunctions/arm_negate_q7.c **** *   - Redistributions in binary form must reproduce the above copyright
  20:../Dave/Generated/CMSIS_DSP/BasicMathFunctions/arm_negate_q7.c **** *     notice, this list of conditions and the following disclaimer in
  21:../Dave/Generated/CMSIS_DSP/BasicMathFunctions/arm_negate_q7.c **** *     the documentation and/or other materials provided with the 
  22:../Dave/Generated/CMSIS_DSP/BasicMathFunctions/arm_negate_q7.c **** *     distribution.
  23:../Dave/Generated/CMSIS_DSP/BasicMathFunctions/arm_negate_q7.c **** *   - Neither the name of ARM LIMITED nor the names of its contributors
  24:../Dave/Generated/CMSIS_DSP/BasicMathFunctions/arm_negate_q7.c **** *     may be used to endorse or promote products derived from this
  25:../Dave/Generated/CMSIS_DSP/BasicMathFunctions/arm_negate_q7.c **** *     software without specific prior written permission.
  26:../Dave/Generated/CMSIS_DSP/BasicMathFunctions/arm_negate_q7.c **** *
  27:../Dave/Generated/CMSIS_DSP/BasicMathFunctions/arm_negate_q7.c **** * THIS SOFTWARE IS PROVIDED BY THE COPYRIGHT HOLDERS AND CONTRIBUTORS
  28:../Dave/Generated/CMSIS_DSP/BasicMathFunctions/arm_negate_q7.c **** * "AS IS" AND ANY EXPRESS OR IMPLIED WARRANTIES, INCLUDING, BUT NOT
  29:../Dave/Generated/CMSIS_DSP/BasicMathFunctions/arm_negate_q7.c **** * LIMITED TO, THE IMPLIED WARRANTIES OF MERCHANTABILITY AND FITNESS
  30:../Dave/Generated/CMSIS_DSP/BasicMathFunctions/arm_negate_q7.c **** * FOR A PARTICULAR PURPOSE ARE DISCLAIMED. IN NO EVENT SHALL THE 
  31:../Dave/Generated/CMSIS_DSP/BasicMathFunctions/arm_negate_q7.c **** * COPYRIGHT OWNER OR CONTRIBUTORS BE LIABLE FOR ANY DIRECT, INDIRECT,
  32:../Dave/Generated/CMSIS_DSP/BasicMathFunctions/arm_negate_q7.c **** * INCIDENTAL, SPECIAL, EXEMPLARY, OR CONSEQUENTIAL DAMAGES (INCLUDING,
  33:../Dave/Generated/CMSIS_DSP/BasicMathFunctions/arm_negate_q7.c **** * BUT NOT LIMITED TO, PROCUREMENT OF SUBSTITUTE GOODS OR SERVICES;
  34:../Dave/Generated/CMSIS_DSP/BasicMathFunctions/arm_negate_q7.c **** * LOSS OF USE, DATA, OR PROFITS; OR BUSINESS INTERRUPTION) HOWEVER
  35:../Dave/Generated/CMSIS_DSP/BasicMathFunctions/arm_negate_q7.c **** * CAUSED AND ON ANY THEORY OF LIABILITY, WHETHER IN CONTRACT, STRICT
  36:../Dave/Generated/CMSIS_DSP/BasicMathFunctions/arm_negate_q7.c **** * LIABILITY, OR TORT (INCLUDING NEGLIGENCE OR OTHERWISE) ARISING IN
  37:../Dave/Generated/CMSIS_DSP/BasicMathFunctions/arm_negate_q7.c **** * ANY WAY OUT OF THE USE OF THIS SOFTWARE, EVEN IF ADVISED OF THE
  38:../Dave/Generated/CMSIS_DSP/BasicMathFunctions/arm_negate_q7.c **** * POSSIBILITY OF SUCH DAMAGE.   
  39:../Dave/Generated/CMSIS_DSP/BasicMathFunctions/arm_negate_q7.c **** * -------------------------------------------------------------------- */
  40:../Dave/Generated/CMSIS_DSP/BasicMathFunctions/arm_negate_q7.c **** 
  41:../Dave/Generated/CMSIS_DSP/BasicMathFunctions/arm_negate_q7.c **** #include "CMSIS_DSP/cmsis_dsp.h"
  42:../Dave/Generated/CMSIS_DSP/BasicMathFunctions/arm_negate_q7.c **** 
  43:../Dave/Generated/CMSIS_DSP/BasicMathFunctions/arm_negate_q7.c **** /**    
  44:../Dave/Generated/CMSIS_DSP/BasicMathFunctions/arm_negate_q7.c ****  * @ingroup groupMath    
  45:../Dave/Generated/CMSIS_DSP/BasicMathFunctions/arm_negate_q7.c ****  */
  46:../Dave/Generated/CMSIS_DSP/BasicMathFunctions/arm_negate_q7.c **** 
  47:../Dave/Generated/CMSIS_DSP/BasicMathFunctions/arm_negate_q7.c **** /**    
  48:../Dave/Generated/CMSIS_DSP/BasicMathFunctions/arm_negate_q7.c ****  * @addtogroup negate    
  49:../Dave/Generated/CMSIS_DSP/BasicMathFunctions/arm_negate_q7.c ****  * @{    
  50:../Dave/Generated/CMSIS_DSP/BasicMathFunctions/arm_negate_q7.c ****  */
  51:../Dave/Generated/CMSIS_DSP/BasicMathFunctions/arm_negate_q7.c **** 
  52:../Dave/Generated/CMSIS_DSP/BasicMathFunctions/arm_negate_q7.c **** /**    
  53:../Dave/Generated/CMSIS_DSP/BasicMathFunctions/arm_negate_q7.c ****  * @brief  Negates the elements of a Q7 vector.    
  54:../Dave/Generated/CMSIS_DSP/BasicMathFunctions/arm_negate_q7.c ****  * @param[in]  *pSrc points to the input vector    
  55:../Dave/Generated/CMSIS_DSP/BasicMathFunctions/arm_negate_q7.c ****  * @param[out]  *pDst points to the output vector    
  56:../Dave/Generated/CMSIS_DSP/BasicMathFunctions/arm_negate_q7.c ****  * @param[in]  blockSize number of samples in the vector    
  57:../Dave/Generated/CMSIS_DSP/BasicMathFunctions/arm_negate_q7.c ****  * @return none.    
  58:../Dave/Generated/CMSIS_DSP/BasicMathFunctions/arm_negate_q7.c ****  *    
  59:../Dave/Generated/CMSIS_DSP/BasicMathFunctions/arm_negate_q7.c ****  * <b>Scaling and Overflow Behavior:</b>    
  60:../Dave/Generated/CMSIS_DSP/BasicMathFunctions/arm_negate_q7.c ****  * \par    
  61:../Dave/Generated/CMSIS_DSP/BasicMathFunctions/arm_negate_q7.c ****  * The function uses saturating arithmetic.    
  62:../Dave/Generated/CMSIS_DSP/BasicMathFunctions/arm_negate_q7.c ****  * The Q7 value -1 (0x80) will be saturated to the maximum allowable positive value 0x7F.    
  63:../Dave/Generated/CMSIS_DSP/BasicMathFunctions/arm_negate_q7.c ****  */
  64:../Dave/Generated/CMSIS_DSP/BasicMathFunctions/arm_negate_q7.c **** 
  65:../Dave/Generated/CMSIS_DSP/BasicMathFunctions/arm_negate_q7.c **** void arm_negate_q7(
  66:../Dave/Generated/CMSIS_DSP/BasicMathFunctions/arm_negate_q7.c ****   q7_t * pSrc,
  67:../Dave/Generated/CMSIS_DSP/BasicMathFunctions/arm_negate_q7.c ****   q7_t * pDst,
  68:../Dave/Generated/CMSIS_DSP/BasicMathFunctions/arm_negate_q7.c ****   uint32_t blockSize)
  69:../Dave/Generated/CMSIS_DSP/BasicMathFunctions/arm_negate_q7.c **** {
  27              	 .loc 1 69 0
  28              	 .cfi_startproc
  29              	 
  30              	 
  31              	 
  32 0000 80B4     	 push {r7}
  33              	.LCFI0:
  34              	 .cfi_def_cfa_offset 4
  35              	 .cfi_offset 7,-4
  36 0002 8DB0     	 sub sp,sp,#52
  37              	.LCFI1:
  38              	 .cfi_def_cfa_offset 56
  39 0004 00AF     	 add r7,sp,#0
  40              	.LCFI2:
  41              	 .cfi_def_cfa_register 7
  42 0006 F860     	 str r0,[r7,#12]
  43 0008 B960     	 str r1,[r7,#8]
  44 000a 7A60     	 str r2,[r7,#4]
  70:../Dave/Generated/CMSIS_DSP/BasicMathFunctions/arm_negate_q7.c ****   uint32_t blkCnt;                               /* loop counter */
  71:../Dave/Generated/CMSIS_DSP/BasicMathFunctions/arm_negate_q7.c ****   q7_t in;
  72:../Dave/Generated/CMSIS_DSP/BasicMathFunctions/arm_negate_q7.c **** 
  73:../Dave/Generated/CMSIS_DSP/BasicMathFunctions/arm_negate_q7.c **** #ifndef ARM_MATH_CM0_FAMILY
  74:../Dave/Generated/CMSIS_DSP/BasicMathFunctions/arm_negate_q7.c **** 
  75:../Dave/Generated/CMSIS_DSP/BasicMathFunctions/arm_negate_q7.c **** /* Run the below code for Cortex-M4 and Cortex-M3 */
  76:../Dave/Generated/CMSIS_DSP/BasicMathFunctions/arm_negate_q7.c ****   q31_t input;                                   /* Input values1-4 */
  77:../Dave/Generated/CMSIS_DSP/BasicMathFunctions/arm_negate_q7.c ****   q31_t zero = 0x00000000;
  45              	 .loc 1 77 0
  46 000c 0023     	 movs r3,#0
  47 000e BB62     	 str r3,[r7,#40]
  78:../Dave/Generated/CMSIS_DSP/BasicMathFunctions/arm_negate_q7.c **** 
  79:../Dave/Generated/CMSIS_DSP/BasicMathFunctions/arm_negate_q7.c **** 
  80:../Dave/Generated/CMSIS_DSP/BasicMathFunctions/arm_negate_q7.c ****   /*loop Unrolling */
  81:../Dave/Generated/CMSIS_DSP/BasicMathFunctions/arm_negate_q7.c ****   blkCnt = blockSize >> 2u;
  48              	 .loc 1 81 0
  49 0010 7B68     	 ldr r3,[r7,#4]
  50 0012 9B08     	 lsrs r3,r3,#2
  51 0014 FB62     	 str r3,[r7,#44]
  82:../Dave/Generated/CMSIS_DSP/BasicMathFunctions/arm_negate_q7.c **** 
  83:../Dave/Generated/CMSIS_DSP/BasicMathFunctions/arm_negate_q7.c ****   /* First part of the processing with loop unrolling.  Compute 4 outputs at a time.    
  84:../Dave/Generated/CMSIS_DSP/BasicMathFunctions/arm_negate_q7.c ****    ** a second loop below computes the remaining 1 to 3 samples. */
  85:../Dave/Generated/CMSIS_DSP/BasicMathFunctions/arm_negate_q7.c ****   while(blkCnt > 0u)
  52              	 .loc 1 85 0
  53 0016 19E0     	 b .L2
  54              	.L4:
  86:../Dave/Generated/CMSIS_DSP/BasicMathFunctions/arm_negate_q7.c ****   {
  87:../Dave/Generated/CMSIS_DSP/BasicMathFunctions/arm_negate_q7.c ****     /* C = -A */
  88:../Dave/Generated/CMSIS_DSP/BasicMathFunctions/arm_negate_q7.c ****     /* Read four inputs */
  89:../Dave/Generated/CMSIS_DSP/BasicMathFunctions/arm_negate_q7.c ****     input = *__SIMD32(pSrc)++;
  55              	 .loc 1 89 0
  56 0018 07F10C02 	 add r2,r7,#12
  57 001c 1368     	 ldr r3,[r2]
  58 001e 191D     	 adds r1,r3,#4
  59 0020 1160     	 str r1,[r2]
  60 0022 1B68     	 ldr r3,[r3]
  61 0024 7B62     	 str r3,[r7,#36]
  90:../Dave/Generated/CMSIS_DSP/BasicMathFunctions/arm_negate_q7.c **** 
  91:../Dave/Generated/CMSIS_DSP/BasicMathFunctions/arm_negate_q7.c ****     /* Store the Negated results in the destination buffer in a single cycle by packing the results
  92:../Dave/Generated/CMSIS_DSP/BasicMathFunctions/arm_negate_q7.c ****     *__SIMD32(pDst)++ = __QSUB8(zero, input);
  62              	 .loc 1 92 0
  63 0026 07F10802 	 add r2,r7,#8
  64 002a 1368     	 ldr r3,[r2]
  65 002c 191D     	 adds r1,r3,#4
  66 002e 1160     	 str r1,[r2]
  67 0030 B96A     	 ldr r1,[r7,#40]
  68 0032 7A6A     	 ldr r2,[r7,#36]
  69 0034 F961     	 str r1,[r7,#28]
  70 0036 BA61     	 str r2,[r7,#24]
  71              	.LBB4:
  72              	.LBB5:
  73              	 .file 2 "C:\\Users\\Depes Crystalline\\Desktop\\school\\Active_Bike_Lighting_System\\Radar_Core/Libraries/CMSIS/Include/core_cmSimd.h"
   1:C:\Users\Depes Crystalline\Desktop\school\Active_Bike_Lighting_System\Radar_Core/Libraries/CMSIS/Include\core_cmSimd.h **** /**************************************************************************//**
   2:C:\Users\Depes Crystalline\Desktop\school\Active_Bike_Lighting_System\Radar_Core/Libraries/CMSIS/Include\core_cmSimd.h ****  * @file     core_cmSimd.h
   3:C:\Users\Depes Crystalline\Desktop\school\Active_Bike_Lighting_System\Radar_Core/Libraries/CMSIS/Include\core_cmSimd.h ****  * @brief    CMSIS Cortex-M SIMD Header File
   4:C:\Users\Depes Crystalline\Desktop\school\Active_Bike_Lighting_System\Radar_Core/Libraries/CMSIS/Include\core_cmSimd.h ****  * @version  V4.00
   5:C:\Users\Depes Crystalline\Desktop\school\Active_Bike_Lighting_System\Radar_Core/Libraries/CMSIS/Include\core_cmSimd.h ****  * @date     22. August 2014
   6:C:\Users\Depes Crystalline\Desktop\school\Active_Bike_Lighting_System\Radar_Core/Libraries/CMSIS/Include\core_cmSimd.h ****  *
   7:C:\Users\Depes Crystalline\Desktop\school\Active_Bike_Lighting_System\Radar_Core/Libraries/CMSIS/Include\core_cmSimd.h ****  * @note
   8:C:\Users\Depes Crystalline\Desktop\school\Active_Bike_Lighting_System\Radar_Core/Libraries/CMSIS/Include\core_cmSimd.h ****  *
   9:C:\Users\Depes Crystalline\Desktop\school\Active_Bike_Lighting_System\Radar_Core/Libraries/CMSIS/Include\core_cmSimd.h ****  ******************************************************************************/
  10:C:\Users\Depes Crystalline\Desktop\school\Active_Bike_Lighting_System\Radar_Core/Libraries/CMSIS/Include\core_cmSimd.h **** /* Copyright (c) 2009 - 2014 ARM LIMITED
  11:C:\Users\Depes Crystalline\Desktop\school\Active_Bike_Lighting_System\Radar_Core/Libraries/CMSIS/Include\core_cmSimd.h **** 
  12:C:\Users\Depes Crystalline\Desktop\school\Active_Bike_Lighting_System\Radar_Core/Libraries/CMSIS/Include\core_cmSimd.h ****    All rights reserved.
  13:C:\Users\Depes Crystalline\Desktop\school\Active_Bike_Lighting_System\Radar_Core/Libraries/CMSIS/Include\core_cmSimd.h ****    Redistribution and use in source and binary forms, with or without
  14:C:\Users\Depes Crystalline\Desktop\school\Active_Bike_Lighting_System\Radar_Core/Libraries/CMSIS/Include\core_cmSimd.h ****    modification, are permitted provided that the following conditions are met:
  15:C:\Users\Depes Crystalline\Desktop\school\Active_Bike_Lighting_System\Radar_Core/Libraries/CMSIS/Include\core_cmSimd.h ****    - Redistributions of source code must retain the above copyright
  16:C:\Users\Depes Crystalline\Desktop\school\Active_Bike_Lighting_System\Radar_Core/Libraries/CMSIS/Include\core_cmSimd.h ****      notice, this list of conditions and the following disclaimer.
  17:C:\Users\Depes Crystalline\Desktop\school\Active_Bike_Lighting_System\Radar_Core/Libraries/CMSIS/Include\core_cmSimd.h ****    - Redistributions in binary form must reproduce the above copyright
  18:C:\Users\Depes Crystalline\Desktop\school\Active_Bike_Lighting_System\Radar_Core/Libraries/CMSIS/Include\core_cmSimd.h ****      notice, this list of conditions and the following disclaimer in the
  19:C:\Users\Depes Crystalline\Desktop\school\Active_Bike_Lighting_System\Radar_Core/Libraries/CMSIS/Include\core_cmSimd.h ****      documentation and/or other materials provided with the distribution.
  20:C:\Users\Depes Crystalline\Desktop\school\Active_Bike_Lighting_System\Radar_Core/Libraries/CMSIS/Include\core_cmSimd.h ****    - Neither the name of ARM nor the names of its contributors may be used
  21:C:\Users\Depes Crystalline\Desktop\school\Active_Bike_Lighting_System\Radar_Core/Libraries/CMSIS/Include\core_cmSimd.h ****      to endorse or promote products derived from this software without
  22:C:\Users\Depes Crystalline\Desktop\school\Active_Bike_Lighting_System\Radar_Core/Libraries/CMSIS/Include\core_cmSimd.h ****      specific prior written permission.
  23:C:\Users\Depes Crystalline\Desktop\school\Active_Bike_Lighting_System\Radar_Core/Libraries/CMSIS/Include\core_cmSimd.h ****    *
  24:C:\Users\Depes Crystalline\Desktop\school\Active_Bike_Lighting_System\Radar_Core/Libraries/CMSIS/Include\core_cmSimd.h ****    THIS SOFTWARE IS PROVIDED BY THE COPYRIGHT HOLDERS AND CONTRIBUTORS "AS IS"
  25:C:\Users\Depes Crystalline\Desktop\school\Active_Bike_Lighting_System\Radar_Core/Libraries/CMSIS/Include\core_cmSimd.h ****    AND ANY EXPRESS OR IMPLIED WARRANTIES, INCLUDING, BUT NOT LIMITED TO, THE
  26:C:\Users\Depes Crystalline\Desktop\school\Active_Bike_Lighting_System\Radar_Core/Libraries/CMSIS/Include\core_cmSimd.h ****    IMPLIED WARRANTIES OF MERCHANTABILITY AND FITNESS FOR A PARTICULAR PURPOSE
  27:C:\Users\Depes Crystalline\Desktop\school\Active_Bike_Lighting_System\Radar_Core/Libraries/CMSIS/Include\core_cmSimd.h ****    ARE DISCLAIMED. IN NO EVENT SHALL COPYRIGHT HOLDERS AND CONTRIBUTORS BE
  28:C:\Users\Depes Crystalline\Desktop\school\Active_Bike_Lighting_System\Radar_Core/Libraries/CMSIS/Include\core_cmSimd.h ****    LIABLE FOR ANY DIRECT, INDIRECT, INCIDENTAL, SPECIAL, EXEMPLARY, OR
  29:C:\Users\Depes Crystalline\Desktop\school\Active_Bike_Lighting_System\Radar_Core/Libraries/CMSIS/Include\core_cmSimd.h ****    CONSEQUENTIAL DAMAGES (INCLUDING, BUT NOT LIMITED TO, PROCUREMENT OF
  30:C:\Users\Depes Crystalline\Desktop\school\Active_Bike_Lighting_System\Radar_Core/Libraries/CMSIS/Include\core_cmSimd.h ****    SUBSTITUTE GOODS OR SERVICES; LOSS OF USE, DATA, OR PROFITS; OR BUSINESS
  31:C:\Users\Depes Crystalline\Desktop\school\Active_Bike_Lighting_System\Radar_Core/Libraries/CMSIS/Include\core_cmSimd.h ****    INTERRUPTION) HOWEVER CAUSED AND ON ANY THEORY OF LIABILITY, WHETHER IN
  32:C:\Users\Depes Crystalline\Desktop\school\Active_Bike_Lighting_System\Radar_Core/Libraries/CMSIS/Include\core_cmSimd.h ****    CONTRACT, STRICT LIABILITY, OR TORT (INCLUDING NEGLIGENCE OR OTHERWISE)
  33:C:\Users\Depes Crystalline\Desktop\school\Active_Bike_Lighting_System\Radar_Core/Libraries/CMSIS/Include\core_cmSimd.h ****    ARISING IN ANY WAY OUT OF THE USE OF THIS SOFTWARE, EVEN IF ADVISED OF THE
  34:C:\Users\Depes Crystalline\Desktop\school\Active_Bike_Lighting_System\Radar_Core/Libraries/CMSIS/Include\core_cmSimd.h ****    POSSIBILITY OF SUCH DAMAGE.
  35:C:\Users\Depes Crystalline\Desktop\school\Active_Bike_Lighting_System\Radar_Core/Libraries/CMSIS/Include\core_cmSimd.h ****    ---------------------------------------------------------------------------*/
  36:C:\Users\Depes Crystalline\Desktop\school\Active_Bike_Lighting_System\Radar_Core/Libraries/CMSIS/Include\core_cmSimd.h **** 
  37:C:\Users\Depes Crystalline\Desktop\school\Active_Bike_Lighting_System\Radar_Core/Libraries/CMSIS/Include\core_cmSimd.h **** 
  38:C:\Users\Depes Crystalline\Desktop\school\Active_Bike_Lighting_System\Radar_Core/Libraries/CMSIS/Include\core_cmSimd.h **** #if defined ( __ICCARM__ )
  39:C:\Users\Depes Crystalline\Desktop\school\Active_Bike_Lighting_System\Radar_Core/Libraries/CMSIS/Include\core_cmSimd.h ****  #pragma system_include  /* treat file as system include file for MISRA check */
  40:C:\Users\Depes Crystalline\Desktop\school\Active_Bike_Lighting_System\Radar_Core/Libraries/CMSIS/Include\core_cmSimd.h **** #endif
  41:C:\Users\Depes Crystalline\Desktop\school\Active_Bike_Lighting_System\Radar_Core/Libraries/CMSIS/Include\core_cmSimd.h **** 
  42:C:\Users\Depes Crystalline\Desktop\school\Active_Bike_Lighting_System\Radar_Core/Libraries/CMSIS/Include\core_cmSimd.h **** #ifndef __CORE_CMSIMD_H
  43:C:\Users\Depes Crystalline\Desktop\school\Active_Bike_Lighting_System\Radar_Core/Libraries/CMSIS/Include\core_cmSimd.h **** #define __CORE_CMSIMD_H
  44:C:\Users\Depes Crystalline\Desktop\school\Active_Bike_Lighting_System\Radar_Core/Libraries/CMSIS/Include\core_cmSimd.h **** 
  45:C:\Users\Depes Crystalline\Desktop\school\Active_Bike_Lighting_System\Radar_Core/Libraries/CMSIS/Include\core_cmSimd.h **** #ifdef __cplusplus
  46:C:\Users\Depes Crystalline\Desktop\school\Active_Bike_Lighting_System\Radar_Core/Libraries/CMSIS/Include\core_cmSimd.h ****  extern "C" {
  47:C:\Users\Depes Crystalline\Desktop\school\Active_Bike_Lighting_System\Radar_Core/Libraries/CMSIS/Include\core_cmSimd.h **** #endif
  48:C:\Users\Depes Crystalline\Desktop\school\Active_Bike_Lighting_System\Radar_Core/Libraries/CMSIS/Include\core_cmSimd.h **** 
  49:C:\Users\Depes Crystalline\Desktop\school\Active_Bike_Lighting_System\Radar_Core/Libraries/CMSIS/Include\core_cmSimd.h **** 
  50:C:\Users\Depes Crystalline\Desktop\school\Active_Bike_Lighting_System\Radar_Core/Libraries/CMSIS/Include\core_cmSimd.h **** /*******************************************************************************
  51:C:\Users\Depes Crystalline\Desktop\school\Active_Bike_Lighting_System\Radar_Core/Libraries/CMSIS/Include\core_cmSimd.h ****  *                Hardware Abstraction Layer
  52:C:\Users\Depes Crystalline\Desktop\school\Active_Bike_Lighting_System\Radar_Core/Libraries/CMSIS/Include\core_cmSimd.h ****  ******************************************************************************/
  53:C:\Users\Depes Crystalline\Desktop\school\Active_Bike_Lighting_System\Radar_Core/Libraries/CMSIS/Include\core_cmSimd.h **** 
  54:C:\Users\Depes Crystalline\Desktop\school\Active_Bike_Lighting_System\Radar_Core/Libraries/CMSIS/Include\core_cmSimd.h **** 
  55:C:\Users\Depes Crystalline\Desktop\school\Active_Bike_Lighting_System\Radar_Core/Libraries/CMSIS/Include\core_cmSimd.h **** /* ###################  Compiler specific Intrinsics  ########################### */
  56:C:\Users\Depes Crystalline\Desktop\school\Active_Bike_Lighting_System\Radar_Core/Libraries/CMSIS/Include\core_cmSimd.h **** /** \defgroup CMSIS_SIMD_intrinsics CMSIS SIMD Intrinsics
  57:C:\Users\Depes Crystalline\Desktop\school\Active_Bike_Lighting_System\Radar_Core/Libraries/CMSIS/Include\core_cmSimd.h ****   Access to dedicated SIMD instructions
  58:C:\Users\Depes Crystalline\Desktop\school\Active_Bike_Lighting_System\Radar_Core/Libraries/CMSIS/Include\core_cmSimd.h ****   @{
  59:C:\Users\Depes Crystalline\Desktop\school\Active_Bike_Lighting_System\Radar_Core/Libraries/CMSIS/Include\core_cmSimd.h **** */
  60:C:\Users\Depes Crystalline\Desktop\school\Active_Bike_Lighting_System\Radar_Core/Libraries/CMSIS/Include\core_cmSimd.h **** 
  61:C:\Users\Depes Crystalline\Desktop\school\Active_Bike_Lighting_System\Radar_Core/Libraries/CMSIS/Include\core_cmSimd.h **** #if   defined ( __CC_ARM ) /*------------------RealView Compiler -----------------*/
  62:C:\Users\Depes Crystalline\Desktop\school\Active_Bike_Lighting_System\Radar_Core/Libraries/CMSIS/Include\core_cmSimd.h **** /* ARM armcc specific functions */
  63:C:\Users\Depes Crystalline\Desktop\school\Active_Bike_Lighting_System\Radar_Core/Libraries/CMSIS/Include\core_cmSimd.h **** #define __SADD8                           __sadd8
  64:C:\Users\Depes Crystalline\Desktop\school\Active_Bike_Lighting_System\Radar_Core/Libraries/CMSIS/Include\core_cmSimd.h **** #define __QADD8                           __qadd8
  65:C:\Users\Depes Crystalline\Desktop\school\Active_Bike_Lighting_System\Radar_Core/Libraries/CMSIS/Include\core_cmSimd.h **** #define __SHADD8                          __shadd8
  66:C:\Users\Depes Crystalline\Desktop\school\Active_Bike_Lighting_System\Radar_Core/Libraries/CMSIS/Include\core_cmSimd.h **** #define __UADD8                           __uadd8
  67:C:\Users\Depes Crystalline\Desktop\school\Active_Bike_Lighting_System\Radar_Core/Libraries/CMSIS/Include\core_cmSimd.h **** #define __UQADD8                          __uqadd8
  68:C:\Users\Depes Crystalline\Desktop\school\Active_Bike_Lighting_System\Radar_Core/Libraries/CMSIS/Include\core_cmSimd.h **** #define __UHADD8                          __uhadd8
  69:C:\Users\Depes Crystalline\Desktop\school\Active_Bike_Lighting_System\Radar_Core/Libraries/CMSIS/Include\core_cmSimd.h **** #define __SSUB8                           __ssub8
  70:C:\Users\Depes Crystalline\Desktop\school\Active_Bike_Lighting_System\Radar_Core/Libraries/CMSIS/Include\core_cmSimd.h **** #define __QSUB8                           __qsub8
  71:C:\Users\Depes Crystalline\Desktop\school\Active_Bike_Lighting_System\Radar_Core/Libraries/CMSIS/Include\core_cmSimd.h **** #define __SHSUB8                          __shsub8
  72:C:\Users\Depes Crystalline\Desktop\school\Active_Bike_Lighting_System\Radar_Core/Libraries/CMSIS/Include\core_cmSimd.h **** #define __USUB8                           __usub8
  73:C:\Users\Depes Crystalline\Desktop\school\Active_Bike_Lighting_System\Radar_Core/Libraries/CMSIS/Include\core_cmSimd.h **** #define __UQSUB8                          __uqsub8
  74:C:\Users\Depes Crystalline\Desktop\school\Active_Bike_Lighting_System\Radar_Core/Libraries/CMSIS/Include\core_cmSimd.h **** #define __UHSUB8                          __uhsub8
  75:C:\Users\Depes Crystalline\Desktop\school\Active_Bike_Lighting_System\Radar_Core/Libraries/CMSIS/Include\core_cmSimd.h **** #define __SADD16                          __sadd16
  76:C:\Users\Depes Crystalline\Desktop\school\Active_Bike_Lighting_System\Radar_Core/Libraries/CMSIS/Include\core_cmSimd.h **** #define __QADD16                          __qadd16
  77:C:\Users\Depes Crystalline\Desktop\school\Active_Bike_Lighting_System\Radar_Core/Libraries/CMSIS/Include\core_cmSimd.h **** #define __SHADD16                         __shadd16
  78:C:\Users\Depes Crystalline\Desktop\school\Active_Bike_Lighting_System\Radar_Core/Libraries/CMSIS/Include\core_cmSimd.h **** #define __UADD16                          __uadd16
  79:C:\Users\Depes Crystalline\Desktop\school\Active_Bike_Lighting_System\Radar_Core/Libraries/CMSIS/Include\core_cmSimd.h **** #define __UQADD16                         __uqadd16
  80:C:\Users\Depes Crystalline\Desktop\school\Active_Bike_Lighting_System\Radar_Core/Libraries/CMSIS/Include\core_cmSimd.h **** #define __UHADD16                         __uhadd16
  81:C:\Users\Depes Crystalline\Desktop\school\Active_Bike_Lighting_System\Radar_Core/Libraries/CMSIS/Include\core_cmSimd.h **** #define __SSUB16                          __ssub16
  82:C:\Users\Depes Crystalline\Desktop\school\Active_Bike_Lighting_System\Radar_Core/Libraries/CMSIS/Include\core_cmSimd.h **** #define __QSUB16                          __qsub16
  83:C:\Users\Depes Crystalline\Desktop\school\Active_Bike_Lighting_System\Radar_Core/Libraries/CMSIS/Include\core_cmSimd.h **** #define __SHSUB16                         __shsub16
  84:C:\Users\Depes Crystalline\Desktop\school\Active_Bike_Lighting_System\Radar_Core/Libraries/CMSIS/Include\core_cmSimd.h **** #define __USUB16                          __usub16
  85:C:\Users\Depes Crystalline\Desktop\school\Active_Bike_Lighting_System\Radar_Core/Libraries/CMSIS/Include\core_cmSimd.h **** #define __UQSUB16                         __uqsub16
  86:C:\Users\Depes Crystalline\Desktop\school\Active_Bike_Lighting_System\Radar_Core/Libraries/CMSIS/Include\core_cmSimd.h **** #define __UHSUB16                         __uhsub16
  87:C:\Users\Depes Crystalline\Desktop\school\Active_Bike_Lighting_System\Radar_Core/Libraries/CMSIS/Include\core_cmSimd.h **** #define __SASX                            __sasx
  88:C:\Users\Depes Crystalline\Desktop\school\Active_Bike_Lighting_System\Radar_Core/Libraries/CMSIS/Include\core_cmSimd.h **** #define __QASX                            __qasx
  89:C:\Users\Depes Crystalline\Desktop\school\Active_Bike_Lighting_System\Radar_Core/Libraries/CMSIS/Include\core_cmSimd.h **** #define __SHASX                           __shasx
  90:C:\Users\Depes Crystalline\Desktop\school\Active_Bike_Lighting_System\Radar_Core/Libraries/CMSIS/Include\core_cmSimd.h **** #define __UASX                            __uasx
  91:C:\Users\Depes Crystalline\Desktop\school\Active_Bike_Lighting_System\Radar_Core/Libraries/CMSIS/Include\core_cmSimd.h **** #define __UQASX                           __uqasx
  92:C:\Users\Depes Crystalline\Desktop\school\Active_Bike_Lighting_System\Radar_Core/Libraries/CMSIS/Include\core_cmSimd.h **** #define __UHASX                           __uhasx
  93:C:\Users\Depes Crystalline\Desktop\school\Active_Bike_Lighting_System\Radar_Core/Libraries/CMSIS/Include\core_cmSimd.h **** #define __SSAX                            __ssax
  94:C:\Users\Depes Crystalline\Desktop\school\Active_Bike_Lighting_System\Radar_Core/Libraries/CMSIS/Include\core_cmSimd.h **** #define __QSAX                            __qsax
  95:C:\Users\Depes Crystalline\Desktop\school\Active_Bike_Lighting_System\Radar_Core/Libraries/CMSIS/Include\core_cmSimd.h **** #define __SHSAX                           __shsax
  96:C:\Users\Depes Crystalline\Desktop\school\Active_Bike_Lighting_System\Radar_Core/Libraries/CMSIS/Include\core_cmSimd.h **** #define __USAX                            __usax
  97:C:\Users\Depes Crystalline\Desktop\school\Active_Bike_Lighting_System\Radar_Core/Libraries/CMSIS/Include\core_cmSimd.h **** #define __UQSAX                           __uqsax
  98:C:\Users\Depes Crystalline\Desktop\school\Active_Bike_Lighting_System\Radar_Core/Libraries/CMSIS/Include\core_cmSimd.h **** #define __UHSAX                           __uhsax
  99:C:\Users\Depes Crystalline\Desktop\school\Active_Bike_Lighting_System\Radar_Core/Libraries/CMSIS/Include\core_cmSimd.h **** #define __USAD8                           __usad8
 100:C:\Users\Depes Crystalline\Desktop\school\Active_Bike_Lighting_System\Radar_Core/Libraries/CMSIS/Include\core_cmSimd.h **** #define __USADA8                          __usada8
 101:C:\Users\Depes Crystalline\Desktop\school\Active_Bike_Lighting_System\Radar_Core/Libraries/CMSIS/Include\core_cmSimd.h **** #define __SSAT16                          __ssat16
 102:C:\Users\Depes Crystalline\Desktop\school\Active_Bike_Lighting_System\Radar_Core/Libraries/CMSIS/Include\core_cmSimd.h **** #define __USAT16                          __usat16
 103:C:\Users\Depes Crystalline\Desktop\school\Active_Bike_Lighting_System\Radar_Core/Libraries/CMSIS/Include\core_cmSimd.h **** #define __UXTB16                          __uxtb16
 104:C:\Users\Depes Crystalline\Desktop\school\Active_Bike_Lighting_System\Radar_Core/Libraries/CMSIS/Include\core_cmSimd.h **** #define __UXTAB16                         __uxtab16
 105:C:\Users\Depes Crystalline\Desktop\school\Active_Bike_Lighting_System\Radar_Core/Libraries/CMSIS/Include\core_cmSimd.h **** #define __SXTB16                          __sxtb16
 106:C:\Users\Depes Crystalline\Desktop\school\Active_Bike_Lighting_System\Radar_Core/Libraries/CMSIS/Include\core_cmSimd.h **** #define __SXTAB16                         __sxtab16
 107:C:\Users\Depes Crystalline\Desktop\school\Active_Bike_Lighting_System\Radar_Core/Libraries/CMSIS/Include\core_cmSimd.h **** #define __SMUAD                           __smuad
 108:C:\Users\Depes Crystalline\Desktop\school\Active_Bike_Lighting_System\Radar_Core/Libraries/CMSIS/Include\core_cmSimd.h **** #define __SMUADX                          __smuadx
 109:C:\Users\Depes Crystalline\Desktop\school\Active_Bike_Lighting_System\Radar_Core/Libraries/CMSIS/Include\core_cmSimd.h **** #define __SMLAD                           __smlad
 110:C:\Users\Depes Crystalline\Desktop\school\Active_Bike_Lighting_System\Radar_Core/Libraries/CMSIS/Include\core_cmSimd.h **** #define __SMLADX                          __smladx
 111:C:\Users\Depes Crystalline\Desktop\school\Active_Bike_Lighting_System\Radar_Core/Libraries/CMSIS/Include\core_cmSimd.h **** #define __SMLALD                          __smlald
 112:C:\Users\Depes Crystalline\Desktop\school\Active_Bike_Lighting_System\Radar_Core/Libraries/CMSIS/Include\core_cmSimd.h **** #define __SMLALDX                         __smlaldx
 113:C:\Users\Depes Crystalline\Desktop\school\Active_Bike_Lighting_System\Radar_Core/Libraries/CMSIS/Include\core_cmSimd.h **** #define __SMUSD                           __smusd
 114:C:\Users\Depes Crystalline\Desktop\school\Active_Bike_Lighting_System\Radar_Core/Libraries/CMSIS/Include\core_cmSimd.h **** #define __SMUSDX                          __smusdx
 115:C:\Users\Depes Crystalline\Desktop\school\Active_Bike_Lighting_System\Radar_Core/Libraries/CMSIS/Include\core_cmSimd.h **** #define __SMLSD                           __smlsd
 116:C:\Users\Depes Crystalline\Desktop\school\Active_Bike_Lighting_System\Radar_Core/Libraries/CMSIS/Include\core_cmSimd.h **** #define __SMLSDX                          __smlsdx
 117:C:\Users\Depes Crystalline\Desktop\school\Active_Bike_Lighting_System\Radar_Core/Libraries/CMSIS/Include\core_cmSimd.h **** #define __SMLSLD                          __smlsld
 118:C:\Users\Depes Crystalline\Desktop\school\Active_Bike_Lighting_System\Radar_Core/Libraries/CMSIS/Include\core_cmSimd.h **** #define __SMLSLDX                         __smlsldx
 119:C:\Users\Depes Crystalline\Desktop\school\Active_Bike_Lighting_System\Radar_Core/Libraries/CMSIS/Include\core_cmSimd.h **** #define __SEL                             __sel
 120:C:\Users\Depes Crystalline\Desktop\school\Active_Bike_Lighting_System\Radar_Core/Libraries/CMSIS/Include\core_cmSimd.h **** #define __QADD                            __qadd
 121:C:\Users\Depes Crystalline\Desktop\school\Active_Bike_Lighting_System\Radar_Core/Libraries/CMSIS/Include\core_cmSimd.h **** #define __QSUB                            __qsub
 122:C:\Users\Depes Crystalline\Desktop\school\Active_Bike_Lighting_System\Radar_Core/Libraries/CMSIS/Include\core_cmSimd.h **** 
 123:C:\Users\Depes Crystalline\Desktop\school\Active_Bike_Lighting_System\Radar_Core/Libraries/CMSIS/Include\core_cmSimd.h **** #define __PKHBT(ARG1,ARG2,ARG3)          ( ((((uint32_t)(ARG1))          ) & 0x0000FFFFUL) |  \
 124:C:\Users\Depes Crystalline\Desktop\school\Active_Bike_Lighting_System\Radar_Core/Libraries/CMSIS/Include\core_cmSimd.h ****                                            ((((uint32_t)(ARG2)) << (ARG3)) & 0xFFFF0000UL)  )
 125:C:\Users\Depes Crystalline\Desktop\school\Active_Bike_Lighting_System\Radar_Core/Libraries/CMSIS/Include\core_cmSimd.h **** 
 126:C:\Users\Depes Crystalline\Desktop\school\Active_Bike_Lighting_System\Radar_Core/Libraries/CMSIS/Include\core_cmSimd.h **** #define __PKHTB(ARG1,ARG2,ARG3)          ( ((((uint32_t)(ARG1))          ) & 0xFFFF0000UL) |  \
 127:C:\Users\Depes Crystalline\Desktop\school\Active_Bike_Lighting_System\Radar_Core/Libraries/CMSIS/Include\core_cmSimd.h ****                                            ((((uint32_t)(ARG2)) >> (ARG3)) & 0x0000FFFFUL)  )
 128:C:\Users\Depes Crystalline\Desktop\school\Active_Bike_Lighting_System\Radar_Core/Libraries/CMSIS/Include\core_cmSimd.h **** 
 129:C:\Users\Depes Crystalline\Desktop\school\Active_Bike_Lighting_System\Radar_Core/Libraries/CMSIS/Include\core_cmSimd.h **** #define __SMMLA(ARG1,ARG2,ARG3)          ( (int32_t)((((int64_t)(ARG1) * (ARG2)) + \
 130:C:\Users\Depes Crystalline\Desktop\school\Active_Bike_Lighting_System\Radar_Core/Libraries/CMSIS/Include\core_cmSimd.h ****                                                       ((int64_t)(ARG3) << 32)      ) >> 32))
 131:C:\Users\Depes Crystalline\Desktop\school\Active_Bike_Lighting_System\Radar_Core/Libraries/CMSIS/Include\core_cmSimd.h **** 
 132:C:\Users\Depes Crystalline\Desktop\school\Active_Bike_Lighting_System\Radar_Core/Libraries/CMSIS/Include\core_cmSimd.h **** 
 133:C:\Users\Depes Crystalline\Desktop\school\Active_Bike_Lighting_System\Radar_Core/Libraries/CMSIS/Include\core_cmSimd.h **** #elif defined ( __GNUC__ ) /*------------------ GNU Compiler ---------------------*/
 134:C:\Users\Depes Crystalline\Desktop\school\Active_Bike_Lighting_System\Radar_Core/Libraries/CMSIS/Include\core_cmSimd.h **** /* GNU gcc specific functions */
 135:C:\Users\Depes Crystalline\Desktop\school\Active_Bike_Lighting_System\Radar_Core/Libraries/CMSIS/Include\core_cmSimd.h **** __attribute__( ( always_inline ) ) __STATIC_INLINE uint32_t __SADD8(uint32_t op1, uint32_t op2)
 136:C:\Users\Depes Crystalline\Desktop\school\Active_Bike_Lighting_System\Radar_Core/Libraries/CMSIS/Include\core_cmSimd.h **** {
 137:C:\Users\Depes Crystalline\Desktop\school\Active_Bike_Lighting_System\Radar_Core/Libraries/CMSIS/Include\core_cmSimd.h ****   uint32_t result;
 138:C:\Users\Depes Crystalline\Desktop\school\Active_Bike_Lighting_System\Radar_Core/Libraries/CMSIS/Include\core_cmSimd.h **** 
 139:C:\Users\Depes Crystalline\Desktop\school\Active_Bike_Lighting_System\Radar_Core/Libraries/CMSIS/Include\core_cmSimd.h ****   __ASM volatile ("sadd8 %0, %1, %2" : "=r" (result) : "r" (op1), "r" (op2) );
 140:C:\Users\Depes Crystalline\Desktop\school\Active_Bike_Lighting_System\Radar_Core/Libraries/CMSIS/Include\core_cmSimd.h ****   return(result);
 141:C:\Users\Depes Crystalline\Desktop\school\Active_Bike_Lighting_System\Radar_Core/Libraries/CMSIS/Include\core_cmSimd.h **** }
 142:C:\Users\Depes Crystalline\Desktop\school\Active_Bike_Lighting_System\Radar_Core/Libraries/CMSIS/Include\core_cmSimd.h **** 
 143:C:\Users\Depes Crystalline\Desktop\school\Active_Bike_Lighting_System\Radar_Core/Libraries/CMSIS/Include\core_cmSimd.h **** __attribute__( ( always_inline ) ) __STATIC_INLINE uint32_t __QADD8(uint32_t op1, uint32_t op2)
 144:C:\Users\Depes Crystalline\Desktop\school\Active_Bike_Lighting_System\Radar_Core/Libraries/CMSIS/Include\core_cmSimd.h **** {
 145:C:\Users\Depes Crystalline\Desktop\school\Active_Bike_Lighting_System\Radar_Core/Libraries/CMSIS/Include\core_cmSimd.h ****   uint32_t result;
 146:C:\Users\Depes Crystalline\Desktop\school\Active_Bike_Lighting_System\Radar_Core/Libraries/CMSIS/Include\core_cmSimd.h **** 
 147:C:\Users\Depes Crystalline\Desktop\school\Active_Bike_Lighting_System\Radar_Core/Libraries/CMSIS/Include\core_cmSimd.h ****   __ASM volatile ("qadd8 %0, %1, %2" : "=r" (result) : "r" (op1), "r" (op2) );
 148:C:\Users\Depes Crystalline\Desktop\school\Active_Bike_Lighting_System\Radar_Core/Libraries/CMSIS/Include\core_cmSimd.h ****   return(result);
 149:C:\Users\Depes Crystalline\Desktop\school\Active_Bike_Lighting_System\Radar_Core/Libraries/CMSIS/Include\core_cmSimd.h **** }
 150:C:\Users\Depes Crystalline\Desktop\school\Active_Bike_Lighting_System\Radar_Core/Libraries/CMSIS/Include\core_cmSimd.h **** 
 151:C:\Users\Depes Crystalline\Desktop\school\Active_Bike_Lighting_System\Radar_Core/Libraries/CMSIS/Include\core_cmSimd.h **** __attribute__( ( always_inline ) ) __STATIC_INLINE uint32_t __SHADD8(uint32_t op1, uint32_t op2)
 152:C:\Users\Depes Crystalline\Desktop\school\Active_Bike_Lighting_System\Radar_Core/Libraries/CMSIS/Include\core_cmSimd.h **** {
 153:C:\Users\Depes Crystalline\Desktop\school\Active_Bike_Lighting_System\Radar_Core/Libraries/CMSIS/Include\core_cmSimd.h ****   uint32_t result;
 154:C:\Users\Depes Crystalline\Desktop\school\Active_Bike_Lighting_System\Radar_Core/Libraries/CMSIS/Include\core_cmSimd.h **** 
 155:C:\Users\Depes Crystalline\Desktop\school\Active_Bike_Lighting_System\Radar_Core/Libraries/CMSIS/Include\core_cmSimd.h ****   __ASM volatile ("shadd8 %0, %1, %2" : "=r" (result) : "r" (op1), "r" (op2) );
 156:C:\Users\Depes Crystalline\Desktop\school\Active_Bike_Lighting_System\Radar_Core/Libraries/CMSIS/Include\core_cmSimd.h ****   return(result);
 157:C:\Users\Depes Crystalline\Desktop\school\Active_Bike_Lighting_System\Radar_Core/Libraries/CMSIS/Include\core_cmSimd.h **** }
 158:C:\Users\Depes Crystalline\Desktop\school\Active_Bike_Lighting_System\Radar_Core/Libraries/CMSIS/Include\core_cmSimd.h **** 
 159:C:\Users\Depes Crystalline\Desktop\school\Active_Bike_Lighting_System\Radar_Core/Libraries/CMSIS/Include\core_cmSimd.h **** __attribute__( ( always_inline ) ) __STATIC_INLINE uint32_t __UADD8(uint32_t op1, uint32_t op2)
 160:C:\Users\Depes Crystalline\Desktop\school\Active_Bike_Lighting_System\Radar_Core/Libraries/CMSIS/Include\core_cmSimd.h **** {
 161:C:\Users\Depes Crystalline\Desktop\school\Active_Bike_Lighting_System\Radar_Core/Libraries/CMSIS/Include\core_cmSimd.h ****   uint32_t result;
 162:C:\Users\Depes Crystalline\Desktop\school\Active_Bike_Lighting_System\Radar_Core/Libraries/CMSIS/Include\core_cmSimd.h **** 
 163:C:\Users\Depes Crystalline\Desktop\school\Active_Bike_Lighting_System\Radar_Core/Libraries/CMSIS/Include\core_cmSimd.h ****   __ASM volatile ("uadd8 %0, %1, %2" : "=r" (result) : "r" (op1), "r" (op2) );
 164:C:\Users\Depes Crystalline\Desktop\school\Active_Bike_Lighting_System\Radar_Core/Libraries/CMSIS/Include\core_cmSimd.h ****   return(result);
 165:C:\Users\Depes Crystalline\Desktop\school\Active_Bike_Lighting_System\Radar_Core/Libraries/CMSIS/Include\core_cmSimd.h **** }
 166:C:\Users\Depes Crystalline\Desktop\school\Active_Bike_Lighting_System\Radar_Core/Libraries/CMSIS/Include\core_cmSimd.h **** 
 167:C:\Users\Depes Crystalline\Desktop\school\Active_Bike_Lighting_System\Radar_Core/Libraries/CMSIS/Include\core_cmSimd.h **** __attribute__( ( always_inline ) ) __STATIC_INLINE uint32_t __UQADD8(uint32_t op1, uint32_t op2)
 168:C:\Users\Depes Crystalline\Desktop\school\Active_Bike_Lighting_System\Radar_Core/Libraries/CMSIS/Include\core_cmSimd.h **** {
 169:C:\Users\Depes Crystalline\Desktop\school\Active_Bike_Lighting_System\Radar_Core/Libraries/CMSIS/Include\core_cmSimd.h ****   uint32_t result;
 170:C:\Users\Depes Crystalline\Desktop\school\Active_Bike_Lighting_System\Radar_Core/Libraries/CMSIS/Include\core_cmSimd.h **** 
 171:C:\Users\Depes Crystalline\Desktop\school\Active_Bike_Lighting_System\Radar_Core/Libraries/CMSIS/Include\core_cmSimd.h ****   __ASM volatile ("uqadd8 %0, %1, %2" : "=r" (result) : "r" (op1), "r" (op2) );
 172:C:\Users\Depes Crystalline\Desktop\school\Active_Bike_Lighting_System\Radar_Core/Libraries/CMSIS/Include\core_cmSimd.h ****   return(result);
 173:C:\Users\Depes Crystalline\Desktop\school\Active_Bike_Lighting_System\Radar_Core/Libraries/CMSIS/Include\core_cmSimd.h **** }
 174:C:\Users\Depes Crystalline\Desktop\school\Active_Bike_Lighting_System\Radar_Core/Libraries/CMSIS/Include\core_cmSimd.h **** 
 175:C:\Users\Depes Crystalline\Desktop\school\Active_Bike_Lighting_System\Radar_Core/Libraries/CMSIS/Include\core_cmSimd.h **** __attribute__( ( always_inline ) ) __STATIC_INLINE uint32_t __UHADD8(uint32_t op1, uint32_t op2)
 176:C:\Users\Depes Crystalline\Desktop\school\Active_Bike_Lighting_System\Radar_Core/Libraries/CMSIS/Include\core_cmSimd.h **** {
 177:C:\Users\Depes Crystalline\Desktop\school\Active_Bike_Lighting_System\Radar_Core/Libraries/CMSIS/Include\core_cmSimd.h ****   uint32_t result;
 178:C:\Users\Depes Crystalline\Desktop\school\Active_Bike_Lighting_System\Radar_Core/Libraries/CMSIS/Include\core_cmSimd.h **** 
 179:C:\Users\Depes Crystalline\Desktop\school\Active_Bike_Lighting_System\Radar_Core/Libraries/CMSIS/Include\core_cmSimd.h ****   __ASM volatile ("uhadd8 %0, %1, %2" : "=r" (result) : "r" (op1), "r" (op2) );
 180:C:\Users\Depes Crystalline\Desktop\school\Active_Bike_Lighting_System\Radar_Core/Libraries/CMSIS/Include\core_cmSimd.h ****   return(result);
 181:C:\Users\Depes Crystalline\Desktop\school\Active_Bike_Lighting_System\Radar_Core/Libraries/CMSIS/Include\core_cmSimd.h **** }
 182:C:\Users\Depes Crystalline\Desktop\school\Active_Bike_Lighting_System\Radar_Core/Libraries/CMSIS/Include\core_cmSimd.h **** 
 183:C:\Users\Depes Crystalline\Desktop\school\Active_Bike_Lighting_System\Radar_Core/Libraries/CMSIS/Include\core_cmSimd.h **** 
 184:C:\Users\Depes Crystalline\Desktop\school\Active_Bike_Lighting_System\Radar_Core/Libraries/CMSIS/Include\core_cmSimd.h **** __attribute__( ( always_inline ) ) __STATIC_INLINE uint32_t __SSUB8(uint32_t op1, uint32_t op2)
 185:C:\Users\Depes Crystalline\Desktop\school\Active_Bike_Lighting_System\Radar_Core/Libraries/CMSIS/Include\core_cmSimd.h **** {
 186:C:\Users\Depes Crystalline\Desktop\school\Active_Bike_Lighting_System\Radar_Core/Libraries/CMSIS/Include\core_cmSimd.h ****   uint32_t result;
 187:C:\Users\Depes Crystalline\Desktop\school\Active_Bike_Lighting_System\Radar_Core/Libraries/CMSIS/Include\core_cmSimd.h **** 
 188:C:\Users\Depes Crystalline\Desktop\school\Active_Bike_Lighting_System\Radar_Core/Libraries/CMSIS/Include\core_cmSimd.h ****   __ASM volatile ("ssub8 %0, %1, %2" : "=r" (result) : "r" (op1), "r" (op2) );
 189:C:\Users\Depes Crystalline\Desktop\school\Active_Bike_Lighting_System\Radar_Core/Libraries/CMSIS/Include\core_cmSimd.h ****   return(result);
 190:C:\Users\Depes Crystalline\Desktop\school\Active_Bike_Lighting_System\Radar_Core/Libraries/CMSIS/Include\core_cmSimd.h **** }
 191:C:\Users\Depes Crystalline\Desktop\school\Active_Bike_Lighting_System\Radar_Core/Libraries/CMSIS/Include\core_cmSimd.h **** 
 192:C:\Users\Depes Crystalline\Desktop\school\Active_Bike_Lighting_System\Radar_Core/Libraries/CMSIS/Include\core_cmSimd.h **** __attribute__( ( always_inline ) ) __STATIC_INLINE uint32_t __QSUB8(uint32_t op1, uint32_t op2)
 193:C:\Users\Depes Crystalline\Desktop\school\Active_Bike_Lighting_System\Radar_Core/Libraries/CMSIS/Include\core_cmSimd.h **** {
 194:C:\Users\Depes Crystalline\Desktop\school\Active_Bike_Lighting_System\Radar_Core/Libraries/CMSIS/Include\core_cmSimd.h ****   uint32_t result;
 195:C:\Users\Depes Crystalline\Desktop\school\Active_Bike_Lighting_System\Radar_Core/Libraries/CMSIS/Include\core_cmSimd.h **** 
 196:C:\Users\Depes Crystalline\Desktop\school\Active_Bike_Lighting_System\Radar_Core/Libraries/CMSIS/Include\core_cmSimd.h ****   __ASM volatile ("qsub8 %0, %1, %2" : "=r" (result) : "r" (op1), "r" (op2) );
  74              	 .loc 2 196 0
  75 0038 FA69     	 ldr r2,[r7,#28]
  76 003a B969     	 ldr r1,[r7,#24]
  77              	
  78 003c C2FA11F2 	 qsub8 r2,r2,r1
  79              	
  80              	 .thumb
  81 0040 7A61     	 str r2,[r7,#20]
 197:C:\Users\Depes Crystalline\Desktop\school\Active_Bike_Lighting_System\Radar_Core/Libraries/CMSIS/Include\core_cmSimd.h ****   return(result);
  82              	 .loc 2 197 0
  83 0042 7A69     	 ldr r2,[r7,#20]
  84              	.LBE5:
  85              	.LBE4:
  86              	 .loc 1 92 0
  87 0044 1A60     	 str r2,[r3]
  93:../Dave/Generated/CMSIS_DSP/BasicMathFunctions/arm_negate_q7.c **** 
  94:../Dave/Generated/CMSIS_DSP/BasicMathFunctions/arm_negate_q7.c ****     /* Decrement the loop counter */
  95:../Dave/Generated/CMSIS_DSP/BasicMathFunctions/arm_negate_q7.c ****     blkCnt--;
  88              	 .loc 1 95 0
  89 0046 FB6A     	 ldr r3,[r7,#44]
  90 0048 013B     	 subs r3,r3,#1
  91 004a FB62     	 str r3,[r7,#44]
  92              	.L2:
  85:../Dave/Generated/CMSIS_DSP/BasicMathFunctions/arm_negate_q7.c ****   {
  93              	 .loc 1 85 0
  94 004c FB6A     	 ldr r3,[r7,#44]
  95 004e 002B     	 cmp r3,#0
  96 0050 E2D1     	 bne .L4
  96:../Dave/Generated/CMSIS_DSP/BasicMathFunctions/arm_negate_q7.c ****   }
  97:../Dave/Generated/CMSIS_DSP/BasicMathFunctions/arm_negate_q7.c **** 
  98:../Dave/Generated/CMSIS_DSP/BasicMathFunctions/arm_negate_q7.c ****   /* If the blockSize is not a multiple of 4, compute any remaining output samples here.    
  99:../Dave/Generated/CMSIS_DSP/BasicMathFunctions/arm_negate_q7.c ****    ** No loop unrolling is used. */
 100:../Dave/Generated/CMSIS_DSP/BasicMathFunctions/arm_negate_q7.c ****   blkCnt = blockSize % 0x4u;
  97              	 .loc 1 100 0
  98 0052 7B68     	 ldr r3,[r7,#4]
  99 0054 03F00303 	 and r3,r3,#3
 100 0058 FB62     	 str r3,[r7,#44]
 101:../Dave/Generated/CMSIS_DSP/BasicMathFunctions/arm_negate_q7.c **** 
 102:../Dave/Generated/CMSIS_DSP/BasicMathFunctions/arm_negate_q7.c **** #else
 103:../Dave/Generated/CMSIS_DSP/BasicMathFunctions/arm_negate_q7.c **** 
 104:../Dave/Generated/CMSIS_DSP/BasicMathFunctions/arm_negate_q7.c ****   /* Run the below code for Cortex-M0 */
 105:../Dave/Generated/CMSIS_DSP/BasicMathFunctions/arm_negate_q7.c **** 
 106:../Dave/Generated/CMSIS_DSP/BasicMathFunctions/arm_negate_q7.c ****   /* Initialize blkCnt with number of samples */
 107:../Dave/Generated/CMSIS_DSP/BasicMathFunctions/arm_negate_q7.c ****   blkCnt = blockSize;
 108:../Dave/Generated/CMSIS_DSP/BasicMathFunctions/arm_negate_q7.c **** 
 109:../Dave/Generated/CMSIS_DSP/BasicMathFunctions/arm_negate_q7.c **** #endif /* #ifndef ARM_MATH_CM0_FAMILY */
 110:../Dave/Generated/CMSIS_DSP/BasicMathFunctions/arm_negate_q7.c **** 
 111:../Dave/Generated/CMSIS_DSP/BasicMathFunctions/arm_negate_q7.c ****   while(blkCnt > 0u)
 101              	 .loc 1 111 0
 102 005a 18E0     	 b .L5
 103              	.L8:
 112:../Dave/Generated/CMSIS_DSP/BasicMathFunctions/arm_negate_q7.c ****   {
 113:../Dave/Generated/CMSIS_DSP/BasicMathFunctions/arm_negate_q7.c ****     /* C = -A */
 114:../Dave/Generated/CMSIS_DSP/BasicMathFunctions/arm_negate_q7.c ****     /* Negate and then store the results in the destination buffer. */ \
 115:../Dave/Generated/CMSIS_DSP/BasicMathFunctions/arm_negate_q7.c ****       in = *pSrc++;
 104              	 .loc 1 115 0
 105 005c FB68     	 ldr r3,[r7,#12]
 106 005e 5A1C     	 adds r2,r3,#1
 107 0060 FA60     	 str r2,[r7,#12]
 108 0062 1B78     	 ldrb r3,[r3]
 109 0064 87F82330 	 strb r3,[r7,#35]
 116:../Dave/Generated/CMSIS_DSP/BasicMathFunctions/arm_negate_q7.c ****     *pDst++ = (in == (q7_t) 0x80) ? 0x7f : -in;
 110              	 .loc 1 116 0
 111 0068 BB68     	 ldr r3,[r7,#8]
 112 006a 5A1C     	 adds r2,r3,#1
 113 006c BA60     	 str r2,[r7,#8]
 114 006e 97F92320 	 ldrsb r2,[r7,#35]
 115 0072 12F1800F 	 cmn r2,#128
 116 0076 05D0     	 beq .L6
 117              	 .loc 1 116 0 is_stmt 0 discriminator 1
 118 0078 97F82320 	 ldrb r2,[r7,#35]
 119 007c 5242     	 negs r2,r2
 120 007e D2B2     	 uxtb r2,r2
 121 0080 D2B2     	 uxtb r2,r2
 122 0082 00E0     	 b .L7
 123              	.L6:
 124              	 .loc 1 116 0 discriminator 2
 125 0084 7F22     	 movs r2,#127
 126              	.L7:
 127              	 .loc 1 116 0 discriminator 4
 128 0086 1A70     	 strb r2,[r3]
 117:../Dave/Generated/CMSIS_DSP/BasicMathFunctions/arm_negate_q7.c **** 
 118:../Dave/Generated/CMSIS_DSP/BasicMathFunctions/arm_negate_q7.c ****     /* Decrement the loop counter */
 119:../Dave/Generated/CMSIS_DSP/BasicMathFunctions/arm_negate_q7.c ****     blkCnt--;
 129              	 .loc 1 119 0 is_stmt 1 discriminator 4
 130 0088 FB6A     	 ldr r3,[r7,#44]
 131 008a 013B     	 subs r3,r3,#1
 132 008c FB62     	 str r3,[r7,#44]
 133              	.L5:
 111:../Dave/Generated/CMSIS_DSP/BasicMathFunctions/arm_negate_q7.c ****   {
 134              	 .loc 1 111 0
 135 008e FB6A     	 ldr r3,[r7,#44]
 136 0090 002B     	 cmp r3,#0
 137 0092 E3D1     	 bne .L8
 120:../Dave/Generated/CMSIS_DSP/BasicMathFunctions/arm_negate_q7.c ****   }
 121:../Dave/Generated/CMSIS_DSP/BasicMathFunctions/arm_negate_q7.c **** }
 138              	 .loc 1 121 0
 139 0094 3437     	 adds r7,r7,#52
 140              	.LCFI3:
 141              	 .cfi_def_cfa_offset 4
 142 0096 BD46     	 mov sp,r7
 143              	.LCFI4:
 144              	 .cfi_def_cfa_register 13
 145              	 
 146 0098 5DF8047B 	 ldr r7,[sp],#4
 147              	.LCFI5:
 148              	 .cfi_restore 7
 149              	 .cfi_def_cfa_offset 0
 150 009c 7047     	 bx lr
 151              	 .cfi_endproc
 152              	.LFE139:
 154 009e 00BF     	 .text
 155              	.Letext0:
 156              	 .file 3 "c:\\davev4-64bit\\dave-4.2.6\\eclipse\\arm-gcc-49\\arm-none-eabi\\include\\machine\\_default_types.h"
 157              	 .file 4 "c:\\davev4-64bit\\dave-4.2.6\\eclipse\\arm-gcc-49\\arm-none-eabi\\include\\stdint.h"
 158              	 .file 5 "C:\\Users\\Depes Crystalline\\Desktop\\school\\Active_Bike_Lighting_System\\Radar_Core\\Dave\\Generated/CMSIS_DSP/arm_math.h"
DEFINED SYMBOLS
                            *ABS*:00000000 arm_negate_q7.c
    {standard input}:19     .text.arm_negate_q7:00000000 $t
    {standard input}:24     .text.arm_negate_q7:00000000 arm_negate_q7
                     .debug_frame:00000010 $d

NO UNDEFINED SYMBOLS
