   1              	 .syntax unified
   2              	 .cpu cortex-m4
   3              	 .fpu softvfp
   4              	 .eabi_attribute 20,1
   5              	 .eabi_attribute 21,1
   6              	 .eabi_attribute 23,3
   7              	 .eabi_attribute 24,1
   8              	 .eabi_attribute 25,1
   9              	 .eabi_attribute 26,1
  10              	 .eabi_attribute 30,6
  11              	 .eabi_attribute 34,1
  12              	 .eabi_attribute 18,4
  13              	 .thumb
  14              	 .file "arm_scale_q15.c"
  15              	 .text
  16              	.Ltext0:
  17              	 .cfi_sections .debug_frame
  18              	 .section .text.arm_scale_q15,"ax",%progbits
  19              	 .align 2
  20              	 .global arm_scale_q15
  21              	 .thumb
  22              	 .thumb_func
  24              	arm_scale_q15:
  25              	.LFB139:
  26              	 .file 1 "../Dave/Generated/CMSIS_DSP/BasicMathFunctions/arm_scale_q15.c"
   1:../Dave/Generated/CMSIS_DSP/BasicMathFunctions/arm_scale_q15.c **** /* ----------------------------------------------------------------------    
   2:../Dave/Generated/CMSIS_DSP/BasicMathFunctions/arm_scale_q15.c **** * Copyright (C) 2010-2014 ARM Limited. All rights reserved.    
   3:../Dave/Generated/CMSIS_DSP/BasicMathFunctions/arm_scale_q15.c **** *    
   4:../Dave/Generated/CMSIS_DSP/BasicMathFunctions/arm_scale_q15.c **** * $Date:        12. March 2014
   5:../Dave/Generated/CMSIS_DSP/BasicMathFunctions/arm_scale_q15.c **** * $Revision: 	V1.4.4
   6:../Dave/Generated/CMSIS_DSP/BasicMathFunctions/arm_scale_q15.c **** *    
   7:../Dave/Generated/CMSIS_DSP/BasicMathFunctions/arm_scale_q15.c **** * Project: 	    CMSIS DSP Library    
   8:../Dave/Generated/CMSIS_DSP/BasicMathFunctions/arm_scale_q15.c **** * Title:		arm_scale_q15.c    
   9:../Dave/Generated/CMSIS_DSP/BasicMathFunctions/arm_scale_q15.c **** *    
  10:../Dave/Generated/CMSIS_DSP/BasicMathFunctions/arm_scale_q15.c **** * Description:	Multiplies a Q15 vector by a scalar.    
  11:../Dave/Generated/CMSIS_DSP/BasicMathFunctions/arm_scale_q15.c **** *    
  12:../Dave/Generated/CMSIS_DSP/BasicMathFunctions/arm_scale_q15.c **** * Target Processor: Cortex-M4/Cortex-M3/Cortex-M0
  13:../Dave/Generated/CMSIS_DSP/BasicMathFunctions/arm_scale_q15.c **** *  
  14:../Dave/Generated/CMSIS_DSP/BasicMathFunctions/arm_scale_q15.c **** * Redistribution and use in source and binary forms, with or without 
  15:../Dave/Generated/CMSIS_DSP/BasicMathFunctions/arm_scale_q15.c **** * modification, are permitted provided that the following conditions
  16:../Dave/Generated/CMSIS_DSP/BasicMathFunctions/arm_scale_q15.c **** * are met:
  17:../Dave/Generated/CMSIS_DSP/BasicMathFunctions/arm_scale_q15.c **** *   - Redistributions of source code must retain the above copyright
  18:../Dave/Generated/CMSIS_DSP/BasicMathFunctions/arm_scale_q15.c **** *     notice, this list of conditions and the following disclaimer.
  19:../Dave/Generated/CMSIS_DSP/BasicMathFunctions/arm_scale_q15.c **** *   - Redistributions in binary form must reproduce the above copyright
  20:../Dave/Generated/CMSIS_DSP/BasicMathFunctions/arm_scale_q15.c **** *     notice, this list of conditions and the following disclaimer in
  21:../Dave/Generated/CMSIS_DSP/BasicMathFunctions/arm_scale_q15.c **** *     the documentation and/or other materials provided with the 
  22:../Dave/Generated/CMSIS_DSP/BasicMathFunctions/arm_scale_q15.c **** *     distribution.
  23:../Dave/Generated/CMSIS_DSP/BasicMathFunctions/arm_scale_q15.c **** *   - Neither the name of ARM LIMITED nor the names of its contributors
  24:../Dave/Generated/CMSIS_DSP/BasicMathFunctions/arm_scale_q15.c **** *     may be used to endorse or promote products derived from this
  25:../Dave/Generated/CMSIS_DSP/BasicMathFunctions/arm_scale_q15.c **** *     software without specific prior written permission.
  26:../Dave/Generated/CMSIS_DSP/BasicMathFunctions/arm_scale_q15.c **** *
  27:../Dave/Generated/CMSIS_DSP/BasicMathFunctions/arm_scale_q15.c **** * THIS SOFTWARE IS PROVIDED BY THE COPYRIGHT HOLDERS AND CONTRIBUTORS
  28:../Dave/Generated/CMSIS_DSP/BasicMathFunctions/arm_scale_q15.c **** * "AS IS" AND ANY EXPRESS OR IMPLIED WARRANTIES, INCLUDING, BUT NOT
  29:../Dave/Generated/CMSIS_DSP/BasicMathFunctions/arm_scale_q15.c **** * LIMITED TO, THE IMPLIED WARRANTIES OF MERCHANTABILITY AND FITNESS
  30:../Dave/Generated/CMSIS_DSP/BasicMathFunctions/arm_scale_q15.c **** * FOR A PARTICULAR PURPOSE ARE DISCLAIMED. IN NO EVENT SHALL THE 
  31:../Dave/Generated/CMSIS_DSP/BasicMathFunctions/arm_scale_q15.c **** * COPYRIGHT OWNER OR CONTRIBUTORS BE LIABLE FOR ANY DIRECT, INDIRECT,
  32:../Dave/Generated/CMSIS_DSP/BasicMathFunctions/arm_scale_q15.c **** * INCIDENTAL, SPECIAL, EXEMPLARY, OR CONSEQUENTIAL DAMAGES (INCLUDING,
  33:../Dave/Generated/CMSIS_DSP/BasicMathFunctions/arm_scale_q15.c **** * BUT NOT LIMITED TO, PROCUREMENT OF SUBSTITUTE GOODS OR SERVICES;
  34:../Dave/Generated/CMSIS_DSP/BasicMathFunctions/arm_scale_q15.c **** * LOSS OF USE, DATA, OR PROFITS; OR BUSINESS INTERRUPTION) HOWEVER
  35:../Dave/Generated/CMSIS_DSP/BasicMathFunctions/arm_scale_q15.c **** * CAUSED AND ON ANY THEORY OF LIABILITY, WHETHER IN CONTRACT, STRICT
  36:../Dave/Generated/CMSIS_DSP/BasicMathFunctions/arm_scale_q15.c **** * LIABILITY, OR TORT (INCLUDING NEGLIGENCE OR OTHERWISE) ARISING IN
  37:../Dave/Generated/CMSIS_DSP/BasicMathFunctions/arm_scale_q15.c **** * ANY WAY OUT OF THE USE OF THIS SOFTWARE, EVEN IF ADVISED OF THE
  38:../Dave/Generated/CMSIS_DSP/BasicMathFunctions/arm_scale_q15.c **** * POSSIBILITY OF SUCH DAMAGE.   
  39:../Dave/Generated/CMSIS_DSP/BasicMathFunctions/arm_scale_q15.c **** * -------------------------------------------------------------------- */
  40:../Dave/Generated/CMSIS_DSP/BasicMathFunctions/arm_scale_q15.c **** 
  41:../Dave/Generated/CMSIS_DSP/BasicMathFunctions/arm_scale_q15.c **** #include "CMSIS_DSP/cmsis_dsp.h"
  42:../Dave/Generated/CMSIS_DSP/BasicMathFunctions/arm_scale_q15.c **** 
  43:../Dave/Generated/CMSIS_DSP/BasicMathFunctions/arm_scale_q15.c **** /**    
  44:../Dave/Generated/CMSIS_DSP/BasicMathFunctions/arm_scale_q15.c ****  * @ingroup groupMath    
  45:../Dave/Generated/CMSIS_DSP/BasicMathFunctions/arm_scale_q15.c ****  */
  46:../Dave/Generated/CMSIS_DSP/BasicMathFunctions/arm_scale_q15.c **** 
  47:../Dave/Generated/CMSIS_DSP/BasicMathFunctions/arm_scale_q15.c **** /**    
  48:../Dave/Generated/CMSIS_DSP/BasicMathFunctions/arm_scale_q15.c ****  * @addtogroup scale    
  49:../Dave/Generated/CMSIS_DSP/BasicMathFunctions/arm_scale_q15.c ****  * @{    
  50:../Dave/Generated/CMSIS_DSP/BasicMathFunctions/arm_scale_q15.c ****  */
  51:../Dave/Generated/CMSIS_DSP/BasicMathFunctions/arm_scale_q15.c **** 
  52:../Dave/Generated/CMSIS_DSP/BasicMathFunctions/arm_scale_q15.c **** /**    
  53:../Dave/Generated/CMSIS_DSP/BasicMathFunctions/arm_scale_q15.c ****  * @brief Multiplies a Q15 vector by a scalar.    
  54:../Dave/Generated/CMSIS_DSP/BasicMathFunctions/arm_scale_q15.c ****  * @param[in]       *pSrc points to the input vector    
  55:../Dave/Generated/CMSIS_DSP/BasicMathFunctions/arm_scale_q15.c ****  * @param[in]       scaleFract fractional portion of the scale value    
  56:../Dave/Generated/CMSIS_DSP/BasicMathFunctions/arm_scale_q15.c ****  * @param[in]       shift number of bits to shift the result by    
  57:../Dave/Generated/CMSIS_DSP/BasicMathFunctions/arm_scale_q15.c ****  * @param[out]      *pDst points to the output vector    
  58:../Dave/Generated/CMSIS_DSP/BasicMathFunctions/arm_scale_q15.c ****  * @param[in]       blockSize number of samples in the vector    
  59:../Dave/Generated/CMSIS_DSP/BasicMathFunctions/arm_scale_q15.c ****  * @return none.    
  60:../Dave/Generated/CMSIS_DSP/BasicMathFunctions/arm_scale_q15.c ****  *    
  61:../Dave/Generated/CMSIS_DSP/BasicMathFunctions/arm_scale_q15.c ****  * <b>Scaling and Overflow Behavior:</b>    
  62:../Dave/Generated/CMSIS_DSP/BasicMathFunctions/arm_scale_q15.c ****  * \par    
  63:../Dave/Generated/CMSIS_DSP/BasicMathFunctions/arm_scale_q15.c ****  * The input data <code>*pSrc</code> and <code>scaleFract</code> are in 1.15 format.    
  64:../Dave/Generated/CMSIS_DSP/BasicMathFunctions/arm_scale_q15.c ****  * These are multiplied to yield a 2.30 intermediate result and this is shifted with saturation to 
  65:../Dave/Generated/CMSIS_DSP/BasicMathFunctions/arm_scale_q15.c ****  */
  66:../Dave/Generated/CMSIS_DSP/BasicMathFunctions/arm_scale_q15.c **** 
  67:../Dave/Generated/CMSIS_DSP/BasicMathFunctions/arm_scale_q15.c **** 
  68:../Dave/Generated/CMSIS_DSP/BasicMathFunctions/arm_scale_q15.c **** void arm_scale_q15(
  69:../Dave/Generated/CMSIS_DSP/BasicMathFunctions/arm_scale_q15.c ****   q15_t * pSrc,
  70:../Dave/Generated/CMSIS_DSP/BasicMathFunctions/arm_scale_q15.c ****   q15_t scaleFract,
  71:../Dave/Generated/CMSIS_DSP/BasicMathFunctions/arm_scale_q15.c ****   int8_t shift,
  72:../Dave/Generated/CMSIS_DSP/BasicMathFunctions/arm_scale_q15.c ****   q15_t * pDst,
  73:../Dave/Generated/CMSIS_DSP/BasicMathFunctions/arm_scale_q15.c ****   uint32_t blockSize)
  74:../Dave/Generated/CMSIS_DSP/BasicMathFunctions/arm_scale_q15.c **** {
  27              	 .loc 1 74 0
  28              	 .cfi_startproc
  29              	 
  30              	 
  31              	 
  32 0000 80B4     	 push {r7}
  33              	.LCFI0:
  34              	 .cfi_def_cfa_offset 4
  35              	 .cfi_offset 7,-4
  36 0002 A1B0     	 sub sp,sp,#132
  37              	.LCFI1:
  38              	 .cfi_def_cfa_offset 136
  39 0004 00AF     	 add r7,sp,#0
  40              	.LCFI2:
  41              	 .cfi_def_cfa_register 7
  42 0006 F860     	 str r0,[r7,#12]
  43 0008 7B60     	 str r3,[r7,#4]
  44 000a 0B46     	 mov r3,r1
  45 000c 7B81     	 strh r3,[r7,#10]
  46 000e 1346     	 mov r3,r2
  47 0010 7B72     	 strb r3,[r7,#9]
  75:../Dave/Generated/CMSIS_DSP/BasicMathFunctions/arm_scale_q15.c ****   int8_t kShift = 15 - shift;                    /* shift to apply after scaling */
  48              	 .loc 1 75 0
  49 0012 7B7A     	 ldrb r3,[r7,#9]
  50 0014 C3F10F03 	 rsb r3,r3,#15
  51 0018 DBB2     	 uxtb r3,r3
  52 001a 87F87B30 	 strb r3,[r7,#123]
  76:../Dave/Generated/CMSIS_DSP/BasicMathFunctions/arm_scale_q15.c ****   uint32_t blkCnt;                               /* loop counter */
  77:../Dave/Generated/CMSIS_DSP/BasicMathFunctions/arm_scale_q15.c **** 
  78:../Dave/Generated/CMSIS_DSP/BasicMathFunctions/arm_scale_q15.c **** #ifndef ARM_MATH_CM0_FAMILY
  79:../Dave/Generated/CMSIS_DSP/BasicMathFunctions/arm_scale_q15.c **** 
  80:../Dave/Generated/CMSIS_DSP/BasicMathFunctions/arm_scale_q15.c **** /* Run the below code for Cortex-M4 and Cortex-M3 */
  81:../Dave/Generated/CMSIS_DSP/BasicMathFunctions/arm_scale_q15.c ****   q15_t in1, in2, in3, in4;
  82:../Dave/Generated/CMSIS_DSP/BasicMathFunctions/arm_scale_q15.c ****   q31_t inA1, inA2;                              /* Temporary variables */
  83:../Dave/Generated/CMSIS_DSP/BasicMathFunctions/arm_scale_q15.c ****   q31_t out1, out2, out3, out4;
  84:../Dave/Generated/CMSIS_DSP/BasicMathFunctions/arm_scale_q15.c **** 
  85:../Dave/Generated/CMSIS_DSP/BasicMathFunctions/arm_scale_q15.c **** 
  86:../Dave/Generated/CMSIS_DSP/BasicMathFunctions/arm_scale_q15.c ****   /*loop Unrolling */
  87:../Dave/Generated/CMSIS_DSP/BasicMathFunctions/arm_scale_q15.c ****   blkCnt = blockSize >> 2u;
  53              	 .loc 1 87 0
  54 001e D7F88830 	 ldr r3,[r7,#136]
  55 0022 9B08     	 lsrs r3,r3,#2
  56 0024 FB67     	 str r3,[r7,#124]
  88:../Dave/Generated/CMSIS_DSP/BasicMathFunctions/arm_scale_q15.c **** 
  89:../Dave/Generated/CMSIS_DSP/BasicMathFunctions/arm_scale_q15.c ****   /* First part of the processing with loop unrolling.  Compute 4 outputs at a time.        
  90:../Dave/Generated/CMSIS_DSP/BasicMathFunctions/arm_scale_q15.c ****    ** a second loop below computes the remaining 1 to 3 samples. */
  91:../Dave/Generated/CMSIS_DSP/BasicMathFunctions/arm_scale_q15.c ****   while(blkCnt > 0u)
  57              	 .loc 1 91 0
  58 0026 8EE0     	 b .L2
  59              	.L3:
  92:../Dave/Generated/CMSIS_DSP/BasicMathFunctions/arm_scale_q15.c ****   {
  93:../Dave/Generated/CMSIS_DSP/BasicMathFunctions/arm_scale_q15.c ****     /* Reading 2 inputs from memory */
  94:../Dave/Generated/CMSIS_DSP/BasicMathFunctions/arm_scale_q15.c ****     inA1 = *__SIMD32(pSrc)++;
  60              	 .loc 1 94 0
  61 0028 07F10C02 	 add r2,r7,#12
  62 002c 1368     	 ldr r3,[r2]
  63 002e 191D     	 adds r1,r3,#4
  64 0030 1160     	 str r1,[r2]
  65 0032 1B68     	 ldr r3,[r3]
  66 0034 7B67     	 str r3,[r7,#116]
  95:../Dave/Generated/CMSIS_DSP/BasicMathFunctions/arm_scale_q15.c ****     inA2 = *__SIMD32(pSrc)++;
  67              	 .loc 1 95 0
  68 0036 07F10C02 	 add r2,r7,#12
  69 003a 1368     	 ldr r3,[r2]
  70 003c 191D     	 adds r1,r3,#4
  71 003e 1160     	 str r1,[r2]
  72 0040 1B68     	 ldr r3,[r3]
  73 0042 3B67     	 str r3,[r7,#112]
  96:../Dave/Generated/CMSIS_DSP/BasicMathFunctions/arm_scale_q15.c **** 
  97:../Dave/Generated/CMSIS_DSP/BasicMathFunctions/arm_scale_q15.c ****     /* C = A * scale */
  98:../Dave/Generated/CMSIS_DSP/BasicMathFunctions/arm_scale_q15.c ****     /* Scale the inputs and then store the 2 results in the destination buffer        
  99:../Dave/Generated/CMSIS_DSP/BasicMathFunctions/arm_scale_q15.c ****      * in single cycle by packing the outputs */
 100:../Dave/Generated/CMSIS_DSP/BasicMathFunctions/arm_scale_q15.c ****     out1 = (q31_t) ((q15_t) (inA1 >> 16) * scaleFract);
  74              	 .loc 1 100 0
  75 0044 7B6F     	 ldr r3,[r7,#116]
  76 0046 1B14     	 asrs r3,r3,#16
  77 0048 9BB2     	 uxth r3,r3
  78 004a 1BB2     	 sxth r3,r3
  79 004c B7F90A20 	 ldrsh r2,[r7,#10]
  80 0050 02FB03F3 	 mul r3,r2,r3
  81 0054 FB66     	 str r3,[r7,#108]
 101:../Dave/Generated/CMSIS_DSP/BasicMathFunctions/arm_scale_q15.c ****     out2 = (q31_t) ((q15_t) inA1 * scaleFract);
  82              	 .loc 1 101 0
  83 0056 7B6F     	 ldr r3,[r7,#116]
  84 0058 9BB2     	 uxth r3,r3
  85 005a 1BB2     	 sxth r3,r3
  86 005c B7F90A20 	 ldrsh r2,[r7,#10]
  87 0060 02FB03F3 	 mul r3,r2,r3
  88 0064 BB66     	 str r3,[r7,#104]
 102:../Dave/Generated/CMSIS_DSP/BasicMathFunctions/arm_scale_q15.c ****     out3 = (q31_t) ((q15_t) (inA2 >> 16) * scaleFract);
  89              	 .loc 1 102 0
  90 0066 3B6F     	 ldr r3,[r7,#112]
  91 0068 1B14     	 asrs r3,r3,#16
  92 006a 9BB2     	 uxth r3,r3
  93 006c 1BB2     	 sxth r3,r3
  94 006e B7F90A20 	 ldrsh r2,[r7,#10]
  95 0072 02FB03F3 	 mul r3,r2,r3
  96 0076 7B66     	 str r3,[r7,#100]
 103:../Dave/Generated/CMSIS_DSP/BasicMathFunctions/arm_scale_q15.c ****     out4 = (q31_t) ((q15_t) inA2 * scaleFract);
  97              	 .loc 1 103 0
  98 0078 3B6F     	 ldr r3,[r7,#112]
  99 007a 9BB2     	 uxth r3,r3
 100 007c 1BB2     	 sxth r3,r3
 101 007e B7F90A20 	 ldrsh r2,[r7,#10]
 102 0082 02FB03F3 	 mul r3,r2,r3
 103 0086 3B66     	 str r3,[r7,#96]
 104:../Dave/Generated/CMSIS_DSP/BasicMathFunctions/arm_scale_q15.c **** 
 105:../Dave/Generated/CMSIS_DSP/BasicMathFunctions/arm_scale_q15.c ****     /* apply shifting */
 106:../Dave/Generated/CMSIS_DSP/BasicMathFunctions/arm_scale_q15.c ****     out1 = out1 >> kShift;
 104              	 .loc 1 106 0
 105 0088 97F97B30 	 ldrsb r3,[r7,#123]
 106 008c FA6E     	 ldr r2,[r7,#108]
 107 008e 42FA03F3 	 asr r3,r2,r3
 108 0092 FB66     	 str r3,[r7,#108]
 107:../Dave/Generated/CMSIS_DSP/BasicMathFunctions/arm_scale_q15.c ****     out2 = out2 >> kShift;
 109              	 .loc 1 107 0
 110 0094 97F97B30 	 ldrsb r3,[r7,#123]
 111 0098 BA6E     	 ldr r2,[r7,#104]
 112 009a 42FA03F3 	 asr r3,r2,r3
 113 009e BB66     	 str r3,[r7,#104]
 108:../Dave/Generated/CMSIS_DSP/BasicMathFunctions/arm_scale_q15.c ****     out3 = out3 >> kShift;
 114              	 .loc 1 108 0
 115 00a0 97F97B30 	 ldrsb r3,[r7,#123]
 116 00a4 7A6E     	 ldr r2,[r7,#100]
 117 00a6 42FA03F3 	 asr r3,r2,r3
 118 00aa 7B66     	 str r3,[r7,#100]
 109:../Dave/Generated/CMSIS_DSP/BasicMathFunctions/arm_scale_q15.c ****     out4 = out4 >> kShift;
 119              	 .loc 1 109 0
 120 00ac 97F97B30 	 ldrsb r3,[r7,#123]
 121 00b0 3A6E     	 ldr r2,[r7,#96]
 122 00b2 42FA03F3 	 asr r3,r2,r3
 123 00b6 3B66     	 str r3,[r7,#96]
 124              	.LBB2:
 110:../Dave/Generated/CMSIS_DSP/BasicMathFunctions/arm_scale_q15.c **** 
 111:../Dave/Generated/CMSIS_DSP/BasicMathFunctions/arm_scale_q15.c ****     /* saturate the output */
 112:../Dave/Generated/CMSIS_DSP/BasicMathFunctions/arm_scale_q15.c ****     in1 = (q15_t) (__SSAT(out1, 16));
 125              	 .loc 1 112 0
 126 00b8 FB6E     	 ldr r3,[r7,#108]
 127 00ba FB65     	 str r3,[r7,#92]
 128 00bc FB6D     	 ldr r3,[r7,#92]
 129              	
 130 00be 03F30F03 	 ssat r3,#16,r3
 131              	
 132              	 .thumb
 133 00c2 BB65     	 str r3,[r7,#88]
 134 00c4 BB6D     	 ldr r3,[r7,#88]
 135              	.LBE2:
 136 00c6 A7F85630 	 strh r3,[r7,#86]
 137              	.LBB3:
 113:../Dave/Generated/CMSIS_DSP/BasicMathFunctions/arm_scale_q15.c ****     in2 = (q15_t) (__SSAT(out2, 16));
 138              	 .loc 1 113 0
 139 00ca BB6E     	 ldr r3,[r7,#104]
 140 00cc 3B65     	 str r3,[r7,#80]
 141 00ce 3B6D     	 ldr r3,[r7,#80]
 142              	
 143 00d0 03F30F03 	 ssat r3,#16,r3
 144              	
 145              	 .thumb
 146 00d4 FB64     	 str r3,[r7,#76]
 147 00d6 FB6C     	 ldr r3,[r7,#76]
 148              	.LBE3:
 149 00d8 A7F84A30 	 strh r3,[r7,#74]
 150              	.LBB4:
 114:../Dave/Generated/CMSIS_DSP/BasicMathFunctions/arm_scale_q15.c ****     in3 = (q15_t) (__SSAT(out3, 16));
 151              	 .loc 1 114 0
 152 00dc 7B6E     	 ldr r3,[r7,#100]
 153 00de 7B64     	 str r3,[r7,#68]
 154 00e0 7B6C     	 ldr r3,[r7,#68]
 155              	
 156 00e2 03F30F03 	 ssat r3,#16,r3
 157              	
 158              	 .thumb
 159 00e6 3B64     	 str r3,[r7,#64]
 160 00e8 3B6C     	 ldr r3,[r7,#64]
 161              	.LBE4:
 162 00ea FB87     	 strh r3,[r7,#62]
 163              	.LBB5:
 115:../Dave/Generated/CMSIS_DSP/BasicMathFunctions/arm_scale_q15.c ****     in4 = (q15_t) (__SSAT(out4, 16));
 164              	 .loc 1 115 0
 165 00ec 3B6E     	 ldr r3,[r7,#96]
 166 00ee BB63     	 str r3,[r7,#56]
 167 00f0 BB6B     	 ldr r3,[r7,#56]
 168              	
 169 00f2 03F30F03 	 ssat r3,#16,r3
 170              	
 171              	 .thumb
 172 00f6 7B63     	 str r3,[r7,#52]
 173 00f8 7B6B     	 ldr r3,[r7,#52]
 174              	.LBE5:
 175 00fa 7B86     	 strh r3,[r7,#50]
 116:../Dave/Generated/CMSIS_DSP/BasicMathFunctions/arm_scale_q15.c **** 
 117:../Dave/Generated/CMSIS_DSP/BasicMathFunctions/arm_scale_q15.c ****     /* store the result to destination */
 118:../Dave/Generated/CMSIS_DSP/BasicMathFunctions/arm_scale_q15.c ****     *__SIMD32(pDst)++ = __PKHBT(in2, in1, 16);
 176              	 .loc 1 118 0
 177 00fc 3A1D     	 adds r2,r7,#4
 178 00fe 1368     	 ldr r3,[r2]
 179 0100 191D     	 adds r1,r3,#4
 180 0102 1160     	 str r1,[r2]
 181              	.LBB6:
 182 0104 B7F94A20 	 ldrsh r2,[r7,#74]
 183 0108 FA62     	 str r2,[r7,#44]
 184 010a B7F95620 	 ldrsh r2,[r7,#86]
 185 010e BA62     	 str r2,[r7,#40]
 186 0110 FA6A     	 ldr r2,[r7,#44]
 187 0112 B96A     	 ldr r1,[r7,#40]
 188              	
 189 0114 C2EA0142 	 pkhbt r2,r2,r1,lsl#16
 190              	
 191              	 .thumb
 192 0118 7A62     	 str r2,[r7,#36]
 193 011a 7A6A     	 ldr r2,[r7,#36]
 194              	.LBE6:
 195 011c 1A60     	 str r2,[r3]
 119:../Dave/Generated/CMSIS_DSP/BasicMathFunctions/arm_scale_q15.c ****     *__SIMD32(pDst)++ = __PKHBT(in4, in3, 16);
 196              	 .loc 1 119 0
 197 011e 3A1D     	 adds r2,r7,#4
 198 0120 1368     	 ldr r3,[r2]
 199 0122 191D     	 adds r1,r3,#4
 200 0124 1160     	 str r1,[r2]
 201              	.LBB7:
 202 0126 B7F93220 	 ldrsh r2,[r7,#50]
 203 012a 3A62     	 str r2,[r7,#32]
 204 012c B7F93E20 	 ldrsh r2,[r7,#62]
 205 0130 FA61     	 str r2,[r7,#28]
 206 0132 3A6A     	 ldr r2,[r7,#32]
 207 0134 F969     	 ldr r1,[r7,#28]
 208              	
 209 0136 C2EA0142 	 pkhbt r2,r2,r1,lsl#16
 210              	
 211              	 .thumb
 212 013a BA61     	 str r2,[r7,#24]
 213 013c BA69     	 ldr r2,[r7,#24]
 214              	.LBE7:
 215 013e 1A60     	 str r2,[r3]
 120:../Dave/Generated/CMSIS_DSP/BasicMathFunctions/arm_scale_q15.c **** 
 121:../Dave/Generated/CMSIS_DSP/BasicMathFunctions/arm_scale_q15.c ****     /* Decrement the loop counter */
 122:../Dave/Generated/CMSIS_DSP/BasicMathFunctions/arm_scale_q15.c ****     blkCnt--;
 216              	 .loc 1 122 0
 217 0140 FB6F     	 ldr r3,[r7,#124]
 218 0142 013B     	 subs r3,r3,#1
 219 0144 FB67     	 str r3,[r7,#124]
 220              	.L2:
  91:../Dave/Generated/CMSIS_DSP/BasicMathFunctions/arm_scale_q15.c ****   {
 221              	 .loc 1 91 0
 222 0146 FB6F     	 ldr r3,[r7,#124]
 223 0148 002B     	 cmp r3,#0
 224 014a 7FF46DAF 	 bne .L3
 123:../Dave/Generated/CMSIS_DSP/BasicMathFunctions/arm_scale_q15.c ****   }
 124:../Dave/Generated/CMSIS_DSP/BasicMathFunctions/arm_scale_q15.c **** 
 125:../Dave/Generated/CMSIS_DSP/BasicMathFunctions/arm_scale_q15.c ****   /* If the blockSize is not a multiple of 4, compute any remaining output samples here.    
 126:../Dave/Generated/CMSIS_DSP/BasicMathFunctions/arm_scale_q15.c ****    ** No loop unrolling is used. */
 127:../Dave/Generated/CMSIS_DSP/BasicMathFunctions/arm_scale_q15.c ****   blkCnt = blockSize % 0x4u;
 225              	 .loc 1 127 0
 226 014e D7F88830 	 ldr r3,[r7,#136]
 227 0152 03F00303 	 and r3,r3,#3
 228 0156 FB67     	 str r3,[r7,#124]
 128:../Dave/Generated/CMSIS_DSP/BasicMathFunctions/arm_scale_q15.c **** 
 129:../Dave/Generated/CMSIS_DSP/BasicMathFunctions/arm_scale_q15.c ****   while(blkCnt > 0u)
 229              	 .loc 1 129 0
 230 0158 1AE0     	 b .L4
 231              	.L5:
 130:../Dave/Generated/CMSIS_DSP/BasicMathFunctions/arm_scale_q15.c ****   {
 131:../Dave/Generated/CMSIS_DSP/BasicMathFunctions/arm_scale_q15.c ****     /* C = A * scale */
 132:../Dave/Generated/CMSIS_DSP/BasicMathFunctions/arm_scale_q15.c ****     /* Scale the input and then store the result in the destination buffer. */
 133:../Dave/Generated/CMSIS_DSP/BasicMathFunctions/arm_scale_q15.c ****     *pDst++ = (q15_t) (__SSAT(((*pSrc++) * scaleFract) >> kShift, 16));
 232              	 .loc 1 133 0
 233 015a 7B68     	 ldr r3,[r7,#4]
 234 015c 9A1C     	 adds r2,r3,#2
 235 015e 7A60     	 str r2,[r7,#4]
 236              	.LBB8:
 237 0160 FA68     	 ldr r2,[r7,#12]
 238 0162 911C     	 adds r1,r2,#2
 239 0164 F960     	 str r1,[r7,#12]
 240 0166 1288     	 ldrh r2,[r2]
 241 0168 12B2     	 sxth r2,r2
 242 016a B7F90A10 	 ldrsh r1,[r7,#10]
 243 016e 01FB02F1 	 mul r1,r1,r2
 244 0172 97F97B20 	 ldrsb r2,[r7,#123]
 245 0176 41FA02F2 	 asr r2,r1,r2
 246 017a 7A61     	 str r2,[r7,#20]
 247 017c 7A69     	 ldr r2,[r7,#20]
 248              	
 249 017e 02F30F02 	 ssat r2,#16,r2
 250              	
 251              	 .thumb
 252 0182 3A61     	 str r2,[r7,#16]
 253 0184 3A69     	 ldr r2,[r7,#16]
 254              	.LBE8:
 255 0186 92B2     	 uxth r2,r2
 256 0188 1A80     	 strh r2,[r3]
 134:../Dave/Generated/CMSIS_DSP/BasicMathFunctions/arm_scale_q15.c **** 
 135:../Dave/Generated/CMSIS_DSP/BasicMathFunctions/arm_scale_q15.c ****     /* Decrement the loop counter */
 136:../Dave/Generated/CMSIS_DSP/BasicMathFunctions/arm_scale_q15.c ****     blkCnt--;
 257              	 .loc 1 136 0
 258 018a FB6F     	 ldr r3,[r7,#124]
 259 018c 013B     	 subs r3,r3,#1
 260 018e FB67     	 str r3,[r7,#124]
 261              	.L4:
 129:../Dave/Generated/CMSIS_DSP/BasicMathFunctions/arm_scale_q15.c ****   {
 262              	 .loc 1 129 0
 263 0190 FB6F     	 ldr r3,[r7,#124]
 264 0192 002B     	 cmp r3,#0
 265 0194 E1D1     	 bne .L5
 137:../Dave/Generated/CMSIS_DSP/BasicMathFunctions/arm_scale_q15.c ****   }
 138:../Dave/Generated/CMSIS_DSP/BasicMathFunctions/arm_scale_q15.c **** 
 139:../Dave/Generated/CMSIS_DSP/BasicMathFunctions/arm_scale_q15.c **** #else
 140:../Dave/Generated/CMSIS_DSP/BasicMathFunctions/arm_scale_q15.c **** 
 141:../Dave/Generated/CMSIS_DSP/BasicMathFunctions/arm_scale_q15.c ****   /* Run the below code for Cortex-M0 */
 142:../Dave/Generated/CMSIS_DSP/BasicMathFunctions/arm_scale_q15.c **** 
 143:../Dave/Generated/CMSIS_DSP/BasicMathFunctions/arm_scale_q15.c ****   /* Initialize blkCnt with number of samples */
 144:../Dave/Generated/CMSIS_DSP/BasicMathFunctions/arm_scale_q15.c ****   blkCnt = blockSize;
 145:../Dave/Generated/CMSIS_DSP/BasicMathFunctions/arm_scale_q15.c **** 
 146:../Dave/Generated/CMSIS_DSP/BasicMathFunctions/arm_scale_q15.c ****   while(blkCnt > 0u)
 147:../Dave/Generated/CMSIS_DSP/BasicMathFunctions/arm_scale_q15.c ****   {
 148:../Dave/Generated/CMSIS_DSP/BasicMathFunctions/arm_scale_q15.c ****     /* C = A * scale */
 149:../Dave/Generated/CMSIS_DSP/BasicMathFunctions/arm_scale_q15.c ****     /* Scale the input and then store the result in the destination buffer. */
 150:../Dave/Generated/CMSIS_DSP/BasicMathFunctions/arm_scale_q15.c ****     *pDst++ = (q15_t) (__SSAT(((q31_t) * pSrc++ * scaleFract) >> kShift, 16));
 151:../Dave/Generated/CMSIS_DSP/BasicMathFunctions/arm_scale_q15.c **** 
 152:../Dave/Generated/CMSIS_DSP/BasicMathFunctions/arm_scale_q15.c ****     /* Decrement the loop counter */
 153:../Dave/Generated/CMSIS_DSP/BasicMathFunctions/arm_scale_q15.c ****     blkCnt--;
 154:../Dave/Generated/CMSIS_DSP/BasicMathFunctions/arm_scale_q15.c ****   }
 155:../Dave/Generated/CMSIS_DSP/BasicMathFunctions/arm_scale_q15.c **** 
 156:../Dave/Generated/CMSIS_DSP/BasicMathFunctions/arm_scale_q15.c **** #endif /* #ifndef ARM_MATH_CM0_FAMILY */
 157:../Dave/Generated/CMSIS_DSP/BasicMathFunctions/arm_scale_q15.c **** 
 158:../Dave/Generated/CMSIS_DSP/BasicMathFunctions/arm_scale_q15.c **** }
 266              	 .loc 1 158 0
 267 0196 8437     	 adds r7,r7,#132
 268              	.LCFI3:
 269              	 .cfi_def_cfa_offset 4
 270 0198 BD46     	 mov sp,r7
 271              	.LCFI4:
 272              	 .cfi_def_cfa_register 13
 273              	 
 274 019a 5DF8047B 	 ldr r7,[sp],#4
 275              	.LCFI5:
 276              	 .cfi_restore 7
 277              	 .cfi_def_cfa_offset 0
 278 019e 7047     	 bx lr
 279              	 .cfi_endproc
 280              	.LFE139:
 282              	 .text
 283              	.Letext0:
 284              	 .file 2 "c:\\davev4-64bit\\dave-4.2.6\\eclipse\\arm-gcc-49\\arm-none-eabi\\include\\machine\\_default_types.h"
 285              	 .file 3 "c:\\davev4-64bit\\dave-4.2.6\\eclipse\\arm-gcc-49\\arm-none-eabi\\include\\stdint.h"
 286              	 .file 4 "C:\\Users\\Depes Crystalline\\Desktop\\school\\Active_Bike_Lighting_System\\Radar_Core\\Dave\\Generated/CMSIS_DSP/arm_math.h"
DEFINED SYMBOLS
                            *ABS*:00000000 arm_scale_q15.c
    {standard input}:19     .text.arm_scale_q15:00000000 $t
    {standard input}:24     .text.arm_scale_q15:00000000 arm_scale_q15
                     .debug_frame:00000010 $d

NO UNDEFINED SYMBOLS
