   1              	 .syntax unified
   2              	 .cpu cortex-m4
   3              	 .fpu softvfp
   4              	 .eabi_attribute 20,1
   5              	 .eabi_attribute 21,1
   6              	 .eabi_attribute 23,3
   7              	 .eabi_attribute 24,1
   8              	 .eabi_attribute 25,1
   9              	 .eabi_attribute 26,1
  10              	 .eabi_attribute 30,6
  11              	 .eabi_attribute 34,1
  12              	 .eabi_attribute 18,4
  13              	 .thumb
  14              	 .file "arm_offset_q15.c"
  15              	 .text
  16              	.Ltext0:
  17              	 .cfi_sections .debug_frame
  18              	 .section .text.arm_offset_q15,"ax",%progbits
  19              	 .align 2
  20              	 .global arm_offset_q15
  21              	 .thumb
  22              	 .thumb_func
  24              	arm_offset_q15:
  25              	.LFB139:
  26              	 .file 1 "../Dave/Generated/CMSIS_DSP/BasicMathFunctions/arm_offset_q15.c"
   1:../Dave/Generated/CMSIS_DSP/BasicMathFunctions/arm_offset_q15.c **** /* ----------------------------------------------------------------------    
   2:../Dave/Generated/CMSIS_DSP/BasicMathFunctions/arm_offset_q15.c **** * Copyright (C) 2010-2014 ARM Limited. All rights reserved.    
   3:../Dave/Generated/CMSIS_DSP/BasicMathFunctions/arm_offset_q15.c **** *    
   4:../Dave/Generated/CMSIS_DSP/BasicMathFunctions/arm_offset_q15.c **** * $Date:        12. March 2014
   5:../Dave/Generated/CMSIS_DSP/BasicMathFunctions/arm_offset_q15.c **** * $Revision: 	V1.4.4
   6:../Dave/Generated/CMSIS_DSP/BasicMathFunctions/arm_offset_q15.c **** *    
   7:../Dave/Generated/CMSIS_DSP/BasicMathFunctions/arm_offset_q15.c **** * Project: 	    CMSIS DSP Library    
   8:../Dave/Generated/CMSIS_DSP/BasicMathFunctions/arm_offset_q15.c **** * Title:		arm_offset_q15.c    
   9:../Dave/Generated/CMSIS_DSP/BasicMathFunctions/arm_offset_q15.c **** *    
  10:../Dave/Generated/CMSIS_DSP/BasicMathFunctions/arm_offset_q15.c **** * Description:	Q15 vector offset.    
  11:../Dave/Generated/CMSIS_DSP/BasicMathFunctions/arm_offset_q15.c **** *    
  12:../Dave/Generated/CMSIS_DSP/BasicMathFunctions/arm_offset_q15.c **** * Target Processor: Cortex-M4/Cortex-M3/Cortex-M0
  13:../Dave/Generated/CMSIS_DSP/BasicMathFunctions/arm_offset_q15.c **** *  
  14:../Dave/Generated/CMSIS_DSP/BasicMathFunctions/arm_offset_q15.c **** * Redistribution and use in source and binary forms, with or without 
  15:../Dave/Generated/CMSIS_DSP/BasicMathFunctions/arm_offset_q15.c **** * modification, are permitted provided that the following conditions
  16:../Dave/Generated/CMSIS_DSP/BasicMathFunctions/arm_offset_q15.c **** * are met:
  17:../Dave/Generated/CMSIS_DSP/BasicMathFunctions/arm_offset_q15.c **** *   - Redistributions of source code must retain the above copyright
  18:../Dave/Generated/CMSIS_DSP/BasicMathFunctions/arm_offset_q15.c **** *     notice, this list of conditions and the following disclaimer.
  19:../Dave/Generated/CMSIS_DSP/BasicMathFunctions/arm_offset_q15.c **** *   - Redistributions in binary form must reproduce the above copyright
  20:../Dave/Generated/CMSIS_DSP/BasicMathFunctions/arm_offset_q15.c **** *     notice, this list of conditions and the following disclaimer in
  21:../Dave/Generated/CMSIS_DSP/BasicMathFunctions/arm_offset_q15.c **** *     the documentation and/or other materials provided with the 
  22:../Dave/Generated/CMSIS_DSP/BasicMathFunctions/arm_offset_q15.c **** *     distribution.
  23:../Dave/Generated/CMSIS_DSP/BasicMathFunctions/arm_offset_q15.c **** *   - Neither the name of ARM LIMITED nor the names of its contributors
  24:../Dave/Generated/CMSIS_DSP/BasicMathFunctions/arm_offset_q15.c **** *     may be used to endorse or promote products derived from this
  25:../Dave/Generated/CMSIS_DSP/BasicMathFunctions/arm_offset_q15.c **** *     software without specific prior written permission.
  26:../Dave/Generated/CMSIS_DSP/BasicMathFunctions/arm_offset_q15.c **** *
  27:../Dave/Generated/CMSIS_DSP/BasicMathFunctions/arm_offset_q15.c **** * THIS SOFTWARE IS PROVIDED BY THE COPYRIGHT HOLDERS AND CONTRIBUTORS
  28:../Dave/Generated/CMSIS_DSP/BasicMathFunctions/arm_offset_q15.c **** * "AS IS" AND ANY EXPRESS OR IMPLIED WARRANTIES, INCLUDING, BUT NOT
  29:../Dave/Generated/CMSIS_DSP/BasicMathFunctions/arm_offset_q15.c **** * LIMITED TO, THE IMPLIED WARRANTIES OF MERCHANTABILITY AND FITNESS
  30:../Dave/Generated/CMSIS_DSP/BasicMathFunctions/arm_offset_q15.c **** * FOR A PARTICULAR PURPOSE ARE DISCLAIMED. IN NO EVENT SHALL THE 
  31:../Dave/Generated/CMSIS_DSP/BasicMathFunctions/arm_offset_q15.c **** * COPYRIGHT OWNER OR CONTRIBUTORS BE LIABLE FOR ANY DIRECT, INDIRECT,
  32:../Dave/Generated/CMSIS_DSP/BasicMathFunctions/arm_offset_q15.c **** * INCIDENTAL, SPECIAL, EXEMPLARY, OR CONSEQUENTIAL DAMAGES (INCLUDING,
  33:../Dave/Generated/CMSIS_DSP/BasicMathFunctions/arm_offset_q15.c **** * BUT NOT LIMITED TO, PROCUREMENT OF SUBSTITUTE GOODS OR SERVICES;
  34:../Dave/Generated/CMSIS_DSP/BasicMathFunctions/arm_offset_q15.c **** * LOSS OF USE, DATA, OR PROFITS; OR BUSINESS INTERRUPTION) HOWEVER
  35:../Dave/Generated/CMSIS_DSP/BasicMathFunctions/arm_offset_q15.c **** * CAUSED AND ON ANY THEORY OF LIABILITY, WHETHER IN CONTRACT, STRICT
  36:../Dave/Generated/CMSIS_DSP/BasicMathFunctions/arm_offset_q15.c **** * LIABILITY, OR TORT (INCLUDING NEGLIGENCE OR OTHERWISE) ARISING IN
  37:../Dave/Generated/CMSIS_DSP/BasicMathFunctions/arm_offset_q15.c **** * ANY WAY OUT OF THE USE OF THIS SOFTWARE, EVEN IF ADVISED OF THE
  38:../Dave/Generated/CMSIS_DSP/BasicMathFunctions/arm_offset_q15.c **** * POSSIBILITY OF SUCH DAMAGE.   
  39:../Dave/Generated/CMSIS_DSP/BasicMathFunctions/arm_offset_q15.c **** * -------------------------------------------------------------------- */
  40:../Dave/Generated/CMSIS_DSP/BasicMathFunctions/arm_offset_q15.c **** 
  41:../Dave/Generated/CMSIS_DSP/BasicMathFunctions/arm_offset_q15.c **** #include "CMSIS_DSP/cmsis_dsp.h"
  42:../Dave/Generated/CMSIS_DSP/BasicMathFunctions/arm_offset_q15.c **** 
  43:../Dave/Generated/CMSIS_DSP/BasicMathFunctions/arm_offset_q15.c **** /**    
  44:../Dave/Generated/CMSIS_DSP/BasicMathFunctions/arm_offset_q15.c ****  * @ingroup groupMath    
  45:../Dave/Generated/CMSIS_DSP/BasicMathFunctions/arm_offset_q15.c ****  */
  46:../Dave/Generated/CMSIS_DSP/BasicMathFunctions/arm_offset_q15.c **** 
  47:../Dave/Generated/CMSIS_DSP/BasicMathFunctions/arm_offset_q15.c **** /**    
  48:../Dave/Generated/CMSIS_DSP/BasicMathFunctions/arm_offset_q15.c ****  * @addtogroup offset    
  49:../Dave/Generated/CMSIS_DSP/BasicMathFunctions/arm_offset_q15.c ****  * @{    
  50:../Dave/Generated/CMSIS_DSP/BasicMathFunctions/arm_offset_q15.c ****  */
  51:../Dave/Generated/CMSIS_DSP/BasicMathFunctions/arm_offset_q15.c **** 
  52:../Dave/Generated/CMSIS_DSP/BasicMathFunctions/arm_offset_q15.c **** /**    
  53:../Dave/Generated/CMSIS_DSP/BasicMathFunctions/arm_offset_q15.c ****  * @brief  Adds a constant offset to a Q15 vector.    
  54:../Dave/Generated/CMSIS_DSP/BasicMathFunctions/arm_offset_q15.c ****  * @param[in]  *pSrc points to the input vector    
  55:../Dave/Generated/CMSIS_DSP/BasicMathFunctions/arm_offset_q15.c ****  * @param[in]  offset is the offset to be added    
  56:../Dave/Generated/CMSIS_DSP/BasicMathFunctions/arm_offset_q15.c ****  * @param[out]  *pDst points to the output vector    
  57:../Dave/Generated/CMSIS_DSP/BasicMathFunctions/arm_offset_q15.c ****  * @param[in]  blockSize number of samples in the vector    
  58:../Dave/Generated/CMSIS_DSP/BasicMathFunctions/arm_offset_q15.c ****  * @return none.    
  59:../Dave/Generated/CMSIS_DSP/BasicMathFunctions/arm_offset_q15.c ****  *    
  60:../Dave/Generated/CMSIS_DSP/BasicMathFunctions/arm_offset_q15.c ****  * <b>Scaling and Overflow Behavior:</b>    
  61:../Dave/Generated/CMSIS_DSP/BasicMathFunctions/arm_offset_q15.c ****  * \par    
  62:../Dave/Generated/CMSIS_DSP/BasicMathFunctions/arm_offset_q15.c ****  * The function uses saturating arithmetic.    
  63:../Dave/Generated/CMSIS_DSP/BasicMathFunctions/arm_offset_q15.c ****  * Results outside of the allowable Q15 range [0x8000 0x7FFF] are saturated.    
  64:../Dave/Generated/CMSIS_DSP/BasicMathFunctions/arm_offset_q15.c ****  */
  65:../Dave/Generated/CMSIS_DSP/BasicMathFunctions/arm_offset_q15.c **** 
  66:../Dave/Generated/CMSIS_DSP/BasicMathFunctions/arm_offset_q15.c **** void arm_offset_q15(
  67:../Dave/Generated/CMSIS_DSP/BasicMathFunctions/arm_offset_q15.c ****   q15_t * pSrc,
  68:../Dave/Generated/CMSIS_DSP/BasicMathFunctions/arm_offset_q15.c ****   q15_t offset,
  69:../Dave/Generated/CMSIS_DSP/BasicMathFunctions/arm_offset_q15.c ****   q15_t * pDst,
  70:../Dave/Generated/CMSIS_DSP/BasicMathFunctions/arm_offset_q15.c ****   uint32_t blockSize)
  71:../Dave/Generated/CMSIS_DSP/BasicMathFunctions/arm_offset_q15.c **** {
  27              	 .loc 1 71 0
  28              	 .cfi_startproc
  29              	 
  30              	 
  31              	 
  32 0000 80B4     	 push {r7}
  33              	.LCFI0:
  34              	 .cfi_def_cfa_offset 4
  35              	 .cfi_offset 7,-4
  36 0002 93B0     	 sub sp,sp,#76
  37              	.LCFI1:
  38              	 .cfi_def_cfa_offset 80
  39 0004 00AF     	 add r7,sp,#0
  40              	.LCFI2:
  41              	 .cfi_def_cfa_register 7
  42 0006 F860     	 str r0,[r7,#12]
  43 0008 7A60     	 str r2,[r7,#4]
  44 000a 3B60     	 str r3,[r7]
  45 000c 0B46     	 mov r3,r1
  46 000e 7B81     	 strh r3,[r7,#10]
  72:../Dave/Generated/CMSIS_DSP/BasicMathFunctions/arm_offset_q15.c ****   uint32_t blkCnt;                               /* loop counter */
  73:../Dave/Generated/CMSIS_DSP/BasicMathFunctions/arm_offset_q15.c **** 
  74:../Dave/Generated/CMSIS_DSP/BasicMathFunctions/arm_offset_q15.c **** #ifndef ARM_MATH_CM0_FAMILY
  75:../Dave/Generated/CMSIS_DSP/BasicMathFunctions/arm_offset_q15.c **** 
  76:../Dave/Generated/CMSIS_DSP/BasicMathFunctions/arm_offset_q15.c **** /* Run the below code for Cortex-M4 and Cortex-M3 */
  77:../Dave/Generated/CMSIS_DSP/BasicMathFunctions/arm_offset_q15.c ****   q31_t offset_packed;                           /* Offset packed to 32 bit */
  78:../Dave/Generated/CMSIS_DSP/BasicMathFunctions/arm_offset_q15.c **** 
  79:../Dave/Generated/CMSIS_DSP/BasicMathFunctions/arm_offset_q15.c **** 
  80:../Dave/Generated/CMSIS_DSP/BasicMathFunctions/arm_offset_q15.c ****   /*loop Unrolling */
  81:../Dave/Generated/CMSIS_DSP/BasicMathFunctions/arm_offset_q15.c ****   blkCnt = blockSize >> 2u;
  47              	 .loc 1 81 0
  48 0010 3B68     	 ldr r3,[r7]
  49 0012 9B08     	 lsrs r3,r3,#2
  50 0014 7B64     	 str r3,[r7,#68]
  51              	.LBB9:
  82:../Dave/Generated/CMSIS_DSP/BasicMathFunctions/arm_offset_q15.c **** 
  83:../Dave/Generated/CMSIS_DSP/BasicMathFunctions/arm_offset_q15.c ****   /* Offset is packed to 32 bit in order to use SIMD32 for addition */
  84:../Dave/Generated/CMSIS_DSP/BasicMathFunctions/arm_offset_q15.c ****   offset_packed = __PKHBT(offset, offset, 16);
  52              	 .loc 1 84 0
  53 0016 B7F90A30 	 ldrsh r3,[r7,#10]
  54 001a 3B64     	 str r3,[r7,#64]
  55 001c B7F90A30 	 ldrsh r3,[r7,#10]
  56 0020 FB63     	 str r3,[r7,#60]
  57 0022 3B6C     	 ldr r3,[r7,#64]
  58 0024 FA6B     	 ldr r2,[r7,#60]
  59              	
  60 0026 C3EA0243 	 pkhbt r3,r3,r2,lsl#16
  61              	
  62              	 .thumb
  63 002a BB63     	 str r3,[r7,#56]
  64 002c BB6B     	 ldr r3,[r7,#56]
  65              	.LBE9:
  66 002e 7B63     	 str r3,[r7,#52]
  85:../Dave/Generated/CMSIS_DSP/BasicMathFunctions/arm_offset_q15.c **** 
  86:../Dave/Generated/CMSIS_DSP/BasicMathFunctions/arm_offset_q15.c ****   /* First part of the processing with loop unrolling.  Compute 4 outputs at a time.    
  87:../Dave/Generated/CMSIS_DSP/BasicMathFunctions/arm_offset_q15.c ****    ** a second loop below computes the remaining 1 to 3 samples. */
  88:../Dave/Generated/CMSIS_DSP/BasicMathFunctions/arm_offset_q15.c ****   while(blkCnt > 0u)
  67              	 .loc 1 88 0
  68 0030 2CE0     	 b .L2
  69              	.L5:
  89:../Dave/Generated/CMSIS_DSP/BasicMathFunctions/arm_offset_q15.c ****   {
  90:../Dave/Generated/CMSIS_DSP/BasicMathFunctions/arm_offset_q15.c ****     /* C = A + offset */
  91:../Dave/Generated/CMSIS_DSP/BasicMathFunctions/arm_offset_q15.c ****     /* Add offset and then store the results in the destination buffer, 2 samples at a time. */
  92:../Dave/Generated/CMSIS_DSP/BasicMathFunctions/arm_offset_q15.c ****     *__SIMD32(pDst)++ = __QADD16(*__SIMD32(pSrc)++, offset_packed);
  70              	 .loc 1 92 0
  71 0032 3A1D     	 adds r2,r7,#4
  72 0034 1368     	 ldr r3,[r2]
  73 0036 191D     	 adds r1,r3,#4
  74 0038 1160     	 str r1,[r2]
  75 003a 07F10C01 	 add r1,r7,#12
  76 003e 0A68     	 ldr r2,[r1]
  77 0040 101D     	 adds r0,r2,#4
  78 0042 0860     	 str r0,[r1]
  79 0044 1268     	 ldr r2,[r2]
  80 0046 1146     	 mov r1,r2
  81 0048 7A6B     	 ldr r2,[r7,#52]
  82 004a 3963     	 str r1,[r7,#48]
  83 004c FA62     	 str r2,[r7,#44]
  84              	.LBB10:
  85              	.LBB11:
  86              	 .file 2 "C:\\Users\\Depes Crystalline\\Desktop\\school\\Active_Bike_Lighting_System\\Radar_Core/Libraries/CMSIS/Include/core_cmSimd.h"
   1:C:\Users\Depes Crystalline\Desktop\school\Active_Bike_Lighting_System\Radar_Core/Libraries/CMSIS/Include\core_cmSimd.h **** /**************************************************************************//**
   2:C:\Users\Depes Crystalline\Desktop\school\Active_Bike_Lighting_System\Radar_Core/Libraries/CMSIS/Include\core_cmSimd.h ****  * @file     core_cmSimd.h
   3:C:\Users\Depes Crystalline\Desktop\school\Active_Bike_Lighting_System\Radar_Core/Libraries/CMSIS/Include\core_cmSimd.h ****  * @brief    CMSIS Cortex-M SIMD Header File
   4:C:\Users\Depes Crystalline\Desktop\school\Active_Bike_Lighting_System\Radar_Core/Libraries/CMSIS/Include\core_cmSimd.h ****  * @version  V4.00
   5:C:\Users\Depes Crystalline\Desktop\school\Active_Bike_Lighting_System\Radar_Core/Libraries/CMSIS/Include\core_cmSimd.h ****  * @date     22. August 2014
   6:C:\Users\Depes Crystalline\Desktop\school\Active_Bike_Lighting_System\Radar_Core/Libraries/CMSIS/Include\core_cmSimd.h ****  *
   7:C:\Users\Depes Crystalline\Desktop\school\Active_Bike_Lighting_System\Radar_Core/Libraries/CMSIS/Include\core_cmSimd.h ****  * @note
   8:C:\Users\Depes Crystalline\Desktop\school\Active_Bike_Lighting_System\Radar_Core/Libraries/CMSIS/Include\core_cmSimd.h ****  *
   9:C:\Users\Depes Crystalline\Desktop\school\Active_Bike_Lighting_System\Radar_Core/Libraries/CMSIS/Include\core_cmSimd.h ****  ******************************************************************************/
  10:C:\Users\Depes Crystalline\Desktop\school\Active_Bike_Lighting_System\Radar_Core/Libraries/CMSIS/Include\core_cmSimd.h **** /* Copyright (c) 2009 - 2014 ARM LIMITED
  11:C:\Users\Depes Crystalline\Desktop\school\Active_Bike_Lighting_System\Radar_Core/Libraries/CMSIS/Include\core_cmSimd.h **** 
  12:C:\Users\Depes Crystalline\Desktop\school\Active_Bike_Lighting_System\Radar_Core/Libraries/CMSIS/Include\core_cmSimd.h ****    All rights reserved.
  13:C:\Users\Depes Crystalline\Desktop\school\Active_Bike_Lighting_System\Radar_Core/Libraries/CMSIS/Include\core_cmSimd.h ****    Redistribution and use in source and binary forms, with or without
  14:C:\Users\Depes Crystalline\Desktop\school\Active_Bike_Lighting_System\Radar_Core/Libraries/CMSIS/Include\core_cmSimd.h ****    modification, are permitted provided that the following conditions are met:
  15:C:\Users\Depes Crystalline\Desktop\school\Active_Bike_Lighting_System\Radar_Core/Libraries/CMSIS/Include\core_cmSimd.h ****    - Redistributions of source code must retain the above copyright
  16:C:\Users\Depes Crystalline\Desktop\school\Active_Bike_Lighting_System\Radar_Core/Libraries/CMSIS/Include\core_cmSimd.h ****      notice, this list of conditions and the following disclaimer.
  17:C:\Users\Depes Crystalline\Desktop\school\Active_Bike_Lighting_System\Radar_Core/Libraries/CMSIS/Include\core_cmSimd.h ****    - Redistributions in binary form must reproduce the above copyright
  18:C:\Users\Depes Crystalline\Desktop\school\Active_Bike_Lighting_System\Radar_Core/Libraries/CMSIS/Include\core_cmSimd.h ****      notice, this list of conditions and the following disclaimer in the
  19:C:\Users\Depes Crystalline\Desktop\school\Active_Bike_Lighting_System\Radar_Core/Libraries/CMSIS/Include\core_cmSimd.h ****      documentation and/or other materials provided with the distribution.
  20:C:\Users\Depes Crystalline\Desktop\school\Active_Bike_Lighting_System\Radar_Core/Libraries/CMSIS/Include\core_cmSimd.h ****    - Neither the name of ARM nor the names of its contributors may be used
  21:C:\Users\Depes Crystalline\Desktop\school\Active_Bike_Lighting_System\Radar_Core/Libraries/CMSIS/Include\core_cmSimd.h ****      to endorse or promote products derived from this software without
  22:C:\Users\Depes Crystalline\Desktop\school\Active_Bike_Lighting_System\Radar_Core/Libraries/CMSIS/Include\core_cmSimd.h ****      specific prior written permission.
  23:C:\Users\Depes Crystalline\Desktop\school\Active_Bike_Lighting_System\Radar_Core/Libraries/CMSIS/Include\core_cmSimd.h ****    *
  24:C:\Users\Depes Crystalline\Desktop\school\Active_Bike_Lighting_System\Radar_Core/Libraries/CMSIS/Include\core_cmSimd.h ****    THIS SOFTWARE IS PROVIDED BY THE COPYRIGHT HOLDERS AND CONTRIBUTORS "AS IS"
  25:C:\Users\Depes Crystalline\Desktop\school\Active_Bike_Lighting_System\Radar_Core/Libraries/CMSIS/Include\core_cmSimd.h ****    AND ANY EXPRESS OR IMPLIED WARRANTIES, INCLUDING, BUT NOT LIMITED TO, THE
  26:C:\Users\Depes Crystalline\Desktop\school\Active_Bike_Lighting_System\Radar_Core/Libraries/CMSIS/Include\core_cmSimd.h ****    IMPLIED WARRANTIES OF MERCHANTABILITY AND FITNESS FOR A PARTICULAR PURPOSE
  27:C:\Users\Depes Crystalline\Desktop\school\Active_Bike_Lighting_System\Radar_Core/Libraries/CMSIS/Include\core_cmSimd.h ****    ARE DISCLAIMED. IN NO EVENT SHALL COPYRIGHT HOLDERS AND CONTRIBUTORS BE
  28:C:\Users\Depes Crystalline\Desktop\school\Active_Bike_Lighting_System\Radar_Core/Libraries/CMSIS/Include\core_cmSimd.h ****    LIABLE FOR ANY DIRECT, INDIRECT, INCIDENTAL, SPECIAL, EXEMPLARY, OR
  29:C:\Users\Depes Crystalline\Desktop\school\Active_Bike_Lighting_System\Radar_Core/Libraries/CMSIS/Include\core_cmSimd.h ****    CONSEQUENTIAL DAMAGES (INCLUDING, BUT NOT LIMITED TO, PROCUREMENT OF
  30:C:\Users\Depes Crystalline\Desktop\school\Active_Bike_Lighting_System\Radar_Core/Libraries/CMSIS/Include\core_cmSimd.h ****    SUBSTITUTE GOODS OR SERVICES; LOSS OF USE, DATA, OR PROFITS; OR BUSINESS
  31:C:\Users\Depes Crystalline\Desktop\school\Active_Bike_Lighting_System\Radar_Core/Libraries/CMSIS/Include\core_cmSimd.h ****    INTERRUPTION) HOWEVER CAUSED AND ON ANY THEORY OF LIABILITY, WHETHER IN
  32:C:\Users\Depes Crystalline\Desktop\school\Active_Bike_Lighting_System\Radar_Core/Libraries/CMSIS/Include\core_cmSimd.h ****    CONTRACT, STRICT LIABILITY, OR TORT (INCLUDING NEGLIGENCE OR OTHERWISE)
  33:C:\Users\Depes Crystalline\Desktop\school\Active_Bike_Lighting_System\Radar_Core/Libraries/CMSIS/Include\core_cmSimd.h ****    ARISING IN ANY WAY OUT OF THE USE OF THIS SOFTWARE, EVEN IF ADVISED OF THE
  34:C:\Users\Depes Crystalline\Desktop\school\Active_Bike_Lighting_System\Radar_Core/Libraries/CMSIS/Include\core_cmSimd.h ****    POSSIBILITY OF SUCH DAMAGE.
  35:C:\Users\Depes Crystalline\Desktop\school\Active_Bike_Lighting_System\Radar_Core/Libraries/CMSIS/Include\core_cmSimd.h ****    ---------------------------------------------------------------------------*/
  36:C:\Users\Depes Crystalline\Desktop\school\Active_Bike_Lighting_System\Radar_Core/Libraries/CMSIS/Include\core_cmSimd.h **** 
  37:C:\Users\Depes Crystalline\Desktop\school\Active_Bike_Lighting_System\Radar_Core/Libraries/CMSIS/Include\core_cmSimd.h **** 
  38:C:\Users\Depes Crystalline\Desktop\school\Active_Bike_Lighting_System\Radar_Core/Libraries/CMSIS/Include\core_cmSimd.h **** #if defined ( __ICCARM__ )
  39:C:\Users\Depes Crystalline\Desktop\school\Active_Bike_Lighting_System\Radar_Core/Libraries/CMSIS/Include\core_cmSimd.h ****  #pragma system_include  /* treat file as system include file for MISRA check */
  40:C:\Users\Depes Crystalline\Desktop\school\Active_Bike_Lighting_System\Radar_Core/Libraries/CMSIS/Include\core_cmSimd.h **** #endif
  41:C:\Users\Depes Crystalline\Desktop\school\Active_Bike_Lighting_System\Radar_Core/Libraries/CMSIS/Include\core_cmSimd.h **** 
  42:C:\Users\Depes Crystalline\Desktop\school\Active_Bike_Lighting_System\Radar_Core/Libraries/CMSIS/Include\core_cmSimd.h **** #ifndef __CORE_CMSIMD_H
  43:C:\Users\Depes Crystalline\Desktop\school\Active_Bike_Lighting_System\Radar_Core/Libraries/CMSIS/Include\core_cmSimd.h **** #define __CORE_CMSIMD_H
  44:C:\Users\Depes Crystalline\Desktop\school\Active_Bike_Lighting_System\Radar_Core/Libraries/CMSIS/Include\core_cmSimd.h **** 
  45:C:\Users\Depes Crystalline\Desktop\school\Active_Bike_Lighting_System\Radar_Core/Libraries/CMSIS/Include\core_cmSimd.h **** #ifdef __cplusplus
  46:C:\Users\Depes Crystalline\Desktop\school\Active_Bike_Lighting_System\Radar_Core/Libraries/CMSIS/Include\core_cmSimd.h ****  extern "C" {
  47:C:\Users\Depes Crystalline\Desktop\school\Active_Bike_Lighting_System\Radar_Core/Libraries/CMSIS/Include\core_cmSimd.h **** #endif
  48:C:\Users\Depes Crystalline\Desktop\school\Active_Bike_Lighting_System\Radar_Core/Libraries/CMSIS/Include\core_cmSimd.h **** 
  49:C:\Users\Depes Crystalline\Desktop\school\Active_Bike_Lighting_System\Radar_Core/Libraries/CMSIS/Include\core_cmSimd.h **** 
  50:C:\Users\Depes Crystalline\Desktop\school\Active_Bike_Lighting_System\Radar_Core/Libraries/CMSIS/Include\core_cmSimd.h **** /*******************************************************************************
  51:C:\Users\Depes Crystalline\Desktop\school\Active_Bike_Lighting_System\Radar_Core/Libraries/CMSIS/Include\core_cmSimd.h ****  *                Hardware Abstraction Layer
  52:C:\Users\Depes Crystalline\Desktop\school\Active_Bike_Lighting_System\Radar_Core/Libraries/CMSIS/Include\core_cmSimd.h ****  ******************************************************************************/
  53:C:\Users\Depes Crystalline\Desktop\school\Active_Bike_Lighting_System\Radar_Core/Libraries/CMSIS/Include\core_cmSimd.h **** 
  54:C:\Users\Depes Crystalline\Desktop\school\Active_Bike_Lighting_System\Radar_Core/Libraries/CMSIS/Include\core_cmSimd.h **** 
  55:C:\Users\Depes Crystalline\Desktop\school\Active_Bike_Lighting_System\Radar_Core/Libraries/CMSIS/Include\core_cmSimd.h **** /* ###################  Compiler specific Intrinsics  ########################### */
  56:C:\Users\Depes Crystalline\Desktop\school\Active_Bike_Lighting_System\Radar_Core/Libraries/CMSIS/Include\core_cmSimd.h **** /** \defgroup CMSIS_SIMD_intrinsics CMSIS SIMD Intrinsics
  57:C:\Users\Depes Crystalline\Desktop\school\Active_Bike_Lighting_System\Radar_Core/Libraries/CMSIS/Include\core_cmSimd.h ****   Access to dedicated SIMD instructions
  58:C:\Users\Depes Crystalline\Desktop\school\Active_Bike_Lighting_System\Radar_Core/Libraries/CMSIS/Include\core_cmSimd.h ****   @{
  59:C:\Users\Depes Crystalline\Desktop\school\Active_Bike_Lighting_System\Radar_Core/Libraries/CMSIS/Include\core_cmSimd.h **** */
  60:C:\Users\Depes Crystalline\Desktop\school\Active_Bike_Lighting_System\Radar_Core/Libraries/CMSIS/Include\core_cmSimd.h **** 
  61:C:\Users\Depes Crystalline\Desktop\school\Active_Bike_Lighting_System\Radar_Core/Libraries/CMSIS/Include\core_cmSimd.h **** #if   defined ( __CC_ARM ) /*------------------RealView Compiler -----------------*/
  62:C:\Users\Depes Crystalline\Desktop\school\Active_Bike_Lighting_System\Radar_Core/Libraries/CMSIS/Include\core_cmSimd.h **** /* ARM armcc specific functions */
  63:C:\Users\Depes Crystalline\Desktop\school\Active_Bike_Lighting_System\Radar_Core/Libraries/CMSIS/Include\core_cmSimd.h **** #define __SADD8                           __sadd8
  64:C:\Users\Depes Crystalline\Desktop\school\Active_Bike_Lighting_System\Radar_Core/Libraries/CMSIS/Include\core_cmSimd.h **** #define __QADD8                           __qadd8
  65:C:\Users\Depes Crystalline\Desktop\school\Active_Bike_Lighting_System\Radar_Core/Libraries/CMSIS/Include\core_cmSimd.h **** #define __SHADD8                          __shadd8
  66:C:\Users\Depes Crystalline\Desktop\school\Active_Bike_Lighting_System\Radar_Core/Libraries/CMSIS/Include\core_cmSimd.h **** #define __UADD8                           __uadd8
  67:C:\Users\Depes Crystalline\Desktop\school\Active_Bike_Lighting_System\Radar_Core/Libraries/CMSIS/Include\core_cmSimd.h **** #define __UQADD8                          __uqadd8
  68:C:\Users\Depes Crystalline\Desktop\school\Active_Bike_Lighting_System\Radar_Core/Libraries/CMSIS/Include\core_cmSimd.h **** #define __UHADD8                          __uhadd8
  69:C:\Users\Depes Crystalline\Desktop\school\Active_Bike_Lighting_System\Radar_Core/Libraries/CMSIS/Include\core_cmSimd.h **** #define __SSUB8                           __ssub8
  70:C:\Users\Depes Crystalline\Desktop\school\Active_Bike_Lighting_System\Radar_Core/Libraries/CMSIS/Include\core_cmSimd.h **** #define __QSUB8                           __qsub8
  71:C:\Users\Depes Crystalline\Desktop\school\Active_Bike_Lighting_System\Radar_Core/Libraries/CMSIS/Include\core_cmSimd.h **** #define __SHSUB8                          __shsub8
  72:C:\Users\Depes Crystalline\Desktop\school\Active_Bike_Lighting_System\Radar_Core/Libraries/CMSIS/Include\core_cmSimd.h **** #define __USUB8                           __usub8
  73:C:\Users\Depes Crystalline\Desktop\school\Active_Bike_Lighting_System\Radar_Core/Libraries/CMSIS/Include\core_cmSimd.h **** #define __UQSUB8                          __uqsub8
  74:C:\Users\Depes Crystalline\Desktop\school\Active_Bike_Lighting_System\Radar_Core/Libraries/CMSIS/Include\core_cmSimd.h **** #define __UHSUB8                          __uhsub8
  75:C:\Users\Depes Crystalline\Desktop\school\Active_Bike_Lighting_System\Radar_Core/Libraries/CMSIS/Include\core_cmSimd.h **** #define __SADD16                          __sadd16
  76:C:\Users\Depes Crystalline\Desktop\school\Active_Bike_Lighting_System\Radar_Core/Libraries/CMSIS/Include\core_cmSimd.h **** #define __QADD16                          __qadd16
  77:C:\Users\Depes Crystalline\Desktop\school\Active_Bike_Lighting_System\Radar_Core/Libraries/CMSIS/Include\core_cmSimd.h **** #define __SHADD16                         __shadd16
  78:C:\Users\Depes Crystalline\Desktop\school\Active_Bike_Lighting_System\Radar_Core/Libraries/CMSIS/Include\core_cmSimd.h **** #define __UADD16                          __uadd16
  79:C:\Users\Depes Crystalline\Desktop\school\Active_Bike_Lighting_System\Radar_Core/Libraries/CMSIS/Include\core_cmSimd.h **** #define __UQADD16                         __uqadd16
  80:C:\Users\Depes Crystalline\Desktop\school\Active_Bike_Lighting_System\Radar_Core/Libraries/CMSIS/Include\core_cmSimd.h **** #define __UHADD16                         __uhadd16
  81:C:\Users\Depes Crystalline\Desktop\school\Active_Bike_Lighting_System\Radar_Core/Libraries/CMSIS/Include\core_cmSimd.h **** #define __SSUB16                          __ssub16
  82:C:\Users\Depes Crystalline\Desktop\school\Active_Bike_Lighting_System\Radar_Core/Libraries/CMSIS/Include\core_cmSimd.h **** #define __QSUB16                          __qsub16
  83:C:\Users\Depes Crystalline\Desktop\school\Active_Bike_Lighting_System\Radar_Core/Libraries/CMSIS/Include\core_cmSimd.h **** #define __SHSUB16                         __shsub16
  84:C:\Users\Depes Crystalline\Desktop\school\Active_Bike_Lighting_System\Radar_Core/Libraries/CMSIS/Include\core_cmSimd.h **** #define __USUB16                          __usub16
  85:C:\Users\Depes Crystalline\Desktop\school\Active_Bike_Lighting_System\Radar_Core/Libraries/CMSIS/Include\core_cmSimd.h **** #define __UQSUB16                         __uqsub16
  86:C:\Users\Depes Crystalline\Desktop\school\Active_Bike_Lighting_System\Radar_Core/Libraries/CMSIS/Include\core_cmSimd.h **** #define __UHSUB16                         __uhsub16
  87:C:\Users\Depes Crystalline\Desktop\school\Active_Bike_Lighting_System\Radar_Core/Libraries/CMSIS/Include\core_cmSimd.h **** #define __SASX                            __sasx
  88:C:\Users\Depes Crystalline\Desktop\school\Active_Bike_Lighting_System\Radar_Core/Libraries/CMSIS/Include\core_cmSimd.h **** #define __QASX                            __qasx
  89:C:\Users\Depes Crystalline\Desktop\school\Active_Bike_Lighting_System\Radar_Core/Libraries/CMSIS/Include\core_cmSimd.h **** #define __SHASX                           __shasx
  90:C:\Users\Depes Crystalline\Desktop\school\Active_Bike_Lighting_System\Radar_Core/Libraries/CMSIS/Include\core_cmSimd.h **** #define __UASX                            __uasx
  91:C:\Users\Depes Crystalline\Desktop\school\Active_Bike_Lighting_System\Radar_Core/Libraries/CMSIS/Include\core_cmSimd.h **** #define __UQASX                           __uqasx
  92:C:\Users\Depes Crystalline\Desktop\school\Active_Bike_Lighting_System\Radar_Core/Libraries/CMSIS/Include\core_cmSimd.h **** #define __UHASX                           __uhasx
  93:C:\Users\Depes Crystalline\Desktop\school\Active_Bike_Lighting_System\Radar_Core/Libraries/CMSIS/Include\core_cmSimd.h **** #define __SSAX                            __ssax
  94:C:\Users\Depes Crystalline\Desktop\school\Active_Bike_Lighting_System\Radar_Core/Libraries/CMSIS/Include\core_cmSimd.h **** #define __QSAX                            __qsax
  95:C:\Users\Depes Crystalline\Desktop\school\Active_Bike_Lighting_System\Radar_Core/Libraries/CMSIS/Include\core_cmSimd.h **** #define __SHSAX                           __shsax
  96:C:\Users\Depes Crystalline\Desktop\school\Active_Bike_Lighting_System\Radar_Core/Libraries/CMSIS/Include\core_cmSimd.h **** #define __USAX                            __usax
  97:C:\Users\Depes Crystalline\Desktop\school\Active_Bike_Lighting_System\Radar_Core/Libraries/CMSIS/Include\core_cmSimd.h **** #define __UQSAX                           __uqsax
  98:C:\Users\Depes Crystalline\Desktop\school\Active_Bike_Lighting_System\Radar_Core/Libraries/CMSIS/Include\core_cmSimd.h **** #define __UHSAX                           __uhsax
  99:C:\Users\Depes Crystalline\Desktop\school\Active_Bike_Lighting_System\Radar_Core/Libraries/CMSIS/Include\core_cmSimd.h **** #define __USAD8                           __usad8
 100:C:\Users\Depes Crystalline\Desktop\school\Active_Bike_Lighting_System\Radar_Core/Libraries/CMSIS/Include\core_cmSimd.h **** #define __USADA8                          __usada8
 101:C:\Users\Depes Crystalline\Desktop\school\Active_Bike_Lighting_System\Radar_Core/Libraries/CMSIS/Include\core_cmSimd.h **** #define __SSAT16                          __ssat16
 102:C:\Users\Depes Crystalline\Desktop\school\Active_Bike_Lighting_System\Radar_Core/Libraries/CMSIS/Include\core_cmSimd.h **** #define __USAT16                          __usat16
 103:C:\Users\Depes Crystalline\Desktop\school\Active_Bike_Lighting_System\Radar_Core/Libraries/CMSIS/Include\core_cmSimd.h **** #define __UXTB16                          __uxtb16
 104:C:\Users\Depes Crystalline\Desktop\school\Active_Bike_Lighting_System\Radar_Core/Libraries/CMSIS/Include\core_cmSimd.h **** #define __UXTAB16                         __uxtab16
 105:C:\Users\Depes Crystalline\Desktop\school\Active_Bike_Lighting_System\Radar_Core/Libraries/CMSIS/Include\core_cmSimd.h **** #define __SXTB16                          __sxtb16
 106:C:\Users\Depes Crystalline\Desktop\school\Active_Bike_Lighting_System\Radar_Core/Libraries/CMSIS/Include\core_cmSimd.h **** #define __SXTAB16                         __sxtab16
 107:C:\Users\Depes Crystalline\Desktop\school\Active_Bike_Lighting_System\Radar_Core/Libraries/CMSIS/Include\core_cmSimd.h **** #define __SMUAD                           __smuad
 108:C:\Users\Depes Crystalline\Desktop\school\Active_Bike_Lighting_System\Radar_Core/Libraries/CMSIS/Include\core_cmSimd.h **** #define __SMUADX                          __smuadx
 109:C:\Users\Depes Crystalline\Desktop\school\Active_Bike_Lighting_System\Radar_Core/Libraries/CMSIS/Include\core_cmSimd.h **** #define __SMLAD                           __smlad
 110:C:\Users\Depes Crystalline\Desktop\school\Active_Bike_Lighting_System\Radar_Core/Libraries/CMSIS/Include\core_cmSimd.h **** #define __SMLADX                          __smladx
 111:C:\Users\Depes Crystalline\Desktop\school\Active_Bike_Lighting_System\Radar_Core/Libraries/CMSIS/Include\core_cmSimd.h **** #define __SMLALD                          __smlald
 112:C:\Users\Depes Crystalline\Desktop\school\Active_Bike_Lighting_System\Radar_Core/Libraries/CMSIS/Include\core_cmSimd.h **** #define __SMLALDX                         __smlaldx
 113:C:\Users\Depes Crystalline\Desktop\school\Active_Bike_Lighting_System\Radar_Core/Libraries/CMSIS/Include\core_cmSimd.h **** #define __SMUSD                           __smusd
 114:C:\Users\Depes Crystalline\Desktop\school\Active_Bike_Lighting_System\Radar_Core/Libraries/CMSIS/Include\core_cmSimd.h **** #define __SMUSDX                          __smusdx
 115:C:\Users\Depes Crystalline\Desktop\school\Active_Bike_Lighting_System\Radar_Core/Libraries/CMSIS/Include\core_cmSimd.h **** #define __SMLSD                           __smlsd
 116:C:\Users\Depes Crystalline\Desktop\school\Active_Bike_Lighting_System\Radar_Core/Libraries/CMSIS/Include\core_cmSimd.h **** #define __SMLSDX                          __smlsdx
 117:C:\Users\Depes Crystalline\Desktop\school\Active_Bike_Lighting_System\Radar_Core/Libraries/CMSIS/Include\core_cmSimd.h **** #define __SMLSLD                          __smlsld
 118:C:\Users\Depes Crystalline\Desktop\school\Active_Bike_Lighting_System\Radar_Core/Libraries/CMSIS/Include\core_cmSimd.h **** #define __SMLSLDX                         __smlsldx
 119:C:\Users\Depes Crystalline\Desktop\school\Active_Bike_Lighting_System\Radar_Core/Libraries/CMSIS/Include\core_cmSimd.h **** #define __SEL                             __sel
 120:C:\Users\Depes Crystalline\Desktop\school\Active_Bike_Lighting_System\Radar_Core/Libraries/CMSIS/Include\core_cmSimd.h **** #define __QADD                            __qadd
 121:C:\Users\Depes Crystalline\Desktop\school\Active_Bike_Lighting_System\Radar_Core/Libraries/CMSIS/Include\core_cmSimd.h **** #define __QSUB                            __qsub
 122:C:\Users\Depes Crystalline\Desktop\school\Active_Bike_Lighting_System\Radar_Core/Libraries/CMSIS/Include\core_cmSimd.h **** 
 123:C:\Users\Depes Crystalline\Desktop\school\Active_Bike_Lighting_System\Radar_Core/Libraries/CMSIS/Include\core_cmSimd.h **** #define __PKHBT(ARG1,ARG2,ARG3)          ( ((((uint32_t)(ARG1))          ) & 0x0000FFFFUL) |  \
 124:C:\Users\Depes Crystalline\Desktop\school\Active_Bike_Lighting_System\Radar_Core/Libraries/CMSIS/Include\core_cmSimd.h ****                                            ((((uint32_t)(ARG2)) << (ARG3)) & 0xFFFF0000UL)  )
 125:C:\Users\Depes Crystalline\Desktop\school\Active_Bike_Lighting_System\Radar_Core/Libraries/CMSIS/Include\core_cmSimd.h **** 
 126:C:\Users\Depes Crystalline\Desktop\school\Active_Bike_Lighting_System\Radar_Core/Libraries/CMSIS/Include\core_cmSimd.h **** #define __PKHTB(ARG1,ARG2,ARG3)          ( ((((uint32_t)(ARG1))          ) & 0xFFFF0000UL) |  \
 127:C:\Users\Depes Crystalline\Desktop\school\Active_Bike_Lighting_System\Radar_Core/Libraries/CMSIS/Include\core_cmSimd.h ****                                            ((((uint32_t)(ARG2)) >> (ARG3)) & 0x0000FFFFUL)  )
 128:C:\Users\Depes Crystalline\Desktop\school\Active_Bike_Lighting_System\Radar_Core/Libraries/CMSIS/Include\core_cmSimd.h **** 
 129:C:\Users\Depes Crystalline\Desktop\school\Active_Bike_Lighting_System\Radar_Core/Libraries/CMSIS/Include\core_cmSimd.h **** #define __SMMLA(ARG1,ARG2,ARG3)          ( (int32_t)((((int64_t)(ARG1) * (ARG2)) + \
 130:C:\Users\Depes Crystalline\Desktop\school\Active_Bike_Lighting_System\Radar_Core/Libraries/CMSIS/Include\core_cmSimd.h ****                                                       ((int64_t)(ARG3) << 32)      ) >> 32))
 131:C:\Users\Depes Crystalline\Desktop\school\Active_Bike_Lighting_System\Radar_Core/Libraries/CMSIS/Include\core_cmSimd.h **** 
 132:C:\Users\Depes Crystalline\Desktop\school\Active_Bike_Lighting_System\Radar_Core/Libraries/CMSIS/Include\core_cmSimd.h **** 
 133:C:\Users\Depes Crystalline\Desktop\school\Active_Bike_Lighting_System\Radar_Core/Libraries/CMSIS/Include\core_cmSimd.h **** #elif defined ( __GNUC__ ) /*------------------ GNU Compiler ---------------------*/
 134:C:\Users\Depes Crystalline\Desktop\school\Active_Bike_Lighting_System\Radar_Core/Libraries/CMSIS/Include\core_cmSimd.h **** /* GNU gcc specific functions */
 135:C:\Users\Depes Crystalline\Desktop\school\Active_Bike_Lighting_System\Radar_Core/Libraries/CMSIS/Include\core_cmSimd.h **** __attribute__( ( always_inline ) ) __STATIC_INLINE uint32_t __SADD8(uint32_t op1, uint32_t op2)
 136:C:\Users\Depes Crystalline\Desktop\school\Active_Bike_Lighting_System\Radar_Core/Libraries/CMSIS/Include\core_cmSimd.h **** {
 137:C:\Users\Depes Crystalline\Desktop\school\Active_Bike_Lighting_System\Radar_Core/Libraries/CMSIS/Include\core_cmSimd.h ****   uint32_t result;
 138:C:\Users\Depes Crystalline\Desktop\school\Active_Bike_Lighting_System\Radar_Core/Libraries/CMSIS/Include\core_cmSimd.h **** 
 139:C:\Users\Depes Crystalline\Desktop\school\Active_Bike_Lighting_System\Radar_Core/Libraries/CMSIS/Include\core_cmSimd.h ****   __ASM volatile ("sadd8 %0, %1, %2" : "=r" (result) : "r" (op1), "r" (op2) );
 140:C:\Users\Depes Crystalline\Desktop\school\Active_Bike_Lighting_System\Radar_Core/Libraries/CMSIS/Include\core_cmSimd.h ****   return(result);
 141:C:\Users\Depes Crystalline\Desktop\school\Active_Bike_Lighting_System\Radar_Core/Libraries/CMSIS/Include\core_cmSimd.h **** }
 142:C:\Users\Depes Crystalline\Desktop\school\Active_Bike_Lighting_System\Radar_Core/Libraries/CMSIS/Include\core_cmSimd.h **** 
 143:C:\Users\Depes Crystalline\Desktop\school\Active_Bike_Lighting_System\Radar_Core/Libraries/CMSIS/Include\core_cmSimd.h **** __attribute__( ( always_inline ) ) __STATIC_INLINE uint32_t __QADD8(uint32_t op1, uint32_t op2)
 144:C:\Users\Depes Crystalline\Desktop\school\Active_Bike_Lighting_System\Radar_Core/Libraries/CMSIS/Include\core_cmSimd.h **** {
 145:C:\Users\Depes Crystalline\Desktop\school\Active_Bike_Lighting_System\Radar_Core/Libraries/CMSIS/Include\core_cmSimd.h ****   uint32_t result;
 146:C:\Users\Depes Crystalline\Desktop\school\Active_Bike_Lighting_System\Radar_Core/Libraries/CMSIS/Include\core_cmSimd.h **** 
 147:C:\Users\Depes Crystalline\Desktop\school\Active_Bike_Lighting_System\Radar_Core/Libraries/CMSIS/Include\core_cmSimd.h ****   __ASM volatile ("qadd8 %0, %1, %2" : "=r" (result) : "r" (op1), "r" (op2) );
 148:C:\Users\Depes Crystalline\Desktop\school\Active_Bike_Lighting_System\Radar_Core/Libraries/CMSIS/Include\core_cmSimd.h ****   return(result);
 149:C:\Users\Depes Crystalline\Desktop\school\Active_Bike_Lighting_System\Radar_Core/Libraries/CMSIS/Include\core_cmSimd.h **** }
 150:C:\Users\Depes Crystalline\Desktop\school\Active_Bike_Lighting_System\Radar_Core/Libraries/CMSIS/Include\core_cmSimd.h **** 
 151:C:\Users\Depes Crystalline\Desktop\school\Active_Bike_Lighting_System\Radar_Core/Libraries/CMSIS/Include\core_cmSimd.h **** __attribute__( ( always_inline ) ) __STATIC_INLINE uint32_t __SHADD8(uint32_t op1, uint32_t op2)
 152:C:\Users\Depes Crystalline\Desktop\school\Active_Bike_Lighting_System\Radar_Core/Libraries/CMSIS/Include\core_cmSimd.h **** {
 153:C:\Users\Depes Crystalline\Desktop\school\Active_Bike_Lighting_System\Radar_Core/Libraries/CMSIS/Include\core_cmSimd.h ****   uint32_t result;
 154:C:\Users\Depes Crystalline\Desktop\school\Active_Bike_Lighting_System\Radar_Core/Libraries/CMSIS/Include\core_cmSimd.h **** 
 155:C:\Users\Depes Crystalline\Desktop\school\Active_Bike_Lighting_System\Radar_Core/Libraries/CMSIS/Include\core_cmSimd.h ****   __ASM volatile ("shadd8 %0, %1, %2" : "=r" (result) : "r" (op1), "r" (op2) );
 156:C:\Users\Depes Crystalline\Desktop\school\Active_Bike_Lighting_System\Radar_Core/Libraries/CMSIS/Include\core_cmSimd.h ****   return(result);
 157:C:\Users\Depes Crystalline\Desktop\school\Active_Bike_Lighting_System\Radar_Core/Libraries/CMSIS/Include\core_cmSimd.h **** }
 158:C:\Users\Depes Crystalline\Desktop\school\Active_Bike_Lighting_System\Radar_Core/Libraries/CMSIS/Include\core_cmSimd.h **** 
 159:C:\Users\Depes Crystalline\Desktop\school\Active_Bike_Lighting_System\Radar_Core/Libraries/CMSIS/Include\core_cmSimd.h **** __attribute__( ( always_inline ) ) __STATIC_INLINE uint32_t __UADD8(uint32_t op1, uint32_t op2)
 160:C:\Users\Depes Crystalline\Desktop\school\Active_Bike_Lighting_System\Radar_Core/Libraries/CMSIS/Include\core_cmSimd.h **** {
 161:C:\Users\Depes Crystalline\Desktop\school\Active_Bike_Lighting_System\Radar_Core/Libraries/CMSIS/Include\core_cmSimd.h ****   uint32_t result;
 162:C:\Users\Depes Crystalline\Desktop\school\Active_Bike_Lighting_System\Radar_Core/Libraries/CMSIS/Include\core_cmSimd.h **** 
 163:C:\Users\Depes Crystalline\Desktop\school\Active_Bike_Lighting_System\Radar_Core/Libraries/CMSIS/Include\core_cmSimd.h ****   __ASM volatile ("uadd8 %0, %1, %2" : "=r" (result) : "r" (op1), "r" (op2) );
 164:C:\Users\Depes Crystalline\Desktop\school\Active_Bike_Lighting_System\Radar_Core/Libraries/CMSIS/Include\core_cmSimd.h ****   return(result);
 165:C:\Users\Depes Crystalline\Desktop\school\Active_Bike_Lighting_System\Radar_Core/Libraries/CMSIS/Include\core_cmSimd.h **** }
 166:C:\Users\Depes Crystalline\Desktop\school\Active_Bike_Lighting_System\Radar_Core/Libraries/CMSIS/Include\core_cmSimd.h **** 
 167:C:\Users\Depes Crystalline\Desktop\school\Active_Bike_Lighting_System\Radar_Core/Libraries/CMSIS/Include\core_cmSimd.h **** __attribute__( ( always_inline ) ) __STATIC_INLINE uint32_t __UQADD8(uint32_t op1, uint32_t op2)
 168:C:\Users\Depes Crystalline\Desktop\school\Active_Bike_Lighting_System\Radar_Core/Libraries/CMSIS/Include\core_cmSimd.h **** {
 169:C:\Users\Depes Crystalline\Desktop\school\Active_Bike_Lighting_System\Radar_Core/Libraries/CMSIS/Include\core_cmSimd.h ****   uint32_t result;
 170:C:\Users\Depes Crystalline\Desktop\school\Active_Bike_Lighting_System\Radar_Core/Libraries/CMSIS/Include\core_cmSimd.h **** 
 171:C:\Users\Depes Crystalline\Desktop\school\Active_Bike_Lighting_System\Radar_Core/Libraries/CMSIS/Include\core_cmSimd.h ****   __ASM volatile ("uqadd8 %0, %1, %2" : "=r" (result) : "r" (op1), "r" (op2) );
 172:C:\Users\Depes Crystalline\Desktop\school\Active_Bike_Lighting_System\Radar_Core/Libraries/CMSIS/Include\core_cmSimd.h ****   return(result);
 173:C:\Users\Depes Crystalline\Desktop\school\Active_Bike_Lighting_System\Radar_Core/Libraries/CMSIS/Include\core_cmSimd.h **** }
 174:C:\Users\Depes Crystalline\Desktop\school\Active_Bike_Lighting_System\Radar_Core/Libraries/CMSIS/Include\core_cmSimd.h **** 
 175:C:\Users\Depes Crystalline\Desktop\school\Active_Bike_Lighting_System\Radar_Core/Libraries/CMSIS/Include\core_cmSimd.h **** __attribute__( ( always_inline ) ) __STATIC_INLINE uint32_t __UHADD8(uint32_t op1, uint32_t op2)
 176:C:\Users\Depes Crystalline\Desktop\school\Active_Bike_Lighting_System\Radar_Core/Libraries/CMSIS/Include\core_cmSimd.h **** {
 177:C:\Users\Depes Crystalline\Desktop\school\Active_Bike_Lighting_System\Radar_Core/Libraries/CMSIS/Include\core_cmSimd.h ****   uint32_t result;
 178:C:\Users\Depes Crystalline\Desktop\school\Active_Bike_Lighting_System\Radar_Core/Libraries/CMSIS/Include\core_cmSimd.h **** 
 179:C:\Users\Depes Crystalline\Desktop\school\Active_Bike_Lighting_System\Radar_Core/Libraries/CMSIS/Include\core_cmSimd.h ****   __ASM volatile ("uhadd8 %0, %1, %2" : "=r" (result) : "r" (op1), "r" (op2) );
 180:C:\Users\Depes Crystalline\Desktop\school\Active_Bike_Lighting_System\Radar_Core/Libraries/CMSIS/Include\core_cmSimd.h ****   return(result);
 181:C:\Users\Depes Crystalline\Desktop\school\Active_Bike_Lighting_System\Radar_Core/Libraries/CMSIS/Include\core_cmSimd.h **** }
 182:C:\Users\Depes Crystalline\Desktop\school\Active_Bike_Lighting_System\Radar_Core/Libraries/CMSIS/Include\core_cmSimd.h **** 
 183:C:\Users\Depes Crystalline\Desktop\school\Active_Bike_Lighting_System\Radar_Core/Libraries/CMSIS/Include\core_cmSimd.h **** 
 184:C:\Users\Depes Crystalline\Desktop\school\Active_Bike_Lighting_System\Radar_Core/Libraries/CMSIS/Include\core_cmSimd.h **** __attribute__( ( always_inline ) ) __STATIC_INLINE uint32_t __SSUB8(uint32_t op1, uint32_t op2)
 185:C:\Users\Depes Crystalline\Desktop\school\Active_Bike_Lighting_System\Radar_Core/Libraries/CMSIS/Include\core_cmSimd.h **** {
 186:C:\Users\Depes Crystalline\Desktop\school\Active_Bike_Lighting_System\Radar_Core/Libraries/CMSIS/Include\core_cmSimd.h ****   uint32_t result;
 187:C:\Users\Depes Crystalline\Desktop\school\Active_Bike_Lighting_System\Radar_Core/Libraries/CMSIS/Include\core_cmSimd.h **** 
 188:C:\Users\Depes Crystalline\Desktop\school\Active_Bike_Lighting_System\Radar_Core/Libraries/CMSIS/Include\core_cmSimd.h ****   __ASM volatile ("ssub8 %0, %1, %2" : "=r" (result) : "r" (op1), "r" (op2) );
 189:C:\Users\Depes Crystalline\Desktop\school\Active_Bike_Lighting_System\Radar_Core/Libraries/CMSIS/Include\core_cmSimd.h ****   return(result);
 190:C:\Users\Depes Crystalline\Desktop\school\Active_Bike_Lighting_System\Radar_Core/Libraries/CMSIS/Include\core_cmSimd.h **** }
 191:C:\Users\Depes Crystalline\Desktop\school\Active_Bike_Lighting_System\Radar_Core/Libraries/CMSIS/Include\core_cmSimd.h **** 
 192:C:\Users\Depes Crystalline\Desktop\school\Active_Bike_Lighting_System\Radar_Core/Libraries/CMSIS/Include\core_cmSimd.h **** __attribute__( ( always_inline ) ) __STATIC_INLINE uint32_t __QSUB8(uint32_t op1, uint32_t op2)
 193:C:\Users\Depes Crystalline\Desktop\school\Active_Bike_Lighting_System\Radar_Core/Libraries/CMSIS/Include\core_cmSimd.h **** {
 194:C:\Users\Depes Crystalline\Desktop\school\Active_Bike_Lighting_System\Radar_Core/Libraries/CMSIS/Include\core_cmSimd.h ****   uint32_t result;
 195:C:\Users\Depes Crystalline\Desktop\school\Active_Bike_Lighting_System\Radar_Core/Libraries/CMSIS/Include\core_cmSimd.h **** 
 196:C:\Users\Depes Crystalline\Desktop\school\Active_Bike_Lighting_System\Radar_Core/Libraries/CMSIS/Include\core_cmSimd.h ****   __ASM volatile ("qsub8 %0, %1, %2" : "=r" (result) : "r" (op1), "r" (op2) );
 197:C:\Users\Depes Crystalline\Desktop\school\Active_Bike_Lighting_System\Radar_Core/Libraries/CMSIS/Include\core_cmSimd.h ****   return(result);
 198:C:\Users\Depes Crystalline\Desktop\school\Active_Bike_Lighting_System\Radar_Core/Libraries/CMSIS/Include\core_cmSimd.h **** }
 199:C:\Users\Depes Crystalline\Desktop\school\Active_Bike_Lighting_System\Radar_Core/Libraries/CMSIS/Include\core_cmSimd.h **** 
 200:C:\Users\Depes Crystalline\Desktop\school\Active_Bike_Lighting_System\Radar_Core/Libraries/CMSIS/Include\core_cmSimd.h **** __attribute__( ( always_inline ) ) __STATIC_INLINE uint32_t __SHSUB8(uint32_t op1, uint32_t op2)
 201:C:\Users\Depes Crystalline\Desktop\school\Active_Bike_Lighting_System\Radar_Core/Libraries/CMSIS/Include\core_cmSimd.h **** {
 202:C:\Users\Depes Crystalline\Desktop\school\Active_Bike_Lighting_System\Radar_Core/Libraries/CMSIS/Include\core_cmSimd.h ****   uint32_t result;
 203:C:\Users\Depes Crystalline\Desktop\school\Active_Bike_Lighting_System\Radar_Core/Libraries/CMSIS/Include\core_cmSimd.h **** 
 204:C:\Users\Depes Crystalline\Desktop\school\Active_Bike_Lighting_System\Radar_Core/Libraries/CMSIS/Include\core_cmSimd.h ****   __ASM volatile ("shsub8 %0, %1, %2" : "=r" (result) : "r" (op1), "r" (op2) );
 205:C:\Users\Depes Crystalline\Desktop\school\Active_Bike_Lighting_System\Radar_Core/Libraries/CMSIS/Include\core_cmSimd.h ****   return(result);
 206:C:\Users\Depes Crystalline\Desktop\school\Active_Bike_Lighting_System\Radar_Core/Libraries/CMSIS/Include\core_cmSimd.h **** }
 207:C:\Users\Depes Crystalline\Desktop\school\Active_Bike_Lighting_System\Radar_Core/Libraries/CMSIS/Include\core_cmSimd.h **** 
 208:C:\Users\Depes Crystalline\Desktop\school\Active_Bike_Lighting_System\Radar_Core/Libraries/CMSIS/Include\core_cmSimd.h **** __attribute__( ( always_inline ) ) __STATIC_INLINE uint32_t __USUB8(uint32_t op1, uint32_t op2)
 209:C:\Users\Depes Crystalline\Desktop\school\Active_Bike_Lighting_System\Radar_Core/Libraries/CMSIS/Include\core_cmSimd.h **** {
 210:C:\Users\Depes Crystalline\Desktop\school\Active_Bike_Lighting_System\Radar_Core/Libraries/CMSIS/Include\core_cmSimd.h ****   uint32_t result;
 211:C:\Users\Depes Crystalline\Desktop\school\Active_Bike_Lighting_System\Radar_Core/Libraries/CMSIS/Include\core_cmSimd.h **** 
 212:C:\Users\Depes Crystalline\Desktop\school\Active_Bike_Lighting_System\Radar_Core/Libraries/CMSIS/Include\core_cmSimd.h ****   __ASM volatile ("usub8 %0, %1, %2" : "=r" (result) : "r" (op1), "r" (op2) );
 213:C:\Users\Depes Crystalline\Desktop\school\Active_Bike_Lighting_System\Radar_Core/Libraries/CMSIS/Include\core_cmSimd.h ****   return(result);
 214:C:\Users\Depes Crystalline\Desktop\school\Active_Bike_Lighting_System\Radar_Core/Libraries/CMSIS/Include\core_cmSimd.h **** }
 215:C:\Users\Depes Crystalline\Desktop\school\Active_Bike_Lighting_System\Radar_Core/Libraries/CMSIS/Include\core_cmSimd.h **** 
 216:C:\Users\Depes Crystalline\Desktop\school\Active_Bike_Lighting_System\Radar_Core/Libraries/CMSIS/Include\core_cmSimd.h **** __attribute__( ( always_inline ) ) __STATIC_INLINE uint32_t __UQSUB8(uint32_t op1, uint32_t op2)
 217:C:\Users\Depes Crystalline\Desktop\school\Active_Bike_Lighting_System\Radar_Core/Libraries/CMSIS/Include\core_cmSimd.h **** {
 218:C:\Users\Depes Crystalline\Desktop\school\Active_Bike_Lighting_System\Radar_Core/Libraries/CMSIS/Include\core_cmSimd.h ****   uint32_t result;
 219:C:\Users\Depes Crystalline\Desktop\school\Active_Bike_Lighting_System\Radar_Core/Libraries/CMSIS/Include\core_cmSimd.h **** 
 220:C:\Users\Depes Crystalline\Desktop\school\Active_Bike_Lighting_System\Radar_Core/Libraries/CMSIS/Include\core_cmSimd.h ****   __ASM volatile ("uqsub8 %0, %1, %2" : "=r" (result) : "r" (op1), "r" (op2) );
 221:C:\Users\Depes Crystalline\Desktop\school\Active_Bike_Lighting_System\Radar_Core/Libraries/CMSIS/Include\core_cmSimd.h ****   return(result);
 222:C:\Users\Depes Crystalline\Desktop\school\Active_Bike_Lighting_System\Radar_Core/Libraries/CMSIS/Include\core_cmSimd.h **** }
 223:C:\Users\Depes Crystalline\Desktop\school\Active_Bike_Lighting_System\Radar_Core/Libraries/CMSIS/Include\core_cmSimd.h **** 
 224:C:\Users\Depes Crystalline\Desktop\school\Active_Bike_Lighting_System\Radar_Core/Libraries/CMSIS/Include\core_cmSimd.h **** __attribute__( ( always_inline ) ) __STATIC_INLINE uint32_t __UHSUB8(uint32_t op1, uint32_t op2)
 225:C:\Users\Depes Crystalline\Desktop\school\Active_Bike_Lighting_System\Radar_Core/Libraries/CMSIS/Include\core_cmSimd.h **** {
 226:C:\Users\Depes Crystalline\Desktop\school\Active_Bike_Lighting_System\Radar_Core/Libraries/CMSIS/Include\core_cmSimd.h ****   uint32_t result;
 227:C:\Users\Depes Crystalline\Desktop\school\Active_Bike_Lighting_System\Radar_Core/Libraries/CMSIS/Include\core_cmSimd.h **** 
 228:C:\Users\Depes Crystalline\Desktop\school\Active_Bike_Lighting_System\Radar_Core/Libraries/CMSIS/Include\core_cmSimd.h ****   __ASM volatile ("uhsub8 %0, %1, %2" : "=r" (result) : "r" (op1), "r" (op2) );
 229:C:\Users\Depes Crystalline\Desktop\school\Active_Bike_Lighting_System\Radar_Core/Libraries/CMSIS/Include\core_cmSimd.h ****   return(result);
 230:C:\Users\Depes Crystalline\Desktop\school\Active_Bike_Lighting_System\Radar_Core/Libraries/CMSIS/Include\core_cmSimd.h **** }
 231:C:\Users\Depes Crystalline\Desktop\school\Active_Bike_Lighting_System\Radar_Core/Libraries/CMSIS/Include\core_cmSimd.h **** 
 232:C:\Users\Depes Crystalline\Desktop\school\Active_Bike_Lighting_System\Radar_Core/Libraries/CMSIS/Include\core_cmSimd.h **** 
 233:C:\Users\Depes Crystalline\Desktop\school\Active_Bike_Lighting_System\Radar_Core/Libraries/CMSIS/Include\core_cmSimd.h **** __attribute__( ( always_inline ) ) __STATIC_INLINE uint32_t __SADD16(uint32_t op1, uint32_t op2)
 234:C:\Users\Depes Crystalline\Desktop\school\Active_Bike_Lighting_System\Radar_Core/Libraries/CMSIS/Include\core_cmSimd.h **** {
 235:C:\Users\Depes Crystalline\Desktop\school\Active_Bike_Lighting_System\Radar_Core/Libraries/CMSIS/Include\core_cmSimd.h ****   uint32_t result;
 236:C:\Users\Depes Crystalline\Desktop\school\Active_Bike_Lighting_System\Radar_Core/Libraries/CMSIS/Include\core_cmSimd.h **** 
 237:C:\Users\Depes Crystalline\Desktop\school\Active_Bike_Lighting_System\Radar_Core/Libraries/CMSIS/Include\core_cmSimd.h ****   __ASM volatile ("sadd16 %0, %1, %2" : "=r" (result) : "r" (op1), "r" (op2) );
 238:C:\Users\Depes Crystalline\Desktop\school\Active_Bike_Lighting_System\Radar_Core/Libraries/CMSIS/Include\core_cmSimd.h ****   return(result);
 239:C:\Users\Depes Crystalline\Desktop\school\Active_Bike_Lighting_System\Radar_Core/Libraries/CMSIS/Include\core_cmSimd.h **** }
 240:C:\Users\Depes Crystalline\Desktop\school\Active_Bike_Lighting_System\Radar_Core/Libraries/CMSIS/Include\core_cmSimd.h **** 
 241:C:\Users\Depes Crystalline\Desktop\school\Active_Bike_Lighting_System\Radar_Core/Libraries/CMSIS/Include\core_cmSimd.h **** __attribute__( ( always_inline ) ) __STATIC_INLINE uint32_t __QADD16(uint32_t op1, uint32_t op2)
 242:C:\Users\Depes Crystalline\Desktop\school\Active_Bike_Lighting_System\Radar_Core/Libraries/CMSIS/Include\core_cmSimd.h **** {
 243:C:\Users\Depes Crystalline\Desktop\school\Active_Bike_Lighting_System\Radar_Core/Libraries/CMSIS/Include\core_cmSimd.h ****   uint32_t result;
 244:C:\Users\Depes Crystalline\Desktop\school\Active_Bike_Lighting_System\Radar_Core/Libraries/CMSIS/Include\core_cmSimd.h **** 
 245:C:\Users\Depes Crystalline\Desktop\school\Active_Bike_Lighting_System\Radar_Core/Libraries/CMSIS/Include\core_cmSimd.h ****   __ASM volatile ("qadd16 %0, %1, %2" : "=r" (result) : "r" (op1), "r" (op2) );
  87              	 .loc 2 245 0
  88 004e 3A6B     	 ldr r2,[r7,#48]
  89 0050 F96A     	 ldr r1,[r7,#44]
  90              	
  91 0052 92FA11F2 	 qadd16 r2,r2,r1
  92              	
  93              	 .thumb
  94 0056 BA62     	 str r2,[r7,#40]
 246:C:\Users\Depes Crystalline\Desktop\school\Active_Bike_Lighting_System\Radar_Core/Libraries/CMSIS/Include\core_cmSimd.h ****   return(result);
  95              	 .loc 2 246 0
  96 0058 BA6A     	 ldr r2,[r7,#40]
  97              	.LBE11:
  98              	.LBE10:
  99              	 .loc 1 92 0
 100 005a 1A60     	 str r2,[r3]
  93:../Dave/Generated/CMSIS_DSP/BasicMathFunctions/arm_offset_q15.c ****     *__SIMD32(pDst)++ = __QADD16(*__SIMD32(pSrc)++, offset_packed);
 101              	 .loc 1 93 0
 102 005c 3A1D     	 adds r2,r7,#4
 103 005e 1368     	 ldr r3,[r2]
 104 0060 191D     	 adds r1,r3,#4
 105 0062 1160     	 str r1,[r2]
 106 0064 07F10C01 	 add r1,r7,#12
 107 0068 0A68     	 ldr r2,[r1]
 108 006a 101D     	 adds r0,r2,#4
 109 006c 0860     	 str r0,[r1]
 110 006e 1268     	 ldr r2,[r2]
 111 0070 1146     	 mov r1,r2
 112 0072 7A6B     	 ldr r2,[r7,#52]
 113 0074 7962     	 str r1,[r7,#36]
 114 0076 3A62     	 str r2,[r7,#32]
 115              	.LBB12:
 116              	.LBB13:
 245:C:\Users\Depes Crystalline\Desktop\school\Active_Bike_Lighting_System\Radar_Core/Libraries/CMSIS/Include\core_cmSimd.h ****   return(result);
 117              	 .loc 2 245 0
 118 0078 7A6A     	 ldr r2,[r7,#36]
 119 007a 396A     	 ldr r1,[r7,#32]
 120              	
 121 007c 92FA11F2 	 qadd16 r2,r2,r1
 122              	
 123              	 .thumb
 124 0080 FA61     	 str r2,[r7,#28]
 125              	 .loc 2 246 0
 126 0082 FA69     	 ldr r2,[r7,#28]
 127              	.LBE13:
 128              	.LBE12:
 129              	 .loc 1 93 0
 130 0084 1A60     	 str r2,[r3]
  94:../Dave/Generated/CMSIS_DSP/BasicMathFunctions/arm_offset_q15.c **** 
  95:../Dave/Generated/CMSIS_DSP/BasicMathFunctions/arm_offset_q15.c ****     /* Decrement the loop counter */
  96:../Dave/Generated/CMSIS_DSP/BasicMathFunctions/arm_offset_q15.c ****     blkCnt--;
 131              	 .loc 1 96 0
 132 0086 7B6C     	 ldr r3,[r7,#68]
 133 0088 013B     	 subs r3,r3,#1
 134 008a 7B64     	 str r3,[r7,#68]
 135              	.L2:
  88:../Dave/Generated/CMSIS_DSP/BasicMathFunctions/arm_offset_q15.c ****   {
 136              	 .loc 1 88 0
 137 008c 7B6C     	 ldr r3,[r7,#68]
 138 008e 002B     	 cmp r3,#0
 139 0090 CFD1     	 bne .L5
  97:../Dave/Generated/CMSIS_DSP/BasicMathFunctions/arm_offset_q15.c ****   }
  98:../Dave/Generated/CMSIS_DSP/BasicMathFunctions/arm_offset_q15.c **** 
  99:../Dave/Generated/CMSIS_DSP/BasicMathFunctions/arm_offset_q15.c ****   /* If the blockSize is not a multiple of 4, compute any remaining output samples here.    
 100:../Dave/Generated/CMSIS_DSP/BasicMathFunctions/arm_offset_q15.c ****    ** No loop unrolling is used. */
 101:../Dave/Generated/CMSIS_DSP/BasicMathFunctions/arm_offset_q15.c ****   blkCnt = blockSize % 0x4u;
 140              	 .loc 1 101 0
 141 0092 3B68     	 ldr r3,[r7]
 142 0094 03F00303 	 and r3,r3,#3
 143 0098 7B64     	 str r3,[r7,#68]
 102:../Dave/Generated/CMSIS_DSP/BasicMathFunctions/arm_offset_q15.c **** 
 103:../Dave/Generated/CMSIS_DSP/BasicMathFunctions/arm_offset_q15.c ****   while(blkCnt > 0u)
 144              	 .loc 1 103 0
 145 009a 16E0     	 b .L6
 146              	.L8:
 104:../Dave/Generated/CMSIS_DSP/BasicMathFunctions/arm_offset_q15.c ****   {
 105:../Dave/Generated/CMSIS_DSP/BasicMathFunctions/arm_offset_q15.c ****     /* C = A + offset */
 106:../Dave/Generated/CMSIS_DSP/BasicMathFunctions/arm_offset_q15.c ****     /* Add offset and then store the results in the destination buffer. */
 107:../Dave/Generated/CMSIS_DSP/BasicMathFunctions/arm_offset_q15.c ****     *pDst++ = (q15_t) __QADD16(*pSrc++, offset);
 147              	 .loc 1 107 0
 148 009c 7B68     	 ldr r3,[r7,#4]
 149 009e 9A1C     	 adds r2,r3,#2
 150 00a0 7A60     	 str r2,[r7,#4]
 151 00a2 FA68     	 ldr r2,[r7,#12]
 152 00a4 911C     	 adds r1,r2,#2
 153 00a6 F960     	 str r1,[r7,#12]
 154 00a8 1288     	 ldrh r2,[r2]
 155 00aa 11B2     	 sxth r1,r2
 156 00ac B7F90A20 	 ldrsh r2,[r7,#10]
 157 00b0 B961     	 str r1,[r7,#24]
 158 00b2 7A61     	 str r2,[r7,#20]
 159              	.LBB14:
 160              	.LBB15:
 245:C:\Users\Depes Crystalline\Desktop\school\Active_Bike_Lighting_System\Radar_Core/Libraries/CMSIS/Include\core_cmSimd.h ****   return(result);
 161              	 .loc 2 245 0
 162 00b4 BA69     	 ldr r2,[r7,#24]
 163 00b6 7969     	 ldr r1,[r7,#20]
 164              	
 165 00b8 92FA11F2 	 qadd16 r2,r2,r1
 166              	
 167              	 .thumb
 168 00bc 3A61     	 str r2,[r7,#16]
 169              	 .loc 2 246 0
 170 00be 3A69     	 ldr r2,[r7,#16]
 171              	.LBE15:
 172              	.LBE14:
 173              	 .loc 1 107 0
 174 00c0 92B2     	 uxth r2,r2
 175 00c2 1A80     	 strh r2,[r3]
 108:../Dave/Generated/CMSIS_DSP/BasicMathFunctions/arm_offset_q15.c **** 
 109:../Dave/Generated/CMSIS_DSP/BasicMathFunctions/arm_offset_q15.c ****     /* Decrement the loop counter */
 110:../Dave/Generated/CMSIS_DSP/BasicMathFunctions/arm_offset_q15.c ****     blkCnt--;
 176              	 .loc 1 110 0
 177 00c4 7B6C     	 ldr r3,[r7,#68]
 178 00c6 013B     	 subs r3,r3,#1
 179 00c8 7B64     	 str r3,[r7,#68]
 180              	.L6:
 103:../Dave/Generated/CMSIS_DSP/BasicMathFunctions/arm_offset_q15.c ****   {
 181              	 .loc 1 103 0
 182 00ca 7B6C     	 ldr r3,[r7,#68]
 183 00cc 002B     	 cmp r3,#0
 184 00ce E5D1     	 bne .L8
 111:../Dave/Generated/CMSIS_DSP/BasicMathFunctions/arm_offset_q15.c ****   }
 112:../Dave/Generated/CMSIS_DSP/BasicMathFunctions/arm_offset_q15.c **** 
 113:../Dave/Generated/CMSIS_DSP/BasicMathFunctions/arm_offset_q15.c **** #else
 114:../Dave/Generated/CMSIS_DSP/BasicMathFunctions/arm_offset_q15.c **** 
 115:../Dave/Generated/CMSIS_DSP/BasicMathFunctions/arm_offset_q15.c ****   /* Run the below code for Cortex-M0 */
 116:../Dave/Generated/CMSIS_DSP/BasicMathFunctions/arm_offset_q15.c **** 
 117:../Dave/Generated/CMSIS_DSP/BasicMathFunctions/arm_offset_q15.c ****   /* Initialize blkCnt with number of samples */
 118:../Dave/Generated/CMSIS_DSP/BasicMathFunctions/arm_offset_q15.c ****   blkCnt = blockSize;
 119:../Dave/Generated/CMSIS_DSP/BasicMathFunctions/arm_offset_q15.c **** 
 120:../Dave/Generated/CMSIS_DSP/BasicMathFunctions/arm_offset_q15.c ****   while(blkCnt > 0u)
 121:../Dave/Generated/CMSIS_DSP/BasicMathFunctions/arm_offset_q15.c ****   {
 122:../Dave/Generated/CMSIS_DSP/BasicMathFunctions/arm_offset_q15.c ****     /* C = A + offset */
 123:../Dave/Generated/CMSIS_DSP/BasicMathFunctions/arm_offset_q15.c ****     /* Add offset and then store the results in the destination buffer. */
 124:../Dave/Generated/CMSIS_DSP/BasicMathFunctions/arm_offset_q15.c ****     *pDst++ = (q15_t) __SSAT(((q31_t) * pSrc++ + offset), 16);
 125:../Dave/Generated/CMSIS_DSP/BasicMathFunctions/arm_offset_q15.c **** 
 126:../Dave/Generated/CMSIS_DSP/BasicMathFunctions/arm_offset_q15.c ****     /* Decrement the loop counter */
 127:../Dave/Generated/CMSIS_DSP/BasicMathFunctions/arm_offset_q15.c ****     blkCnt--;
 128:../Dave/Generated/CMSIS_DSP/BasicMathFunctions/arm_offset_q15.c ****   }
 129:../Dave/Generated/CMSIS_DSP/BasicMathFunctions/arm_offset_q15.c **** 
 130:../Dave/Generated/CMSIS_DSP/BasicMathFunctions/arm_offset_q15.c **** #endif /* #ifndef ARM_MATH_CM0_FAMILY */
 131:../Dave/Generated/CMSIS_DSP/BasicMathFunctions/arm_offset_q15.c **** 
 132:../Dave/Generated/CMSIS_DSP/BasicMathFunctions/arm_offset_q15.c **** }
 185              	 .loc 1 132 0
 186 00d0 4C37     	 adds r7,r7,#76
 187              	.LCFI3:
 188              	 .cfi_def_cfa_offset 4
 189 00d2 BD46     	 mov sp,r7
 190              	.LCFI4:
 191              	 .cfi_def_cfa_register 13
 192              	 
 193 00d4 5DF8047B 	 ldr r7,[sp],#4
 194              	.LCFI5:
 195              	 .cfi_restore 7
 196              	 .cfi_def_cfa_offset 0
 197 00d8 7047     	 bx lr
 198              	 .cfi_endproc
 199              	.LFE139:
 201 00da 00BF     	 .text
 202              	.Letext0:
 203              	 .file 3 "c:\\davev4-64bit\\dave-4.2.6\\eclipse\\arm-gcc-49\\arm-none-eabi\\include\\machine\\_default_types.h"
 204              	 .file 4 "c:\\davev4-64bit\\dave-4.2.6\\eclipse\\arm-gcc-49\\arm-none-eabi\\include\\stdint.h"
 205              	 .file 5 "C:\\Users\\Depes Crystalline\\Desktop\\school\\Active_Bike_Lighting_System\\Radar_Core\\Dave\\Generated/CMSIS_DSP/arm_math.h"
DEFINED SYMBOLS
                            *ABS*:00000000 arm_offset_q15.c
    {standard input}:19     .text.arm_offset_q15:00000000 $t
    {standard input}:24     .text.arm_offset_q15:00000000 arm_offset_q15
                     .debug_frame:00000010 $d

NO UNDEFINED SYMBOLS
