   1              	 .syntax unified
   2              	 .cpu cortex-m4
   3              	 .fpu softvfp
   4              	 .eabi_attribute 20,1
   5              	 .eabi_attribute 21,1
   6              	 .eabi_attribute 23,3
   7              	 .eabi_attribute 24,1
   8              	 .eabi_attribute 25,1
   9              	 .eabi_attribute 26,1
  10              	 .eabi_attribute 30,6
  11              	 .eabi_attribute 34,1
  12              	 .eabi_attribute 18,4
  13              	 .thumb
  14              	 .file "arm_sin_q15.c"
  15              	 .text
  16              	.Ltext0:
  17              	 .cfi_sections .debug_frame
  18              	 .section .text.arm_sin_q15,"ax",%progbits
  19              	 .align 2
  20              	 .global arm_sin_q15
  21              	 .thumb
  22              	 .thumb_func
  24              	arm_sin_q15:
  25              	.LFB139:
  26              	 .file 1 "../Dave/Generated/CMSIS_DSP/FastMathFunctions/arm_sin_q15.c"
   1:../Dave/Generated/CMSIS_DSP/FastMathFunctions/arm_sin_q15.c **** /* ----------------------------------------------------------------------    
   2:../Dave/Generated/CMSIS_DSP/FastMathFunctions/arm_sin_q15.c **** * Copyright (C) 2010-2014 ARM Limited. All rights reserved.    
   3:../Dave/Generated/CMSIS_DSP/FastMathFunctions/arm_sin_q15.c **** *    
   4:../Dave/Generated/CMSIS_DSP/FastMathFunctions/arm_sin_q15.c **** * $Date:        12. March 2014
   5:../Dave/Generated/CMSIS_DSP/FastMathFunctions/arm_sin_q15.c **** * $Revision: 	V1.4.4
   6:../Dave/Generated/CMSIS_DSP/FastMathFunctions/arm_sin_q15.c **** *    
   7:../Dave/Generated/CMSIS_DSP/FastMathFunctions/arm_sin_q15.c **** * Project: 	    CMSIS DSP Library    
   8:../Dave/Generated/CMSIS_DSP/FastMathFunctions/arm_sin_q15.c **** * Title:		arm_sin_q15.c    
   9:../Dave/Generated/CMSIS_DSP/FastMathFunctions/arm_sin_q15.c **** *    
  10:../Dave/Generated/CMSIS_DSP/FastMathFunctions/arm_sin_q15.c **** * Description:	Fast sine calculation for Q15 values.   
  11:../Dave/Generated/CMSIS_DSP/FastMathFunctions/arm_sin_q15.c **** *    
  12:../Dave/Generated/CMSIS_DSP/FastMathFunctions/arm_sin_q15.c **** * Target Processor: Cortex-M4/Cortex-M3/Cortex-M0
  13:../Dave/Generated/CMSIS_DSP/FastMathFunctions/arm_sin_q15.c **** *  
  14:../Dave/Generated/CMSIS_DSP/FastMathFunctions/arm_sin_q15.c **** * Redistribution and use in source and binary forms, with or without 
  15:../Dave/Generated/CMSIS_DSP/FastMathFunctions/arm_sin_q15.c **** * modification, are permitted provided that the following conditions
  16:../Dave/Generated/CMSIS_DSP/FastMathFunctions/arm_sin_q15.c **** * are met:
  17:../Dave/Generated/CMSIS_DSP/FastMathFunctions/arm_sin_q15.c **** *   - Redistributions of source code must retain the above copyright
  18:../Dave/Generated/CMSIS_DSP/FastMathFunctions/arm_sin_q15.c **** *     notice, this list of conditions and the following disclaimer.
  19:../Dave/Generated/CMSIS_DSP/FastMathFunctions/arm_sin_q15.c **** *   - Redistributions in binary form must reproduce the above copyright
  20:../Dave/Generated/CMSIS_DSP/FastMathFunctions/arm_sin_q15.c **** *     notice, this list of conditions and the following disclaimer in
  21:../Dave/Generated/CMSIS_DSP/FastMathFunctions/arm_sin_q15.c **** *     the documentation and/or other materials provided with the 
  22:../Dave/Generated/CMSIS_DSP/FastMathFunctions/arm_sin_q15.c **** *     distribution.
  23:../Dave/Generated/CMSIS_DSP/FastMathFunctions/arm_sin_q15.c **** *   - Neither the name of ARM LIMITED nor the names of its contributors
  24:../Dave/Generated/CMSIS_DSP/FastMathFunctions/arm_sin_q15.c **** *     may be used to endorse or promote products derived from this
  25:../Dave/Generated/CMSIS_DSP/FastMathFunctions/arm_sin_q15.c **** *     software without specific prior written permission.
  26:../Dave/Generated/CMSIS_DSP/FastMathFunctions/arm_sin_q15.c **** *
  27:../Dave/Generated/CMSIS_DSP/FastMathFunctions/arm_sin_q15.c **** * THIS SOFTWARE IS PROVIDED BY THE COPYRIGHT HOLDERS AND CONTRIBUTORS
  28:../Dave/Generated/CMSIS_DSP/FastMathFunctions/arm_sin_q15.c **** * "AS IS" AND ANY EXPRESS OR IMPLIED WARRANTIES, INCLUDING, BUT NOT
  29:../Dave/Generated/CMSIS_DSP/FastMathFunctions/arm_sin_q15.c **** * LIMITED TO, THE IMPLIED WARRANTIES OF MERCHANTABILITY AND FITNESS
  30:../Dave/Generated/CMSIS_DSP/FastMathFunctions/arm_sin_q15.c **** * FOR A PARTICULAR PURPOSE ARE DISCLAIMED. IN NO EVENT SHALL THE 
  31:../Dave/Generated/CMSIS_DSP/FastMathFunctions/arm_sin_q15.c **** * COPYRIGHT OWNER OR CONTRIBUTORS BE LIABLE FOR ANY DIRECT, INDIRECT,
  32:../Dave/Generated/CMSIS_DSP/FastMathFunctions/arm_sin_q15.c **** * INCIDENTAL, SPECIAL, EXEMPLARY, OR CONSEQUENTIAL DAMAGES (INCLUDING,
  33:../Dave/Generated/CMSIS_DSP/FastMathFunctions/arm_sin_q15.c **** * BUT NOT LIMITED TO, PROCUREMENT OF SUBSTITUTE GOODS OR SERVICES;
  34:../Dave/Generated/CMSIS_DSP/FastMathFunctions/arm_sin_q15.c **** * LOSS OF USE, DATA, OR PROFITS; OR BUSINESS INTERRUPTION) HOWEVER
  35:../Dave/Generated/CMSIS_DSP/FastMathFunctions/arm_sin_q15.c **** * CAUSED AND ON ANY THEORY OF LIABILITY, WHETHER IN CONTRACT, STRICT
  36:../Dave/Generated/CMSIS_DSP/FastMathFunctions/arm_sin_q15.c **** * LIABILITY, OR TORT (INCLUDING NEGLIGENCE OR OTHERWISE) ARISING IN
  37:../Dave/Generated/CMSIS_DSP/FastMathFunctions/arm_sin_q15.c **** * ANY WAY OUT OF THE USE OF THIS SOFTWARE, EVEN IF ADVISED OF THE
  38:../Dave/Generated/CMSIS_DSP/FastMathFunctions/arm_sin_q15.c **** * POSSIBILITY OF SUCH DAMAGE. 
  39:../Dave/Generated/CMSIS_DSP/FastMathFunctions/arm_sin_q15.c **** * -------------------------------------------------------------------- */
  40:../Dave/Generated/CMSIS_DSP/FastMathFunctions/arm_sin_q15.c **** 
  41:../Dave/Generated/CMSIS_DSP/FastMathFunctions/arm_sin_q15.c **** #include "CMSIS_DSP/cmsis_dsp.h"
  42:../Dave/Generated/CMSIS_DSP/FastMathFunctions/arm_sin_q15.c **** #include "CMSIS_DSP/arm_common_tables.h"
  43:../Dave/Generated/CMSIS_DSP/FastMathFunctions/arm_sin_q15.c **** 
  44:../Dave/Generated/CMSIS_DSP/FastMathFunctions/arm_sin_q15.c **** /**    
  45:../Dave/Generated/CMSIS_DSP/FastMathFunctions/arm_sin_q15.c ****  * @ingroup groupFastMath    
  46:../Dave/Generated/CMSIS_DSP/FastMathFunctions/arm_sin_q15.c ****  */
  47:../Dave/Generated/CMSIS_DSP/FastMathFunctions/arm_sin_q15.c **** 
  48:../Dave/Generated/CMSIS_DSP/FastMathFunctions/arm_sin_q15.c ****  /**    
  49:../Dave/Generated/CMSIS_DSP/FastMathFunctions/arm_sin_q15.c ****  * @addtogroup sin    
  50:../Dave/Generated/CMSIS_DSP/FastMathFunctions/arm_sin_q15.c ****  * @{    
  51:../Dave/Generated/CMSIS_DSP/FastMathFunctions/arm_sin_q15.c ****  */
  52:../Dave/Generated/CMSIS_DSP/FastMathFunctions/arm_sin_q15.c **** 
  53:../Dave/Generated/CMSIS_DSP/FastMathFunctions/arm_sin_q15.c **** /**   
  54:../Dave/Generated/CMSIS_DSP/FastMathFunctions/arm_sin_q15.c ****  * @brief Fast approximation to the trigonometric sine function for Q15 data.   
  55:../Dave/Generated/CMSIS_DSP/FastMathFunctions/arm_sin_q15.c ****  * @param[in] x Scaled input value in radians.   
  56:../Dave/Generated/CMSIS_DSP/FastMathFunctions/arm_sin_q15.c ****  * @return  sin(x).   
  57:../Dave/Generated/CMSIS_DSP/FastMathFunctions/arm_sin_q15.c ****  *   
  58:../Dave/Generated/CMSIS_DSP/FastMathFunctions/arm_sin_q15.c ****  * The Q15 input value is in the range [0 +0.9999] and is mapped to a radian value in the range [0 
  59:../Dave/Generated/CMSIS_DSP/FastMathFunctions/arm_sin_q15.c ****  */
  60:../Dave/Generated/CMSIS_DSP/FastMathFunctions/arm_sin_q15.c **** 
  61:../Dave/Generated/CMSIS_DSP/FastMathFunctions/arm_sin_q15.c **** q15_t arm_sin_q15(
  62:../Dave/Generated/CMSIS_DSP/FastMathFunctions/arm_sin_q15.c ****   q15_t x)
  63:../Dave/Generated/CMSIS_DSP/FastMathFunctions/arm_sin_q15.c **** {
  27              	 .loc 1 63 0
  28              	 .cfi_startproc
  29              	 
  30              	 
  31              	 
  32 0000 80B4     	 push {r7}
  33              	.LCFI0:
  34              	 .cfi_def_cfa_offset 4
  35              	 .cfi_offset 7,-4
  36 0002 87B0     	 sub sp,sp,#28
  37              	.LCFI1:
  38              	 .cfi_def_cfa_offset 32
  39 0004 00AF     	 add r7,sp,#0
  40              	.LCFI2:
  41              	 .cfi_def_cfa_register 7
  42 0006 0346     	 mov r3,r0
  43 0008 FB80     	 strh r3,[r7,#6]
  64:../Dave/Generated/CMSIS_DSP/FastMathFunctions/arm_sin_q15.c ****   q15_t sinVal;                                  /* Temporary variables for input, output */
  65:../Dave/Generated/CMSIS_DSP/FastMathFunctions/arm_sin_q15.c ****   int32_t index;                                 /* Index variables */
  66:../Dave/Generated/CMSIS_DSP/FastMathFunctions/arm_sin_q15.c ****   q15_t a, b;                                    /* Four nearest output values */
  67:../Dave/Generated/CMSIS_DSP/FastMathFunctions/arm_sin_q15.c ****   q15_t fract;                                   /* Temporary values for fractional values */
  68:../Dave/Generated/CMSIS_DSP/FastMathFunctions/arm_sin_q15.c **** 
  69:../Dave/Generated/CMSIS_DSP/FastMathFunctions/arm_sin_q15.c ****   /* Calculate the nearest index */
  70:../Dave/Generated/CMSIS_DSP/FastMathFunctions/arm_sin_q15.c ****   index = (uint32_t)x >> FAST_MATH_Q15_SHIFT;
  44              	 .loc 1 70 0
  45 000a B7F90630 	 ldrsh r3,[r7,#6]
  46 000e 9B09     	 lsrs r3,r3,#6
  47 0010 7B61     	 str r3,[r7,#20]
  71:../Dave/Generated/CMSIS_DSP/FastMathFunctions/arm_sin_q15.c **** 
  72:../Dave/Generated/CMSIS_DSP/FastMathFunctions/arm_sin_q15.c ****   /* Calculation of fractional value */
  73:../Dave/Generated/CMSIS_DSP/FastMathFunctions/arm_sin_q15.c ****   fract = (x - (index << FAST_MATH_Q15_SHIFT)) << 9;
  48              	 .loc 1 73 0
  49 0012 B7F90620 	 ldrsh r2,[r7,#6]
  50 0016 7B69     	 ldr r3,[r7,#20]
  51 0018 9B01     	 lsls r3,r3,#6
  52 001a D31A     	 subs r3,r2,r3
  53 001c 5B02     	 lsls r3,r3,#9
  54 001e 7B82     	 strh r3,[r7,#18]
  74:../Dave/Generated/CMSIS_DSP/FastMathFunctions/arm_sin_q15.c **** 
  75:../Dave/Generated/CMSIS_DSP/FastMathFunctions/arm_sin_q15.c ****   /* Read two nearest values of input value from the sin table */
  76:../Dave/Generated/CMSIS_DSP/FastMathFunctions/arm_sin_q15.c ****   a = sinTable_q15[index];
  55              	 .loc 1 76 0
  56 0020 154A     	 ldr r2,.L3
  57 0022 7B69     	 ldr r3,[r7,#20]
  58 0024 32F81330 	 ldrh r3,[r2,r3,lsl#1]
  59 0028 3B82     	 strh r3,[r7,#16]
  77:../Dave/Generated/CMSIS_DSP/FastMathFunctions/arm_sin_q15.c ****   b = sinTable_q15[index+1];
  60              	 .loc 1 77 0
  61 002a 7B69     	 ldr r3,[r7,#20]
  62 002c 0133     	 adds r3,r3,#1
  63 002e 124A     	 ldr r2,.L3
  64 0030 32F81330 	 ldrh r3,[r2,r3,lsl#1]
  65 0034 FB81     	 strh r3,[r7,#14]
  78:../Dave/Generated/CMSIS_DSP/FastMathFunctions/arm_sin_q15.c **** 
  79:../Dave/Generated/CMSIS_DSP/FastMathFunctions/arm_sin_q15.c ****   /* Linear interpolation process */
  80:../Dave/Generated/CMSIS_DSP/FastMathFunctions/arm_sin_q15.c ****   sinVal = (q31_t)(0x8000-fract)*a >> 16;
  66              	 .loc 1 80 0
  67 0036 B7F91230 	 ldrsh r3,[r7,#18]
  68 003a C3F50043 	 rsb r3,r3,#32768
  69 003e B7F91020 	 ldrsh r2,[r7,#16]
  70 0042 02FB03F3 	 mul r3,r2,r3
  71 0046 1B14     	 asrs r3,r3,#16
  72 0048 BB81     	 strh r3,[r7,#12]
  81:../Dave/Generated/CMSIS_DSP/FastMathFunctions/arm_sin_q15.c ****   sinVal = (q15_t)((((q31_t)sinVal << 16) + ((q31_t)fract*b)) >> 16);
  73              	 .loc 1 81 0
  74 004a B7F90C30 	 ldrsh r3,[r7,#12]
  75 004e 1A04     	 lsls r2,r3,#16
  76 0050 B7F91230 	 ldrsh r3,[r7,#18]
  77 0054 B7F90E10 	 ldrsh r1,[r7,#14]
  78 0058 01FB03F3 	 mul r3,r1,r3
  79 005c 1344     	 add r3,r3,r2
  80 005e 1B14     	 asrs r3,r3,#16
  81 0060 BB81     	 strh r3,[r7,#12]
  82:../Dave/Generated/CMSIS_DSP/FastMathFunctions/arm_sin_q15.c **** 
  83:../Dave/Generated/CMSIS_DSP/FastMathFunctions/arm_sin_q15.c ****   return sinVal << 1;
  82              	 .loc 1 83 0
  83 0062 B7F90C30 	 ldrsh r3,[r7,#12]
  84 0066 5B00     	 lsls r3,r3,#1
  85 0068 9BB2     	 uxth r3,r3
  86 006a 1BB2     	 sxth r3,r3
  84:../Dave/Generated/CMSIS_DSP/FastMathFunctions/arm_sin_q15.c **** }
  87              	 .loc 1 84 0
  88 006c 1846     	 mov r0,r3
  89 006e 1C37     	 adds r7,r7,#28
  90              	.LCFI3:
  91              	 .cfi_def_cfa_offset 4
  92 0070 BD46     	 mov sp,r7
  93              	.LCFI4:
  94              	 .cfi_def_cfa_register 13
  95              	 
  96 0072 5DF8047B 	 ldr r7,[sp],#4
  97              	.LCFI5:
  98              	 .cfi_restore 7
  99              	 .cfi_def_cfa_offset 0
 100 0076 7047     	 bx lr
 101              	.L4:
 102              	 .align 2
 103              	.L3:
 104 0078 00000000 	 .word sinTable_q15
 105              	 .cfi_endproc
 106              	.LFE139:
 108              	 .text
 109              	.Letext0:
 110              	 .file 2 "c:\\davev4-64bit\\dave-4.2.6\\eclipse\\arm-gcc-49\\arm-none-eabi\\include\\machine\\_default_types.h"
 111              	 .file 3 "c:\\davev4-64bit\\dave-4.2.6\\eclipse\\arm-gcc-49\\arm-none-eabi\\include\\stdint.h"
 112              	 .file 4 "C:\\Users\\Depes Crystalline\\Desktop\\school\\Active_Bike_Lighting_System\\Radar_Core\\Dave\\Generated/CMSIS_DSP/arm_math.h"
 113              	 .file 5 "C:\\Users\\Depes Crystalline\\Desktop\\school\\Active_Bike_Lighting_System\\Radar_Core\\Dave\\Generated/CMSIS_DSP/arm_common_tables.h"
DEFINED SYMBOLS
                            *ABS*:00000000 arm_sin_q15.c
    {standard input}:19     .text.arm_sin_q15:00000000 $t
    {standard input}:24     .text.arm_sin_q15:00000000 arm_sin_q15
    {standard input}:104    .text.arm_sin_q15:00000078 $d
                     .debug_frame:00000010 $d

UNDEFINED SYMBOLS
sinTable_q15
