   1              	 .syntax unified
   2              	 .cpu cortex-m4
   3              	 .fpu softvfp
   4              	 .eabi_attribute 20,1
   5              	 .eabi_attribute 21,1
   6              	 .eabi_attribute 23,3
   7              	 .eabi_attribute 24,1
   8              	 .eabi_attribute 25,1
   9              	 .eabi_attribute 26,1
  10              	 .eabi_attribute 30,6
  11              	 .eabi_attribute 34,1
  12              	 .eabi_attribute 18,4
  13              	 .thumb
  14              	 .file "arm_rfft_fast_init_f32.c"
  15              	 .text
  16              	.Ltext0:
  17              	 .cfi_sections .debug_frame
  18              	 .section .text.arm_rfft_fast_init_f32,"ax",%progbits
  19              	 .align 2
  20              	 .global arm_rfft_fast_init_f32
  21              	 .thumb
  22              	 .thumb_func
  24              	arm_rfft_fast_init_f32:
  25              	.LFB139:
  26              	 .file 1 "../Dave/Generated/CMSIS_DSP/TransformFunctions/arm_rfft_fast_init_f32.c"
   1:../Dave/Generated/CMSIS_DSP/TransformFunctions/arm_rfft_fast_init_f32.c **** /* ----------------------------------------------------------------------    
   2:../Dave/Generated/CMSIS_DSP/TransformFunctions/arm_rfft_fast_init_f32.c **** * Copyright (C) 2010-2014 ARM Limited. All rights reserved.    
   3:../Dave/Generated/CMSIS_DSP/TransformFunctions/arm_rfft_fast_init_f32.c **** *    
   4:../Dave/Generated/CMSIS_DSP/TransformFunctions/arm_rfft_fast_init_f32.c **** * $Date:        31. July 2014 
   5:../Dave/Generated/CMSIS_DSP/TransformFunctions/arm_rfft_fast_init_f32.c **** * $Revision: 	V1.4.4  
   6:../Dave/Generated/CMSIS_DSP/TransformFunctions/arm_rfft_fast_init_f32.c **** *    
   7:../Dave/Generated/CMSIS_DSP/TransformFunctions/arm_rfft_fast_init_f32.c **** * Project: 	    CMSIS DSP Library    
   8:../Dave/Generated/CMSIS_DSP/TransformFunctions/arm_rfft_fast_init_f32.c **** * Title:	    arm_cfft_init_f32.c   
   9:../Dave/Generated/CMSIS_DSP/TransformFunctions/arm_rfft_fast_init_f32.c **** *    
  10:../Dave/Generated/CMSIS_DSP/TransformFunctions/arm_rfft_fast_init_f32.c **** * Description:	Split Radix Decimation in Frequency CFFT Floating point processing function   
  11:../Dave/Generated/CMSIS_DSP/TransformFunctions/arm_rfft_fast_init_f32.c **** *    
  12:../Dave/Generated/CMSIS_DSP/TransformFunctions/arm_rfft_fast_init_f32.c **** * Target Processor: Cortex-M4/Cortex-M3/Cortex-M0
  13:../Dave/Generated/CMSIS_DSP/TransformFunctions/arm_rfft_fast_init_f32.c **** *  
  14:../Dave/Generated/CMSIS_DSP/TransformFunctions/arm_rfft_fast_init_f32.c **** * Redistribution and use in source and binary forms, with or without 
  15:../Dave/Generated/CMSIS_DSP/TransformFunctions/arm_rfft_fast_init_f32.c **** * modification, are permitted provided that the following conditions
  16:../Dave/Generated/CMSIS_DSP/TransformFunctions/arm_rfft_fast_init_f32.c **** * are met:
  17:../Dave/Generated/CMSIS_DSP/TransformFunctions/arm_rfft_fast_init_f32.c **** *   - Redistributions of source code must retain the above copyright
  18:../Dave/Generated/CMSIS_DSP/TransformFunctions/arm_rfft_fast_init_f32.c **** *     notice, this list of conditions and the following disclaimer.
  19:../Dave/Generated/CMSIS_DSP/TransformFunctions/arm_rfft_fast_init_f32.c **** *   - Redistributions in binary form must reproduce the above copyright
  20:../Dave/Generated/CMSIS_DSP/TransformFunctions/arm_rfft_fast_init_f32.c **** *     notice, this list of conditions and the following disclaimer in
  21:../Dave/Generated/CMSIS_DSP/TransformFunctions/arm_rfft_fast_init_f32.c **** *     the documentation and/or other materials provided with the 
  22:../Dave/Generated/CMSIS_DSP/TransformFunctions/arm_rfft_fast_init_f32.c **** *     distribution.
  23:../Dave/Generated/CMSIS_DSP/TransformFunctions/arm_rfft_fast_init_f32.c **** *   - Neither the name of ARM LIMITED nor the names of its contributors
  24:../Dave/Generated/CMSIS_DSP/TransformFunctions/arm_rfft_fast_init_f32.c **** *     may be used to endorse or promote products derived from this
  25:../Dave/Generated/CMSIS_DSP/TransformFunctions/arm_rfft_fast_init_f32.c **** *     software without specific prior written permission.
  26:../Dave/Generated/CMSIS_DSP/TransformFunctions/arm_rfft_fast_init_f32.c **** *
  27:../Dave/Generated/CMSIS_DSP/TransformFunctions/arm_rfft_fast_init_f32.c **** * THIS SOFTWARE IS PROVIDED BY THE COPYRIGHT HOLDERS AND CONTRIBUTORS
  28:../Dave/Generated/CMSIS_DSP/TransformFunctions/arm_rfft_fast_init_f32.c **** * "AS IS" AND ANY EXPRESS OR IMPLIED WARRANTIES, INCLUDING, BUT NOT
  29:../Dave/Generated/CMSIS_DSP/TransformFunctions/arm_rfft_fast_init_f32.c **** * LIMITED TO, THE IMPLIED WARRANTIES OF MERCHANTABILITY AND FITNESS
  30:../Dave/Generated/CMSIS_DSP/TransformFunctions/arm_rfft_fast_init_f32.c **** * FOR A PARTICULAR PURPOSE ARE DISCLAIMED. IN NO EVENT SHALL THE 
  31:../Dave/Generated/CMSIS_DSP/TransformFunctions/arm_rfft_fast_init_f32.c **** * COPYRIGHT OWNER OR CONTRIBUTORS BE LIABLE FOR ANY DIRECT, INDIRECT,
  32:../Dave/Generated/CMSIS_DSP/TransformFunctions/arm_rfft_fast_init_f32.c **** * INCIDENTAL, SPECIAL, EXEMPLARY, OR CONSEQUENTIAL DAMAGES (INCLUDING,
  33:../Dave/Generated/CMSIS_DSP/TransformFunctions/arm_rfft_fast_init_f32.c **** * BUT NOT LIMITED TO, PROCUREMENT OF SUBSTITUTE GOODS OR SERVICES;
  34:../Dave/Generated/CMSIS_DSP/TransformFunctions/arm_rfft_fast_init_f32.c **** * LOSS OF USE, DATA, OR PROFITS; OR BUSINESS INTERRUPTION) HOWEVER
  35:../Dave/Generated/CMSIS_DSP/TransformFunctions/arm_rfft_fast_init_f32.c **** * CAUSED AND ON ANY THEORY OF LIABILITY, WHETHER IN CONTRACT, STRICT
  36:../Dave/Generated/CMSIS_DSP/TransformFunctions/arm_rfft_fast_init_f32.c **** * LIABILITY, OR TORT (INCLUDING NEGLIGENCE OR OTHERWISE) ARISING IN
  37:../Dave/Generated/CMSIS_DSP/TransformFunctions/arm_rfft_fast_init_f32.c **** * ANY WAY OUT OF THE USE OF THIS SOFTWARE, EVEN IF ADVISED OF THE
  38:../Dave/Generated/CMSIS_DSP/TransformFunctions/arm_rfft_fast_init_f32.c **** * POSSIBILITY OF SUCH DAMAGE.   
  39:../Dave/Generated/CMSIS_DSP/TransformFunctions/arm_rfft_fast_init_f32.c **** * -------------------------------------------------------------------- */
  40:../Dave/Generated/CMSIS_DSP/TransformFunctions/arm_rfft_fast_init_f32.c **** 
  41:../Dave/Generated/CMSIS_DSP/TransformFunctions/arm_rfft_fast_init_f32.c **** #include "CMSIS_DSP/cmsis_dsp.h"
  42:../Dave/Generated/CMSIS_DSP/TransformFunctions/arm_rfft_fast_init_f32.c **** #include "CMSIS_DSP/arm_common_tables.h"
  43:../Dave/Generated/CMSIS_DSP/TransformFunctions/arm_rfft_fast_init_f32.c **** 
  44:../Dave/Generated/CMSIS_DSP/TransformFunctions/arm_rfft_fast_init_f32.c **** /**   
  45:../Dave/Generated/CMSIS_DSP/TransformFunctions/arm_rfft_fast_init_f32.c ****  * @ingroup groupTransforms   
  46:../Dave/Generated/CMSIS_DSP/TransformFunctions/arm_rfft_fast_init_f32.c ****  */
  47:../Dave/Generated/CMSIS_DSP/TransformFunctions/arm_rfft_fast_init_f32.c **** 
  48:../Dave/Generated/CMSIS_DSP/TransformFunctions/arm_rfft_fast_init_f32.c **** /**   
  49:../Dave/Generated/CMSIS_DSP/TransformFunctions/arm_rfft_fast_init_f32.c ****  * @addtogroup RealFFT   
  50:../Dave/Generated/CMSIS_DSP/TransformFunctions/arm_rfft_fast_init_f32.c ****  * @{   
  51:../Dave/Generated/CMSIS_DSP/TransformFunctions/arm_rfft_fast_init_f32.c ****  */
  52:../Dave/Generated/CMSIS_DSP/TransformFunctions/arm_rfft_fast_init_f32.c **** 
  53:../Dave/Generated/CMSIS_DSP/TransformFunctions/arm_rfft_fast_init_f32.c **** /**   
  54:../Dave/Generated/CMSIS_DSP/TransformFunctions/arm_rfft_fast_init_f32.c **** * @brief  Initialization function for the floating-point real FFT.  
  55:../Dave/Generated/CMSIS_DSP/TransformFunctions/arm_rfft_fast_init_f32.c **** * @param[in,out] *S             points to an arm_rfft_fast_instance_f32 structure.
  56:../Dave/Generated/CMSIS_DSP/TransformFunctions/arm_rfft_fast_init_f32.c **** * @param[in]     fftLen         length of the Real Sequence.  
  57:../Dave/Generated/CMSIS_DSP/TransformFunctions/arm_rfft_fast_init_f32.c **** * @return        The function returns ARM_MATH_SUCCESS if initialization is successful or ARM_MATH_
  58:../Dave/Generated/CMSIS_DSP/TransformFunctions/arm_rfft_fast_init_f32.c **** *   
  59:../Dave/Generated/CMSIS_DSP/TransformFunctions/arm_rfft_fast_init_f32.c **** * \par Description:  
  60:../Dave/Generated/CMSIS_DSP/TransformFunctions/arm_rfft_fast_init_f32.c **** * \par   
  61:../Dave/Generated/CMSIS_DSP/TransformFunctions/arm_rfft_fast_init_f32.c **** * The parameter <code>ifftFlag</code> controls whether a forward or inverse transform is computed. 
  62:../Dave/Generated/CMSIS_DSP/TransformFunctions/arm_rfft_fast_init_f32.c **** * Set(=1) ifftFlag for calculation of CIFFT otherwise  RFFT is calculated  
  63:../Dave/Generated/CMSIS_DSP/TransformFunctions/arm_rfft_fast_init_f32.c **** * \par   
  64:../Dave/Generated/CMSIS_DSP/TransformFunctions/arm_rfft_fast_init_f32.c **** * The parameter <code>bitReverseFlag</code> controls whether output is in normal order or bit rever
  65:../Dave/Generated/CMSIS_DSP/TransformFunctions/arm_rfft_fast_init_f32.c **** * Set(=1) bitReverseFlag for output to be in normal order otherwise output is in bit reversed order
  66:../Dave/Generated/CMSIS_DSP/TransformFunctions/arm_rfft_fast_init_f32.c **** * \par   
  67:../Dave/Generated/CMSIS_DSP/TransformFunctions/arm_rfft_fast_init_f32.c **** * The parameter <code>fftLen</code>	Specifies length of RFFT/CIFFT process. Supported FFT Lengths a
  68:../Dave/Generated/CMSIS_DSP/TransformFunctions/arm_rfft_fast_init_f32.c **** * \par   
  69:../Dave/Generated/CMSIS_DSP/TransformFunctions/arm_rfft_fast_init_f32.c **** * This Function also initializes Twiddle factor table pointer and Bit reversal table pointer.   
  70:../Dave/Generated/CMSIS_DSP/TransformFunctions/arm_rfft_fast_init_f32.c **** */
  71:../Dave/Generated/CMSIS_DSP/TransformFunctions/arm_rfft_fast_init_f32.c **** arm_status arm_rfft_fast_init_f32(
  72:../Dave/Generated/CMSIS_DSP/TransformFunctions/arm_rfft_fast_init_f32.c ****   arm_rfft_fast_instance_f32 * S,
  73:../Dave/Generated/CMSIS_DSP/TransformFunctions/arm_rfft_fast_init_f32.c ****   uint16_t fftLen)
  74:../Dave/Generated/CMSIS_DSP/TransformFunctions/arm_rfft_fast_init_f32.c **** {
  27              	 .loc 1 74 0
  28              	 .cfi_startproc
  29              	 
  30              	 
  31              	 
  32 0000 80B4     	 push {r7}
  33              	.LCFI0:
  34              	 .cfi_def_cfa_offset 4
  35              	 .cfi_offset 7,-4
  36 0002 85B0     	 sub sp,sp,#20
  37              	.LCFI1:
  38              	 .cfi_def_cfa_offset 24
  39 0004 00AF     	 add r7,sp,#0
  40              	.LCFI2:
  41              	 .cfi_def_cfa_register 7
  42 0006 7860     	 str r0,[r7,#4]
  43 0008 0B46     	 mov r3,r1
  44 000a 7B80     	 strh r3,[r7,#2]
  75:../Dave/Generated/CMSIS_DSP/TransformFunctions/arm_rfft_fast_init_f32.c ****   arm_cfft_instance_f32 * Sint;
  76:../Dave/Generated/CMSIS_DSP/TransformFunctions/arm_rfft_fast_init_f32.c ****   /*  Initialise the default arm status */
  77:../Dave/Generated/CMSIS_DSP/TransformFunctions/arm_rfft_fast_init_f32.c ****   arm_status status = ARM_MATH_SUCCESS;
  45              	 .loc 1 77 0
  46 000c 0023     	 movs r3,#0
  47 000e FB73     	 strb r3,[r7,#15]
  78:../Dave/Generated/CMSIS_DSP/TransformFunctions/arm_rfft_fast_init_f32.c ****   /*  Initialise the FFT length */
  79:../Dave/Generated/CMSIS_DSP/TransformFunctions/arm_rfft_fast_init_f32.c ****   Sint = &(S->Sint);
  48              	 .loc 1 79 0
  49 0010 7B68     	 ldr r3,[r7,#4]
  50 0012 BB60     	 str r3,[r7,#8]
  80:../Dave/Generated/CMSIS_DSP/TransformFunctions/arm_rfft_fast_init_f32.c ****   Sint->fftLen = fftLen/2;
  51              	 .loc 1 80 0
  52 0014 7B88     	 ldrh r3,[r7,#2]
  53 0016 5B08     	 lsrs r3,r3,#1
  54 0018 9AB2     	 uxth r2,r3
  55 001a BB68     	 ldr r3,[r7,#8]
  56 001c 1A80     	 strh r2,[r3]
  81:../Dave/Generated/CMSIS_DSP/TransformFunctions/arm_rfft_fast_init_f32.c ****   S->fftLenRFFT = fftLen;
  57              	 .loc 1 81 0
  58 001e 7B68     	 ldr r3,[r7,#4]
  59 0020 7A88     	 ldrh r2,[r7,#2]
  60 0022 1A82     	 strh r2,[r3,#16]
  82:../Dave/Generated/CMSIS_DSP/TransformFunctions/arm_rfft_fast_init_f32.c **** 
  83:../Dave/Generated/CMSIS_DSP/TransformFunctions/arm_rfft_fast_init_f32.c ****   /*  Initializations of structure parameters depending on the FFT length */
  84:../Dave/Generated/CMSIS_DSP/TransformFunctions/arm_rfft_fast_init_f32.c ****   switch (Sint->fftLen)
  61              	 .loc 1 84 0
  62 0024 BB68     	 ldr r3,[r7,#8]
  63 0026 1B88     	 ldrh r3,[r3]
  64 0028 802B     	 cmp r3,#128
  65 002a 50D0     	 beq .L3
  66 002c 802B     	 cmp r3,#128
  67 002e 06DC     	 bgt .L4
  68 0030 202B     	 cmp r3,#32
  69 0032 66D0     	 beq .L5
  70 0034 402B     	 cmp r3,#64
  71 0036 57D0     	 beq .L6
  72 0038 102B     	 cmp r3,#16
  73 003a 6FD0     	 beq .L7
  74 003c 7BE0     	 b .L2
  75              	.L4:
  76 003e B3F5007F 	 cmp r3,#512
  77 0042 28D0     	 beq .L8
  78 0044 B3F5007F 	 cmp r3,#512
  79 0048 03DC     	 bgt .L9
  80 004a B3F5807F 	 cmp r3,#256
  81 004e 30D0     	 beq .L10
  82 0050 71E0     	 b .L2
  83              	.L9:
  84 0052 B3F5806F 	 cmp r3,#1024
  85 0056 10D0     	 beq .L11
  86 0058 B3F5006F 	 cmp r3,#2048
  87 005c 6BD1     	 bne .L2
  85:../Dave/Generated/CMSIS_DSP/TransformFunctions/arm_rfft_fast_init_f32.c ****   {
  86:../Dave/Generated/CMSIS_DSP/TransformFunctions/arm_rfft_fast_init_f32.c ****   case 2048u:
  87:../Dave/Generated/CMSIS_DSP/TransformFunctions/arm_rfft_fast_init_f32.c ****     /*  Initializations of structure parameters for 2048 point FFT */
  88:../Dave/Generated/CMSIS_DSP/TransformFunctions/arm_rfft_fast_init_f32.c ****     /*  Initialise the bit reversal table length */
  89:../Dave/Generated/CMSIS_DSP/TransformFunctions/arm_rfft_fast_init_f32.c ****     Sint->bitRevLength = ARMBITREVINDEXTABLE2048_TABLE_LENGTH;
  88              	 .loc 1 89 0
  89 005e BB68     	 ldr r3,[r7,#8]
  90 0060 4FF46E62 	 mov r2,#3808
  91 0064 9A81     	 strh r2,[r3,#12]
  90:../Dave/Generated/CMSIS_DSP/TransformFunctions/arm_rfft_fast_init_f32.c ****     /*  Initialise the bit reversal table pointer */
  91:../Dave/Generated/CMSIS_DSP/TransformFunctions/arm_rfft_fast_init_f32.c ****     Sint->pBitRevTable = (uint16_t *)armBitRevIndexTable2048;
  92              	 .loc 1 91 0
  93 0066 BB68     	 ldr r3,[r7,#8]
  94 0068 384A     	 ldr r2,.L15
  95 006a 9A60     	 str r2,[r3,#8]
  92:../Dave/Generated/CMSIS_DSP/TransformFunctions/arm_rfft_fast_init_f32.c ****     /*  Initialise the Twiddle coefficient pointers */
  93:../Dave/Generated/CMSIS_DSP/TransformFunctions/arm_rfft_fast_init_f32.c **** 		Sint->pTwiddle     = (float32_t *) twiddleCoef_2048;
  96              	 .loc 1 93 0
  97 006c BB68     	 ldr r3,[r7,#8]
  98 006e 384A     	 ldr r2,.L15+4
  99 0070 5A60     	 str r2,[r3,#4]
  94:../Dave/Generated/CMSIS_DSP/TransformFunctions/arm_rfft_fast_init_f32.c **** 		S->pTwiddleRFFT    = (float32_t *) twiddleCoef_rfft_4096;
 100              	 .loc 1 94 0
 101 0072 7B68     	 ldr r3,[r7,#4]
 102 0074 374A     	 ldr r2,.L15+8
 103 0076 5A61     	 str r2,[r3,#20]
  95:../Dave/Generated/CMSIS_DSP/TransformFunctions/arm_rfft_fast_init_f32.c ****     break;
 104              	 .loc 1 95 0
 105 0078 60E0     	 b .L13
 106              	.L11:
  96:../Dave/Generated/CMSIS_DSP/TransformFunctions/arm_rfft_fast_init_f32.c ****   case 1024u:
  97:../Dave/Generated/CMSIS_DSP/TransformFunctions/arm_rfft_fast_init_f32.c ****     Sint->bitRevLength = ARMBITREVINDEXTABLE1024_TABLE_LENGTH;
 107              	 .loc 1 97 0
 108 007a BB68     	 ldr r3,[r7,#8]
 109 007c 4FF4E162 	 mov r2,#1800
 110 0080 9A81     	 strh r2,[r3,#12]
  98:../Dave/Generated/CMSIS_DSP/TransformFunctions/arm_rfft_fast_init_f32.c ****     Sint->pBitRevTable = (uint16_t *)armBitRevIndexTable1024;
 111              	 .loc 1 98 0
 112 0082 BB68     	 ldr r3,[r7,#8]
 113 0084 344A     	 ldr r2,.L15+12
 114 0086 9A60     	 str r2,[r3,#8]
  99:../Dave/Generated/CMSIS_DSP/TransformFunctions/arm_rfft_fast_init_f32.c **** 		Sint->pTwiddle     = (float32_t *) twiddleCoef_1024;
 115              	 .loc 1 99 0
 116 0088 BB68     	 ldr r3,[r7,#8]
 117 008a 344A     	 ldr r2,.L15+16
 118 008c 5A60     	 str r2,[r3,#4]
 100:../Dave/Generated/CMSIS_DSP/TransformFunctions/arm_rfft_fast_init_f32.c **** 		S->pTwiddleRFFT    = (float32_t *) twiddleCoef_rfft_2048;
 119              	 .loc 1 100 0
 120 008e 7B68     	 ldr r3,[r7,#4]
 121 0090 334A     	 ldr r2,.L15+20
 122 0092 5A61     	 str r2,[r3,#20]
 101:../Dave/Generated/CMSIS_DSP/TransformFunctions/arm_rfft_fast_init_f32.c ****     break;
 123              	 .loc 1 101 0
 124 0094 52E0     	 b .L13
 125              	.L8:
 102:../Dave/Generated/CMSIS_DSP/TransformFunctions/arm_rfft_fast_init_f32.c ****   case 512u:
 103:../Dave/Generated/CMSIS_DSP/TransformFunctions/arm_rfft_fast_init_f32.c ****     Sint->bitRevLength = ARMBITREVINDEXTABLE_512_TABLE_LENGTH;
 126              	 .loc 1 103 0
 127 0096 BB68     	 ldr r3,[r7,#8]
 128 0098 4FF4E072 	 mov r2,#448
 129 009c 9A81     	 strh r2,[r3,#12]
 104:../Dave/Generated/CMSIS_DSP/TransformFunctions/arm_rfft_fast_init_f32.c ****     Sint->pBitRevTable = (uint16_t *)armBitRevIndexTable512;
 130              	 .loc 1 104 0
 131 009e BB68     	 ldr r3,[r7,#8]
 132 00a0 304A     	 ldr r2,.L15+24
 133 00a2 9A60     	 str r2,[r3,#8]
 105:../Dave/Generated/CMSIS_DSP/TransformFunctions/arm_rfft_fast_init_f32.c **** 		Sint->pTwiddle     = (float32_t *) twiddleCoef_512;
 134              	 .loc 1 105 0
 135 00a4 BB68     	 ldr r3,[r7,#8]
 136 00a6 304A     	 ldr r2,.L15+28
 137 00a8 5A60     	 str r2,[r3,#4]
 106:../Dave/Generated/CMSIS_DSP/TransformFunctions/arm_rfft_fast_init_f32.c **** 		S->pTwiddleRFFT    = (float32_t *) twiddleCoef_rfft_1024;
 138              	 .loc 1 106 0
 139 00aa 7B68     	 ldr r3,[r7,#4]
 140 00ac 2F4A     	 ldr r2,.L15+32
 141 00ae 5A61     	 str r2,[r3,#20]
 107:../Dave/Generated/CMSIS_DSP/TransformFunctions/arm_rfft_fast_init_f32.c ****     break;
 142              	 .loc 1 107 0
 143 00b0 44E0     	 b .L13
 144              	.L10:
 108:../Dave/Generated/CMSIS_DSP/TransformFunctions/arm_rfft_fast_init_f32.c ****   case 256u:
 109:../Dave/Generated/CMSIS_DSP/TransformFunctions/arm_rfft_fast_init_f32.c ****     Sint->bitRevLength = ARMBITREVINDEXTABLE_256_TABLE_LENGTH;
 145              	 .loc 1 109 0
 146 00b2 BB68     	 ldr r3,[r7,#8]
 147 00b4 4FF4DC72 	 mov r2,#440
 148 00b8 9A81     	 strh r2,[r3,#12]
 110:../Dave/Generated/CMSIS_DSP/TransformFunctions/arm_rfft_fast_init_f32.c ****     Sint->pBitRevTable = (uint16_t *)armBitRevIndexTable256;
 149              	 .loc 1 110 0
 150 00ba BB68     	 ldr r3,[r7,#8]
 151 00bc 2C4A     	 ldr r2,.L15+36
 152 00be 9A60     	 str r2,[r3,#8]
 111:../Dave/Generated/CMSIS_DSP/TransformFunctions/arm_rfft_fast_init_f32.c **** 		Sint->pTwiddle     = (float32_t *) twiddleCoef_256;
 153              	 .loc 1 111 0
 154 00c0 BB68     	 ldr r3,[r7,#8]
 155 00c2 2C4A     	 ldr r2,.L15+40
 156 00c4 5A60     	 str r2,[r3,#4]
 112:../Dave/Generated/CMSIS_DSP/TransformFunctions/arm_rfft_fast_init_f32.c **** 		S->pTwiddleRFFT    = (float32_t *) twiddleCoef_rfft_512;
 157              	 .loc 1 112 0
 158 00c6 7B68     	 ldr r3,[r7,#4]
 159 00c8 2B4A     	 ldr r2,.L15+44
 160 00ca 5A61     	 str r2,[r3,#20]
 113:../Dave/Generated/CMSIS_DSP/TransformFunctions/arm_rfft_fast_init_f32.c ****     break;
 161              	 .loc 1 113 0
 162 00cc 36E0     	 b .L13
 163              	.L3:
 114:../Dave/Generated/CMSIS_DSP/TransformFunctions/arm_rfft_fast_init_f32.c ****   case 128u:
 115:../Dave/Generated/CMSIS_DSP/TransformFunctions/arm_rfft_fast_init_f32.c ****     Sint->bitRevLength = ARMBITREVINDEXTABLE_128_TABLE_LENGTH;
 164              	 .loc 1 115 0
 165 00ce BB68     	 ldr r3,[r7,#8]
 166 00d0 D022     	 movs r2,#208
 167 00d2 9A81     	 strh r2,[r3,#12]
 116:../Dave/Generated/CMSIS_DSP/TransformFunctions/arm_rfft_fast_init_f32.c ****     Sint->pBitRevTable = (uint16_t *)armBitRevIndexTable128;
 168              	 .loc 1 116 0
 169 00d4 BB68     	 ldr r3,[r7,#8]
 170 00d6 294A     	 ldr r2,.L15+48
 171 00d8 9A60     	 str r2,[r3,#8]
 117:../Dave/Generated/CMSIS_DSP/TransformFunctions/arm_rfft_fast_init_f32.c **** 		Sint->pTwiddle     = (float32_t *) twiddleCoef_128;
 172              	 .loc 1 117 0
 173 00da BB68     	 ldr r3,[r7,#8]
 174 00dc 284A     	 ldr r2,.L15+52
 175 00de 5A60     	 str r2,[r3,#4]
 118:../Dave/Generated/CMSIS_DSP/TransformFunctions/arm_rfft_fast_init_f32.c **** 		S->pTwiddleRFFT    = (float32_t *) twiddleCoef_rfft_256;
 176              	 .loc 1 118 0
 177 00e0 7B68     	 ldr r3,[r7,#4]
 178 00e2 284A     	 ldr r2,.L15+56
 179 00e4 5A61     	 str r2,[r3,#20]
 119:../Dave/Generated/CMSIS_DSP/TransformFunctions/arm_rfft_fast_init_f32.c ****     break;
 180              	 .loc 1 119 0
 181 00e6 29E0     	 b .L13
 182              	.L6:
 120:../Dave/Generated/CMSIS_DSP/TransformFunctions/arm_rfft_fast_init_f32.c ****   case 64u:
 121:../Dave/Generated/CMSIS_DSP/TransformFunctions/arm_rfft_fast_init_f32.c ****     Sint->bitRevLength = ARMBITREVINDEXTABLE__64_TABLE_LENGTH;
 183              	 .loc 1 121 0
 184 00e8 BB68     	 ldr r3,[r7,#8]
 185 00ea 3822     	 movs r2,#56
 186 00ec 9A81     	 strh r2,[r3,#12]
 122:../Dave/Generated/CMSIS_DSP/TransformFunctions/arm_rfft_fast_init_f32.c ****     Sint->pBitRevTable = (uint16_t *)armBitRevIndexTable64;
 187              	 .loc 1 122 0
 188 00ee BB68     	 ldr r3,[r7,#8]
 189 00f0 254A     	 ldr r2,.L15+60
 190 00f2 9A60     	 str r2,[r3,#8]
 123:../Dave/Generated/CMSIS_DSP/TransformFunctions/arm_rfft_fast_init_f32.c **** 		Sint->pTwiddle     = (float32_t *) twiddleCoef_64;
 191              	 .loc 1 123 0
 192 00f4 BB68     	 ldr r3,[r7,#8]
 193 00f6 254A     	 ldr r2,.L15+64
 194 00f8 5A60     	 str r2,[r3,#4]
 124:../Dave/Generated/CMSIS_DSP/TransformFunctions/arm_rfft_fast_init_f32.c **** 		S->pTwiddleRFFT    = (float32_t *) twiddleCoef_rfft_128;
 195              	 .loc 1 124 0
 196 00fa 7B68     	 ldr r3,[r7,#4]
 197 00fc 244A     	 ldr r2,.L15+68
 198 00fe 5A61     	 str r2,[r3,#20]
 125:../Dave/Generated/CMSIS_DSP/TransformFunctions/arm_rfft_fast_init_f32.c ****     break;
 199              	 .loc 1 125 0
 200 0100 1CE0     	 b .L13
 201              	.L5:
 126:../Dave/Generated/CMSIS_DSP/TransformFunctions/arm_rfft_fast_init_f32.c ****   case 32u:
 127:../Dave/Generated/CMSIS_DSP/TransformFunctions/arm_rfft_fast_init_f32.c ****     Sint->bitRevLength = ARMBITREVINDEXTABLE__32_TABLE_LENGTH;
 202              	 .loc 1 127 0
 203 0102 BB68     	 ldr r3,[r7,#8]
 204 0104 3022     	 movs r2,#48
 205 0106 9A81     	 strh r2,[r3,#12]
 128:../Dave/Generated/CMSIS_DSP/TransformFunctions/arm_rfft_fast_init_f32.c ****     Sint->pBitRevTable = (uint16_t *)armBitRevIndexTable32;
 206              	 .loc 1 128 0
 207 0108 BB68     	 ldr r3,[r7,#8]
 208 010a 224A     	 ldr r2,.L15+72
 209 010c 9A60     	 str r2,[r3,#8]
 129:../Dave/Generated/CMSIS_DSP/TransformFunctions/arm_rfft_fast_init_f32.c **** 		Sint->pTwiddle     = (float32_t *) twiddleCoef_32;
 210              	 .loc 1 129 0
 211 010e BB68     	 ldr r3,[r7,#8]
 212 0110 214A     	 ldr r2,.L15+76
 213 0112 5A60     	 str r2,[r3,#4]
 130:../Dave/Generated/CMSIS_DSP/TransformFunctions/arm_rfft_fast_init_f32.c **** 		S->pTwiddleRFFT    = (float32_t *) twiddleCoef_rfft_64;
 214              	 .loc 1 130 0
 215 0114 7B68     	 ldr r3,[r7,#4]
 216 0116 214A     	 ldr r2,.L15+80
 217 0118 5A61     	 str r2,[r3,#20]
 131:../Dave/Generated/CMSIS_DSP/TransformFunctions/arm_rfft_fast_init_f32.c ****     break;
 218              	 .loc 1 131 0
 219 011a 0FE0     	 b .L13
 220              	.L7:
 132:../Dave/Generated/CMSIS_DSP/TransformFunctions/arm_rfft_fast_init_f32.c ****   case 16u:
 133:../Dave/Generated/CMSIS_DSP/TransformFunctions/arm_rfft_fast_init_f32.c ****     Sint->bitRevLength = ARMBITREVINDEXTABLE__16_TABLE_LENGTH;
 221              	 .loc 1 133 0
 222 011c BB68     	 ldr r3,[r7,#8]
 223 011e 1422     	 movs r2,#20
 224 0120 9A81     	 strh r2,[r3,#12]
 134:../Dave/Generated/CMSIS_DSP/TransformFunctions/arm_rfft_fast_init_f32.c ****     Sint->pBitRevTable = (uint16_t *)armBitRevIndexTable16;
 225              	 .loc 1 134 0
 226 0122 BB68     	 ldr r3,[r7,#8]
 227 0124 1E4A     	 ldr r2,.L15+84
 228 0126 9A60     	 str r2,[r3,#8]
 135:../Dave/Generated/CMSIS_DSP/TransformFunctions/arm_rfft_fast_init_f32.c **** 		Sint->pTwiddle     = (float32_t *) twiddleCoef_16;
 229              	 .loc 1 135 0
 230 0128 BB68     	 ldr r3,[r7,#8]
 231 012a 1E4A     	 ldr r2,.L15+88
 232 012c 5A60     	 str r2,[r3,#4]
 136:../Dave/Generated/CMSIS_DSP/TransformFunctions/arm_rfft_fast_init_f32.c **** 		S->pTwiddleRFFT    = (float32_t *) twiddleCoef_rfft_32;
 233              	 .loc 1 136 0
 234 012e 7B68     	 ldr r3,[r7,#4]
 235 0130 1D4A     	 ldr r2,.L15+92
 236 0132 5A61     	 str r2,[r3,#20]
 137:../Dave/Generated/CMSIS_DSP/TransformFunctions/arm_rfft_fast_init_f32.c ****     break;
 237              	 .loc 1 137 0
 238 0134 02E0     	 b .L13
 239              	.L2:
 138:../Dave/Generated/CMSIS_DSP/TransformFunctions/arm_rfft_fast_init_f32.c ****   default:
 139:../Dave/Generated/CMSIS_DSP/TransformFunctions/arm_rfft_fast_init_f32.c ****     /*  Reporting argument error if fftSize is not valid value */
 140:../Dave/Generated/CMSIS_DSP/TransformFunctions/arm_rfft_fast_init_f32.c ****     status = ARM_MATH_ARGUMENT_ERROR;
 240              	 .loc 1 140 0
 241 0136 FF23     	 movs r3,#255
 242 0138 FB73     	 strb r3,[r7,#15]
 141:../Dave/Generated/CMSIS_DSP/TransformFunctions/arm_rfft_fast_init_f32.c ****     break;
 243              	 .loc 1 141 0
 244 013a 00BF     	 nop
 245              	.L13:
 142:../Dave/Generated/CMSIS_DSP/TransformFunctions/arm_rfft_fast_init_f32.c ****   }
 143:../Dave/Generated/CMSIS_DSP/TransformFunctions/arm_rfft_fast_init_f32.c **** 
 144:../Dave/Generated/CMSIS_DSP/TransformFunctions/arm_rfft_fast_init_f32.c ****   return (status);
 246              	 .loc 1 144 0
 247 013c FB7B     	 ldrb r3,[r7,#15]
 248 013e 5BB2     	 sxtb r3,r3
 145:../Dave/Generated/CMSIS_DSP/TransformFunctions/arm_rfft_fast_init_f32.c **** }
 249              	 .loc 1 145 0
 250 0140 1846     	 mov r0,r3
 251 0142 1437     	 adds r7,r7,#20
 252              	.LCFI3:
 253              	 .cfi_def_cfa_offset 4
 254 0144 BD46     	 mov sp,r7
 255              	.LCFI4:
 256              	 .cfi_def_cfa_register 13
 257              	 
 258 0146 5DF8047B 	 ldr r7,[sp],#4
 259              	.LCFI5:
 260              	 .cfi_restore 7
 261              	 .cfi_def_cfa_offset 0
 262 014a 7047     	 bx lr
 263              	.L16:
 264              	 .align 2
 265              	.L15:
 266 014c 00000000 	 .word armBitRevIndexTable2048
 267 0150 00000000 	 .word twiddleCoef_2048
 268 0154 00000000 	 .word twiddleCoef_rfft_4096
 269 0158 00000000 	 .word armBitRevIndexTable1024
 270 015c 00000000 	 .word twiddleCoef_1024
 271 0160 00000000 	 .word twiddleCoef_rfft_2048
 272 0164 00000000 	 .word armBitRevIndexTable512
 273 0168 00000000 	 .word twiddleCoef_512
 274 016c 00000000 	 .word twiddleCoef_rfft_1024
 275 0170 00000000 	 .word armBitRevIndexTable256
 276 0174 00000000 	 .word twiddleCoef_256
 277 0178 00000000 	 .word twiddleCoef_rfft_512
 278 017c 00000000 	 .word armBitRevIndexTable128
 279 0180 00000000 	 .word twiddleCoef_128
 280 0184 00000000 	 .word twiddleCoef_rfft_256
 281 0188 00000000 	 .word armBitRevIndexTable64
 282 018c 00000000 	 .word twiddleCoef_64
 283 0190 00000000 	 .word twiddleCoef_rfft_128
 284 0194 00000000 	 .word armBitRevIndexTable32
 285 0198 00000000 	 .word twiddleCoef_32
 286 019c 00000000 	 .word twiddleCoef_rfft_64
 287 01a0 00000000 	 .word armBitRevIndexTable16
 288 01a4 00000000 	 .word twiddleCoef_16
 289 01a8 00000000 	 .word twiddleCoef_rfft_32
 290              	 .cfi_endproc
 291              	.LFE139:
 293              	 .text
 294              	.Letext0:
 295              	 .file 2 "c:\\davev4-64bit\\dave-4.2.6\\eclipse\\arm-gcc-49\\arm-none-eabi\\include\\machine\\_default_types.h"
 296              	 .file 3 "c:\\davev4-64bit\\dave-4.2.6\\eclipse\\arm-gcc-49\\arm-none-eabi\\include\\stdint.h"
 297              	 .file 4 "C:\\Users\\Depes Crystalline\\Desktop\\school\\Active_Bike_Lighting_System\\Radar_Core\\Dave\\Generated/CMSIS_DSP/arm_math.h"
 298              	 .file 5 "C:\\Users\\Depes Crystalline\\Desktop\\school\\Active_Bike_Lighting_System\\Radar_Core\\Dave\\Generated/CMSIS_DSP/arm_common_tables.h"
DEFINED SYMBOLS
                            *ABS*:00000000 arm_rfft_fast_init_f32.c
    {standard input}:19     .text.arm_rfft_fast_init_f32:00000000 $t
    {standard input}:24     .text.arm_rfft_fast_init_f32:00000000 arm_rfft_fast_init_f32
    {standard input}:266    .text.arm_rfft_fast_init_f32:0000014c $d
                     .debug_frame:00000010 $d

UNDEFINED SYMBOLS
armBitRevIndexTable2048
twiddleCoef_2048
twiddleCoef_rfft_4096
armBitRevIndexTable1024
twiddleCoef_1024
twiddleCoef_rfft_2048
armBitRevIndexTable512
twiddleCoef_512
twiddleCoef_rfft_1024
armBitRevIndexTable256
twiddleCoef_256
twiddleCoef_rfft_512
armBitRevIndexTable128
twiddleCoef_128
twiddleCoef_rfft_256
armBitRevIndexTable64
twiddleCoef_64
twiddleCoef_rfft_128
armBitRevIndexTable32
twiddleCoef_32
twiddleCoef_rfft_64
armBitRevIndexTable16
twiddleCoef_16
twiddleCoef_rfft_32
