   1              	 .syntax unified
   2              	 .cpu cortex-m4
   3              	 .fpu softvfp
   4              	 .eabi_attribute 20,1
   5              	 .eabi_attribute 21,1
   6              	 .eabi_attribute 23,3
   7              	 .eabi_attribute 24,1
   8              	 .eabi_attribute 25,1
   9              	 .eabi_attribute 26,1
  10              	 .eabi_attribute 30,6
  11              	 .eabi_attribute 34,1
  12              	 .eabi_attribute 18,4
  13              	 .thumb
  14              	 .file "arm_rfft_f32.c"
  15              	 .text
  16              	.Ltext0:
  17              	 .cfi_sections .debug_frame
  18              	 .section .text.arm_rfft_f32,"ax",%progbits
  19              	 .align 2
  20              	 .global arm_rfft_f32
  21              	 .thumb
  22              	 .thumb_func
  24              	arm_rfft_f32:
  25              	.LFB139:
  26              	 .file 1 "../Dave/Generated/CMSIS_DSP/TransformFunctions/arm_rfft_f32.c"
   1:../Dave/Generated/CMSIS_DSP/TransformFunctions/arm_rfft_f32.c **** /* ----------------------------------------------------------------------    
   2:../Dave/Generated/CMSIS_DSP/TransformFunctions/arm_rfft_f32.c **** * Copyright (C) 2010-2014 ARM Limited. All rights reserved.    
   3:../Dave/Generated/CMSIS_DSP/TransformFunctions/arm_rfft_f32.c **** *    
   4:../Dave/Generated/CMSIS_DSP/TransformFunctions/arm_rfft_f32.c **** * $Date:        31. July 2014 
   5:../Dave/Generated/CMSIS_DSP/TransformFunctions/arm_rfft_f32.c **** * $Revision: 	V1.4.4  
   6:../Dave/Generated/CMSIS_DSP/TransformFunctions/arm_rfft_f32.c **** *    
   7:../Dave/Generated/CMSIS_DSP/TransformFunctions/arm_rfft_f32.c **** * Project: 	    CMSIS DSP Library    
   8:../Dave/Generated/CMSIS_DSP/TransformFunctions/arm_rfft_f32.c **** * Title:	    arm_rfft_f32.c    
   9:../Dave/Generated/CMSIS_DSP/TransformFunctions/arm_rfft_f32.c **** *    
  10:../Dave/Generated/CMSIS_DSP/TransformFunctions/arm_rfft_f32.c **** * Description:	RFFT & RIFFT Floating point process function    
  11:../Dave/Generated/CMSIS_DSP/TransformFunctions/arm_rfft_f32.c **** *    
  12:../Dave/Generated/CMSIS_DSP/TransformFunctions/arm_rfft_f32.c **** * Target Processor: Cortex-M4/Cortex-M3/Cortex-M0
  13:../Dave/Generated/CMSIS_DSP/TransformFunctions/arm_rfft_f32.c **** *  
  14:../Dave/Generated/CMSIS_DSP/TransformFunctions/arm_rfft_f32.c **** * Redistribution and use in source and binary forms, with or without 
  15:../Dave/Generated/CMSIS_DSP/TransformFunctions/arm_rfft_f32.c **** * modification, are permitted provided that the following conditions
  16:../Dave/Generated/CMSIS_DSP/TransformFunctions/arm_rfft_f32.c **** * are met:
  17:../Dave/Generated/CMSIS_DSP/TransformFunctions/arm_rfft_f32.c **** *   - Redistributions of source code must retain the above copyright
  18:../Dave/Generated/CMSIS_DSP/TransformFunctions/arm_rfft_f32.c **** *     notice, this list of conditions and the following disclaimer.
  19:../Dave/Generated/CMSIS_DSP/TransformFunctions/arm_rfft_f32.c **** *   - Redistributions in binary form must reproduce the above copyright
  20:../Dave/Generated/CMSIS_DSP/TransformFunctions/arm_rfft_f32.c **** *     notice, this list of conditions and the following disclaimer in
  21:../Dave/Generated/CMSIS_DSP/TransformFunctions/arm_rfft_f32.c **** *     the documentation and/or other materials provided with the 
  22:../Dave/Generated/CMSIS_DSP/TransformFunctions/arm_rfft_f32.c **** *     distribution.
  23:../Dave/Generated/CMSIS_DSP/TransformFunctions/arm_rfft_f32.c **** *   - Neither the name of ARM LIMITED nor the names of its contributors
  24:../Dave/Generated/CMSIS_DSP/TransformFunctions/arm_rfft_f32.c **** *     may be used to endorse or promote products derived from this
  25:../Dave/Generated/CMSIS_DSP/TransformFunctions/arm_rfft_f32.c **** *     software without specific prior written permission.
  26:../Dave/Generated/CMSIS_DSP/TransformFunctions/arm_rfft_f32.c **** *
  27:../Dave/Generated/CMSIS_DSP/TransformFunctions/arm_rfft_f32.c **** * THIS SOFTWARE IS PROVIDED BY THE COPYRIGHT HOLDERS AND CONTRIBUTORS
  28:../Dave/Generated/CMSIS_DSP/TransformFunctions/arm_rfft_f32.c **** * "AS IS" AND ANY EXPRESS OR IMPLIED WARRANTIES, INCLUDING, BUT NOT
  29:../Dave/Generated/CMSIS_DSP/TransformFunctions/arm_rfft_f32.c **** * LIMITED TO, THE IMPLIED WARRANTIES OF MERCHANTABILITY AND FITNESS
  30:../Dave/Generated/CMSIS_DSP/TransformFunctions/arm_rfft_f32.c **** * FOR A PARTICULAR PURPOSE ARE DISCLAIMED. IN NO EVENT SHALL THE 
  31:../Dave/Generated/CMSIS_DSP/TransformFunctions/arm_rfft_f32.c **** * COPYRIGHT OWNER OR CONTRIBUTORS BE LIABLE FOR ANY DIRECT, INDIRECT,
  32:../Dave/Generated/CMSIS_DSP/TransformFunctions/arm_rfft_f32.c **** * INCIDENTAL, SPECIAL, EXEMPLARY, OR CONSEQUENTIAL DAMAGES (INCLUDING,
  33:../Dave/Generated/CMSIS_DSP/TransformFunctions/arm_rfft_f32.c **** * BUT NOT LIMITED TO, PROCUREMENT OF SUBSTITUTE GOODS OR SERVICES;
  34:../Dave/Generated/CMSIS_DSP/TransformFunctions/arm_rfft_f32.c **** * LOSS OF USE, DATA, OR PROFITS; OR BUSINESS INTERRUPTION) HOWEVER
  35:../Dave/Generated/CMSIS_DSP/TransformFunctions/arm_rfft_f32.c **** * CAUSED AND ON ANY THEORY OF LIABILITY, WHETHER IN CONTRACT, STRICT
  36:../Dave/Generated/CMSIS_DSP/TransformFunctions/arm_rfft_f32.c **** * LIABILITY, OR TORT (INCLUDING NEGLIGENCE OR OTHERWISE) ARISING IN
  37:../Dave/Generated/CMSIS_DSP/TransformFunctions/arm_rfft_f32.c **** * ANY WAY OUT OF THE USE OF THIS SOFTWARE, EVEN IF ADVISED OF THE
  38:../Dave/Generated/CMSIS_DSP/TransformFunctions/arm_rfft_f32.c **** * POSSIBILITY OF SUCH DAMAGE.  
  39:../Dave/Generated/CMSIS_DSP/TransformFunctions/arm_rfft_f32.c **** * -------------------------------------------------------------------- */
  40:../Dave/Generated/CMSIS_DSP/TransformFunctions/arm_rfft_f32.c **** 
  41:../Dave/Generated/CMSIS_DSP/TransformFunctions/arm_rfft_f32.c **** #include "CMSIS_DSP/cmsis_dsp.h"
  42:../Dave/Generated/CMSIS_DSP/TransformFunctions/arm_rfft_f32.c **** 
  43:../Dave/Generated/CMSIS_DSP/TransformFunctions/arm_rfft_f32.c **** extern void arm_radix4_butterfly_f32(
  44:../Dave/Generated/CMSIS_DSP/TransformFunctions/arm_rfft_f32.c ****     float32_t * pSrc,
  45:../Dave/Generated/CMSIS_DSP/TransformFunctions/arm_rfft_f32.c ****     uint16_t fftLen,
  46:../Dave/Generated/CMSIS_DSP/TransformFunctions/arm_rfft_f32.c ****     float32_t * pCoef,
  47:../Dave/Generated/CMSIS_DSP/TransformFunctions/arm_rfft_f32.c ****     uint16_t twidCoefModifier);
  48:../Dave/Generated/CMSIS_DSP/TransformFunctions/arm_rfft_f32.c **** 
  49:../Dave/Generated/CMSIS_DSP/TransformFunctions/arm_rfft_f32.c **** extern void arm_radix4_butterfly_inverse_f32(
  50:../Dave/Generated/CMSIS_DSP/TransformFunctions/arm_rfft_f32.c ****     float32_t * pSrc,
  51:../Dave/Generated/CMSIS_DSP/TransformFunctions/arm_rfft_f32.c ****     uint16_t fftLen,
  52:../Dave/Generated/CMSIS_DSP/TransformFunctions/arm_rfft_f32.c ****     float32_t * pCoef,
  53:../Dave/Generated/CMSIS_DSP/TransformFunctions/arm_rfft_f32.c ****     uint16_t twidCoefModifier,
  54:../Dave/Generated/CMSIS_DSP/TransformFunctions/arm_rfft_f32.c ****     float32_t onebyfftLen);
  55:../Dave/Generated/CMSIS_DSP/TransformFunctions/arm_rfft_f32.c **** 
  56:../Dave/Generated/CMSIS_DSP/TransformFunctions/arm_rfft_f32.c **** extern void arm_bitreversal_f32(
  57:../Dave/Generated/CMSIS_DSP/TransformFunctions/arm_rfft_f32.c ****     float32_t * pSrc,
  58:../Dave/Generated/CMSIS_DSP/TransformFunctions/arm_rfft_f32.c ****     uint16_t fftSize,
  59:../Dave/Generated/CMSIS_DSP/TransformFunctions/arm_rfft_f32.c ****     uint16_t bitRevFactor,
  60:../Dave/Generated/CMSIS_DSP/TransformFunctions/arm_rfft_f32.c ****     uint16_t * pBitRevTab);
  61:../Dave/Generated/CMSIS_DSP/TransformFunctions/arm_rfft_f32.c **** 
  62:../Dave/Generated/CMSIS_DSP/TransformFunctions/arm_rfft_f32.c **** /**    
  63:../Dave/Generated/CMSIS_DSP/TransformFunctions/arm_rfft_f32.c ****  * @ingroup groupTransforms    
  64:../Dave/Generated/CMSIS_DSP/TransformFunctions/arm_rfft_f32.c ****  */
  65:../Dave/Generated/CMSIS_DSP/TransformFunctions/arm_rfft_f32.c **** 
  66:../Dave/Generated/CMSIS_DSP/TransformFunctions/arm_rfft_f32.c **** /*--------------------------------------------------------------------    
  67:../Dave/Generated/CMSIS_DSP/TransformFunctions/arm_rfft_f32.c ****  *		Internal functions prototypes    
  68:../Dave/Generated/CMSIS_DSP/TransformFunctions/arm_rfft_f32.c ****  *--------------------------------------------------------------------*/
  69:../Dave/Generated/CMSIS_DSP/TransformFunctions/arm_rfft_f32.c **** 
  70:../Dave/Generated/CMSIS_DSP/TransformFunctions/arm_rfft_f32.c **** void arm_split_rfft_f32(
  71:../Dave/Generated/CMSIS_DSP/TransformFunctions/arm_rfft_f32.c ****   float32_t * pSrc,
  72:../Dave/Generated/CMSIS_DSP/TransformFunctions/arm_rfft_f32.c ****   uint32_t fftLen,
  73:../Dave/Generated/CMSIS_DSP/TransformFunctions/arm_rfft_f32.c ****   float32_t * pATable,
  74:../Dave/Generated/CMSIS_DSP/TransformFunctions/arm_rfft_f32.c ****   float32_t * pBTable,
  75:../Dave/Generated/CMSIS_DSP/TransformFunctions/arm_rfft_f32.c ****   float32_t * pDst,
  76:../Dave/Generated/CMSIS_DSP/TransformFunctions/arm_rfft_f32.c ****   uint32_t modifier);
  77:../Dave/Generated/CMSIS_DSP/TransformFunctions/arm_rfft_f32.c **** void arm_split_rifft_f32(
  78:../Dave/Generated/CMSIS_DSP/TransformFunctions/arm_rfft_f32.c ****   float32_t * pSrc,
  79:../Dave/Generated/CMSIS_DSP/TransformFunctions/arm_rfft_f32.c ****   uint32_t fftLen,
  80:../Dave/Generated/CMSIS_DSP/TransformFunctions/arm_rfft_f32.c ****   float32_t * pATable,
  81:../Dave/Generated/CMSIS_DSP/TransformFunctions/arm_rfft_f32.c ****   float32_t * pBTable,
  82:../Dave/Generated/CMSIS_DSP/TransformFunctions/arm_rfft_f32.c ****   float32_t * pDst,
  83:../Dave/Generated/CMSIS_DSP/TransformFunctions/arm_rfft_f32.c ****   uint32_t modifier);
  84:../Dave/Generated/CMSIS_DSP/TransformFunctions/arm_rfft_f32.c **** 
  85:../Dave/Generated/CMSIS_DSP/TransformFunctions/arm_rfft_f32.c **** /**    
  86:../Dave/Generated/CMSIS_DSP/TransformFunctions/arm_rfft_f32.c ****  * @addtogroup RealFFT    
  87:../Dave/Generated/CMSIS_DSP/TransformFunctions/arm_rfft_f32.c ****  * @{    
  88:../Dave/Generated/CMSIS_DSP/TransformFunctions/arm_rfft_f32.c ****  */
  89:../Dave/Generated/CMSIS_DSP/TransformFunctions/arm_rfft_f32.c **** 
  90:../Dave/Generated/CMSIS_DSP/TransformFunctions/arm_rfft_f32.c **** /**    
  91:../Dave/Generated/CMSIS_DSP/TransformFunctions/arm_rfft_f32.c ****  * @brief Processing function for the floating-point RFFT/RIFFT.   
  92:../Dave/Generated/CMSIS_DSP/TransformFunctions/arm_rfft_f32.c ****  * @deprecated Do not use this function.  It has been superceded by \ref arm_rfft_fast_f32 and will
  93:../Dave/Generated/CMSIS_DSP/TransformFunctions/arm_rfft_f32.c ****  * in the future.
  94:../Dave/Generated/CMSIS_DSP/TransformFunctions/arm_rfft_f32.c ****  * @param[in]  *S    points to an instance of the floating-point RFFT/RIFFT structure.   
  95:../Dave/Generated/CMSIS_DSP/TransformFunctions/arm_rfft_f32.c ****  * @param[in]  *pSrc points to the input buffer.   
  96:../Dave/Generated/CMSIS_DSP/TransformFunctions/arm_rfft_f32.c ****  * @param[out] *pDst points to the output buffer.   
  97:../Dave/Generated/CMSIS_DSP/TransformFunctions/arm_rfft_f32.c ****  * @return none.   
  98:../Dave/Generated/CMSIS_DSP/TransformFunctions/arm_rfft_f32.c ****  */
  99:../Dave/Generated/CMSIS_DSP/TransformFunctions/arm_rfft_f32.c **** 
 100:../Dave/Generated/CMSIS_DSP/TransformFunctions/arm_rfft_f32.c **** void arm_rfft_f32(
 101:../Dave/Generated/CMSIS_DSP/TransformFunctions/arm_rfft_f32.c ****   const arm_rfft_instance_f32 * S,
 102:../Dave/Generated/CMSIS_DSP/TransformFunctions/arm_rfft_f32.c ****   float32_t * pSrc,
 103:../Dave/Generated/CMSIS_DSP/TransformFunctions/arm_rfft_f32.c ****   float32_t * pDst)
 104:../Dave/Generated/CMSIS_DSP/TransformFunctions/arm_rfft_f32.c **** {
  27              	 .loc 1 104 0
  28              	 .cfi_startproc
  29              	 
  30              	 
  31 0000 B0B5     	 push {r4,r5,r7,lr}
  32              	.LCFI0:
  33              	 .cfi_def_cfa_offset 16
  34              	 .cfi_offset 4,-16
  35              	 .cfi_offset 5,-12
  36              	 .cfi_offset 7,-8
  37              	 .cfi_offset 14,-4
  38 0002 88B0     	 sub sp,sp,#32
  39              	.LCFI1:
  40              	 .cfi_def_cfa_offset 48
  41 0004 02AF     	 add r7,sp,#8
  42              	.LCFI2:
  43              	 .cfi_def_cfa 7,40
  44 0006 F860     	 str r0,[r7,#12]
  45 0008 B960     	 str r1,[r7,#8]
  46 000a 7A60     	 str r2,[r7,#4]
 105:../Dave/Generated/CMSIS_DSP/TransformFunctions/arm_rfft_f32.c ****   const arm_cfft_radix4_instance_f32 *S_CFFT = S->pCfft;
  47              	 .loc 1 105 0
  48 000c FB68     	 ldr r3,[r7,#12]
  49 000e 5B69     	 ldr r3,[r3,#20]
  50 0010 7B61     	 str r3,[r7,#20]
 106:../Dave/Generated/CMSIS_DSP/TransformFunctions/arm_rfft_f32.c **** 
 107:../Dave/Generated/CMSIS_DSP/TransformFunctions/arm_rfft_f32.c **** 
 108:../Dave/Generated/CMSIS_DSP/TransformFunctions/arm_rfft_f32.c ****   /* Calculation of Real IFFT of input */
 109:../Dave/Generated/CMSIS_DSP/TransformFunctions/arm_rfft_f32.c ****   if(S->ifftFlagR == 1u)
  51              	 .loc 1 109 0
  52 0012 FB68     	 ldr r3,[r7,#12]
  53 0014 9B79     	 ldrb r3,[r3,#6]
  54 0016 012B     	 cmp r3,#1
  55 0018 2BD1     	 bne .L2
 110:../Dave/Generated/CMSIS_DSP/TransformFunctions/arm_rfft_f32.c ****   {
 111:../Dave/Generated/CMSIS_DSP/TransformFunctions/arm_rfft_f32.c ****     /*  Real IFFT core process */
 112:../Dave/Generated/CMSIS_DSP/TransformFunctions/arm_rfft_f32.c ****     arm_split_rifft_f32(pSrc, S->fftLenBy2, S->pTwiddleAReal,
  56              	 .loc 1 112 0
  57 001a FB68     	 ldr r3,[r7,#12]
  58 001c 9B88     	 ldrh r3,[r3,#4]
  59 001e 1946     	 mov r1,r3
  60 0020 FB68     	 ldr r3,[r7,#12]
  61 0022 DD68     	 ldr r5,[r3,#12]
  62 0024 FB68     	 ldr r3,[r7,#12]
  63 0026 1C69     	 ldr r4,[r3,#16]
  64 0028 FB68     	 ldr r3,[r7,#12]
  65 002a 9B68     	 ldr r3,[r3,#8]
  66 002c 7A68     	 ldr r2,[r7,#4]
  67 002e 0092     	 str r2,[sp]
  68 0030 0193     	 str r3,[sp,#4]
  69 0032 B868     	 ldr r0,[r7,#8]
  70 0034 2A46     	 mov r2,r5
  71 0036 2346     	 mov r3,r4
  72 0038 FFF7FEFF 	 bl arm_split_rifft_f32
 113:../Dave/Generated/CMSIS_DSP/TransformFunctions/arm_rfft_f32.c ****                         S->pTwiddleBReal, pDst, S->twidCoefRModifier);
 114:../Dave/Generated/CMSIS_DSP/TransformFunctions/arm_rfft_f32.c **** 
 115:../Dave/Generated/CMSIS_DSP/TransformFunctions/arm_rfft_f32.c **** 
 116:../Dave/Generated/CMSIS_DSP/TransformFunctions/arm_rfft_f32.c ****     /* Complex radix-4 IFFT process */
 117:../Dave/Generated/CMSIS_DSP/TransformFunctions/arm_rfft_f32.c ****     arm_radix4_butterfly_inverse_f32(pDst, S_CFFT->fftLen,
  73              	 .loc 1 117 0
  74 003c 7B69     	 ldr r3,[r7,#20]
  75 003e 1988     	 ldrh r1,[r3]
  76 0040 7B69     	 ldr r3,[r7,#20]
  77 0042 5A68     	 ldr r2,[r3,#4]
  78 0044 7B69     	 ldr r3,[r7,#20]
  79 0046 9C89     	 ldrh r4,[r3,#12]
  80 0048 7B69     	 ldr r3,[r7,#20]
  81 004a 1B69     	 ldr r3,[r3,#16]
  82 004c 0093     	 str r3,[sp]
  83 004e 7868     	 ldr r0,[r7,#4]
  84 0050 2346     	 mov r3,r4
  85 0052 FFF7FEFF 	 bl arm_radix4_butterfly_inverse_f32
 118:../Dave/Generated/CMSIS_DSP/TransformFunctions/arm_rfft_f32.c ****                                      S_CFFT->pTwiddle,
 119:../Dave/Generated/CMSIS_DSP/TransformFunctions/arm_rfft_f32.c ****                                      S_CFFT->twidCoefModifier,
 120:../Dave/Generated/CMSIS_DSP/TransformFunctions/arm_rfft_f32.c ****                                      S_CFFT->onebyfftLen);
 121:../Dave/Generated/CMSIS_DSP/TransformFunctions/arm_rfft_f32.c **** 
 122:../Dave/Generated/CMSIS_DSP/TransformFunctions/arm_rfft_f32.c ****     /* Bit reversal process */
 123:../Dave/Generated/CMSIS_DSP/TransformFunctions/arm_rfft_f32.c ****     if(S->bitReverseFlagR == 1u)
  86              	 .loc 1 123 0
  87 0056 FB68     	 ldr r3,[r7,#12]
  88 0058 DB79     	 ldrb r3,[r3,#7]
  89 005a 012B     	 cmp r3,#1
  90 005c 30D1     	 bne .L1
 124:../Dave/Generated/CMSIS_DSP/TransformFunctions/arm_rfft_f32.c ****     {
 125:../Dave/Generated/CMSIS_DSP/TransformFunctions/arm_rfft_f32.c ****       arm_bitreversal_f32(pDst, S_CFFT->fftLen,
  91              	 .loc 1 125 0
  92 005e 7B69     	 ldr r3,[r7,#20]
  93 0060 1988     	 ldrh r1,[r3]
  94 0062 7B69     	 ldr r3,[r7,#20]
  95 0064 DA89     	 ldrh r2,[r3,#14]
  96 0066 7B69     	 ldr r3,[r7,#20]
  97 0068 9B68     	 ldr r3,[r3,#8]
  98 006a 7868     	 ldr r0,[r7,#4]
  99 006c FFF7FEFF 	 bl arm_bitreversal_f32
 100 0070 26E0     	 b .L1
 101              	.L2:
 126:../Dave/Generated/CMSIS_DSP/TransformFunctions/arm_rfft_f32.c ****                           S_CFFT->bitRevFactor, S_CFFT->pBitRevTable);
 127:../Dave/Generated/CMSIS_DSP/TransformFunctions/arm_rfft_f32.c ****     }
 128:../Dave/Generated/CMSIS_DSP/TransformFunctions/arm_rfft_f32.c ****   }
 129:../Dave/Generated/CMSIS_DSP/TransformFunctions/arm_rfft_f32.c ****   else
 130:../Dave/Generated/CMSIS_DSP/TransformFunctions/arm_rfft_f32.c ****   {
 131:../Dave/Generated/CMSIS_DSP/TransformFunctions/arm_rfft_f32.c **** 
 132:../Dave/Generated/CMSIS_DSP/TransformFunctions/arm_rfft_f32.c ****     /* Calculation of RFFT of input */
 133:../Dave/Generated/CMSIS_DSP/TransformFunctions/arm_rfft_f32.c **** 
 134:../Dave/Generated/CMSIS_DSP/TransformFunctions/arm_rfft_f32.c ****     /* Complex radix-4 FFT process */
 135:../Dave/Generated/CMSIS_DSP/TransformFunctions/arm_rfft_f32.c ****     arm_radix4_butterfly_f32(pSrc, S_CFFT->fftLen,
 102              	 .loc 1 135 0
 103 0072 7B69     	 ldr r3,[r7,#20]
 104 0074 1988     	 ldrh r1,[r3]
 105 0076 7B69     	 ldr r3,[r7,#20]
 106 0078 5A68     	 ldr r2,[r3,#4]
 107 007a 7B69     	 ldr r3,[r7,#20]
 108 007c 9B89     	 ldrh r3,[r3,#12]
 109 007e B868     	 ldr r0,[r7,#8]
 110 0080 FFF7FEFF 	 bl arm_radix4_butterfly_f32
 136:../Dave/Generated/CMSIS_DSP/TransformFunctions/arm_rfft_f32.c ****                              S_CFFT->pTwiddle, S_CFFT->twidCoefModifier);
 137:../Dave/Generated/CMSIS_DSP/TransformFunctions/arm_rfft_f32.c **** 
 138:../Dave/Generated/CMSIS_DSP/TransformFunctions/arm_rfft_f32.c ****     /* Bit reversal process */
 139:../Dave/Generated/CMSIS_DSP/TransformFunctions/arm_rfft_f32.c ****     if(S->bitReverseFlagR == 1u)
 111              	 .loc 1 139 0
 112 0084 FB68     	 ldr r3,[r7,#12]
 113 0086 DB79     	 ldrb r3,[r3,#7]
 114 0088 012B     	 cmp r3,#1
 115 008a 08D1     	 bne .L5
 140:../Dave/Generated/CMSIS_DSP/TransformFunctions/arm_rfft_f32.c ****     {
 141:../Dave/Generated/CMSIS_DSP/TransformFunctions/arm_rfft_f32.c ****       arm_bitreversal_f32(pSrc, S_CFFT->fftLen,
 116              	 .loc 1 141 0
 117 008c 7B69     	 ldr r3,[r7,#20]
 118 008e 1988     	 ldrh r1,[r3]
 119 0090 7B69     	 ldr r3,[r7,#20]
 120 0092 DA89     	 ldrh r2,[r3,#14]
 121 0094 7B69     	 ldr r3,[r7,#20]
 122 0096 9B68     	 ldr r3,[r3,#8]
 123 0098 B868     	 ldr r0,[r7,#8]
 124 009a FFF7FEFF 	 bl arm_bitreversal_f32
 125              	.L5:
 142:../Dave/Generated/CMSIS_DSP/TransformFunctions/arm_rfft_f32.c ****                           S_CFFT->bitRevFactor, S_CFFT->pBitRevTable);
 143:../Dave/Generated/CMSIS_DSP/TransformFunctions/arm_rfft_f32.c ****     }
 144:../Dave/Generated/CMSIS_DSP/TransformFunctions/arm_rfft_f32.c **** 
 145:../Dave/Generated/CMSIS_DSP/TransformFunctions/arm_rfft_f32.c **** 
 146:../Dave/Generated/CMSIS_DSP/TransformFunctions/arm_rfft_f32.c ****     /*  Real FFT core process */
 147:../Dave/Generated/CMSIS_DSP/TransformFunctions/arm_rfft_f32.c ****     arm_split_rfft_f32(pSrc, S->fftLenBy2, S->pTwiddleAReal,
 126              	 .loc 1 147 0
 127 009e FB68     	 ldr r3,[r7,#12]
 128 00a0 9B88     	 ldrh r3,[r3,#4]
 129 00a2 1946     	 mov r1,r3
 130 00a4 FB68     	 ldr r3,[r7,#12]
 131 00a6 DD68     	 ldr r5,[r3,#12]
 132 00a8 FB68     	 ldr r3,[r7,#12]
 133 00aa 1C69     	 ldr r4,[r3,#16]
 134 00ac FB68     	 ldr r3,[r7,#12]
 135 00ae 9B68     	 ldr r3,[r3,#8]
 136 00b0 7A68     	 ldr r2,[r7,#4]
 137 00b2 0092     	 str r2,[sp]
 138 00b4 0193     	 str r3,[sp,#4]
 139 00b6 B868     	 ldr r0,[r7,#8]
 140 00b8 2A46     	 mov r2,r5
 141 00ba 2346     	 mov r3,r4
 142 00bc FFF7FEFF 	 bl arm_split_rfft_f32
 143              	.L1:
 148:../Dave/Generated/CMSIS_DSP/TransformFunctions/arm_rfft_f32.c ****                        S->pTwiddleBReal, pDst, S->twidCoefRModifier);
 149:../Dave/Generated/CMSIS_DSP/TransformFunctions/arm_rfft_f32.c ****   }
 150:../Dave/Generated/CMSIS_DSP/TransformFunctions/arm_rfft_f32.c **** 
 151:../Dave/Generated/CMSIS_DSP/TransformFunctions/arm_rfft_f32.c **** }
 144              	 .loc 1 151 0
 145 00c0 1837     	 adds r7,r7,#24
 146              	.LCFI3:
 147              	 .cfi_def_cfa_offset 16
 148 00c2 BD46     	 mov sp,r7
 149              	.LCFI4:
 150              	 .cfi_def_cfa_register 13
 151              	 
 152 00c4 B0BD     	 pop {r4,r5,r7,pc}
 153              	 .cfi_endproc
 154              	.LFE139:
 156              	 .global __aeabi_fmul
 157              	 .global __aeabi_fadd
 158              	 .global __aeabi_fsub
 159 00c6 00BF     	 .section .text.arm_split_rfft_f32,"ax",%progbits
 160              	 .align 2
 161              	 .global arm_split_rfft_f32
 162              	 .thumb
 163              	 .thumb_func
 165              	arm_split_rfft_f32:
 166              	.LFB140:
 152:../Dave/Generated/CMSIS_DSP/TransformFunctions/arm_rfft_f32.c **** 
 153:../Dave/Generated/CMSIS_DSP/TransformFunctions/arm_rfft_f32.c **** /**    
 154:../Dave/Generated/CMSIS_DSP/TransformFunctions/arm_rfft_f32.c ****    * @} end of RealFFT group    
 155:../Dave/Generated/CMSIS_DSP/TransformFunctions/arm_rfft_f32.c ****    */
 156:../Dave/Generated/CMSIS_DSP/TransformFunctions/arm_rfft_f32.c **** 
 157:../Dave/Generated/CMSIS_DSP/TransformFunctions/arm_rfft_f32.c **** /**    
 158:../Dave/Generated/CMSIS_DSP/TransformFunctions/arm_rfft_f32.c ****  * @brief  Core Real FFT process    
 159:../Dave/Generated/CMSIS_DSP/TransformFunctions/arm_rfft_f32.c ****  * @param[in]   *pSrc 				points to the input buffer.    
 160:../Dave/Generated/CMSIS_DSP/TransformFunctions/arm_rfft_f32.c ****  * @param[in]   fftLen  			length of FFT.    
 161:../Dave/Generated/CMSIS_DSP/TransformFunctions/arm_rfft_f32.c ****  * @param[in]   *pATable 			points to the twiddle Coef A buffer.    
 162:../Dave/Generated/CMSIS_DSP/TransformFunctions/arm_rfft_f32.c ****  * @param[in]   *pBTable 			points to the twiddle Coef B buffer.    
 163:../Dave/Generated/CMSIS_DSP/TransformFunctions/arm_rfft_f32.c ****  * @param[out]  *pDst 				points to the output buffer.    
 164:../Dave/Generated/CMSIS_DSP/TransformFunctions/arm_rfft_f32.c ****  * @param[in]   modifier 	        twiddle coefficient modifier that supports different size FFTs wi
 165:../Dave/Generated/CMSIS_DSP/TransformFunctions/arm_rfft_f32.c ****  * @return none.    
 166:../Dave/Generated/CMSIS_DSP/TransformFunctions/arm_rfft_f32.c ****  */
 167:../Dave/Generated/CMSIS_DSP/TransformFunctions/arm_rfft_f32.c **** 
 168:../Dave/Generated/CMSIS_DSP/TransformFunctions/arm_rfft_f32.c **** void arm_split_rfft_f32(
 169:../Dave/Generated/CMSIS_DSP/TransformFunctions/arm_rfft_f32.c ****   float32_t * pSrc,
 170:../Dave/Generated/CMSIS_DSP/TransformFunctions/arm_rfft_f32.c ****   uint32_t fftLen,
 171:../Dave/Generated/CMSIS_DSP/TransformFunctions/arm_rfft_f32.c ****   float32_t * pATable,
 172:../Dave/Generated/CMSIS_DSP/TransformFunctions/arm_rfft_f32.c ****   float32_t * pBTable,
 173:../Dave/Generated/CMSIS_DSP/TransformFunctions/arm_rfft_f32.c ****   float32_t * pDst,
 174:../Dave/Generated/CMSIS_DSP/TransformFunctions/arm_rfft_f32.c ****   uint32_t modifier)
 175:../Dave/Generated/CMSIS_DSP/TransformFunctions/arm_rfft_f32.c **** {
 167              	 .loc 1 175 0
 168              	 .cfi_startproc
 169              	 
 170              	 
 171 0000 90B5     	 push {r4,r7,lr}
 172              	.LCFI5:
 173              	 .cfi_def_cfa_offset 12
 174              	 .cfi_offset 4,-12
 175              	 .cfi_offset 7,-8
 176              	 .cfi_offset 14,-4
 177 0002 91B0     	 sub sp,sp,#68
 178              	.LCFI6:
 179              	 .cfi_def_cfa_offset 80
 180 0004 00AF     	 add r7,sp,#0
 181              	.LCFI7:
 182              	 .cfi_def_cfa_register 7
 183 0006 F860     	 str r0,[r7,#12]
 184 0008 B960     	 str r1,[r7,#8]
 185 000a 7A60     	 str r2,[r7,#4]
 186 000c 3B60     	 str r3,[r7]
 176:../Dave/Generated/CMSIS_DSP/TransformFunctions/arm_rfft_f32.c ****   uint32_t i;                                    /* Loop Counter */
 177:../Dave/Generated/CMSIS_DSP/TransformFunctions/arm_rfft_f32.c ****   float32_t outR, outI;                          /* Temporary variables for output */
 178:../Dave/Generated/CMSIS_DSP/TransformFunctions/arm_rfft_f32.c ****   float32_t *pCoefA, *pCoefB;                    /* Temporary pointers for twiddle factors */
 179:../Dave/Generated/CMSIS_DSP/TransformFunctions/arm_rfft_f32.c ****   float32_t CoefA1, CoefA2, CoefB1;              /* Temporary variables for twiddle coefficients */
 180:../Dave/Generated/CMSIS_DSP/TransformFunctions/arm_rfft_f32.c ****   float32_t *pDst1 = &pDst[2], *pDst2 = &pDst[(4u * fftLen) - 1u];      /* temp pointers for output
 187              	 .loc 1 180 0
 188 000e 3B6D     	 ldr r3,[r7,#80]
 189 0010 0833     	 adds r3,r3,#8
 190 0012 3B63     	 str r3,[r7,#48]
 191 0014 BB68     	 ldr r3,[r7,#8]
 192 0016 1B01     	 lsls r3,r3,#4
 193 0018 043B     	 subs r3,r3,#4
 194 001a 3A6D     	 ldr r2,[r7,#80]
 195 001c 1344     	 add r3,r3,r2
 196 001e FB62     	 str r3,[r7,#44]
 181:../Dave/Generated/CMSIS_DSP/TransformFunctions/arm_rfft_f32.c ****   float32_t *pSrc1 = &pSrc[2], *pSrc2 = &pSrc[(2u * fftLen) - 1u];      /* temp pointers for input 
 197              	 .loc 1 181 0
 198 0020 FB68     	 ldr r3,[r7,#12]
 199 0022 0833     	 adds r3,r3,#8
 200 0024 BB62     	 str r3,[r7,#40]
 201 0026 BB68     	 ldr r3,[r7,#8]
 202 0028 DB00     	 lsls r3,r3,#3
 203 002a 043B     	 subs r3,r3,#4
 204 002c FA68     	 ldr r2,[r7,#12]
 205 002e 1344     	 add r3,r3,r2
 206 0030 7B62     	 str r3,[r7,#36]
 182:../Dave/Generated/CMSIS_DSP/TransformFunctions/arm_rfft_f32.c **** 
 183:../Dave/Generated/CMSIS_DSP/TransformFunctions/arm_rfft_f32.c ****   /* Init coefficient pointers */
 184:../Dave/Generated/CMSIS_DSP/TransformFunctions/arm_rfft_f32.c ****   pCoefA = &pATable[modifier * 2u];
 207              	 .loc 1 184 0
 208 0032 7B6D     	 ldr r3,[r7,#84]
 209 0034 DB00     	 lsls r3,r3,#3
 210 0036 7A68     	 ldr r2,[r7,#4]
 211 0038 1344     	 add r3,r3,r2
 212 003a BB63     	 str r3,[r7,#56]
 185:../Dave/Generated/CMSIS_DSP/TransformFunctions/arm_rfft_f32.c ****   pCoefB = &pBTable[modifier * 2u];
 213              	 .loc 1 185 0
 214 003c 7B6D     	 ldr r3,[r7,#84]
 215 003e DB00     	 lsls r3,r3,#3
 216 0040 3A68     	 ldr r2,[r7]
 217 0042 1344     	 add r3,r3,r2
 218 0044 7B63     	 str r3,[r7,#52]
 186:../Dave/Generated/CMSIS_DSP/TransformFunctions/arm_rfft_f32.c **** 
 187:../Dave/Generated/CMSIS_DSP/TransformFunctions/arm_rfft_f32.c ****   i = fftLen - 1u;
 219              	 .loc 1 187 0
 220 0046 BB68     	 ldr r3,[r7,#8]
 221 0048 013B     	 subs r3,r3,#1
 222 004a FB63     	 str r3,[r7,#60]
 188:../Dave/Generated/CMSIS_DSP/TransformFunctions/arm_rfft_f32.c **** 
 189:../Dave/Generated/CMSIS_DSP/TransformFunctions/arm_rfft_f32.c ****   while(i > 0u)
 223              	 .loc 1 189 0
 224 004c 8EE0     	 b .L7
 225              	.L8:
 190:../Dave/Generated/CMSIS_DSP/TransformFunctions/arm_rfft_f32.c ****   {
 191:../Dave/Generated/CMSIS_DSP/TransformFunctions/arm_rfft_f32.c ****     /*    
 192:../Dave/Generated/CMSIS_DSP/TransformFunctions/arm_rfft_f32.c ****        outR = (pSrc[2 * i] * pATable[2 * i] - pSrc[2 * i + 1] * pATable[2 * i + 1]    
 193:../Dave/Generated/CMSIS_DSP/TransformFunctions/arm_rfft_f32.c ****        + pSrc[2 * n - 2 * i] * pBTable[2 * i] +    
 194:../Dave/Generated/CMSIS_DSP/TransformFunctions/arm_rfft_f32.c ****        pSrc[2 * n - 2 * i + 1] * pBTable[2 * i + 1]);    
 195:../Dave/Generated/CMSIS_DSP/TransformFunctions/arm_rfft_f32.c ****      */
 196:../Dave/Generated/CMSIS_DSP/TransformFunctions/arm_rfft_f32.c **** 
 197:../Dave/Generated/CMSIS_DSP/TransformFunctions/arm_rfft_f32.c ****     /* outI = (pIn[2 * i + 1] * pATable[2 * i] + pIn[2 * i] * pATable[2 * i + 1] +    
 198:../Dave/Generated/CMSIS_DSP/TransformFunctions/arm_rfft_f32.c ****        pIn[2 * n - 2 * i] * pBTable[2 * i + 1] -    
 199:../Dave/Generated/CMSIS_DSP/TransformFunctions/arm_rfft_f32.c ****        pIn[2 * n - 2 * i + 1] * pBTable[2 * i]); */
 200:../Dave/Generated/CMSIS_DSP/TransformFunctions/arm_rfft_f32.c **** 
 201:../Dave/Generated/CMSIS_DSP/TransformFunctions/arm_rfft_f32.c ****     /* read pATable[2 * i] */
 202:../Dave/Generated/CMSIS_DSP/TransformFunctions/arm_rfft_f32.c ****     CoefA1 = *pCoefA++;
 226              	 .loc 1 202 0
 227 004e BB6B     	 ldr r3,[r7,#56]
 228 0050 1A1D     	 adds r2,r3,#4
 229 0052 BA63     	 str r2,[r7,#56]
 230 0054 1B68     	 ldr r3,[r3]
 231 0056 3B62     	 str r3,[r7,#32]
 203:../Dave/Generated/CMSIS_DSP/TransformFunctions/arm_rfft_f32.c ****     /* pATable[2 * i + 1] */
 204:../Dave/Generated/CMSIS_DSP/TransformFunctions/arm_rfft_f32.c ****     CoefA2 = *pCoefA;
 232              	 .loc 1 204 0
 233 0058 BB6B     	 ldr r3,[r7,#56]
 234 005a 1B68     	 ldr r3,[r3]
 235 005c FB61     	 str r3,[r7,#28]
 205:../Dave/Generated/CMSIS_DSP/TransformFunctions/arm_rfft_f32.c **** 
 206:../Dave/Generated/CMSIS_DSP/TransformFunctions/arm_rfft_f32.c ****     /* pSrc[2 * i] * pATable[2 * i] */
 207:../Dave/Generated/CMSIS_DSP/TransformFunctions/arm_rfft_f32.c ****     outR = *pSrc1 * CoefA1;
 236              	 .loc 1 207 0
 237 005e BB6A     	 ldr r3,[r7,#40]
 238 0060 1B68     	 ldr r3,[r3]
 239 0062 1846     	 mov r0,r3
 240 0064 396A     	 ldr r1,[r7,#32]
 241 0066 FFF7FEFF 	 bl __aeabi_fmul
 242 006a 0346     	 mov r3,r0
 243 006c BB61     	 str r3,[r7,#24]
 208:../Dave/Generated/CMSIS_DSP/TransformFunctions/arm_rfft_f32.c ****     /* pSrc[2 * i] * CoefA2 */
 209:../Dave/Generated/CMSIS_DSP/TransformFunctions/arm_rfft_f32.c ****     outI = *pSrc1++ * CoefA2;
 244              	 .loc 1 209 0
 245 006e BB6A     	 ldr r3,[r7,#40]
 246 0070 1A1D     	 adds r2,r3,#4
 247 0072 BA62     	 str r2,[r7,#40]
 248 0074 1B68     	 ldr r3,[r3]
 249 0076 1846     	 mov r0,r3
 250 0078 F969     	 ldr r1,[r7,#28]
 251 007a FFF7FEFF 	 bl __aeabi_fmul
 252 007e 0346     	 mov r3,r0
 253 0080 7B61     	 str r3,[r7,#20]
 210:../Dave/Generated/CMSIS_DSP/TransformFunctions/arm_rfft_f32.c **** 
 211:../Dave/Generated/CMSIS_DSP/TransformFunctions/arm_rfft_f32.c ****     /* (pSrc[2 * i + 1] + pSrc[2 * fftLen - 2 * i + 1]) * CoefA2 */
 212:../Dave/Generated/CMSIS_DSP/TransformFunctions/arm_rfft_f32.c ****     outR -= (*pSrc1 + *pSrc2) * CoefA2;
 254              	 .loc 1 212 0
 255 0082 BB6A     	 ldr r3,[r7,#40]
 256 0084 1A68     	 ldr r2,[r3]
 257 0086 7B6A     	 ldr r3,[r7,#36]
 258 0088 1B68     	 ldr r3,[r3]
 259 008a 1046     	 mov r0,r2
 260 008c 1946     	 mov r1,r3
 261 008e FFF7FEFF 	 bl __aeabi_fadd
 262 0092 0346     	 mov r3,r0
 263 0094 1846     	 mov r0,r3
 264 0096 F969     	 ldr r1,[r7,#28]
 265 0098 FFF7FEFF 	 bl __aeabi_fmul
 266 009c 0346     	 mov r3,r0
 267 009e B869     	 ldr r0,[r7,#24]
 268 00a0 1946     	 mov r1,r3
 269 00a2 FFF7FEFF 	 bl __aeabi_fsub
 270 00a6 0346     	 mov r3,r0
 271 00a8 BB61     	 str r3,[r7,#24]
 213:../Dave/Generated/CMSIS_DSP/TransformFunctions/arm_rfft_f32.c ****     /* pSrc[2 * i + 1] * CoefA1 */
 214:../Dave/Generated/CMSIS_DSP/TransformFunctions/arm_rfft_f32.c ****     outI += *pSrc1++ * CoefA1;
 272              	 .loc 1 214 0
 273 00aa BB6A     	 ldr r3,[r7,#40]
 274 00ac 1A1D     	 adds r2,r3,#4
 275 00ae BA62     	 str r2,[r7,#40]
 276 00b0 1B68     	 ldr r3,[r3]
 277 00b2 1846     	 mov r0,r3
 278 00b4 396A     	 ldr r1,[r7,#32]
 279 00b6 FFF7FEFF 	 bl __aeabi_fmul
 280 00ba 0346     	 mov r3,r0
 281 00bc 7869     	 ldr r0,[r7,#20]
 282 00be 1946     	 mov r1,r3
 283 00c0 FFF7FEFF 	 bl __aeabi_fadd
 284 00c4 0346     	 mov r3,r0
 285 00c6 7B61     	 str r3,[r7,#20]
 215:../Dave/Generated/CMSIS_DSP/TransformFunctions/arm_rfft_f32.c **** 
 216:../Dave/Generated/CMSIS_DSP/TransformFunctions/arm_rfft_f32.c ****     CoefB1 = *pCoefB;
 286              	 .loc 1 216 0
 287 00c8 7B6B     	 ldr r3,[r7,#52]
 288 00ca 1B68     	 ldr r3,[r3]
 289 00cc 3B61     	 str r3,[r7,#16]
 217:../Dave/Generated/CMSIS_DSP/TransformFunctions/arm_rfft_f32.c **** 
 218:../Dave/Generated/CMSIS_DSP/TransformFunctions/arm_rfft_f32.c ****     /* pSrc[2 * fftLen - 2 * i + 1] * CoefB1 */
 219:../Dave/Generated/CMSIS_DSP/TransformFunctions/arm_rfft_f32.c ****     outI -= *pSrc2-- * CoefB1;
 290              	 .loc 1 219 0
 291 00ce 7B6A     	 ldr r3,[r7,#36]
 292 00d0 1A1F     	 subs r2,r3,#4
 293 00d2 7A62     	 str r2,[r7,#36]
 294 00d4 1B68     	 ldr r3,[r3]
 295 00d6 1846     	 mov r0,r3
 296 00d8 3969     	 ldr r1,[r7,#16]
 297 00da FFF7FEFF 	 bl __aeabi_fmul
 298 00de 0346     	 mov r3,r0
 299 00e0 7869     	 ldr r0,[r7,#20]
 300 00e2 1946     	 mov r1,r3
 301 00e4 FFF7FEFF 	 bl __aeabi_fsub
 302 00e8 0346     	 mov r3,r0
 303 00ea 7B61     	 str r3,[r7,#20]
 220:../Dave/Generated/CMSIS_DSP/TransformFunctions/arm_rfft_f32.c ****     /* pSrc[2 * fftLen - 2 * i] * CoefA2 */
 221:../Dave/Generated/CMSIS_DSP/TransformFunctions/arm_rfft_f32.c ****     outI -= *pSrc2 * CoefA2;
 304              	 .loc 1 221 0
 305 00ec 7B6A     	 ldr r3,[r7,#36]
 306 00ee 1B68     	 ldr r3,[r3]
 307 00f0 1846     	 mov r0,r3
 308 00f2 F969     	 ldr r1,[r7,#28]
 309 00f4 FFF7FEFF 	 bl __aeabi_fmul
 310 00f8 0346     	 mov r3,r0
 311 00fa 7869     	 ldr r0,[r7,#20]
 312 00fc 1946     	 mov r1,r3
 313 00fe FFF7FEFF 	 bl __aeabi_fsub
 314 0102 0346     	 mov r3,r0
 315 0104 7B61     	 str r3,[r7,#20]
 222:../Dave/Generated/CMSIS_DSP/TransformFunctions/arm_rfft_f32.c **** 
 223:../Dave/Generated/CMSIS_DSP/TransformFunctions/arm_rfft_f32.c ****     /* pSrc[2 * fftLen - 2 * i] * CoefB1 */
 224:../Dave/Generated/CMSIS_DSP/TransformFunctions/arm_rfft_f32.c ****     outR += *pSrc2-- * CoefB1;
 316              	 .loc 1 224 0
 317 0106 7B6A     	 ldr r3,[r7,#36]
 318 0108 1A1F     	 subs r2,r3,#4
 319 010a 7A62     	 str r2,[r7,#36]
 320 010c 1B68     	 ldr r3,[r3]
 321 010e 1846     	 mov r0,r3
 322 0110 3969     	 ldr r1,[r7,#16]
 323 0112 FFF7FEFF 	 bl __aeabi_fmul
 324 0116 0346     	 mov r3,r0
 325 0118 B869     	 ldr r0,[r7,#24]
 326 011a 1946     	 mov r1,r3
 327 011c FFF7FEFF 	 bl __aeabi_fadd
 328 0120 0346     	 mov r3,r0
 329 0122 BB61     	 str r3,[r7,#24]
 225:../Dave/Generated/CMSIS_DSP/TransformFunctions/arm_rfft_f32.c **** 
 226:../Dave/Generated/CMSIS_DSP/TransformFunctions/arm_rfft_f32.c ****     /* write output */
 227:../Dave/Generated/CMSIS_DSP/TransformFunctions/arm_rfft_f32.c ****     *pDst1++ = outR;
 330              	 .loc 1 227 0
 331 0124 3B6B     	 ldr r3,[r7,#48]
 332 0126 1A1D     	 adds r2,r3,#4
 333 0128 3A63     	 str r2,[r7,#48]
 334 012a BA69     	 ldr r2,[r7,#24]
 335 012c 1A60     	 str r2,[r3]
 228:../Dave/Generated/CMSIS_DSP/TransformFunctions/arm_rfft_f32.c ****     *pDst1++ = outI;
 336              	 .loc 1 228 0
 337 012e 3B6B     	 ldr r3,[r7,#48]
 338 0130 1A1D     	 adds r2,r3,#4
 339 0132 3A63     	 str r2,[r7,#48]
 340 0134 7A69     	 ldr r2,[r7,#20]
 341 0136 1A60     	 str r2,[r3]
 229:../Dave/Generated/CMSIS_DSP/TransformFunctions/arm_rfft_f32.c **** 
 230:../Dave/Generated/CMSIS_DSP/TransformFunctions/arm_rfft_f32.c ****     /* write complex conjugate output */
 231:../Dave/Generated/CMSIS_DSP/TransformFunctions/arm_rfft_f32.c ****     *pDst2-- = -outI;
 342              	 .loc 1 231 0
 343 0138 FB6A     	 ldr r3,[r7,#44]
 344 013a 1A1F     	 subs r2,r3,#4
 345 013c FA62     	 str r2,[r7,#44]
 346 013e 7A69     	 ldr r2,[r7,#20]
 347 0140 82F00042 	 eor r2,r2,#-2147483648
 348 0144 1A60     	 str r2,[r3]
 232:../Dave/Generated/CMSIS_DSP/TransformFunctions/arm_rfft_f32.c ****     *pDst2-- = outR;
 349              	 .loc 1 232 0
 350 0146 FB6A     	 ldr r3,[r7,#44]
 351 0148 1A1F     	 subs r2,r3,#4
 352 014a FA62     	 str r2,[r7,#44]
 353 014c BA69     	 ldr r2,[r7,#24]
 354 014e 1A60     	 str r2,[r3]
 233:../Dave/Generated/CMSIS_DSP/TransformFunctions/arm_rfft_f32.c **** 
 234:../Dave/Generated/CMSIS_DSP/TransformFunctions/arm_rfft_f32.c ****     /* update coefficient pointer */
 235:../Dave/Generated/CMSIS_DSP/TransformFunctions/arm_rfft_f32.c ****     pCoefB = pCoefB + (modifier * 2u);
 355              	 .loc 1 235 0
 356 0150 7B6D     	 ldr r3,[r7,#84]
 357 0152 DB00     	 lsls r3,r3,#3
 358 0154 7A6B     	 ldr r2,[r7,#52]
 359 0156 1344     	 add r3,r3,r2
 360 0158 7B63     	 str r3,[r7,#52]
 236:../Dave/Generated/CMSIS_DSP/TransformFunctions/arm_rfft_f32.c ****     pCoefA = pCoefA + ((modifier * 2u) - 1u);
 361              	 .loc 1 236 0
 362 015a 7B6D     	 ldr r3,[r7,#84]
 363 015c DB00     	 lsls r3,r3,#3
 364 015e 043B     	 subs r3,r3,#4
 365 0160 BA6B     	 ldr r2,[r7,#56]
 366 0162 1344     	 add r3,r3,r2
 367 0164 BB63     	 str r3,[r7,#56]
 237:../Dave/Generated/CMSIS_DSP/TransformFunctions/arm_rfft_f32.c **** 
 238:../Dave/Generated/CMSIS_DSP/TransformFunctions/arm_rfft_f32.c ****     i--;
 368              	 .loc 1 238 0
 369 0166 FB6B     	 ldr r3,[r7,#60]
 370 0168 013B     	 subs r3,r3,#1
 371 016a FB63     	 str r3,[r7,#60]
 372              	.L7:
 189:../Dave/Generated/CMSIS_DSP/TransformFunctions/arm_rfft_f32.c ****   {
 373              	 .loc 1 189 0
 374 016c FB6B     	 ldr r3,[r7,#60]
 375 016e 002B     	 cmp r3,#0
 376 0170 7FF46DAF 	 bne .L8
 239:../Dave/Generated/CMSIS_DSP/TransformFunctions/arm_rfft_f32.c **** 
 240:../Dave/Generated/CMSIS_DSP/TransformFunctions/arm_rfft_f32.c ****   }
 241:../Dave/Generated/CMSIS_DSP/TransformFunctions/arm_rfft_f32.c **** 
 242:../Dave/Generated/CMSIS_DSP/TransformFunctions/arm_rfft_f32.c ****   pDst[2u * fftLen] = pSrc[0] - pSrc[1];
 377              	 .loc 1 242 0
 378 0174 BB68     	 ldr r3,[r7,#8]
 379 0176 DB00     	 lsls r3,r3,#3
 380 0178 3A6D     	 ldr r2,[r7,#80]
 381 017a D418     	 adds r4,r2,r3
 382 017c FB68     	 ldr r3,[r7,#12]
 383 017e 1A68     	 ldr r2,[r3]
 384 0180 FB68     	 ldr r3,[r7,#12]
 385 0182 0433     	 adds r3,r3,#4
 386 0184 1B68     	 ldr r3,[r3]
 387 0186 1046     	 mov r0,r2
 388 0188 1946     	 mov r1,r3
 389 018a FFF7FEFF 	 bl __aeabi_fsub
 390 018e 0346     	 mov r3,r0
 391 0190 2360     	 str r3,[r4]
 243:../Dave/Generated/CMSIS_DSP/TransformFunctions/arm_rfft_f32.c ****   pDst[(2u * fftLen) + 1u] = 0.0f;
 392              	 .loc 1 243 0
 393 0192 BB68     	 ldr r3,[r7,#8]
 394 0194 DB00     	 lsls r3,r3,#3
 395 0196 0433     	 adds r3,r3,#4
 396 0198 3A6D     	 ldr r2,[r7,#80]
 397 019a 1344     	 add r3,r3,r2
 398 019c 4FF00002 	 mov r2,#0
 399 01a0 1A60     	 str r2,[r3]
 244:../Dave/Generated/CMSIS_DSP/TransformFunctions/arm_rfft_f32.c **** 
 245:../Dave/Generated/CMSIS_DSP/TransformFunctions/arm_rfft_f32.c ****   pDst[0] = pSrc[0] + pSrc[1];
 400              	 .loc 1 245 0
 401 01a2 FB68     	 ldr r3,[r7,#12]
 402 01a4 1A68     	 ldr r2,[r3]
 403 01a6 FB68     	 ldr r3,[r7,#12]
 404 01a8 0433     	 adds r3,r3,#4
 405 01aa 1B68     	 ldr r3,[r3]
 406 01ac 1046     	 mov r0,r2
 407 01ae 1946     	 mov r1,r3
 408 01b0 FFF7FEFF 	 bl __aeabi_fadd
 409 01b4 0346     	 mov r3,r0
 410 01b6 1A46     	 mov r2,r3
 411 01b8 3B6D     	 ldr r3,[r7,#80]
 412 01ba 1A60     	 str r2,[r3]
 246:../Dave/Generated/CMSIS_DSP/TransformFunctions/arm_rfft_f32.c ****   pDst[1] = 0.0f;
 413              	 .loc 1 246 0
 414 01bc 3B6D     	 ldr r3,[r7,#80]
 415 01be 0433     	 adds r3,r3,#4
 416 01c0 4FF00002 	 mov r2,#0
 417 01c4 1A60     	 str r2,[r3]
 247:../Dave/Generated/CMSIS_DSP/TransformFunctions/arm_rfft_f32.c **** 
 248:../Dave/Generated/CMSIS_DSP/TransformFunctions/arm_rfft_f32.c **** }
 418              	 .loc 1 248 0
 419 01c6 4437     	 adds r7,r7,#68
 420              	.LCFI8:
 421              	 .cfi_def_cfa_offset 12
 422 01c8 BD46     	 mov sp,r7
 423              	.LCFI9:
 424              	 .cfi_def_cfa_register 13
 425              	 
 426 01ca 90BD     	 pop {r4,r7,pc}
 427              	 .cfi_endproc
 428              	.LFE140:
 430              	 .section .text.arm_split_rifft_f32,"ax",%progbits
 431              	 .align 2
 432              	 .global arm_split_rifft_f32
 433              	 .thumb
 434              	 .thumb_func
 436              	arm_split_rifft_f32:
 437              	.LFB141:
 249:../Dave/Generated/CMSIS_DSP/TransformFunctions/arm_rfft_f32.c **** 
 250:../Dave/Generated/CMSIS_DSP/TransformFunctions/arm_rfft_f32.c **** 
 251:../Dave/Generated/CMSIS_DSP/TransformFunctions/arm_rfft_f32.c **** /**    
 252:../Dave/Generated/CMSIS_DSP/TransformFunctions/arm_rfft_f32.c ****  * @brief  Core Real IFFT process    
 253:../Dave/Generated/CMSIS_DSP/TransformFunctions/arm_rfft_f32.c ****  * @param[in]   *pSrc 				points to the input buffer.    
 254:../Dave/Generated/CMSIS_DSP/TransformFunctions/arm_rfft_f32.c ****  * @param[in]   fftLen  			length of FFT.   
 255:../Dave/Generated/CMSIS_DSP/TransformFunctions/arm_rfft_f32.c ****  * @param[in]   *pATable 			points to the twiddle Coef A buffer.   
 256:../Dave/Generated/CMSIS_DSP/TransformFunctions/arm_rfft_f32.c ****  * @param[in]   *pBTable 			points to the twiddle Coef B buffer.   
 257:../Dave/Generated/CMSIS_DSP/TransformFunctions/arm_rfft_f32.c ****  * @param[out]  *pDst 				points to the output buffer.   
 258:../Dave/Generated/CMSIS_DSP/TransformFunctions/arm_rfft_f32.c ****  * @param[in]   modifier 	        twiddle coefficient modifier that supports different size FFTs wi
 259:../Dave/Generated/CMSIS_DSP/TransformFunctions/arm_rfft_f32.c ****  * @return none.    
 260:../Dave/Generated/CMSIS_DSP/TransformFunctions/arm_rfft_f32.c ****  */
 261:../Dave/Generated/CMSIS_DSP/TransformFunctions/arm_rfft_f32.c **** 
 262:../Dave/Generated/CMSIS_DSP/TransformFunctions/arm_rfft_f32.c **** void arm_split_rifft_f32(
 263:../Dave/Generated/CMSIS_DSP/TransformFunctions/arm_rfft_f32.c ****   float32_t * pSrc,
 264:../Dave/Generated/CMSIS_DSP/TransformFunctions/arm_rfft_f32.c ****   uint32_t fftLen,
 265:../Dave/Generated/CMSIS_DSP/TransformFunctions/arm_rfft_f32.c ****   float32_t * pATable,
 266:../Dave/Generated/CMSIS_DSP/TransformFunctions/arm_rfft_f32.c ****   float32_t * pBTable,
 267:../Dave/Generated/CMSIS_DSP/TransformFunctions/arm_rfft_f32.c ****   float32_t * pDst,
 268:../Dave/Generated/CMSIS_DSP/TransformFunctions/arm_rfft_f32.c ****   uint32_t modifier)
 269:../Dave/Generated/CMSIS_DSP/TransformFunctions/arm_rfft_f32.c **** {
 438              	 .loc 1 269 0
 439              	 .cfi_startproc
 440              	 
 441              	 
 442 0000 80B5     	 push {r7,lr}
 443              	.LCFI10:
 444              	 .cfi_def_cfa_offset 8
 445              	 .cfi_offset 7,-8
 446              	 .cfi_offset 14,-4
 447 0002 8EB0     	 sub sp,sp,#56
 448              	.LCFI11:
 449              	 .cfi_def_cfa_offset 64
 450 0004 00AF     	 add r7,sp,#0
 451              	.LCFI12:
 452              	 .cfi_def_cfa_register 7
 453 0006 F860     	 str r0,[r7,#12]
 454 0008 B960     	 str r1,[r7,#8]
 455 000a 7A60     	 str r2,[r7,#4]
 456 000c 3B60     	 str r3,[r7]
 270:../Dave/Generated/CMSIS_DSP/TransformFunctions/arm_rfft_f32.c ****   float32_t outR, outI;                          /* Temporary variables for output */
 271:../Dave/Generated/CMSIS_DSP/TransformFunctions/arm_rfft_f32.c ****   float32_t *pCoefA, *pCoefB;                    /* Temporary pointers for twiddle factors */
 272:../Dave/Generated/CMSIS_DSP/TransformFunctions/arm_rfft_f32.c ****   float32_t CoefA1, CoefA2, CoefB1;              /* Temporary variables for twiddle coefficients */
 273:../Dave/Generated/CMSIS_DSP/TransformFunctions/arm_rfft_f32.c ****   float32_t *pSrc1 = &pSrc[0], *pSrc2 = &pSrc[(2u * fftLen) + 1u];
 457              	 .loc 1 273 0
 458 000e FB68     	 ldr r3,[r7,#12]
 459 0010 FB62     	 str r3,[r7,#44]
 460 0012 BB68     	 ldr r3,[r7,#8]
 461 0014 DB00     	 lsls r3,r3,#3
 462 0016 0433     	 adds r3,r3,#4
 463 0018 FA68     	 ldr r2,[r7,#12]
 464 001a 1344     	 add r3,r3,r2
 465 001c BB62     	 str r3,[r7,#40]
 274:../Dave/Generated/CMSIS_DSP/TransformFunctions/arm_rfft_f32.c **** 
 275:../Dave/Generated/CMSIS_DSP/TransformFunctions/arm_rfft_f32.c ****   pCoefA = &pATable[0];
 466              	 .loc 1 275 0
 467 001e 7B68     	 ldr r3,[r7,#4]
 468 0020 7B63     	 str r3,[r7,#52]
 276:../Dave/Generated/CMSIS_DSP/TransformFunctions/arm_rfft_f32.c ****   pCoefB = &pBTable[0];
 469              	 .loc 1 276 0
 470 0022 3B68     	 ldr r3,[r7]
 471 0024 3B63     	 str r3,[r7,#48]
 277:../Dave/Generated/CMSIS_DSP/TransformFunctions/arm_rfft_f32.c **** 
 278:../Dave/Generated/CMSIS_DSP/TransformFunctions/arm_rfft_f32.c ****   while(fftLen > 0u)
 472              	 .loc 1 278 0
 473 0026 84E0     	 b .L10
 474              	.L11:
 279:../Dave/Generated/CMSIS_DSP/TransformFunctions/arm_rfft_f32.c ****   {
 280:../Dave/Generated/CMSIS_DSP/TransformFunctions/arm_rfft_f32.c ****     /*    
 281:../Dave/Generated/CMSIS_DSP/TransformFunctions/arm_rfft_f32.c ****        outR = (pIn[2 * i] * pATable[2 * i] + pIn[2 * i + 1] * pATable[2 * i + 1] +    
 282:../Dave/Generated/CMSIS_DSP/TransformFunctions/arm_rfft_f32.c ****        pIn[2 * n - 2 * i] * pBTable[2 * i] -    
 283:../Dave/Generated/CMSIS_DSP/TransformFunctions/arm_rfft_f32.c ****        pIn[2 * n - 2 * i + 1] * pBTable[2 * i + 1]);    
 284:../Dave/Generated/CMSIS_DSP/TransformFunctions/arm_rfft_f32.c **** 
 285:../Dave/Generated/CMSIS_DSP/TransformFunctions/arm_rfft_f32.c ****        outI = (pIn[2 * i + 1] * pATable[2 * i] - pIn[2 * i] * pATable[2 * i + 1] -    
 286:../Dave/Generated/CMSIS_DSP/TransformFunctions/arm_rfft_f32.c ****        pIn[2 * n - 2 * i] * pBTable[2 * i + 1] -    
 287:../Dave/Generated/CMSIS_DSP/TransformFunctions/arm_rfft_f32.c ****        pIn[2 * n - 2 * i + 1] * pBTable[2 * i]);    
 288:../Dave/Generated/CMSIS_DSP/TransformFunctions/arm_rfft_f32.c **** 
 289:../Dave/Generated/CMSIS_DSP/TransformFunctions/arm_rfft_f32.c ****      */
 290:../Dave/Generated/CMSIS_DSP/TransformFunctions/arm_rfft_f32.c **** 
 291:../Dave/Generated/CMSIS_DSP/TransformFunctions/arm_rfft_f32.c ****     CoefA1 = *pCoefA++;
 475              	 .loc 1 291 0
 476 0028 7B6B     	 ldr r3,[r7,#52]
 477 002a 1A1D     	 adds r2,r3,#4
 478 002c 7A63     	 str r2,[r7,#52]
 479 002e 1B68     	 ldr r3,[r3]
 480 0030 7B62     	 str r3,[r7,#36]
 292:../Dave/Generated/CMSIS_DSP/TransformFunctions/arm_rfft_f32.c ****     CoefA2 = *pCoefA;
 481              	 .loc 1 292 0
 482 0032 7B6B     	 ldr r3,[r7,#52]
 483 0034 1B68     	 ldr r3,[r3]
 484 0036 3B62     	 str r3,[r7,#32]
 293:../Dave/Generated/CMSIS_DSP/TransformFunctions/arm_rfft_f32.c **** 
 294:../Dave/Generated/CMSIS_DSP/TransformFunctions/arm_rfft_f32.c ****     /* outR = (pSrc[2 * i] * CoefA1 */
 295:../Dave/Generated/CMSIS_DSP/TransformFunctions/arm_rfft_f32.c ****     outR = *pSrc1 * CoefA1;
 485              	 .loc 1 295 0
 486 0038 FB6A     	 ldr r3,[r7,#44]
 487 003a 1B68     	 ldr r3,[r3]
 488 003c 1846     	 mov r0,r3
 489 003e 796A     	 ldr r1,[r7,#36]
 490 0040 FFF7FEFF 	 bl __aeabi_fmul
 491 0044 0346     	 mov r3,r0
 492 0046 FB61     	 str r3,[r7,#28]
 296:../Dave/Generated/CMSIS_DSP/TransformFunctions/arm_rfft_f32.c **** 
 297:../Dave/Generated/CMSIS_DSP/TransformFunctions/arm_rfft_f32.c ****     /* - pSrc[2 * i] * CoefA2 */
 298:../Dave/Generated/CMSIS_DSP/TransformFunctions/arm_rfft_f32.c ****     outI = -(*pSrc1++) * CoefA2;
 493              	 .loc 1 298 0
 494 0048 FB6A     	 ldr r3,[r7,#44]
 495 004a 1A1D     	 adds r2,r3,#4
 496 004c FA62     	 str r2,[r7,#44]
 497 004e 1B68     	 ldr r3,[r3]
 498 0050 83F00043 	 eor r3,r3,#-2147483648
 499 0054 1846     	 mov r0,r3
 500 0056 396A     	 ldr r1,[r7,#32]
 501 0058 FFF7FEFF 	 bl __aeabi_fmul
 502 005c 0346     	 mov r3,r0
 503 005e BB61     	 str r3,[r7,#24]
 299:../Dave/Generated/CMSIS_DSP/TransformFunctions/arm_rfft_f32.c **** 
 300:../Dave/Generated/CMSIS_DSP/TransformFunctions/arm_rfft_f32.c ****     /* (pSrc[2 * i + 1] + pSrc[2 * fftLen - 2 * i + 1]) * CoefA2 */
 301:../Dave/Generated/CMSIS_DSP/TransformFunctions/arm_rfft_f32.c ****     outR += (*pSrc1 + *pSrc2) * CoefA2;
 504              	 .loc 1 301 0
 505 0060 FB6A     	 ldr r3,[r7,#44]
 506 0062 1A68     	 ldr r2,[r3]
 507 0064 BB6A     	 ldr r3,[r7,#40]
 508 0066 1B68     	 ldr r3,[r3]
 509 0068 1046     	 mov r0,r2
 510 006a 1946     	 mov r1,r3
 511 006c FFF7FEFF 	 bl __aeabi_fadd
 512 0070 0346     	 mov r3,r0
 513 0072 1846     	 mov r0,r3
 514 0074 396A     	 ldr r1,[r7,#32]
 515 0076 FFF7FEFF 	 bl __aeabi_fmul
 516 007a 0346     	 mov r3,r0
 517 007c F869     	 ldr r0,[r7,#28]
 518 007e 1946     	 mov r1,r3
 519 0080 FFF7FEFF 	 bl __aeabi_fadd
 520 0084 0346     	 mov r3,r0
 521 0086 FB61     	 str r3,[r7,#28]
 302:../Dave/Generated/CMSIS_DSP/TransformFunctions/arm_rfft_f32.c **** 
 303:../Dave/Generated/CMSIS_DSP/TransformFunctions/arm_rfft_f32.c ****     /* pSrc[2 * i + 1] * CoefA1 */
 304:../Dave/Generated/CMSIS_DSP/TransformFunctions/arm_rfft_f32.c ****     outI += (*pSrc1++) * CoefA1;
 522              	 .loc 1 304 0
 523 0088 FB6A     	 ldr r3,[r7,#44]
 524 008a 1A1D     	 adds r2,r3,#4
 525 008c FA62     	 str r2,[r7,#44]
 526 008e 1B68     	 ldr r3,[r3]
 527 0090 1846     	 mov r0,r3
 528 0092 796A     	 ldr r1,[r7,#36]
 529 0094 FFF7FEFF 	 bl __aeabi_fmul
 530 0098 0346     	 mov r3,r0
 531 009a B869     	 ldr r0,[r7,#24]
 532 009c 1946     	 mov r1,r3
 533 009e FFF7FEFF 	 bl __aeabi_fadd
 534 00a2 0346     	 mov r3,r0
 535 00a4 BB61     	 str r3,[r7,#24]
 305:../Dave/Generated/CMSIS_DSP/TransformFunctions/arm_rfft_f32.c **** 
 306:../Dave/Generated/CMSIS_DSP/TransformFunctions/arm_rfft_f32.c ****     CoefB1 = *pCoefB;
 536              	 .loc 1 306 0
 537 00a6 3B6B     	 ldr r3,[r7,#48]
 538 00a8 1B68     	 ldr r3,[r3]
 539 00aa 7B61     	 str r3,[r7,#20]
 307:../Dave/Generated/CMSIS_DSP/TransformFunctions/arm_rfft_f32.c **** 
 308:../Dave/Generated/CMSIS_DSP/TransformFunctions/arm_rfft_f32.c ****     /* - pSrc[2 * fftLen - 2 * i + 1] * CoefB1 */
 309:../Dave/Generated/CMSIS_DSP/TransformFunctions/arm_rfft_f32.c ****     outI -= *pSrc2-- * CoefB1;
 540              	 .loc 1 309 0
 541 00ac BB6A     	 ldr r3,[r7,#40]
 542 00ae 1A1F     	 subs r2,r3,#4
 543 00b0 BA62     	 str r2,[r7,#40]
 544 00b2 1B68     	 ldr r3,[r3]
 545 00b4 1846     	 mov r0,r3
 546 00b6 7969     	 ldr r1,[r7,#20]
 547 00b8 FFF7FEFF 	 bl __aeabi_fmul
 548 00bc 0346     	 mov r3,r0
 549 00be B869     	 ldr r0,[r7,#24]
 550 00c0 1946     	 mov r1,r3
 551 00c2 FFF7FEFF 	 bl __aeabi_fsub
 552 00c6 0346     	 mov r3,r0
 553 00c8 BB61     	 str r3,[r7,#24]
 310:../Dave/Generated/CMSIS_DSP/TransformFunctions/arm_rfft_f32.c **** 
 311:../Dave/Generated/CMSIS_DSP/TransformFunctions/arm_rfft_f32.c ****     /* pSrc[2 * fftLen - 2 * i] * CoefB1 */
 312:../Dave/Generated/CMSIS_DSP/TransformFunctions/arm_rfft_f32.c ****     outR += *pSrc2 * CoefB1;
 554              	 .loc 1 312 0
 555 00ca BB6A     	 ldr r3,[r7,#40]
 556 00cc 1B68     	 ldr r3,[r3]
 557 00ce 1846     	 mov r0,r3
 558 00d0 7969     	 ldr r1,[r7,#20]
 559 00d2 FFF7FEFF 	 bl __aeabi_fmul
 560 00d6 0346     	 mov r3,r0
 561 00d8 F869     	 ldr r0,[r7,#28]
 562 00da 1946     	 mov r1,r3
 563 00dc FFF7FEFF 	 bl __aeabi_fadd
 564 00e0 0346     	 mov r3,r0
 565 00e2 FB61     	 str r3,[r7,#28]
 313:../Dave/Generated/CMSIS_DSP/TransformFunctions/arm_rfft_f32.c **** 
 314:../Dave/Generated/CMSIS_DSP/TransformFunctions/arm_rfft_f32.c ****     /* pSrc[2 * fftLen - 2 * i] * CoefA2 */
 315:../Dave/Generated/CMSIS_DSP/TransformFunctions/arm_rfft_f32.c ****     outI += *pSrc2-- * CoefA2;
 566              	 .loc 1 315 0
 567 00e4 BB6A     	 ldr r3,[r7,#40]
 568 00e6 1A1F     	 subs r2,r3,#4
 569 00e8 BA62     	 str r2,[r7,#40]
 570 00ea 1B68     	 ldr r3,[r3]
 571 00ec 1846     	 mov r0,r3
 572 00ee 396A     	 ldr r1,[r7,#32]
 573 00f0 FFF7FEFF 	 bl __aeabi_fmul
 574 00f4 0346     	 mov r3,r0
 575 00f6 B869     	 ldr r0,[r7,#24]
 576 00f8 1946     	 mov r1,r3
 577 00fa FFF7FEFF 	 bl __aeabi_fadd
 578 00fe 0346     	 mov r3,r0
 579 0100 BB61     	 str r3,[r7,#24]
 316:../Dave/Generated/CMSIS_DSP/TransformFunctions/arm_rfft_f32.c **** 
 317:../Dave/Generated/CMSIS_DSP/TransformFunctions/arm_rfft_f32.c ****     /* write output */
 318:../Dave/Generated/CMSIS_DSP/TransformFunctions/arm_rfft_f32.c ****     *pDst++ = outR;
 580              	 .loc 1 318 0
 581 0102 3B6C     	 ldr r3,[r7,#64]
 582 0104 1A1D     	 adds r2,r3,#4
 583 0106 3A64     	 str r2,[r7,#64]
 584 0108 FA69     	 ldr r2,[r7,#28]
 585 010a 1A60     	 str r2,[r3]
 319:../Dave/Generated/CMSIS_DSP/TransformFunctions/arm_rfft_f32.c ****     *pDst++ = outI;
 586              	 .loc 1 319 0
 587 010c 3B6C     	 ldr r3,[r7,#64]
 588 010e 1A1D     	 adds r2,r3,#4
 589 0110 3A64     	 str r2,[r7,#64]
 590 0112 BA69     	 ldr r2,[r7,#24]
 591 0114 1A60     	 str r2,[r3]
 320:../Dave/Generated/CMSIS_DSP/TransformFunctions/arm_rfft_f32.c **** 
 321:../Dave/Generated/CMSIS_DSP/TransformFunctions/arm_rfft_f32.c ****     /* update coefficient pointer */
 322:../Dave/Generated/CMSIS_DSP/TransformFunctions/arm_rfft_f32.c ****     pCoefB = pCoefB + (modifier * 2u);
 592              	 .loc 1 322 0
 593 0116 7B6C     	 ldr r3,[r7,#68]
 594 0118 DB00     	 lsls r3,r3,#3
 595 011a 3A6B     	 ldr r2,[r7,#48]
 596 011c 1344     	 add r3,r3,r2
 597 011e 3B63     	 str r3,[r7,#48]
 323:../Dave/Generated/CMSIS_DSP/TransformFunctions/arm_rfft_f32.c ****     pCoefA = pCoefA + ((modifier * 2u) - 1u);
 598              	 .loc 1 323 0
 599 0120 7B6C     	 ldr r3,[r7,#68]
 600 0122 DB00     	 lsls r3,r3,#3
 601 0124 043B     	 subs r3,r3,#4
 602 0126 7A6B     	 ldr r2,[r7,#52]
 603 0128 1344     	 add r3,r3,r2
 604 012a 7B63     	 str r3,[r7,#52]
 324:../Dave/Generated/CMSIS_DSP/TransformFunctions/arm_rfft_f32.c **** 
 325:../Dave/Generated/CMSIS_DSP/TransformFunctions/arm_rfft_f32.c ****     /* Decrement loop count */
 326:../Dave/Generated/CMSIS_DSP/TransformFunctions/arm_rfft_f32.c ****     fftLen--;
 605              	 .loc 1 326 0
 606 012c BB68     	 ldr r3,[r7,#8]
 607 012e 013B     	 subs r3,r3,#1
 608 0130 BB60     	 str r3,[r7,#8]
 609              	.L10:
 278:../Dave/Generated/CMSIS_DSP/TransformFunctions/arm_rfft_f32.c ****   {
 610              	 .loc 1 278 0
 611 0132 BB68     	 ldr r3,[r7,#8]
 612 0134 002B     	 cmp r3,#0
 613 0136 7FF477AF 	 bne .L11
 327:../Dave/Generated/CMSIS_DSP/TransformFunctions/arm_rfft_f32.c ****   }
 328:../Dave/Generated/CMSIS_DSP/TransformFunctions/arm_rfft_f32.c **** 
 329:../Dave/Generated/CMSIS_DSP/TransformFunctions/arm_rfft_f32.c **** }
 614              	 .loc 1 329 0
 615 013a 3837     	 adds r7,r7,#56
 616              	.LCFI13:
 617              	 .cfi_def_cfa_offset 8
 618 013c BD46     	 mov sp,r7
 619              	.LCFI14:
 620              	 .cfi_def_cfa_register 13
 621              	 
 622 013e 80BD     	 pop {r7,pc}
 623              	 .cfi_endproc
 624              	.LFE141:
 626              	 .text
 627              	.Letext0:
 628              	 .file 2 "c:\\davev4-64bit\\dave-4.2.6\\eclipse\\arm-gcc-49\\arm-none-eabi\\include\\machine\\_default_types.h"
 629              	 .file 3 "c:\\davev4-64bit\\dave-4.2.6\\eclipse\\arm-gcc-49\\arm-none-eabi\\include\\stdint.h"
 630              	 .file 4 "C:\\Users\\Depes Crystalline\\Desktop\\school\\Active_Bike_Lighting_System\\Radar_Core\\Dave\\Generated/CMSIS_DSP/arm_math.h"
DEFINED SYMBOLS
                            *ABS*:00000000 arm_rfft_f32.c
    {standard input}:19     .text.arm_rfft_f32:00000000 $t
    {standard input}:24     .text.arm_rfft_f32:00000000 arm_rfft_f32
    {standard input}:436    .text.arm_split_rifft_f32:00000000 arm_split_rifft_f32
    {standard input}:165    .text.arm_split_rfft_f32:00000000 arm_split_rfft_f32
    {standard input}:160    .text.arm_split_rfft_f32:00000000 $t
    {standard input}:431    .text.arm_split_rifft_f32:00000000 $t
                     .debug_frame:00000010 $d

UNDEFINED SYMBOLS
arm_radix4_butterfly_inverse_f32
arm_bitreversal_f32
arm_radix4_butterfly_f32
__aeabi_fmul
__aeabi_fadd
__aeabi_fsub
