   1              	 .syntax unified
   2              	 .cpu cortex-m4
   3              	 .fpu softvfp
   4              	 .eabi_attribute 20,1
   5              	 .eabi_attribute 21,1
   6              	 .eabi_attribute 23,3
   7              	 .eabi_attribute 24,1
   8              	 .eabi_attribute 25,1
   9              	 .eabi_attribute 26,1
  10              	 .eabi_attribute 30,6
  11              	 .eabi_attribute 34,1
  12              	 .eabi_attribute 18,4
  13              	 .thumb
  14              	 .file "arm_cmplx_mult_real_q31.c"
  15              	 .text
  16              	.Ltext0:
  17              	 .cfi_sections .debug_frame
  18              	 .section .text.arm_cmplx_mult_real_q31,"ax",%progbits
  19              	 .align 2
  20              	 .global arm_cmplx_mult_real_q31
  21              	 .thumb
  22              	 .thumb_func
  24              	arm_cmplx_mult_real_q31:
  25              	.LFB139:
  26              	 .file 1 "../Dave/Generated/CMSIS_DSP/ComplexMathFunctions/arm_cmplx_mult_real_q31.c"
   1:../Dave/Generated/CMSIS_DSP/ComplexMathFunctions/arm_cmplx_mult_real_q31.c **** /* ----------------------------------------------------------------------    
   2:../Dave/Generated/CMSIS_DSP/ComplexMathFunctions/arm_cmplx_mult_real_q31.c **** * Copyright (C) 2010-2014 ARM Limited. All rights reserved.    
   3:../Dave/Generated/CMSIS_DSP/ComplexMathFunctions/arm_cmplx_mult_real_q31.c **** *    
   4:../Dave/Generated/CMSIS_DSP/ComplexMathFunctions/arm_cmplx_mult_real_q31.c **** * $Date:        12. March 2014
   5:../Dave/Generated/CMSIS_DSP/ComplexMathFunctions/arm_cmplx_mult_real_q31.c **** * $Revision: 	V1.4.4
   6:../Dave/Generated/CMSIS_DSP/ComplexMathFunctions/arm_cmplx_mult_real_q31.c **** *    
   7:../Dave/Generated/CMSIS_DSP/ComplexMathFunctions/arm_cmplx_mult_real_q31.c **** * Project: 	    CMSIS DSP Library    
   8:../Dave/Generated/CMSIS_DSP/ComplexMathFunctions/arm_cmplx_mult_real_q31.c **** * Title:	    arm_cmplx_mult_real_q31.c    
   9:../Dave/Generated/CMSIS_DSP/ComplexMathFunctions/arm_cmplx_mult_real_q31.c **** *    
  10:../Dave/Generated/CMSIS_DSP/ComplexMathFunctions/arm_cmplx_mult_real_q31.c **** * Description:	Q31 complex by real multiplication    
  11:../Dave/Generated/CMSIS_DSP/ComplexMathFunctions/arm_cmplx_mult_real_q31.c **** *    
  12:../Dave/Generated/CMSIS_DSP/ComplexMathFunctions/arm_cmplx_mult_real_q31.c **** * Target Processor: Cortex-M4/Cortex-M3/Cortex-M0
  13:../Dave/Generated/CMSIS_DSP/ComplexMathFunctions/arm_cmplx_mult_real_q31.c **** *  
  14:../Dave/Generated/CMSIS_DSP/ComplexMathFunctions/arm_cmplx_mult_real_q31.c **** * Redistribution and use in source and binary forms, with or without 
  15:../Dave/Generated/CMSIS_DSP/ComplexMathFunctions/arm_cmplx_mult_real_q31.c **** * modification, are permitted provided that the following conditions
  16:../Dave/Generated/CMSIS_DSP/ComplexMathFunctions/arm_cmplx_mult_real_q31.c **** * are met:
  17:../Dave/Generated/CMSIS_DSP/ComplexMathFunctions/arm_cmplx_mult_real_q31.c **** *   - Redistributions of source code must retain the above copyright
  18:../Dave/Generated/CMSIS_DSP/ComplexMathFunctions/arm_cmplx_mult_real_q31.c **** *     notice, this list of conditions and the following disclaimer.
  19:../Dave/Generated/CMSIS_DSP/ComplexMathFunctions/arm_cmplx_mult_real_q31.c **** *   - Redistributions in binary form must reproduce the above copyright
  20:../Dave/Generated/CMSIS_DSP/ComplexMathFunctions/arm_cmplx_mult_real_q31.c **** *     notice, this list of conditions and the following disclaimer in
  21:../Dave/Generated/CMSIS_DSP/ComplexMathFunctions/arm_cmplx_mult_real_q31.c **** *     the documentation and/or other materials provided with the 
  22:../Dave/Generated/CMSIS_DSP/ComplexMathFunctions/arm_cmplx_mult_real_q31.c **** *     distribution.
  23:../Dave/Generated/CMSIS_DSP/ComplexMathFunctions/arm_cmplx_mult_real_q31.c **** *   - Neither the name of ARM LIMITED nor the names of its contributors
  24:../Dave/Generated/CMSIS_DSP/ComplexMathFunctions/arm_cmplx_mult_real_q31.c **** *     may be used to endorse or promote products derived from this
  25:../Dave/Generated/CMSIS_DSP/ComplexMathFunctions/arm_cmplx_mult_real_q31.c **** *     software without specific prior written permission.
  26:../Dave/Generated/CMSIS_DSP/ComplexMathFunctions/arm_cmplx_mult_real_q31.c **** *
  27:../Dave/Generated/CMSIS_DSP/ComplexMathFunctions/arm_cmplx_mult_real_q31.c **** * THIS SOFTWARE IS PROVIDED BY THE COPYRIGHT HOLDERS AND CONTRIBUTORS
  28:../Dave/Generated/CMSIS_DSP/ComplexMathFunctions/arm_cmplx_mult_real_q31.c **** * "AS IS" AND ANY EXPRESS OR IMPLIED WARRANTIES, INCLUDING, BUT NOT
  29:../Dave/Generated/CMSIS_DSP/ComplexMathFunctions/arm_cmplx_mult_real_q31.c **** * LIMITED TO, THE IMPLIED WARRANTIES OF MERCHANTABILITY AND FITNESS
  30:../Dave/Generated/CMSIS_DSP/ComplexMathFunctions/arm_cmplx_mult_real_q31.c **** * FOR A PARTICULAR PURPOSE ARE DISCLAIMED. IN NO EVENT SHALL THE 
  31:../Dave/Generated/CMSIS_DSP/ComplexMathFunctions/arm_cmplx_mult_real_q31.c **** * COPYRIGHT OWNER OR CONTRIBUTORS BE LIABLE FOR ANY DIRECT, INDIRECT,
  32:../Dave/Generated/CMSIS_DSP/ComplexMathFunctions/arm_cmplx_mult_real_q31.c **** * INCIDENTAL, SPECIAL, EXEMPLARY, OR CONSEQUENTIAL DAMAGES (INCLUDING,
  33:../Dave/Generated/CMSIS_DSP/ComplexMathFunctions/arm_cmplx_mult_real_q31.c **** * BUT NOT LIMITED TO, PROCUREMENT OF SUBSTITUTE GOODS OR SERVICES;
  34:../Dave/Generated/CMSIS_DSP/ComplexMathFunctions/arm_cmplx_mult_real_q31.c **** * LOSS OF USE, DATA, OR PROFITS; OR BUSINESS INTERRUPTION) HOWEVER
  35:../Dave/Generated/CMSIS_DSP/ComplexMathFunctions/arm_cmplx_mult_real_q31.c **** * CAUSED AND ON ANY THEORY OF LIABILITY, WHETHER IN CONTRACT, STRICT
  36:../Dave/Generated/CMSIS_DSP/ComplexMathFunctions/arm_cmplx_mult_real_q31.c **** * LIABILITY, OR TORT (INCLUDING NEGLIGENCE OR OTHERWISE) ARISING IN
  37:../Dave/Generated/CMSIS_DSP/ComplexMathFunctions/arm_cmplx_mult_real_q31.c **** * ANY WAY OUT OF THE USE OF THIS SOFTWARE, EVEN IF ADVISED OF THE
  38:../Dave/Generated/CMSIS_DSP/ComplexMathFunctions/arm_cmplx_mult_real_q31.c **** * POSSIBILITY OF SUCH DAMAGE.   
  39:../Dave/Generated/CMSIS_DSP/ComplexMathFunctions/arm_cmplx_mult_real_q31.c **** * -------------------------------------------------------------------- */
  40:../Dave/Generated/CMSIS_DSP/ComplexMathFunctions/arm_cmplx_mult_real_q31.c **** 
  41:../Dave/Generated/CMSIS_DSP/ComplexMathFunctions/arm_cmplx_mult_real_q31.c **** #include "CMSIS_DSP/cmsis_dsp.h"
  42:../Dave/Generated/CMSIS_DSP/ComplexMathFunctions/arm_cmplx_mult_real_q31.c **** 
  43:../Dave/Generated/CMSIS_DSP/ComplexMathFunctions/arm_cmplx_mult_real_q31.c **** /**    
  44:../Dave/Generated/CMSIS_DSP/ComplexMathFunctions/arm_cmplx_mult_real_q31.c ****  * @ingroup groupCmplxMath    
  45:../Dave/Generated/CMSIS_DSP/ComplexMathFunctions/arm_cmplx_mult_real_q31.c ****  */
  46:../Dave/Generated/CMSIS_DSP/ComplexMathFunctions/arm_cmplx_mult_real_q31.c **** 
  47:../Dave/Generated/CMSIS_DSP/ComplexMathFunctions/arm_cmplx_mult_real_q31.c **** /**    
  48:../Dave/Generated/CMSIS_DSP/ComplexMathFunctions/arm_cmplx_mult_real_q31.c ****  * @addtogroup CmplxByRealMult    
  49:../Dave/Generated/CMSIS_DSP/ComplexMathFunctions/arm_cmplx_mult_real_q31.c ****  * @{    
  50:../Dave/Generated/CMSIS_DSP/ComplexMathFunctions/arm_cmplx_mult_real_q31.c ****  */
  51:../Dave/Generated/CMSIS_DSP/ComplexMathFunctions/arm_cmplx_mult_real_q31.c **** 
  52:../Dave/Generated/CMSIS_DSP/ComplexMathFunctions/arm_cmplx_mult_real_q31.c **** 
  53:../Dave/Generated/CMSIS_DSP/ComplexMathFunctions/arm_cmplx_mult_real_q31.c **** /**    
  54:../Dave/Generated/CMSIS_DSP/ComplexMathFunctions/arm_cmplx_mult_real_q31.c ****  * @brief  Q31 complex-by-real multiplication    
  55:../Dave/Generated/CMSIS_DSP/ComplexMathFunctions/arm_cmplx_mult_real_q31.c ****  * @param[in]  *pSrcCmplx points to the complex input vector    
  56:../Dave/Generated/CMSIS_DSP/ComplexMathFunctions/arm_cmplx_mult_real_q31.c ****  * @param[in]  *pSrcReal points to the real input vector    
  57:../Dave/Generated/CMSIS_DSP/ComplexMathFunctions/arm_cmplx_mult_real_q31.c ****  * @param[out]  *pCmplxDst points to the complex output vector    
  58:../Dave/Generated/CMSIS_DSP/ComplexMathFunctions/arm_cmplx_mult_real_q31.c ****  * @param[in]  numSamples number of samples in each vector    
  59:../Dave/Generated/CMSIS_DSP/ComplexMathFunctions/arm_cmplx_mult_real_q31.c ****  * @return none.    
  60:../Dave/Generated/CMSIS_DSP/ComplexMathFunctions/arm_cmplx_mult_real_q31.c ****  *    
  61:../Dave/Generated/CMSIS_DSP/ComplexMathFunctions/arm_cmplx_mult_real_q31.c ****  * <b>Scaling and Overflow Behavior:</b>    
  62:../Dave/Generated/CMSIS_DSP/ComplexMathFunctions/arm_cmplx_mult_real_q31.c ****  * \par    
  63:../Dave/Generated/CMSIS_DSP/ComplexMathFunctions/arm_cmplx_mult_real_q31.c ****  * The function uses saturating arithmetic.    
  64:../Dave/Generated/CMSIS_DSP/ComplexMathFunctions/arm_cmplx_mult_real_q31.c ****  * Results outside of the allowable Q31 range[0x80000000 0x7FFFFFFF] will be saturated.    
  65:../Dave/Generated/CMSIS_DSP/ComplexMathFunctions/arm_cmplx_mult_real_q31.c ****  */
  66:../Dave/Generated/CMSIS_DSP/ComplexMathFunctions/arm_cmplx_mult_real_q31.c **** 
  67:../Dave/Generated/CMSIS_DSP/ComplexMathFunctions/arm_cmplx_mult_real_q31.c **** void arm_cmplx_mult_real_q31(
  68:../Dave/Generated/CMSIS_DSP/ComplexMathFunctions/arm_cmplx_mult_real_q31.c ****   q31_t * pSrcCmplx,
  69:../Dave/Generated/CMSIS_DSP/ComplexMathFunctions/arm_cmplx_mult_real_q31.c ****   q31_t * pSrcReal,
  70:../Dave/Generated/CMSIS_DSP/ComplexMathFunctions/arm_cmplx_mult_real_q31.c ****   q31_t * pCmplxDst,
  71:../Dave/Generated/CMSIS_DSP/ComplexMathFunctions/arm_cmplx_mult_real_q31.c ****   uint32_t numSamples)
  72:../Dave/Generated/CMSIS_DSP/ComplexMathFunctions/arm_cmplx_mult_real_q31.c **** {
  27              	 .loc 1 72 0
  28              	 .cfi_startproc
  29              	 
  30              	 
  31              	 
  32 0000 2DE9B00F 	 push {r4,r5,r7,r8,r9,r10,fp}
  33              	.LCFI0:
  34              	 .cfi_def_cfa_offset 28
  35              	 .cfi_offset 4,-28
  36              	 .cfi_offset 5,-24
  37              	 .cfi_offset 7,-20
  38              	 .cfi_offset 8,-16
  39              	 .cfi_offset 9,-12
  40              	 .cfi_offset 10,-8
  41              	 .cfi_offset 11,-4
  42 0004 B5B0     	 sub sp,sp,#212
  43              	.LCFI1:
  44              	 .cfi_def_cfa_offset 240
  45 0006 00AF     	 add r7,sp,#0
  46              	.LCFI2:
  47              	 .cfi_def_cfa_register 7
  48 0008 F864     	 str r0,[r7,#76]
  49 000a B964     	 str r1,[r7,#72]
  50 000c 7A64     	 str r2,[r7,#68]
  51 000e 3B64     	 str r3,[r7,#64]
  73:../Dave/Generated/CMSIS_DSP/ComplexMathFunctions/arm_cmplx_mult_real_q31.c ****   q31_t inA1;                                    /* Temporary variable to store input value */
  74:../Dave/Generated/CMSIS_DSP/ComplexMathFunctions/arm_cmplx_mult_real_q31.c **** 
  75:../Dave/Generated/CMSIS_DSP/ComplexMathFunctions/arm_cmplx_mult_real_q31.c **** #ifndef ARM_MATH_CM0_FAMILY
  76:../Dave/Generated/CMSIS_DSP/ComplexMathFunctions/arm_cmplx_mult_real_q31.c **** 
  77:../Dave/Generated/CMSIS_DSP/ComplexMathFunctions/arm_cmplx_mult_real_q31.c ****   /* Run the below code for Cortex-M4 and Cortex-M3 */
  78:../Dave/Generated/CMSIS_DSP/ComplexMathFunctions/arm_cmplx_mult_real_q31.c ****   uint32_t blkCnt;                               /* loop counters */
  79:../Dave/Generated/CMSIS_DSP/ComplexMathFunctions/arm_cmplx_mult_real_q31.c ****   q31_t inA2, inA3, inA4;                        /* Temporary variables to hold input data */
  80:../Dave/Generated/CMSIS_DSP/ComplexMathFunctions/arm_cmplx_mult_real_q31.c ****   q31_t inB1, inB2;                              /* Temporary variabels to hold input data */
  81:../Dave/Generated/CMSIS_DSP/ComplexMathFunctions/arm_cmplx_mult_real_q31.c ****   q31_t out1, out2, out3, out4;                  /* Temporary variables to hold output data */
  82:../Dave/Generated/CMSIS_DSP/ComplexMathFunctions/arm_cmplx_mult_real_q31.c **** 
  83:../Dave/Generated/CMSIS_DSP/ComplexMathFunctions/arm_cmplx_mult_real_q31.c ****   /* loop Unrolling */
  84:../Dave/Generated/CMSIS_DSP/ComplexMathFunctions/arm_cmplx_mult_real_q31.c ****   blkCnt = numSamples >> 2u;
  52              	 .loc 1 84 0
  53 0010 3B6C     	 ldr r3,[r7,#64]
  54 0012 9B08     	 lsrs r3,r3,#2
  55 0014 C7F8CC30 	 str r3,[r7,#204]
  85:../Dave/Generated/CMSIS_DSP/ComplexMathFunctions/arm_cmplx_mult_real_q31.c **** 
  86:../Dave/Generated/CMSIS_DSP/ComplexMathFunctions/arm_cmplx_mult_real_q31.c ****   /* First part of the processing with loop unrolling.  Compute 4 outputs at a time.    
  87:../Dave/Generated/CMSIS_DSP/ComplexMathFunctions/arm_cmplx_mult_real_q31.c ****    ** a second loop below computes the remaining 1 to 3 samples. */
  88:../Dave/Generated/CMSIS_DSP/ComplexMathFunctions/arm_cmplx_mult_real_q31.c ****   while(blkCnt > 0u)
  56              	 .loc 1 88 0
  57 0018 D6E1     	 b .L2
  58              	.L3:
  89:../Dave/Generated/CMSIS_DSP/ComplexMathFunctions/arm_cmplx_mult_real_q31.c ****   {
  90:../Dave/Generated/CMSIS_DSP/ComplexMathFunctions/arm_cmplx_mult_real_q31.c ****     /* C[2 * i] = A[2 * i] * B[i].            */
  91:../Dave/Generated/CMSIS_DSP/ComplexMathFunctions/arm_cmplx_mult_real_q31.c ****     /* C[2 * i + 1] = A[2 * i + 1] * B[i].        */
  92:../Dave/Generated/CMSIS_DSP/ComplexMathFunctions/arm_cmplx_mult_real_q31.c ****     /* read real input from complex input buffer */
  93:../Dave/Generated/CMSIS_DSP/ComplexMathFunctions/arm_cmplx_mult_real_q31.c ****     inA1 = *pSrcCmplx++;
  59              	 .loc 1 93 0
  60 001a FA6C     	 ldr r2,[r7,#76]
  61 001c 131D     	 adds r3,r2,#4
  62 001e FB64     	 str r3,[r7,#76]
  63 0020 1368     	 ldr r3,[r2]
  64 0022 C7F8C830 	 str r3,[r7,#200]
  94:../Dave/Generated/CMSIS_DSP/ComplexMathFunctions/arm_cmplx_mult_real_q31.c ****     inA2 = *pSrcCmplx++;
  65              	 .loc 1 94 0
  66 0026 FA6C     	 ldr r2,[r7,#76]
  67 0028 131D     	 adds r3,r2,#4
  68 002a FB64     	 str r3,[r7,#76]
  69 002c 1368     	 ldr r3,[r2]
  70 002e C7F8C430 	 str r3,[r7,#196]
  95:../Dave/Generated/CMSIS_DSP/ComplexMathFunctions/arm_cmplx_mult_real_q31.c ****     /* read input from real input bufer */
  96:../Dave/Generated/CMSIS_DSP/ComplexMathFunctions/arm_cmplx_mult_real_q31.c ****     inB1 = *pSrcReal++;
  71              	 .loc 1 96 0
  72 0032 BA6C     	 ldr r2,[r7,#72]
  73 0034 131D     	 adds r3,r2,#4
  74 0036 BB64     	 str r3,[r7,#72]
  75 0038 1368     	 ldr r3,[r2]
  76 003a C7F8C030 	 str r3,[r7,#192]
  97:../Dave/Generated/CMSIS_DSP/ComplexMathFunctions/arm_cmplx_mult_real_q31.c ****     inB2 = *pSrcReal++;
  77              	 .loc 1 97 0
  78 003e BA6C     	 ldr r2,[r7,#72]
  79 0040 131D     	 adds r3,r2,#4
  80 0042 BB64     	 str r3,[r7,#72]
  81 0044 1368     	 ldr r3,[r2]
  82 0046 C7F8BC30 	 str r3,[r7,#188]
  98:../Dave/Generated/CMSIS_DSP/ComplexMathFunctions/arm_cmplx_mult_real_q31.c ****     /* read imaginary input from complex input buffer */
  99:../Dave/Generated/CMSIS_DSP/ComplexMathFunctions/arm_cmplx_mult_real_q31.c ****     inA3 = *pSrcCmplx++;
  83              	 .loc 1 99 0
  84 004a FA6C     	 ldr r2,[r7,#76]
  85 004c 131D     	 adds r3,r2,#4
  86 004e FB64     	 str r3,[r7,#76]
  87 0050 1368     	 ldr r3,[r2]
  88 0052 C7F8B830 	 str r3,[r7,#184]
 100:../Dave/Generated/CMSIS_DSP/ComplexMathFunctions/arm_cmplx_mult_real_q31.c ****     inA4 = *pSrcCmplx++;
  89              	 .loc 1 100 0
  90 0056 FA6C     	 ldr r2,[r7,#76]
  91 0058 131D     	 adds r3,r2,#4
  92 005a FB64     	 str r3,[r7,#76]
  93 005c 1368     	 ldr r3,[r2]
  94 005e C7F8B430 	 str r3,[r7,#180]
 101:../Dave/Generated/CMSIS_DSP/ComplexMathFunctions/arm_cmplx_mult_real_q31.c **** 
 102:../Dave/Generated/CMSIS_DSP/ComplexMathFunctions/arm_cmplx_mult_real_q31.c ****     /* multiply complex input with real input */
 103:../Dave/Generated/CMSIS_DSP/ComplexMathFunctions/arm_cmplx_mult_real_q31.c ****     out1 = ((q63_t) inA1 * inB1) >> 32;
  95              	 .loc 1 103 0
  96 0062 D7F8C830 	 ldr r3,[r7,#200]
  97 0066 1846     	 mov r0,r3
  98 0068 4FEAE071 	 asr r1,r0,#31
  99 006c D7F8C030 	 ldr r3,[r7,#192]
 100 0070 1A46     	 mov r2,r3
 101 0072 4FEAE273 	 asr r3,r2,#31
 102 0076 02FB01F5 	 mul r5,r2,r1
 103 007a 00FB03F4 	 mul r4,r0,r3
 104 007e 2C44     	 add r4,r4,r5
 105 0080 A0FB0223 	 umull r2,r3,r0,r2
 106 0084 E118     	 adds r1,r4,r3
 107 0086 0B46     	 mov r3,r1
 108 0088 1900     	 movs r1,r3
 109 008a B963     	 str r1,[r7,#56]
 110 008c DB17     	 asrs r3,r3,#31
 111 008e FB63     	 str r3,[r7,#60]
 112 0090 BB6B     	 ldr r3,[r7,#56]
 113 0092 C7F8B030 	 str r3,[r7,#176]
 104:../Dave/Generated/CMSIS_DSP/ComplexMathFunctions/arm_cmplx_mult_real_q31.c ****     out2 = ((q63_t) inA2 * inB1) >> 32;
 114              	 .loc 1 104 0
 115 0096 D7F8C430 	 ldr r3,[r7,#196]
 116 009a 1846     	 mov r0,r3
 117 009c 4FEAE071 	 asr r1,r0,#31
 118 00a0 D7F8C030 	 ldr r3,[r7,#192]
 119 00a4 1A46     	 mov r2,r3
 120 00a6 4FEAE273 	 asr r3,r2,#31
 121 00aa 02FB01F5 	 mul r5,r2,r1
 122 00ae 00FB03F4 	 mul r4,r0,r3
 123 00b2 2C44     	 add r4,r4,r5
 124 00b4 A0FB0223 	 umull r2,r3,r0,r2
 125 00b8 E118     	 adds r1,r4,r3
 126 00ba 0B46     	 mov r3,r1
 127 00bc 1900     	 movs r1,r3
 128 00be 3963     	 str r1,[r7,#48]
 129 00c0 DB17     	 asrs r3,r3,#31
 130 00c2 7B63     	 str r3,[r7,#52]
 131 00c4 3B6B     	 ldr r3,[r7,#48]
 132 00c6 C7F8AC30 	 str r3,[r7,#172]
 105:../Dave/Generated/CMSIS_DSP/ComplexMathFunctions/arm_cmplx_mult_real_q31.c ****     out3 = ((q63_t) inA3 * inB2) >> 32;
 133              	 .loc 1 105 0
 134 00ca D7F8B830 	 ldr r3,[r7,#184]
 135 00ce 1846     	 mov r0,r3
 136 00d0 4FEAE071 	 asr r1,r0,#31
 137 00d4 D7F8BC30 	 ldr r3,[r7,#188]
 138 00d8 1A46     	 mov r2,r3
 139 00da 4FEAE273 	 asr r3,r2,#31
 140 00de 02FB01F5 	 mul r5,r2,r1
 141 00e2 00FB03F4 	 mul r4,r0,r3
 142 00e6 2C44     	 add r4,r4,r5
 143 00e8 A0FB0223 	 umull r2,r3,r0,r2
 144 00ec E118     	 adds r1,r4,r3
 145 00ee 0B46     	 mov r3,r1
 146 00f0 1900     	 movs r1,r3
 147 00f2 B962     	 str r1,[r7,#40]
 148 00f4 DB17     	 asrs r3,r3,#31
 149 00f6 FB62     	 str r3,[r7,#44]
 150 00f8 BB6A     	 ldr r3,[r7,#40]
 151 00fa C7F8A830 	 str r3,[r7,#168]
 106:../Dave/Generated/CMSIS_DSP/ComplexMathFunctions/arm_cmplx_mult_real_q31.c ****     out4 = ((q63_t) inA4 * inB2) >> 32;
 152              	 .loc 1 106 0
 153 00fe D7F8B430 	 ldr r3,[r7,#180]
 154 0102 1846     	 mov r0,r3
 155 0104 4FEAE071 	 asr r1,r0,#31
 156 0108 D7F8BC30 	 ldr r3,[r7,#188]
 157 010c 1A46     	 mov r2,r3
 158 010e 4FEAE273 	 asr r3,r2,#31
 159 0112 02FB01F5 	 mul r5,r2,r1
 160 0116 00FB03F4 	 mul r4,r0,r3
 161 011a 2C44     	 add r4,r4,r5
 162 011c A0FB0223 	 umull r2,r3,r0,r2
 163 0120 E118     	 adds r1,r4,r3
 164 0122 0B46     	 mov r3,r1
 165 0124 1900     	 movs r1,r3
 166 0126 3962     	 str r1,[r7,#32]
 167 0128 DB17     	 asrs r3,r3,#31
 168 012a 7B62     	 str r3,[r7,#36]
 169 012c 3B6A     	 ldr r3,[r7,#32]
 170 012e C7F8A430 	 str r3,[r7,#164]
 171              	.LBB2:
 107:../Dave/Generated/CMSIS_DSP/ComplexMathFunctions/arm_cmplx_mult_real_q31.c **** 
 108:../Dave/Generated/CMSIS_DSP/ComplexMathFunctions/arm_cmplx_mult_real_q31.c ****     /* sature the result */
 109:../Dave/Generated/CMSIS_DSP/ComplexMathFunctions/arm_cmplx_mult_real_q31.c ****     out1 = __SSAT(out1, 31);
 172              	 .loc 1 109 0
 173 0132 D7F8B030 	 ldr r3,[r7,#176]
 174 0136 C7F8A030 	 str r3,[r7,#160]
 175 013a D7F8A030 	 ldr r3,[r7,#160]
 176              	
 177 013e 03F31E03 	 ssat r3,#31,r3
 178              	
 179              	 .thumb
 180 0142 C7F89C30 	 str r3,[r7,#156]
 181 0146 D7F89C30 	 ldr r3,[r7,#156]
 182              	.LBE2:
 183 014a C7F8B030 	 str r3,[r7,#176]
 184              	.LBB3:
 110:../Dave/Generated/CMSIS_DSP/ComplexMathFunctions/arm_cmplx_mult_real_q31.c ****     out2 = __SSAT(out2, 31);
 185              	 .loc 1 110 0
 186 014e D7F8AC30 	 ldr r3,[r7,#172]
 187 0152 C7F89830 	 str r3,[r7,#152]
 188 0156 D7F89830 	 ldr r3,[r7,#152]
 189              	
 190 015a 03F31E03 	 ssat r3,#31,r3
 191              	
 192              	 .thumb
 193 015e C7F89430 	 str r3,[r7,#148]
 194 0162 D7F89430 	 ldr r3,[r7,#148]
 195              	.LBE3:
 196 0166 C7F8AC30 	 str r3,[r7,#172]
 197              	.LBB4:
 111:../Dave/Generated/CMSIS_DSP/ComplexMathFunctions/arm_cmplx_mult_real_q31.c ****     out3 = __SSAT(out3, 31);
 198              	 .loc 1 111 0
 199 016a D7F8A830 	 ldr r3,[r7,#168]
 200 016e C7F89030 	 str r3,[r7,#144]
 201 0172 D7F89030 	 ldr r3,[r7,#144]
 202              	
 203 0176 03F31E03 	 ssat r3,#31,r3
 204              	
 205              	 .thumb
 206 017a C7F88C30 	 str r3,[r7,#140]
 207 017e D7F88C30 	 ldr r3,[r7,#140]
 208              	.LBE4:
 209 0182 C7F8A830 	 str r3,[r7,#168]
 210              	.LBB5:
 112:../Dave/Generated/CMSIS_DSP/ComplexMathFunctions/arm_cmplx_mult_real_q31.c ****     out4 = __SSAT(out4, 31);
 211              	 .loc 1 112 0
 212 0186 D7F8A430 	 ldr r3,[r7,#164]
 213 018a C7F88830 	 str r3,[r7,#136]
 214 018e D7F88830 	 ldr r3,[r7,#136]
 215              	
 216 0192 03F31E03 	 ssat r3,#31,r3
 217              	
 218              	 .thumb
 219 0196 C7F88430 	 str r3,[r7,#132]
 220 019a D7F88430 	 ldr r3,[r7,#132]
 221              	.LBE5:
 222 019e C7F8A430 	 str r3,[r7,#164]
 113:../Dave/Generated/CMSIS_DSP/ComplexMathFunctions/arm_cmplx_mult_real_q31.c **** 
 114:../Dave/Generated/CMSIS_DSP/ComplexMathFunctions/arm_cmplx_mult_real_q31.c ****     /* get result in 1.31 format */
 115:../Dave/Generated/CMSIS_DSP/ComplexMathFunctions/arm_cmplx_mult_real_q31.c ****     out1 = out1 << 1;
 223              	 .loc 1 115 0
 224 01a2 D7F8B030 	 ldr r3,[r7,#176]
 225 01a6 5B00     	 lsls r3,r3,#1
 226 01a8 C7F8B030 	 str r3,[r7,#176]
 116:../Dave/Generated/CMSIS_DSP/ComplexMathFunctions/arm_cmplx_mult_real_q31.c ****     out2 = out2 << 1;
 227              	 .loc 1 116 0
 228 01ac D7F8AC30 	 ldr r3,[r7,#172]
 229 01b0 5B00     	 lsls r3,r3,#1
 230 01b2 C7F8AC30 	 str r3,[r7,#172]
 117:../Dave/Generated/CMSIS_DSP/ComplexMathFunctions/arm_cmplx_mult_real_q31.c ****     out3 = out3 << 1;
 231              	 .loc 1 117 0
 232 01b6 D7F8A830 	 ldr r3,[r7,#168]
 233 01ba 5B00     	 lsls r3,r3,#1
 234 01bc C7F8A830 	 str r3,[r7,#168]
 118:../Dave/Generated/CMSIS_DSP/ComplexMathFunctions/arm_cmplx_mult_real_q31.c ****     out4 = out4 << 1;
 235              	 .loc 1 118 0
 236 01c0 D7F8A430 	 ldr r3,[r7,#164]
 237 01c4 5B00     	 lsls r3,r3,#1
 238 01c6 C7F8A430 	 str r3,[r7,#164]
 119:../Dave/Generated/CMSIS_DSP/ComplexMathFunctions/arm_cmplx_mult_real_q31.c **** 
 120:../Dave/Generated/CMSIS_DSP/ComplexMathFunctions/arm_cmplx_mult_real_q31.c ****     /* store the result to destination buffer */
 121:../Dave/Generated/CMSIS_DSP/ComplexMathFunctions/arm_cmplx_mult_real_q31.c ****     *pCmplxDst++ = out1;
 239              	 .loc 1 121 0
 240 01ca 7A6C     	 ldr r2,[r7,#68]
 241 01cc 131D     	 adds r3,r2,#4
 242 01ce 7B64     	 str r3,[r7,#68]
 243 01d0 D7F8B030 	 ldr r3,[r7,#176]
 244 01d4 1360     	 str r3,[r2]
 122:../Dave/Generated/CMSIS_DSP/ComplexMathFunctions/arm_cmplx_mult_real_q31.c ****     *pCmplxDst++ = out2;
 245              	 .loc 1 122 0
 246 01d6 7A6C     	 ldr r2,[r7,#68]
 247 01d8 131D     	 adds r3,r2,#4
 248 01da 7B64     	 str r3,[r7,#68]
 249 01dc D7F8AC30 	 ldr r3,[r7,#172]
 250 01e0 1360     	 str r3,[r2]
 123:../Dave/Generated/CMSIS_DSP/ComplexMathFunctions/arm_cmplx_mult_real_q31.c ****     *pCmplxDst++ = out3;
 251              	 .loc 1 123 0
 252 01e2 7A6C     	 ldr r2,[r7,#68]
 253 01e4 131D     	 adds r3,r2,#4
 254 01e6 7B64     	 str r3,[r7,#68]
 255 01e8 D7F8A830 	 ldr r3,[r7,#168]
 256 01ec 1360     	 str r3,[r2]
 124:../Dave/Generated/CMSIS_DSP/ComplexMathFunctions/arm_cmplx_mult_real_q31.c ****     *pCmplxDst++ = out4;
 257              	 .loc 1 124 0
 258 01ee 7A6C     	 ldr r2,[r7,#68]
 259 01f0 131D     	 adds r3,r2,#4
 260 01f2 7B64     	 str r3,[r7,#68]
 261 01f4 D7F8A430 	 ldr r3,[r7,#164]
 262 01f8 1360     	 str r3,[r2]
 125:../Dave/Generated/CMSIS_DSP/ComplexMathFunctions/arm_cmplx_mult_real_q31.c **** 
 126:../Dave/Generated/CMSIS_DSP/ComplexMathFunctions/arm_cmplx_mult_real_q31.c ****     /* read real input from complex input buffer */
 127:../Dave/Generated/CMSIS_DSP/ComplexMathFunctions/arm_cmplx_mult_real_q31.c ****     inA1 = *pSrcCmplx++;
 263              	 .loc 1 127 0
 264 01fa FA6C     	 ldr r2,[r7,#76]
 265 01fc 131D     	 adds r3,r2,#4
 266 01fe FB64     	 str r3,[r7,#76]
 267 0200 1368     	 ldr r3,[r2]
 268 0202 C7F8C830 	 str r3,[r7,#200]
 128:../Dave/Generated/CMSIS_DSP/ComplexMathFunctions/arm_cmplx_mult_real_q31.c ****     inA2 = *pSrcCmplx++;
 269              	 .loc 1 128 0
 270 0206 FA6C     	 ldr r2,[r7,#76]
 271 0208 131D     	 adds r3,r2,#4
 272 020a FB64     	 str r3,[r7,#76]
 273 020c 1368     	 ldr r3,[r2]
 274 020e C7F8C430 	 str r3,[r7,#196]
 129:../Dave/Generated/CMSIS_DSP/ComplexMathFunctions/arm_cmplx_mult_real_q31.c ****     /* read input from real input bufer */
 130:../Dave/Generated/CMSIS_DSP/ComplexMathFunctions/arm_cmplx_mult_real_q31.c ****     inB1 = *pSrcReal++;
 275              	 .loc 1 130 0
 276 0212 BA6C     	 ldr r2,[r7,#72]
 277 0214 131D     	 adds r3,r2,#4
 278 0216 BB64     	 str r3,[r7,#72]
 279 0218 1368     	 ldr r3,[r2]
 280 021a C7F8C030 	 str r3,[r7,#192]
 131:../Dave/Generated/CMSIS_DSP/ComplexMathFunctions/arm_cmplx_mult_real_q31.c ****     inB2 = *pSrcReal++;
 281              	 .loc 1 131 0
 282 021e BA6C     	 ldr r2,[r7,#72]
 283 0220 131D     	 adds r3,r2,#4
 284 0222 BB64     	 str r3,[r7,#72]
 285 0224 1368     	 ldr r3,[r2]
 286 0226 C7F8BC30 	 str r3,[r7,#188]
 132:../Dave/Generated/CMSIS_DSP/ComplexMathFunctions/arm_cmplx_mult_real_q31.c ****     /* read imaginary input from complex input buffer */
 133:../Dave/Generated/CMSIS_DSP/ComplexMathFunctions/arm_cmplx_mult_real_q31.c ****     inA3 = *pSrcCmplx++;
 287              	 .loc 1 133 0
 288 022a FA6C     	 ldr r2,[r7,#76]
 289 022c 131D     	 adds r3,r2,#4
 290 022e FB64     	 str r3,[r7,#76]
 291 0230 1368     	 ldr r3,[r2]
 292 0232 C7F8B830 	 str r3,[r7,#184]
 134:../Dave/Generated/CMSIS_DSP/ComplexMathFunctions/arm_cmplx_mult_real_q31.c ****     inA4 = *pSrcCmplx++;
 293              	 .loc 1 134 0
 294 0236 FA6C     	 ldr r2,[r7,#76]
 295 0238 131D     	 adds r3,r2,#4
 296 023a FB64     	 str r3,[r7,#76]
 297 023c 1368     	 ldr r3,[r2]
 298 023e C7F8B430 	 str r3,[r7,#180]
 135:../Dave/Generated/CMSIS_DSP/ComplexMathFunctions/arm_cmplx_mult_real_q31.c **** 
 136:../Dave/Generated/CMSIS_DSP/ComplexMathFunctions/arm_cmplx_mult_real_q31.c ****     /* multiply complex input with real input */
 137:../Dave/Generated/CMSIS_DSP/ComplexMathFunctions/arm_cmplx_mult_real_q31.c ****     out1 = ((q63_t) inA1 * inB1) >> 32;
 299              	 .loc 1 137 0
 300 0242 D7F8C830 	 ldr r3,[r7,#200]
 301 0246 1846     	 mov r0,r3
 302 0248 4FEAE071 	 asr r1,r0,#31
 303 024c D7F8C030 	 ldr r3,[r7,#192]
 304 0250 1A46     	 mov r2,r3
 305 0252 4FEAE273 	 asr r3,r2,#31
 306 0256 02FB01F5 	 mul r5,r2,r1
 307 025a 00FB03F4 	 mul r4,r0,r3
 308 025e 2C44     	 add r4,r4,r5
 309 0260 A0FB0223 	 umull r2,r3,r0,r2
 310 0264 E118     	 adds r1,r4,r3
 311 0266 0B46     	 mov r3,r1
 312 0268 1900     	 movs r1,r3
 313 026a B961     	 str r1,[r7,#24]
 314 026c DB17     	 asrs r3,r3,#31
 315 026e FB61     	 str r3,[r7,#28]
 316 0270 BB69     	 ldr r3,[r7,#24]
 317 0272 C7F8B030 	 str r3,[r7,#176]
 138:../Dave/Generated/CMSIS_DSP/ComplexMathFunctions/arm_cmplx_mult_real_q31.c ****     out2 = ((q63_t) inA2 * inB1) >> 32;
 318              	 .loc 1 138 0
 319 0276 D7F8C430 	 ldr r3,[r7,#196]
 320 027a 1846     	 mov r0,r3
 321 027c 4FEAE071 	 asr r1,r0,#31
 322 0280 D7F8C030 	 ldr r3,[r7,#192]
 323 0284 1A46     	 mov r2,r3
 324 0286 4FEAE273 	 asr r3,r2,#31
 325 028a 02FB01F5 	 mul r5,r2,r1
 326 028e 00FB03F4 	 mul r4,r0,r3
 327 0292 2C44     	 add r4,r4,r5
 328 0294 A0FB0223 	 umull r2,r3,r0,r2
 329 0298 E118     	 adds r1,r4,r3
 330 029a 0B46     	 mov r3,r1
 331 029c 1900     	 movs r1,r3
 332 029e 3961     	 str r1,[r7,#16]
 333 02a0 DB17     	 asrs r3,r3,#31
 334 02a2 7B61     	 str r3,[r7,#20]
 335 02a4 3B69     	 ldr r3,[r7,#16]
 336 02a6 C7F8AC30 	 str r3,[r7,#172]
 139:../Dave/Generated/CMSIS_DSP/ComplexMathFunctions/arm_cmplx_mult_real_q31.c ****     out3 = ((q63_t) inA3 * inB2) >> 32;
 337              	 .loc 1 139 0
 338 02aa D7F8B830 	 ldr r3,[r7,#184]
 339 02ae 1846     	 mov r0,r3
 340 02b0 4FEAE071 	 asr r1,r0,#31
 341 02b4 D7F8BC30 	 ldr r3,[r7,#188]
 342 02b8 1A46     	 mov r2,r3
 343 02ba 4FEAE273 	 asr r3,r2,#31
 344 02be 02FB01F5 	 mul r5,r2,r1
 345 02c2 00FB03F4 	 mul r4,r0,r3
 346 02c6 2C44     	 add r4,r4,r5
 347 02c8 A0FB0223 	 umull r2,r3,r0,r2
 348 02cc E118     	 adds r1,r4,r3
 349 02ce 0B46     	 mov r3,r1
 350 02d0 1900     	 movs r1,r3
 351 02d2 B960     	 str r1,[r7,#8]
 352 02d4 DB17     	 asrs r3,r3,#31
 353 02d6 FB60     	 str r3,[r7,#12]
 354 02d8 BB68     	 ldr r3,[r7,#8]
 355 02da C7F8A830 	 str r3,[r7,#168]
 140:../Dave/Generated/CMSIS_DSP/ComplexMathFunctions/arm_cmplx_mult_real_q31.c ****     out4 = ((q63_t) inA4 * inB2) >> 32;
 356              	 .loc 1 140 0
 357 02de D7F8B430 	 ldr r3,[r7,#180]
 358 02e2 1846     	 mov r0,r3
 359 02e4 4FEAE071 	 asr r1,r0,#31
 360 02e8 D7F8BC30 	 ldr r3,[r7,#188]
 361 02ec 1A46     	 mov r2,r3
 362 02ee 4FEAE273 	 asr r3,r2,#31
 363 02f2 02FB01F5 	 mul r5,r2,r1
 364 02f6 00FB03F4 	 mul r4,r0,r3
 365 02fa 2C44     	 add r4,r4,r5
 366 02fc A0FB0223 	 umull r2,r3,r0,r2
 367 0300 E118     	 adds r1,r4,r3
 368 0302 0B46     	 mov r3,r1
 369 0304 1900     	 movs r1,r3
 370 0306 3960     	 str r1,[r7]
 371 0308 DB17     	 asrs r3,r3,#31
 372 030a 7B60     	 str r3,[r7,#4]
 373 030c 3B68     	 ldr r3,[r7]
 374 030e C7F8A430 	 str r3,[r7,#164]
 375              	.LBB6:
 141:../Dave/Generated/CMSIS_DSP/ComplexMathFunctions/arm_cmplx_mult_real_q31.c **** 
 142:../Dave/Generated/CMSIS_DSP/ComplexMathFunctions/arm_cmplx_mult_real_q31.c ****     /* sature the result */
 143:../Dave/Generated/CMSIS_DSP/ComplexMathFunctions/arm_cmplx_mult_real_q31.c ****     out1 = __SSAT(out1, 31);
 376              	 .loc 1 143 0
 377 0312 D7F8B030 	 ldr r3,[r7,#176]
 378 0316 C7F88030 	 str r3,[r7,#128]
 379 031a D7F88030 	 ldr r3,[r7,#128]
 380              	
 381 031e 03F31E03 	 ssat r3,#31,r3
 382              	
 383              	 .thumb
 384 0322 FB67     	 str r3,[r7,#124]
 385 0324 FB6F     	 ldr r3,[r7,#124]
 386              	.LBE6:
 387 0326 C7F8B030 	 str r3,[r7,#176]
 388              	.LBB7:
 144:../Dave/Generated/CMSIS_DSP/ComplexMathFunctions/arm_cmplx_mult_real_q31.c ****     out2 = __SSAT(out2, 31);
 389              	 .loc 1 144 0
 390 032a D7F8AC30 	 ldr r3,[r7,#172]
 391 032e BB67     	 str r3,[r7,#120]
 392 0330 BB6F     	 ldr r3,[r7,#120]
 393              	
 394 0332 03F31E03 	 ssat r3,#31,r3
 395              	
 396              	 .thumb
 397 0336 7B67     	 str r3,[r7,#116]
 398 0338 7B6F     	 ldr r3,[r7,#116]
 399              	.LBE7:
 400 033a C7F8AC30 	 str r3,[r7,#172]
 401              	.LBB8:
 145:../Dave/Generated/CMSIS_DSP/ComplexMathFunctions/arm_cmplx_mult_real_q31.c ****     out3 = __SSAT(out3, 31);
 402              	 .loc 1 145 0
 403 033e D7F8A830 	 ldr r3,[r7,#168]
 404 0342 3B67     	 str r3,[r7,#112]
 405 0344 3B6F     	 ldr r3,[r7,#112]
 406              	
 407 0346 03F31E03 	 ssat r3,#31,r3
 408              	
 409              	 .thumb
 410 034a FB66     	 str r3,[r7,#108]
 411 034c FB6E     	 ldr r3,[r7,#108]
 412              	.LBE8:
 413 034e C7F8A830 	 str r3,[r7,#168]
 414              	.LBB9:
 146:../Dave/Generated/CMSIS_DSP/ComplexMathFunctions/arm_cmplx_mult_real_q31.c ****     out4 = __SSAT(out4, 31);
 415              	 .loc 1 146 0
 416 0352 D7F8A430 	 ldr r3,[r7,#164]
 417 0356 BB66     	 str r3,[r7,#104]
 418 0358 BB6E     	 ldr r3,[r7,#104]
 419              	
 420 035a 03F31E03 	 ssat r3,#31,r3
 421              	
 422              	 .thumb
 423 035e 7B66     	 str r3,[r7,#100]
 424 0360 7B6E     	 ldr r3,[r7,#100]
 425              	.LBE9:
 426 0362 C7F8A430 	 str r3,[r7,#164]
 147:../Dave/Generated/CMSIS_DSP/ComplexMathFunctions/arm_cmplx_mult_real_q31.c **** 
 148:../Dave/Generated/CMSIS_DSP/ComplexMathFunctions/arm_cmplx_mult_real_q31.c ****     /* get result in 1.31 format */
 149:../Dave/Generated/CMSIS_DSP/ComplexMathFunctions/arm_cmplx_mult_real_q31.c ****     out1 = out1 << 1;
 427              	 .loc 1 149 0
 428 0366 D7F8B030 	 ldr r3,[r7,#176]
 429 036a 5B00     	 lsls r3,r3,#1
 430 036c C7F8B030 	 str r3,[r7,#176]
 150:../Dave/Generated/CMSIS_DSP/ComplexMathFunctions/arm_cmplx_mult_real_q31.c ****     out2 = out2 << 1;
 431              	 .loc 1 150 0
 432 0370 D7F8AC30 	 ldr r3,[r7,#172]
 433 0374 5B00     	 lsls r3,r3,#1
 434 0376 C7F8AC30 	 str r3,[r7,#172]
 151:../Dave/Generated/CMSIS_DSP/ComplexMathFunctions/arm_cmplx_mult_real_q31.c ****     out3 = out3 << 1;
 435              	 .loc 1 151 0
 436 037a D7F8A830 	 ldr r3,[r7,#168]
 437 037e 5B00     	 lsls r3,r3,#1
 438 0380 C7F8A830 	 str r3,[r7,#168]
 152:../Dave/Generated/CMSIS_DSP/ComplexMathFunctions/arm_cmplx_mult_real_q31.c ****     out4 = out4 << 1;
 439              	 .loc 1 152 0
 440 0384 D7F8A430 	 ldr r3,[r7,#164]
 441 0388 5B00     	 lsls r3,r3,#1
 442 038a C7F8A430 	 str r3,[r7,#164]
 153:../Dave/Generated/CMSIS_DSP/ComplexMathFunctions/arm_cmplx_mult_real_q31.c **** 
 154:../Dave/Generated/CMSIS_DSP/ComplexMathFunctions/arm_cmplx_mult_real_q31.c ****     /* store the result to destination buffer */
 155:../Dave/Generated/CMSIS_DSP/ComplexMathFunctions/arm_cmplx_mult_real_q31.c ****     *pCmplxDst++ = out1;
 443              	 .loc 1 155 0
 444 038e 7A6C     	 ldr r2,[r7,#68]
 445 0390 131D     	 adds r3,r2,#4
 446 0392 7B64     	 str r3,[r7,#68]
 447 0394 D7F8B030 	 ldr r3,[r7,#176]
 448 0398 1360     	 str r3,[r2]
 156:../Dave/Generated/CMSIS_DSP/ComplexMathFunctions/arm_cmplx_mult_real_q31.c ****     *pCmplxDst++ = out2;
 449              	 .loc 1 156 0
 450 039a 7A6C     	 ldr r2,[r7,#68]
 451 039c 131D     	 adds r3,r2,#4
 452 039e 7B64     	 str r3,[r7,#68]
 453 03a0 D7F8AC30 	 ldr r3,[r7,#172]
 454 03a4 1360     	 str r3,[r2]
 157:../Dave/Generated/CMSIS_DSP/ComplexMathFunctions/arm_cmplx_mult_real_q31.c ****     *pCmplxDst++ = out3;
 455              	 .loc 1 157 0
 456 03a6 7A6C     	 ldr r2,[r7,#68]
 457 03a8 131D     	 adds r3,r2,#4
 458 03aa 7B64     	 str r3,[r7,#68]
 459 03ac D7F8A830 	 ldr r3,[r7,#168]
 460 03b0 1360     	 str r3,[r2]
 158:../Dave/Generated/CMSIS_DSP/ComplexMathFunctions/arm_cmplx_mult_real_q31.c ****     *pCmplxDst++ = out4;
 461              	 .loc 1 158 0
 462 03b2 7A6C     	 ldr r2,[r7,#68]
 463 03b4 131D     	 adds r3,r2,#4
 464 03b6 7B64     	 str r3,[r7,#68]
 465 03b8 D7F8A430 	 ldr r3,[r7,#164]
 466 03bc 1360     	 str r3,[r2]
 159:../Dave/Generated/CMSIS_DSP/ComplexMathFunctions/arm_cmplx_mult_real_q31.c **** 
 160:../Dave/Generated/CMSIS_DSP/ComplexMathFunctions/arm_cmplx_mult_real_q31.c ****     /* Decrement the numSamples loop counter */
 161:../Dave/Generated/CMSIS_DSP/ComplexMathFunctions/arm_cmplx_mult_real_q31.c ****     blkCnt--;
 467              	 .loc 1 161 0
 468 03be D7F8CC30 	 ldr r3,[r7,#204]
 469 03c2 013B     	 subs r3,r3,#1
 470 03c4 C7F8CC30 	 str r3,[r7,#204]
 471              	.L2:
  88:../Dave/Generated/CMSIS_DSP/ComplexMathFunctions/arm_cmplx_mult_real_q31.c ****   {
 472              	 .loc 1 88 0
 473 03c8 D7F8CC30 	 ldr r3,[r7,#204]
 474 03cc 002B     	 cmp r3,#0
 475 03ce 7FF424AE 	 bne .L3
 162:../Dave/Generated/CMSIS_DSP/ComplexMathFunctions/arm_cmplx_mult_real_q31.c ****   }
 163:../Dave/Generated/CMSIS_DSP/ComplexMathFunctions/arm_cmplx_mult_real_q31.c **** 
 164:../Dave/Generated/CMSIS_DSP/ComplexMathFunctions/arm_cmplx_mult_real_q31.c ****   /* If the numSamples is not a multiple of 4, compute any remaining output samples here.    
 165:../Dave/Generated/CMSIS_DSP/ComplexMathFunctions/arm_cmplx_mult_real_q31.c ****    ** No loop unrolling is used. */
 166:../Dave/Generated/CMSIS_DSP/ComplexMathFunctions/arm_cmplx_mult_real_q31.c ****   blkCnt = numSamples % 0x4u;
 476              	 .loc 1 166 0
 477 03d2 3B6C     	 ldr r3,[r7,#64]
 478 03d4 03F00303 	 and r3,r3,#3
 479 03d8 C7F8CC30 	 str r3,[r7,#204]
 167:../Dave/Generated/CMSIS_DSP/ComplexMathFunctions/arm_cmplx_mult_real_q31.c **** 
 168:../Dave/Generated/CMSIS_DSP/ComplexMathFunctions/arm_cmplx_mult_real_q31.c ****   while(blkCnt > 0u)
 480              	 .loc 1 168 0
 481 03dc 72E0     	 b .L4
 482              	.L5:
 169:../Dave/Generated/CMSIS_DSP/ComplexMathFunctions/arm_cmplx_mult_real_q31.c ****   {
 170:../Dave/Generated/CMSIS_DSP/ComplexMathFunctions/arm_cmplx_mult_real_q31.c ****     /* C[2 * i] = A[2 * i] * B[i].            */
 171:../Dave/Generated/CMSIS_DSP/ComplexMathFunctions/arm_cmplx_mult_real_q31.c ****     /* C[2 * i + 1] = A[2 * i + 1] * B[i].        */
 172:../Dave/Generated/CMSIS_DSP/ComplexMathFunctions/arm_cmplx_mult_real_q31.c ****     /* read real input from complex input buffer */
 173:../Dave/Generated/CMSIS_DSP/ComplexMathFunctions/arm_cmplx_mult_real_q31.c ****     inA1 = *pSrcCmplx++;
 483              	 .loc 1 173 0
 484 03de FB6C     	 ldr r3,[r7,#76]
 485 03e0 1A1D     	 adds r2,r3,#4
 486 03e2 FA64     	 str r2,[r7,#76]
 487 03e4 1B68     	 ldr r3,[r3]
 488 03e6 C7F8C830 	 str r3,[r7,#200]
 174:../Dave/Generated/CMSIS_DSP/ComplexMathFunctions/arm_cmplx_mult_real_q31.c ****     inA2 = *pSrcCmplx++;
 489              	 .loc 1 174 0
 490 03ea FB6C     	 ldr r3,[r7,#76]
 491 03ec 1A1D     	 adds r2,r3,#4
 492 03ee FA64     	 str r2,[r7,#76]
 493 03f0 1B68     	 ldr r3,[r3]
 494 03f2 C7F8C430 	 str r3,[r7,#196]
 175:../Dave/Generated/CMSIS_DSP/ComplexMathFunctions/arm_cmplx_mult_real_q31.c ****     /* read input from real input bufer */
 176:../Dave/Generated/CMSIS_DSP/ComplexMathFunctions/arm_cmplx_mult_real_q31.c ****     inB1 = *pSrcReal++;
 495              	 .loc 1 176 0
 496 03f6 BB6C     	 ldr r3,[r7,#72]
 497 03f8 1A1D     	 adds r2,r3,#4
 498 03fa BA64     	 str r2,[r7,#72]
 499 03fc 1B68     	 ldr r3,[r3]
 500 03fe C7F8C030 	 str r3,[r7,#192]
 177:../Dave/Generated/CMSIS_DSP/ComplexMathFunctions/arm_cmplx_mult_real_q31.c **** 
 178:../Dave/Generated/CMSIS_DSP/ComplexMathFunctions/arm_cmplx_mult_real_q31.c ****     /* multiply complex input with real input */
 179:../Dave/Generated/CMSIS_DSP/ComplexMathFunctions/arm_cmplx_mult_real_q31.c ****     out1 = ((q63_t) inA1 * inB1) >> 32;
 501              	 .loc 1 179 0
 502 0402 D7F8C830 	 ldr r3,[r7,#200]
 503 0406 1846     	 mov r0,r3
 504 0408 4FEAE071 	 asr r1,r0,#31
 505 040c D7F8C030 	 ldr r3,[r7,#192]
 506 0410 1A46     	 mov r2,r3
 507 0412 4FEAE273 	 asr r3,r2,#31
 508 0416 02FB01F5 	 mul r5,r2,r1
 509 041a 00FB03F4 	 mul r4,r0,r3
 510 041e 2C44     	 add r4,r4,r5
 511 0420 A0FB0223 	 umull r2,r3,r0,r2
 512 0424 E118     	 adds r1,r4,r3
 513 0426 0B46     	 mov r3,r1
 514 0428 9846     	 mov r8,r3
 515 042a 4FEAE379 	 asr r9,r3,#31
 516 042e 4346     	 mov r3,r8
 517 0430 C7F8B030 	 str r3,[r7,#176]
 180:../Dave/Generated/CMSIS_DSP/ComplexMathFunctions/arm_cmplx_mult_real_q31.c ****     out2 = ((q63_t) inA2 * inB1) >> 32;
 518              	 .loc 1 180 0
 519 0434 D7F8C430 	 ldr r3,[r7,#196]
 520 0438 1846     	 mov r0,r3
 521 043a 4FEAE071 	 asr r1,r0,#31
 522 043e D7F8C030 	 ldr r3,[r7,#192]
 523 0442 1A46     	 mov r2,r3
 524 0444 4FEAE273 	 asr r3,r2,#31
 525 0448 02FB01F5 	 mul r5,r2,r1
 526 044c 00FB03F4 	 mul r4,r0,r3
 527 0450 2C44     	 add r4,r4,r5
 528 0452 A0FB0223 	 umull r2,r3,r0,r2
 529 0456 E118     	 adds r1,r4,r3
 530 0458 0B46     	 mov r3,r1
 531 045a 9A46     	 mov r10,r3
 532 045c 4FEAE37B 	 asr fp,r3,#31
 533 0460 5346     	 mov r3,r10
 534 0462 C7F8AC30 	 str r3,[r7,#172]
 535              	.LBB10:
 181:../Dave/Generated/CMSIS_DSP/ComplexMathFunctions/arm_cmplx_mult_real_q31.c **** 
 182:../Dave/Generated/CMSIS_DSP/ComplexMathFunctions/arm_cmplx_mult_real_q31.c ****     /* sature the result */
 183:../Dave/Generated/CMSIS_DSP/ComplexMathFunctions/arm_cmplx_mult_real_q31.c ****     out1 = __SSAT(out1, 31);
 536              	 .loc 1 183 0
 537 0466 D7F8B030 	 ldr r3,[r7,#176]
 538 046a 3B66     	 str r3,[r7,#96]
 539 046c 3B6E     	 ldr r3,[r7,#96]
 540              	
 541 046e 03F31E03 	 ssat r3,#31,r3
 542              	
 543              	 .thumb
 544 0472 FB65     	 str r3,[r7,#92]
 545 0474 FB6D     	 ldr r3,[r7,#92]
 546              	.LBE10:
 547 0476 C7F8B030 	 str r3,[r7,#176]
 548              	.LBB11:
 184:../Dave/Generated/CMSIS_DSP/ComplexMathFunctions/arm_cmplx_mult_real_q31.c ****     out2 = __SSAT(out2, 31);
 549              	 .loc 1 184 0
 550 047a D7F8AC30 	 ldr r3,[r7,#172]
 551 047e BB65     	 str r3,[r7,#88]
 552 0480 BB6D     	 ldr r3,[r7,#88]
 553              	
 554 0482 03F31E03 	 ssat r3,#31,r3
 555              	
 556              	 .thumb
 557 0486 7B65     	 str r3,[r7,#84]
 558 0488 7B6D     	 ldr r3,[r7,#84]
 559              	.LBE11:
 560 048a C7F8AC30 	 str r3,[r7,#172]
 185:../Dave/Generated/CMSIS_DSP/ComplexMathFunctions/arm_cmplx_mult_real_q31.c **** 
 186:../Dave/Generated/CMSIS_DSP/ComplexMathFunctions/arm_cmplx_mult_real_q31.c ****     /* get result in 1.31 format */
 187:../Dave/Generated/CMSIS_DSP/ComplexMathFunctions/arm_cmplx_mult_real_q31.c ****     out1 = out1 << 1;
 561              	 .loc 1 187 0
 562 048e D7F8B030 	 ldr r3,[r7,#176]
 563 0492 5B00     	 lsls r3,r3,#1
 564 0494 C7F8B030 	 str r3,[r7,#176]
 188:../Dave/Generated/CMSIS_DSP/ComplexMathFunctions/arm_cmplx_mult_real_q31.c ****     out2 = out2 << 1;
 565              	 .loc 1 188 0
 566 0498 D7F8AC30 	 ldr r3,[r7,#172]
 567 049c 5B00     	 lsls r3,r3,#1
 568 049e C7F8AC30 	 str r3,[r7,#172]
 189:../Dave/Generated/CMSIS_DSP/ComplexMathFunctions/arm_cmplx_mult_real_q31.c **** 
 190:../Dave/Generated/CMSIS_DSP/ComplexMathFunctions/arm_cmplx_mult_real_q31.c ****     /* store the result to destination buffer */
 191:../Dave/Generated/CMSIS_DSP/ComplexMathFunctions/arm_cmplx_mult_real_q31.c ****     *pCmplxDst++ = out1;
 569              	 .loc 1 191 0
 570 04a2 7B6C     	 ldr r3,[r7,#68]
 571 04a4 1A1D     	 adds r2,r3,#4
 572 04a6 7A64     	 str r2,[r7,#68]
 573 04a8 D7F8B020 	 ldr r2,[r7,#176]
 574 04ac 1A60     	 str r2,[r3]
 192:../Dave/Generated/CMSIS_DSP/ComplexMathFunctions/arm_cmplx_mult_real_q31.c ****     *pCmplxDst++ = out2;
 575              	 .loc 1 192 0
 576 04ae 7B6C     	 ldr r3,[r7,#68]
 577 04b0 1A1D     	 adds r2,r3,#4
 578 04b2 7A64     	 str r2,[r7,#68]
 579 04b4 D7F8AC20 	 ldr r2,[r7,#172]
 580 04b8 1A60     	 str r2,[r3]
 193:../Dave/Generated/CMSIS_DSP/ComplexMathFunctions/arm_cmplx_mult_real_q31.c **** 
 194:../Dave/Generated/CMSIS_DSP/ComplexMathFunctions/arm_cmplx_mult_real_q31.c ****     /* Decrement the numSamples loop counter */
 195:../Dave/Generated/CMSIS_DSP/ComplexMathFunctions/arm_cmplx_mult_real_q31.c ****     blkCnt--;
 581              	 .loc 1 195 0
 582 04ba D7F8CC30 	 ldr r3,[r7,#204]
 583 04be 013B     	 subs r3,r3,#1
 584 04c0 C7F8CC30 	 str r3,[r7,#204]
 585              	.L4:
 168:../Dave/Generated/CMSIS_DSP/ComplexMathFunctions/arm_cmplx_mult_real_q31.c ****   {
 586              	 .loc 1 168 0
 587 04c4 D7F8CC30 	 ldr r3,[r7,#204]
 588 04c8 002B     	 cmp r3,#0
 589 04ca 88D1     	 bne .L5
 196:../Dave/Generated/CMSIS_DSP/ComplexMathFunctions/arm_cmplx_mult_real_q31.c ****   }
 197:../Dave/Generated/CMSIS_DSP/ComplexMathFunctions/arm_cmplx_mult_real_q31.c **** 
 198:../Dave/Generated/CMSIS_DSP/ComplexMathFunctions/arm_cmplx_mult_real_q31.c **** #else
 199:../Dave/Generated/CMSIS_DSP/ComplexMathFunctions/arm_cmplx_mult_real_q31.c **** 
 200:../Dave/Generated/CMSIS_DSP/ComplexMathFunctions/arm_cmplx_mult_real_q31.c ****   /* Run the below code for Cortex-M0 */
 201:../Dave/Generated/CMSIS_DSP/ComplexMathFunctions/arm_cmplx_mult_real_q31.c **** 
 202:../Dave/Generated/CMSIS_DSP/ComplexMathFunctions/arm_cmplx_mult_real_q31.c ****   while(numSamples > 0u)
 203:../Dave/Generated/CMSIS_DSP/ComplexMathFunctions/arm_cmplx_mult_real_q31.c ****   {
 204:../Dave/Generated/CMSIS_DSP/ComplexMathFunctions/arm_cmplx_mult_real_q31.c ****     /* realOut = realA * realB.            */
 205:../Dave/Generated/CMSIS_DSP/ComplexMathFunctions/arm_cmplx_mult_real_q31.c ****     /* imagReal = imagA * realB.               */
 206:../Dave/Generated/CMSIS_DSP/ComplexMathFunctions/arm_cmplx_mult_real_q31.c ****     inA1 = *pSrcReal++;
 207:../Dave/Generated/CMSIS_DSP/ComplexMathFunctions/arm_cmplx_mult_real_q31.c ****     /* store the result in the destination buffer. */
 208:../Dave/Generated/CMSIS_DSP/ComplexMathFunctions/arm_cmplx_mult_real_q31.c ****     *pCmplxDst++ =
 209:../Dave/Generated/CMSIS_DSP/ComplexMathFunctions/arm_cmplx_mult_real_q31.c ****       (q31_t) clip_q63_to_q31(((q63_t) * pSrcCmplx++ * inA1) >> 31);
 210:../Dave/Generated/CMSIS_DSP/ComplexMathFunctions/arm_cmplx_mult_real_q31.c ****     *pCmplxDst++ =
 211:../Dave/Generated/CMSIS_DSP/ComplexMathFunctions/arm_cmplx_mult_real_q31.c ****       (q31_t) clip_q63_to_q31(((q63_t) * pSrcCmplx++ * inA1) >> 31);
 212:../Dave/Generated/CMSIS_DSP/ComplexMathFunctions/arm_cmplx_mult_real_q31.c **** 
 213:../Dave/Generated/CMSIS_DSP/ComplexMathFunctions/arm_cmplx_mult_real_q31.c ****     /* Decrement the numSamples loop counter */
 214:../Dave/Generated/CMSIS_DSP/ComplexMathFunctions/arm_cmplx_mult_real_q31.c ****     numSamples--;
 215:../Dave/Generated/CMSIS_DSP/ComplexMathFunctions/arm_cmplx_mult_real_q31.c ****   }
 216:../Dave/Generated/CMSIS_DSP/ComplexMathFunctions/arm_cmplx_mult_real_q31.c **** 
 217:../Dave/Generated/CMSIS_DSP/ComplexMathFunctions/arm_cmplx_mult_real_q31.c **** #endif /* #ifndef ARM_MATH_CM0_FAMILY */
 218:../Dave/Generated/CMSIS_DSP/ComplexMathFunctions/arm_cmplx_mult_real_q31.c **** 
 219:../Dave/Generated/CMSIS_DSP/ComplexMathFunctions/arm_cmplx_mult_real_q31.c **** }
 590              	 .loc 1 219 0
 591 04cc D437     	 adds r7,r7,#212
 592              	.LCFI3:
 593              	 .cfi_def_cfa_offset 28
 594 04ce BD46     	 mov sp,r7
 595              	.LCFI4:
 596              	 .cfi_def_cfa_register 13
 597              	 
 598 04d0 BDE8B00F 	 pop {r4,r5,r7,r8,r9,r10,fp}
 599              	.LCFI5:
 600              	 .cfi_restore 11
 601              	 .cfi_restore 10
 602              	 .cfi_restore 9
 603              	 .cfi_restore 8
 604              	 .cfi_restore 7
 605              	 .cfi_restore 5
 606              	 .cfi_restore 4
 607              	 .cfi_def_cfa_offset 0
 608 04d4 7047     	 bx lr
 609              	 .cfi_endproc
 610              	.LFE139:
 612 04d6 00BF     	 .text
 613              	.Letext0:
 614              	 .file 2 "c:\\davev4-64bit\\dave-4.2.6\\eclipse\\arm-gcc-49\\arm-none-eabi\\include\\machine\\_default_types.h"
 615              	 .file 3 "c:\\davev4-64bit\\dave-4.2.6\\eclipse\\arm-gcc-49\\arm-none-eabi\\include\\stdint.h"
 616              	 .file 4 "C:\\Users\\Depes Crystalline\\Desktop\\school\\Active_Bike_Lighting_System\\Radar_Core\\Dave\\Generated/CMSIS_DSP/arm_math.h"
DEFINED SYMBOLS
                            *ABS*:00000000 arm_cmplx_mult_real_q31.c
    {standard input}:19     .text.arm_cmplx_mult_real_q31:00000000 $t
    {standard input}:24     .text.arm_cmplx_mult_real_q31:00000000 arm_cmplx_mult_real_q31
                     .debug_frame:00000010 $d

NO UNDEFINED SYMBOLS
