   1              	 .syntax unified
   2              	 .cpu cortex-m4
   3              	 .fpu softvfp
   4              	 .eabi_attribute 20,1
   5              	 .eabi_attribute 21,1
   6              	 .eabi_attribute 23,3
   7              	 .eabi_attribute 24,1
   8              	 .eabi_attribute 25,1
   9              	 .eabi_attribute 26,1
  10              	 .eabi_attribute 30,6
  11              	 .eabi_attribute 34,1
  12              	 .eabi_attribute 18,4
  13              	 .thumb
  14              	 .file "arm_min_q15.c"
  15              	 .text
  16              	.Ltext0:
  17              	 .cfi_sections .debug_frame
  18              	 .section .text.arm_min_q15,"ax",%progbits
  19              	 .align 2
  20              	 .global arm_min_q15
  21              	 .thumb
  22              	 .thumb_func
  24              	arm_min_q15:
  25              	.LFB139:
  26              	 .file 1 "../Dave/Generated/CMSIS_DSP/StatisticsFunctions/arm_min_q15.c"
   1:../Dave/Generated/CMSIS_DSP/StatisticsFunctions/arm_min_q15.c **** /* ----------------------------------------------------------------------    
   2:../Dave/Generated/CMSIS_DSP/StatisticsFunctions/arm_min_q15.c **** * Copyright (C) 2010-2014 ARM Limited. All rights reserved.    
   3:../Dave/Generated/CMSIS_DSP/StatisticsFunctions/arm_min_q15.c **** *    
   4:../Dave/Generated/CMSIS_DSP/StatisticsFunctions/arm_min_q15.c **** * $Date:        12. March 2014
   5:../Dave/Generated/CMSIS_DSP/StatisticsFunctions/arm_min_q15.c **** * $Revision: 	V1.4.4  
   6:../Dave/Generated/CMSIS_DSP/StatisticsFunctions/arm_min_q15.c **** *    
   7:../Dave/Generated/CMSIS_DSP/StatisticsFunctions/arm_min_q15.c **** * Project: 	    CMSIS DSP Library    
   8:../Dave/Generated/CMSIS_DSP/StatisticsFunctions/arm_min_q15.c **** * Title:		arm_min_q15.c    
   9:../Dave/Generated/CMSIS_DSP/StatisticsFunctions/arm_min_q15.c **** *    
  10:../Dave/Generated/CMSIS_DSP/StatisticsFunctions/arm_min_q15.c **** * Description:	Minimum value of a Q15 vector.    
  11:../Dave/Generated/CMSIS_DSP/StatisticsFunctions/arm_min_q15.c **** *    
  12:../Dave/Generated/CMSIS_DSP/StatisticsFunctions/arm_min_q15.c **** * Target Processor: Cortex-M4/Cortex-M3/Cortex-M0
  13:../Dave/Generated/CMSIS_DSP/StatisticsFunctions/arm_min_q15.c **** *  
  14:../Dave/Generated/CMSIS_DSP/StatisticsFunctions/arm_min_q15.c **** * Redistribution and use in source and binary forms, with or without 
  15:../Dave/Generated/CMSIS_DSP/StatisticsFunctions/arm_min_q15.c **** * modification, are permitted provided that the following conditions
  16:../Dave/Generated/CMSIS_DSP/StatisticsFunctions/arm_min_q15.c **** * are met:
  17:../Dave/Generated/CMSIS_DSP/StatisticsFunctions/arm_min_q15.c **** *   - Redistributions of source code must retain the above copyright
  18:../Dave/Generated/CMSIS_DSP/StatisticsFunctions/arm_min_q15.c **** *     notice, this list of conditions and the following disclaimer.
  19:../Dave/Generated/CMSIS_DSP/StatisticsFunctions/arm_min_q15.c **** *   - Redistributions in binary form must reproduce the above copyright
  20:../Dave/Generated/CMSIS_DSP/StatisticsFunctions/arm_min_q15.c **** *     notice, this list of conditions and the following disclaimer in
  21:../Dave/Generated/CMSIS_DSP/StatisticsFunctions/arm_min_q15.c **** *     the documentation and/or other materials provided with the 
  22:../Dave/Generated/CMSIS_DSP/StatisticsFunctions/arm_min_q15.c **** *     distribution.
  23:../Dave/Generated/CMSIS_DSP/StatisticsFunctions/arm_min_q15.c **** *   - Neither the name of ARM LIMITED nor the names of its contributors
  24:../Dave/Generated/CMSIS_DSP/StatisticsFunctions/arm_min_q15.c **** *     may be used to endorse or promote products derived from this
  25:../Dave/Generated/CMSIS_DSP/StatisticsFunctions/arm_min_q15.c **** *     software without specific prior written permission.
  26:../Dave/Generated/CMSIS_DSP/StatisticsFunctions/arm_min_q15.c **** *
  27:../Dave/Generated/CMSIS_DSP/StatisticsFunctions/arm_min_q15.c **** * THIS SOFTWARE IS PROVIDED BY THE COPYRIGHT HOLDERS AND CONTRIBUTORS
  28:../Dave/Generated/CMSIS_DSP/StatisticsFunctions/arm_min_q15.c **** * "AS IS" AND ANY EXPRESS OR IMPLIED WARRANTIES, INCLUDING, BUT NOT
  29:../Dave/Generated/CMSIS_DSP/StatisticsFunctions/arm_min_q15.c **** * LIMITED TO, THE IMPLIED WARRANTIES OF MERCHANTABILITY AND FITNESS
  30:../Dave/Generated/CMSIS_DSP/StatisticsFunctions/arm_min_q15.c **** * FOR A PARTICULAR PURPOSE ARE DISCLAIMED. IN NO EVENT SHALL THE 
  31:../Dave/Generated/CMSIS_DSP/StatisticsFunctions/arm_min_q15.c **** * COPYRIGHT OWNER OR CONTRIBUTORS BE LIABLE FOR ANY DIRECT, INDIRECT,
  32:../Dave/Generated/CMSIS_DSP/StatisticsFunctions/arm_min_q15.c **** * INCIDENTAL, SPECIAL, EXEMPLARY, OR CONSEQUENTIAL DAMAGES (INCLUDING,
  33:../Dave/Generated/CMSIS_DSP/StatisticsFunctions/arm_min_q15.c **** * BUT NOT LIMITED TO, PROCUREMENT OF SUBSTITUTE GOODS OR SERVICES;
  34:../Dave/Generated/CMSIS_DSP/StatisticsFunctions/arm_min_q15.c **** * LOSS OF USE, DATA, OR PROFITS; OR BUSINESS INTERRUPTION) HOWEVER
  35:../Dave/Generated/CMSIS_DSP/StatisticsFunctions/arm_min_q15.c **** * CAUSED AND ON ANY THEORY OF LIABILITY, WHETHER IN CONTRACT, STRICT
  36:../Dave/Generated/CMSIS_DSP/StatisticsFunctions/arm_min_q15.c **** * LIABILITY, OR TORT (INCLUDING NEGLIGENCE OR OTHERWISE) ARISING IN
  37:../Dave/Generated/CMSIS_DSP/StatisticsFunctions/arm_min_q15.c **** * ANY WAY OUT OF THE USE OF THIS SOFTWARE, EVEN IF ADVISED OF THE
  38:../Dave/Generated/CMSIS_DSP/StatisticsFunctions/arm_min_q15.c **** * POSSIBILITY OF SUCH DAMAGE.    
  39:../Dave/Generated/CMSIS_DSP/StatisticsFunctions/arm_min_q15.c **** * ---------------------------------------------------------------------------- */
  40:../Dave/Generated/CMSIS_DSP/StatisticsFunctions/arm_min_q15.c **** 
  41:../Dave/Generated/CMSIS_DSP/StatisticsFunctions/arm_min_q15.c **** #include "CMSIS_DSP/cmsis_dsp.h"
  42:../Dave/Generated/CMSIS_DSP/StatisticsFunctions/arm_min_q15.c **** 
  43:../Dave/Generated/CMSIS_DSP/StatisticsFunctions/arm_min_q15.c **** /**    
  44:../Dave/Generated/CMSIS_DSP/StatisticsFunctions/arm_min_q15.c ****  * @ingroup groupStats    
  45:../Dave/Generated/CMSIS_DSP/StatisticsFunctions/arm_min_q15.c ****  */
  46:../Dave/Generated/CMSIS_DSP/StatisticsFunctions/arm_min_q15.c **** 
  47:../Dave/Generated/CMSIS_DSP/StatisticsFunctions/arm_min_q15.c **** 
  48:../Dave/Generated/CMSIS_DSP/StatisticsFunctions/arm_min_q15.c **** /**    
  49:../Dave/Generated/CMSIS_DSP/StatisticsFunctions/arm_min_q15.c ****  * @addtogroup Min    
  50:../Dave/Generated/CMSIS_DSP/StatisticsFunctions/arm_min_q15.c ****  * @{    
  51:../Dave/Generated/CMSIS_DSP/StatisticsFunctions/arm_min_q15.c ****  */
  52:../Dave/Generated/CMSIS_DSP/StatisticsFunctions/arm_min_q15.c **** 
  53:../Dave/Generated/CMSIS_DSP/StatisticsFunctions/arm_min_q15.c **** 
  54:../Dave/Generated/CMSIS_DSP/StatisticsFunctions/arm_min_q15.c **** /**    
  55:../Dave/Generated/CMSIS_DSP/StatisticsFunctions/arm_min_q15.c ****  * @brief Minimum value of a Q15 vector.    
  56:../Dave/Generated/CMSIS_DSP/StatisticsFunctions/arm_min_q15.c ****  * @param[in]       *pSrc points to the input vector    
  57:../Dave/Generated/CMSIS_DSP/StatisticsFunctions/arm_min_q15.c ****  * @param[in]       blockSize length of the input vector    
  58:../Dave/Generated/CMSIS_DSP/StatisticsFunctions/arm_min_q15.c ****  * @param[out]      *pResult minimum value returned here    
  59:../Dave/Generated/CMSIS_DSP/StatisticsFunctions/arm_min_q15.c ****  * @param[out]      *pIndex index of minimum value returned here    
  60:../Dave/Generated/CMSIS_DSP/StatisticsFunctions/arm_min_q15.c ****  * @return none.    
  61:../Dave/Generated/CMSIS_DSP/StatisticsFunctions/arm_min_q15.c ****  *    
  62:../Dave/Generated/CMSIS_DSP/StatisticsFunctions/arm_min_q15.c ****  */
  63:../Dave/Generated/CMSIS_DSP/StatisticsFunctions/arm_min_q15.c **** 
  64:../Dave/Generated/CMSIS_DSP/StatisticsFunctions/arm_min_q15.c **** void arm_min_q15(
  65:../Dave/Generated/CMSIS_DSP/StatisticsFunctions/arm_min_q15.c ****   q15_t * pSrc,
  66:../Dave/Generated/CMSIS_DSP/StatisticsFunctions/arm_min_q15.c ****   uint32_t blockSize,
  67:../Dave/Generated/CMSIS_DSP/StatisticsFunctions/arm_min_q15.c ****   q15_t * pResult,
  68:../Dave/Generated/CMSIS_DSP/StatisticsFunctions/arm_min_q15.c ****   uint32_t * pIndex)
  69:../Dave/Generated/CMSIS_DSP/StatisticsFunctions/arm_min_q15.c **** {
  27              	 .loc 1 69 0
  28              	 .cfi_startproc
  29              	 
  30              	 
  31              	 
  32 0000 80B4     	 push {r7}
  33              	.LCFI0:
  34              	 .cfi_def_cfa_offset 4
  35              	 .cfi_offset 7,-4
  36 0002 8BB0     	 sub sp,sp,#44
  37              	.LCFI1:
  38              	 .cfi_def_cfa_offset 48
  39 0004 00AF     	 add r7,sp,#0
  40              	.LCFI2:
  41              	 .cfi_def_cfa_register 7
  42 0006 F860     	 str r0,[r7,#12]
  43 0008 B960     	 str r1,[r7,#8]
  44 000a 7A60     	 str r2,[r7,#4]
  45 000c 3B60     	 str r3,[r7]
  70:../Dave/Generated/CMSIS_DSP/StatisticsFunctions/arm_min_q15.c **** #ifndef ARM_MATH_CM0_FAMILY
  71:../Dave/Generated/CMSIS_DSP/StatisticsFunctions/arm_min_q15.c **** 
  72:../Dave/Generated/CMSIS_DSP/StatisticsFunctions/arm_min_q15.c ****   /* Run the below code for Cortex-M4 and Cortex-M3 */
  73:../Dave/Generated/CMSIS_DSP/StatisticsFunctions/arm_min_q15.c ****   q15_t minVal1, minVal2, out;                   /* Temporary variables to store the output value. 
  74:../Dave/Generated/CMSIS_DSP/StatisticsFunctions/arm_min_q15.c ****   uint32_t blkCnt, outIndex, count;              /* loop counter */
  75:../Dave/Generated/CMSIS_DSP/StatisticsFunctions/arm_min_q15.c **** 
  76:../Dave/Generated/CMSIS_DSP/StatisticsFunctions/arm_min_q15.c ****   /* Initialise the count value. */
  77:../Dave/Generated/CMSIS_DSP/StatisticsFunctions/arm_min_q15.c ****   count = 0u;
  46              	 .loc 1 77 0
  47 000e 0023     	 movs r3,#0
  48 0010 BB61     	 str r3,[r7,#24]
  78:../Dave/Generated/CMSIS_DSP/StatisticsFunctions/arm_min_q15.c ****   /* Initialise the index value to zero. */
  79:../Dave/Generated/CMSIS_DSP/StatisticsFunctions/arm_min_q15.c ****   outIndex = 0u;
  49              	 .loc 1 79 0
  50 0012 0023     	 movs r3,#0
  51 0014 FB61     	 str r3,[r7,#28]
  80:../Dave/Generated/CMSIS_DSP/StatisticsFunctions/arm_min_q15.c ****   /* Load first input value that act as reference value for comparision */
  81:../Dave/Generated/CMSIS_DSP/StatisticsFunctions/arm_min_q15.c ****   out = *pSrc++;
  52              	 .loc 1 81 0
  53 0016 FB68     	 ldr r3,[r7,#12]
  54 0018 9A1C     	 adds r2,r3,#2
  55 001a FA60     	 str r2,[r7,#12]
  56 001c 1B88     	 ldrh r3,[r3]
  57 001e FB84     	 strh r3,[r7,#38]
  82:../Dave/Generated/CMSIS_DSP/StatisticsFunctions/arm_min_q15.c **** 
  83:../Dave/Generated/CMSIS_DSP/StatisticsFunctions/arm_min_q15.c ****   /* Loop unrolling */
  84:../Dave/Generated/CMSIS_DSP/StatisticsFunctions/arm_min_q15.c ****   blkCnt = (blockSize - 1u) >> 2u;
  58              	 .loc 1 84 0
  59 0020 BB68     	 ldr r3,[r7,#8]
  60 0022 013B     	 subs r3,r3,#1
  61 0024 9B08     	 lsrs r3,r3,#2
  62 0026 3B62     	 str r3,[r7,#32]
  85:../Dave/Generated/CMSIS_DSP/StatisticsFunctions/arm_min_q15.c **** 
  86:../Dave/Generated/CMSIS_DSP/StatisticsFunctions/arm_min_q15.c ****   while(blkCnt > 0)
  63              	 .loc 1 86 0
  64 0028 45E0     	 b .L2
  65              	.L7:
  87:../Dave/Generated/CMSIS_DSP/StatisticsFunctions/arm_min_q15.c ****   {
  88:../Dave/Generated/CMSIS_DSP/StatisticsFunctions/arm_min_q15.c ****     /* Initialize minVal to the next consecutive values one by one */
  89:../Dave/Generated/CMSIS_DSP/StatisticsFunctions/arm_min_q15.c ****     minVal1 = *pSrc++;
  66              	 .loc 1 89 0
  67 002a FB68     	 ldr r3,[r7,#12]
  68 002c 9A1C     	 adds r2,r3,#2
  69 002e FA60     	 str r2,[r7,#12]
  70 0030 1B88     	 ldrh r3,[r3]
  71 0032 FB82     	 strh r3,[r7,#22]
  90:../Dave/Generated/CMSIS_DSP/StatisticsFunctions/arm_min_q15.c ****     minVal2 = *pSrc++;
  72              	 .loc 1 90 0
  73 0034 FB68     	 ldr r3,[r7,#12]
  74 0036 9A1C     	 adds r2,r3,#2
  75 0038 FA60     	 str r2,[r7,#12]
  76 003a 1B88     	 ldrh r3,[r3]
  77 003c BB82     	 strh r3,[r7,#20]
  91:../Dave/Generated/CMSIS_DSP/StatisticsFunctions/arm_min_q15.c **** 
  92:../Dave/Generated/CMSIS_DSP/StatisticsFunctions/arm_min_q15.c ****     /* compare for the minimum value */
  93:../Dave/Generated/CMSIS_DSP/StatisticsFunctions/arm_min_q15.c ****     if(out > minVal1)
  78              	 .loc 1 93 0
  79 003e B7F92620 	 ldrsh r2,[r7,#38]
  80 0042 B7F91630 	 ldrsh r3,[r7,#22]
  81 0046 9A42     	 cmp r2,r3
  82 0048 04DD     	 ble .L3
  94:../Dave/Generated/CMSIS_DSP/StatisticsFunctions/arm_min_q15.c ****     {
  95:../Dave/Generated/CMSIS_DSP/StatisticsFunctions/arm_min_q15.c ****       /* Update the minimum value and its index */
  96:../Dave/Generated/CMSIS_DSP/StatisticsFunctions/arm_min_q15.c ****       out = minVal1;
  83              	 .loc 1 96 0
  84 004a FB8A     	 ldrh r3,[r7,#22]
  85 004c FB84     	 strh r3,[r7,#38]
  97:../Dave/Generated/CMSIS_DSP/StatisticsFunctions/arm_min_q15.c ****       outIndex = count + 1u;
  86              	 .loc 1 97 0
  87 004e BB69     	 ldr r3,[r7,#24]
  88 0050 0133     	 adds r3,r3,#1
  89 0052 FB61     	 str r3,[r7,#28]
  90              	.L3:
  98:../Dave/Generated/CMSIS_DSP/StatisticsFunctions/arm_min_q15.c ****     }
  99:../Dave/Generated/CMSIS_DSP/StatisticsFunctions/arm_min_q15.c **** 
 100:../Dave/Generated/CMSIS_DSP/StatisticsFunctions/arm_min_q15.c ****     minVal1 = *pSrc++;
  91              	 .loc 1 100 0
  92 0054 FB68     	 ldr r3,[r7,#12]
  93 0056 9A1C     	 adds r2,r3,#2
  94 0058 FA60     	 str r2,[r7,#12]
  95 005a 1B88     	 ldrh r3,[r3]
  96 005c FB82     	 strh r3,[r7,#22]
 101:../Dave/Generated/CMSIS_DSP/StatisticsFunctions/arm_min_q15.c **** 
 102:../Dave/Generated/CMSIS_DSP/StatisticsFunctions/arm_min_q15.c ****     /* compare for the minimum value */
 103:../Dave/Generated/CMSIS_DSP/StatisticsFunctions/arm_min_q15.c ****     if(out > minVal2)
  97              	 .loc 1 103 0
  98 005e B7F92620 	 ldrsh r2,[r7,#38]
  99 0062 B7F91430 	 ldrsh r3,[r7,#20]
 100 0066 9A42     	 cmp r2,r3
 101 0068 04DD     	 ble .L4
 104:../Dave/Generated/CMSIS_DSP/StatisticsFunctions/arm_min_q15.c ****     {
 105:../Dave/Generated/CMSIS_DSP/StatisticsFunctions/arm_min_q15.c ****       /* Update the minimum value and its index */
 106:../Dave/Generated/CMSIS_DSP/StatisticsFunctions/arm_min_q15.c ****       out = minVal2;
 102              	 .loc 1 106 0
 103 006a BB8A     	 ldrh r3,[r7,#20]
 104 006c FB84     	 strh r3,[r7,#38]
 107:../Dave/Generated/CMSIS_DSP/StatisticsFunctions/arm_min_q15.c ****       outIndex = count + 2u;
 105              	 .loc 1 107 0
 106 006e BB69     	 ldr r3,[r7,#24]
 107 0070 0233     	 adds r3,r3,#2
 108 0072 FB61     	 str r3,[r7,#28]
 109              	.L4:
 108:../Dave/Generated/CMSIS_DSP/StatisticsFunctions/arm_min_q15.c ****     }
 109:../Dave/Generated/CMSIS_DSP/StatisticsFunctions/arm_min_q15.c **** 
 110:../Dave/Generated/CMSIS_DSP/StatisticsFunctions/arm_min_q15.c ****     minVal2 = *pSrc++;
 110              	 .loc 1 110 0
 111 0074 FB68     	 ldr r3,[r7,#12]
 112 0076 9A1C     	 adds r2,r3,#2
 113 0078 FA60     	 str r2,[r7,#12]
 114 007a 1B88     	 ldrh r3,[r3]
 115 007c BB82     	 strh r3,[r7,#20]
 111:../Dave/Generated/CMSIS_DSP/StatisticsFunctions/arm_min_q15.c **** 
 112:../Dave/Generated/CMSIS_DSP/StatisticsFunctions/arm_min_q15.c ****     /* compare for the minimum value */
 113:../Dave/Generated/CMSIS_DSP/StatisticsFunctions/arm_min_q15.c ****     if(out > minVal1)
 116              	 .loc 1 113 0
 117 007e B7F92620 	 ldrsh r2,[r7,#38]
 118 0082 B7F91630 	 ldrsh r3,[r7,#22]
 119 0086 9A42     	 cmp r2,r3
 120 0088 04DD     	 ble .L5
 114:../Dave/Generated/CMSIS_DSP/StatisticsFunctions/arm_min_q15.c ****     {
 115:../Dave/Generated/CMSIS_DSP/StatisticsFunctions/arm_min_q15.c ****       /* Update the minimum value and its index */
 116:../Dave/Generated/CMSIS_DSP/StatisticsFunctions/arm_min_q15.c ****       out = minVal1;
 121              	 .loc 1 116 0
 122 008a FB8A     	 ldrh r3,[r7,#22]
 123 008c FB84     	 strh r3,[r7,#38]
 117:../Dave/Generated/CMSIS_DSP/StatisticsFunctions/arm_min_q15.c ****       outIndex = count + 3u;
 124              	 .loc 1 117 0
 125 008e BB69     	 ldr r3,[r7,#24]
 126 0090 0333     	 adds r3,r3,#3
 127 0092 FB61     	 str r3,[r7,#28]
 128              	.L5:
 118:../Dave/Generated/CMSIS_DSP/StatisticsFunctions/arm_min_q15.c ****     }
 119:../Dave/Generated/CMSIS_DSP/StatisticsFunctions/arm_min_q15.c **** 
 120:../Dave/Generated/CMSIS_DSP/StatisticsFunctions/arm_min_q15.c ****     /* compare for the minimum value */
 121:../Dave/Generated/CMSIS_DSP/StatisticsFunctions/arm_min_q15.c ****     if(out > minVal2)
 129              	 .loc 1 121 0
 130 0094 B7F92620 	 ldrsh r2,[r7,#38]
 131 0098 B7F91430 	 ldrsh r3,[r7,#20]
 132 009c 9A42     	 cmp r2,r3
 133 009e 04DD     	 ble .L6
 122:../Dave/Generated/CMSIS_DSP/StatisticsFunctions/arm_min_q15.c ****     {
 123:../Dave/Generated/CMSIS_DSP/StatisticsFunctions/arm_min_q15.c ****       /* Update the minimum value and its index */
 124:../Dave/Generated/CMSIS_DSP/StatisticsFunctions/arm_min_q15.c ****       out = minVal2;
 134              	 .loc 1 124 0
 135 00a0 BB8A     	 ldrh r3,[r7,#20]
 136 00a2 FB84     	 strh r3,[r7,#38]
 125:../Dave/Generated/CMSIS_DSP/StatisticsFunctions/arm_min_q15.c ****       outIndex = count + 4u;
 137              	 .loc 1 125 0
 138 00a4 BB69     	 ldr r3,[r7,#24]
 139 00a6 0433     	 adds r3,r3,#4
 140 00a8 FB61     	 str r3,[r7,#28]
 141              	.L6:
 126:../Dave/Generated/CMSIS_DSP/StatisticsFunctions/arm_min_q15.c ****     }
 127:../Dave/Generated/CMSIS_DSP/StatisticsFunctions/arm_min_q15.c **** 
 128:../Dave/Generated/CMSIS_DSP/StatisticsFunctions/arm_min_q15.c ****     count += 4u;
 142              	 .loc 1 128 0
 143 00aa BB69     	 ldr r3,[r7,#24]
 144 00ac 0433     	 adds r3,r3,#4
 145 00ae BB61     	 str r3,[r7,#24]
 129:../Dave/Generated/CMSIS_DSP/StatisticsFunctions/arm_min_q15.c **** 
 130:../Dave/Generated/CMSIS_DSP/StatisticsFunctions/arm_min_q15.c ****     blkCnt--;
 146              	 .loc 1 130 0
 147 00b0 3B6A     	 ldr r3,[r7,#32]
 148 00b2 013B     	 subs r3,r3,#1
 149 00b4 3B62     	 str r3,[r7,#32]
 150              	.L2:
  86:../Dave/Generated/CMSIS_DSP/StatisticsFunctions/arm_min_q15.c ****   {
 151              	 .loc 1 86 0
 152 00b6 3B6A     	 ldr r3,[r7,#32]
 153 00b8 002B     	 cmp r3,#0
 154 00ba B6D1     	 bne .L7
 131:../Dave/Generated/CMSIS_DSP/StatisticsFunctions/arm_min_q15.c ****   }
 132:../Dave/Generated/CMSIS_DSP/StatisticsFunctions/arm_min_q15.c **** 
 133:../Dave/Generated/CMSIS_DSP/StatisticsFunctions/arm_min_q15.c ****   /* if (blockSize - 1u ) is not multiple of 4 */
 134:../Dave/Generated/CMSIS_DSP/StatisticsFunctions/arm_min_q15.c ****   blkCnt = (blockSize - 1u) % 4u;
 155              	 .loc 1 134 0
 156 00bc BB68     	 ldr r3,[r7,#8]
 157 00be 013B     	 subs r3,r3,#1
 158 00c0 03F00303 	 and r3,r3,#3
 159 00c4 3B62     	 str r3,[r7,#32]
 135:../Dave/Generated/CMSIS_DSP/StatisticsFunctions/arm_min_q15.c **** 
 136:../Dave/Generated/CMSIS_DSP/StatisticsFunctions/arm_min_q15.c **** #else
 137:../Dave/Generated/CMSIS_DSP/StatisticsFunctions/arm_min_q15.c **** 
 138:../Dave/Generated/CMSIS_DSP/StatisticsFunctions/arm_min_q15.c ****   /* Run the below code for Cortex-M0 */
 139:../Dave/Generated/CMSIS_DSP/StatisticsFunctions/arm_min_q15.c ****   q15_t minVal1, out;                            /* Temporary variables to store the output value. 
 140:../Dave/Generated/CMSIS_DSP/StatisticsFunctions/arm_min_q15.c ****   uint32_t blkCnt, outIndex;                     /* loop counter */
 141:../Dave/Generated/CMSIS_DSP/StatisticsFunctions/arm_min_q15.c **** 
 142:../Dave/Generated/CMSIS_DSP/StatisticsFunctions/arm_min_q15.c ****   blkCnt = (blockSize - 1u);
 143:../Dave/Generated/CMSIS_DSP/StatisticsFunctions/arm_min_q15.c **** 
 144:../Dave/Generated/CMSIS_DSP/StatisticsFunctions/arm_min_q15.c ****   /* Initialise the index value to zero. */
 145:../Dave/Generated/CMSIS_DSP/StatisticsFunctions/arm_min_q15.c ****   outIndex = 0u;
 146:../Dave/Generated/CMSIS_DSP/StatisticsFunctions/arm_min_q15.c ****   /* Load first input value that act as reference value for comparision */
 147:../Dave/Generated/CMSIS_DSP/StatisticsFunctions/arm_min_q15.c ****   out = *pSrc++;
 148:../Dave/Generated/CMSIS_DSP/StatisticsFunctions/arm_min_q15.c **** 
 149:../Dave/Generated/CMSIS_DSP/StatisticsFunctions/arm_min_q15.c **** #endif //      #ifndef ARM_MATH_CM0_FAMILY
 150:../Dave/Generated/CMSIS_DSP/StatisticsFunctions/arm_min_q15.c **** 
 151:../Dave/Generated/CMSIS_DSP/StatisticsFunctions/arm_min_q15.c ****   while(blkCnt > 0)
 160              	 .loc 1 151 0
 161 00c6 13E0     	 b .L8
 162              	.L10:
 152:../Dave/Generated/CMSIS_DSP/StatisticsFunctions/arm_min_q15.c ****   {
 153:../Dave/Generated/CMSIS_DSP/StatisticsFunctions/arm_min_q15.c ****     /* Initialize minVal to the next consecutive values one by one */
 154:../Dave/Generated/CMSIS_DSP/StatisticsFunctions/arm_min_q15.c ****     minVal1 = *pSrc++;
 163              	 .loc 1 154 0
 164 00c8 FB68     	 ldr r3,[r7,#12]
 165 00ca 9A1C     	 adds r2,r3,#2
 166 00cc FA60     	 str r2,[r7,#12]
 167 00ce 1B88     	 ldrh r3,[r3]
 168 00d0 FB82     	 strh r3,[r7,#22]
 155:../Dave/Generated/CMSIS_DSP/StatisticsFunctions/arm_min_q15.c **** 
 156:../Dave/Generated/CMSIS_DSP/StatisticsFunctions/arm_min_q15.c ****     /* compare for the minimum value */
 157:../Dave/Generated/CMSIS_DSP/StatisticsFunctions/arm_min_q15.c ****     if(out > minVal1)
 169              	 .loc 1 157 0
 170 00d2 B7F92620 	 ldrsh r2,[r7,#38]
 171 00d6 B7F91630 	 ldrsh r3,[r7,#22]
 172 00da 9A42     	 cmp r2,r3
 173 00dc 05DD     	 ble .L9
 158:../Dave/Generated/CMSIS_DSP/StatisticsFunctions/arm_min_q15.c ****     {
 159:../Dave/Generated/CMSIS_DSP/StatisticsFunctions/arm_min_q15.c ****       /* Update the minimum value and it's index */
 160:../Dave/Generated/CMSIS_DSP/StatisticsFunctions/arm_min_q15.c ****       out = minVal1;
 174              	 .loc 1 160 0
 175 00de FB8A     	 ldrh r3,[r7,#22]
 176 00e0 FB84     	 strh r3,[r7,#38]
 161:../Dave/Generated/CMSIS_DSP/StatisticsFunctions/arm_min_q15.c ****       outIndex = blockSize - blkCnt;
 177              	 .loc 1 161 0
 178 00e2 BA68     	 ldr r2,[r7,#8]
 179 00e4 3B6A     	 ldr r3,[r7,#32]
 180 00e6 D31A     	 subs r3,r2,r3
 181 00e8 FB61     	 str r3,[r7,#28]
 182              	.L9:
 162:../Dave/Generated/CMSIS_DSP/StatisticsFunctions/arm_min_q15.c ****     }
 163:../Dave/Generated/CMSIS_DSP/StatisticsFunctions/arm_min_q15.c **** 
 164:../Dave/Generated/CMSIS_DSP/StatisticsFunctions/arm_min_q15.c ****     blkCnt--;
 183              	 .loc 1 164 0
 184 00ea 3B6A     	 ldr r3,[r7,#32]
 185 00ec 013B     	 subs r3,r3,#1
 186 00ee 3B62     	 str r3,[r7,#32]
 187              	.L8:
 151:../Dave/Generated/CMSIS_DSP/StatisticsFunctions/arm_min_q15.c ****   {
 188              	 .loc 1 151 0
 189 00f0 3B6A     	 ldr r3,[r7,#32]
 190 00f2 002B     	 cmp r3,#0
 191 00f4 E8D1     	 bne .L10
 165:../Dave/Generated/CMSIS_DSP/StatisticsFunctions/arm_min_q15.c **** 
 166:../Dave/Generated/CMSIS_DSP/StatisticsFunctions/arm_min_q15.c ****   }
 167:../Dave/Generated/CMSIS_DSP/StatisticsFunctions/arm_min_q15.c **** 
 168:../Dave/Generated/CMSIS_DSP/StatisticsFunctions/arm_min_q15.c **** 
 169:../Dave/Generated/CMSIS_DSP/StatisticsFunctions/arm_min_q15.c **** 
 170:../Dave/Generated/CMSIS_DSP/StatisticsFunctions/arm_min_q15.c ****   /* Store the minimum value and its index into destination pointers */
 171:../Dave/Generated/CMSIS_DSP/StatisticsFunctions/arm_min_q15.c ****   *pResult = out;
 192              	 .loc 1 171 0
 193 00f6 7B68     	 ldr r3,[r7,#4]
 194 00f8 FA8C     	 ldrh r2,[r7,#38]
 195 00fa 1A80     	 strh r2,[r3]
 172:../Dave/Generated/CMSIS_DSP/StatisticsFunctions/arm_min_q15.c ****   *pIndex = outIndex;
 196              	 .loc 1 172 0
 197 00fc 3B68     	 ldr r3,[r7]
 198 00fe FA69     	 ldr r2,[r7,#28]
 199 0100 1A60     	 str r2,[r3]
 173:../Dave/Generated/CMSIS_DSP/StatisticsFunctions/arm_min_q15.c **** }
 200              	 .loc 1 173 0
 201 0102 2C37     	 adds r7,r7,#44
 202              	.LCFI3:
 203              	 .cfi_def_cfa_offset 4
 204 0104 BD46     	 mov sp,r7
 205              	.LCFI4:
 206              	 .cfi_def_cfa_register 13
 207              	 
 208 0106 5DF8047B 	 ldr r7,[sp],#4
 209              	.LCFI5:
 210              	 .cfi_restore 7
 211              	 .cfi_def_cfa_offset 0
 212 010a 7047     	 bx lr
 213              	 .cfi_endproc
 214              	.LFE139:
 216              	 .text
 217              	.Letext0:
 218              	 .file 2 "c:\\davev4-64bit\\dave-4.2.6\\eclipse\\arm-gcc-49\\arm-none-eabi\\include\\machine\\_default_types.h"
 219              	 .file 3 "c:\\davev4-64bit\\dave-4.2.6\\eclipse\\arm-gcc-49\\arm-none-eabi\\include\\stdint.h"
 220              	 .file 4 "C:\\Users\\Depes Crystalline\\Desktop\\school\\Active_Bike_Lighting_System\\Radar_Core\\Dave\\Generated/CMSIS_DSP/arm_math.h"
DEFINED SYMBOLS
                            *ABS*:00000000 arm_min_q15.c
    {standard input}:19     .text.arm_min_q15:00000000 $t
    {standard input}:24     .text.arm_min_q15:00000000 arm_min_q15
                     .debug_frame:00000010 $d

NO UNDEFINED SYMBOLS
