   1              	 .syntax unified
   2              	 .cpu cortex-m4
   3              	 .fpu softvfp
   4              	 .eabi_attribute 20,1
   5              	 .eabi_attribute 21,1
   6              	 .eabi_attribute 23,3
   7              	 .eabi_attribute 24,1
   8              	 .eabi_attribute 25,1
   9              	 .eabi_attribute 26,1
  10              	 .eabi_attribute 30,6
  11              	 .eabi_attribute 34,1
  12              	 .eabi_attribute 18,4
  13              	 .thumb
  14              	 .file "arm_max_q31.c"
  15              	 .text
  16              	.Ltext0:
  17              	 .cfi_sections .debug_frame
  18              	 .section .text.arm_max_q31,"ax",%progbits
  19              	 .align 2
  20              	 .global arm_max_q31
  21              	 .thumb
  22              	 .thumb_func
  24              	arm_max_q31:
  25              	.LFB139:
  26              	 .file 1 "../Dave/Generated/CMSIS_DSP/StatisticsFunctions/arm_max_q31.c"
   1:../Dave/Generated/CMSIS_DSP/StatisticsFunctions/arm_max_q31.c **** /* ----------------------------------------------------------------------    
   2:../Dave/Generated/CMSIS_DSP/StatisticsFunctions/arm_max_q31.c **** * Copyright (C) 2010-2014 ARM Limited. All rights reserved.    
   3:../Dave/Generated/CMSIS_DSP/StatisticsFunctions/arm_max_q31.c **** *    
   4:../Dave/Generated/CMSIS_DSP/StatisticsFunctions/arm_max_q31.c **** * $Date:        12. March 2014
   5:../Dave/Generated/CMSIS_DSP/StatisticsFunctions/arm_max_q31.c **** * $Revision: 	V1.4.4  
   6:../Dave/Generated/CMSIS_DSP/StatisticsFunctions/arm_max_q31.c **** *    
   7:../Dave/Generated/CMSIS_DSP/StatisticsFunctions/arm_max_q31.c **** * Project: 	    CMSIS DSP Library    
   8:../Dave/Generated/CMSIS_DSP/StatisticsFunctions/arm_max_q31.c **** * Title:		arm_max_q31.c    
   9:../Dave/Generated/CMSIS_DSP/StatisticsFunctions/arm_max_q31.c **** *    
  10:../Dave/Generated/CMSIS_DSP/StatisticsFunctions/arm_max_q31.c **** * Description:	Maximum value of a Q31 vector.    
  11:../Dave/Generated/CMSIS_DSP/StatisticsFunctions/arm_max_q31.c **** *    
  12:../Dave/Generated/CMSIS_DSP/StatisticsFunctions/arm_max_q31.c **** * Target Processor: Cortex-M4/Cortex-M3/Cortex-M0
  13:../Dave/Generated/CMSIS_DSP/StatisticsFunctions/arm_max_q31.c **** *  
  14:../Dave/Generated/CMSIS_DSP/StatisticsFunctions/arm_max_q31.c **** * Redistribution and use in source and binary forms, with or without 
  15:../Dave/Generated/CMSIS_DSP/StatisticsFunctions/arm_max_q31.c **** * modification, are permitted provided that the following conditions
  16:../Dave/Generated/CMSIS_DSP/StatisticsFunctions/arm_max_q31.c **** * are met:
  17:../Dave/Generated/CMSIS_DSP/StatisticsFunctions/arm_max_q31.c **** *   - Redistributions of source code must retain the above copyright
  18:../Dave/Generated/CMSIS_DSP/StatisticsFunctions/arm_max_q31.c **** *     notice, this list of conditions and the following disclaimer.
  19:../Dave/Generated/CMSIS_DSP/StatisticsFunctions/arm_max_q31.c **** *   - Redistributions in binary form must reproduce the above copyright
  20:../Dave/Generated/CMSIS_DSP/StatisticsFunctions/arm_max_q31.c **** *     notice, this list of conditions and the following disclaimer in
  21:../Dave/Generated/CMSIS_DSP/StatisticsFunctions/arm_max_q31.c **** *     the documentation and/or other materials provided with the 
  22:../Dave/Generated/CMSIS_DSP/StatisticsFunctions/arm_max_q31.c **** *     distribution.
  23:../Dave/Generated/CMSIS_DSP/StatisticsFunctions/arm_max_q31.c **** *   - Neither the name of ARM LIMITED nor the names of its contributors
  24:../Dave/Generated/CMSIS_DSP/StatisticsFunctions/arm_max_q31.c **** *     may be used to endorse or promote products derived from this
  25:../Dave/Generated/CMSIS_DSP/StatisticsFunctions/arm_max_q31.c **** *     software without specific prior written permission.
  26:../Dave/Generated/CMSIS_DSP/StatisticsFunctions/arm_max_q31.c **** *
  27:../Dave/Generated/CMSIS_DSP/StatisticsFunctions/arm_max_q31.c **** * THIS SOFTWARE IS PROVIDED BY THE COPYRIGHT HOLDERS AND CONTRIBUTORS
  28:../Dave/Generated/CMSIS_DSP/StatisticsFunctions/arm_max_q31.c **** * "AS IS" AND ANY EXPRESS OR IMPLIED WARRANTIES, INCLUDING, BUT NOT
  29:../Dave/Generated/CMSIS_DSP/StatisticsFunctions/arm_max_q31.c **** * LIMITED TO, THE IMPLIED WARRANTIES OF MERCHANTABILITY AND FITNESS
  30:../Dave/Generated/CMSIS_DSP/StatisticsFunctions/arm_max_q31.c **** * FOR A PARTICULAR PURPOSE ARE DISCLAIMED. IN NO EVENT SHALL THE 
  31:../Dave/Generated/CMSIS_DSP/StatisticsFunctions/arm_max_q31.c **** * COPYRIGHT OWNER OR CONTRIBUTORS BE LIABLE FOR ANY DIRECT, INDIRECT,
  32:../Dave/Generated/CMSIS_DSP/StatisticsFunctions/arm_max_q31.c **** * INCIDENTAL, SPECIAL, EXEMPLARY, OR CONSEQUENTIAL DAMAGES (INCLUDING,
  33:../Dave/Generated/CMSIS_DSP/StatisticsFunctions/arm_max_q31.c **** * BUT NOT LIMITED TO, PROCUREMENT OF SUBSTITUTE GOODS OR SERVICES;
  34:../Dave/Generated/CMSIS_DSP/StatisticsFunctions/arm_max_q31.c **** * LOSS OF USE, DATA, OR PROFITS; OR BUSINESS INTERRUPTION) HOWEVER
  35:../Dave/Generated/CMSIS_DSP/StatisticsFunctions/arm_max_q31.c **** * CAUSED AND ON ANY THEORY OF LIABILITY, WHETHER IN CONTRACT, STRICT
  36:../Dave/Generated/CMSIS_DSP/StatisticsFunctions/arm_max_q31.c **** * LIABILITY, OR TORT (INCLUDING NEGLIGENCE OR OTHERWISE) ARISING IN
  37:../Dave/Generated/CMSIS_DSP/StatisticsFunctions/arm_max_q31.c **** * ANY WAY OUT OF THE USE OF THIS SOFTWARE, EVEN IF ADVISED OF THE
  38:../Dave/Generated/CMSIS_DSP/StatisticsFunctions/arm_max_q31.c **** * POSSIBILITY OF SUCH DAMAGE.  
  39:../Dave/Generated/CMSIS_DSP/StatisticsFunctions/arm_max_q31.c **** * ---------------------------------------------------------------------------- */
  40:../Dave/Generated/CMSIS_DSP/StatisticsFunctions/arm_max_q31.c **** 
  41:../Dave/Generated/CMSIS_DSP/StatisticsFunctions/arm_max_q31.c **** #include "CMSIS_DSP/cmsis_dsp.h"
  42:../Dave/Generated/CMSIS_DSP/StatisticsFunctions/arm_max_q31.c **** 
  43:../Dave/Generated/CMSIS_DSP/StatisticsFunctions/arm_max_q31.c **** /**    
  44:../Dave/Generated/CMSIS_DSP/StatisticsFunctions/arm_max_q31.c ****  * @ingroup groupStats    
  45:../Dave/Generated/CMSIS_DSP/StatisticsFunctions/arm_max_q31.c ****  */
  46:../Dave/Generated/CMSIS_DSP/StatisticsFunctions/arm_max_q31.c **** 
  47:../Dave/Generated/CMSIS_DSP/StatisticsFunctions/arm_max_q31.c **** /**    
  48:../Dave/Generated/CMSIS_DSP/StatisticsFunctions/arm_max_q31.c ****  * @addtogroup Max    
  49:../Dave/Generated/CMSIS_DSP/StatisticsFunctions/arm_max_q31.c ****  * @{    
  50:../Dave/Generated/CMSIS_DSP/StatisticsFunctions/arm_max_q31.c ****  */
  51:../Dave/Generated/CMSIS_DSP/StatisticsFunctions/arm_max_q31.c **** 
  52:../Dave/Generated/CMSIS_DSP/StatisticsFunctions/arm_max_q31.c **** 
  53:../Dave/Generated/CMSIS_DSP/StatisticsFunctions/arm_max_q31.c **** /**    
  54:../Dave/Generated/CMSIS_DSP/StatisticsFunctions/arm_max_q31.c ****  * @brief Maximum value of a Q31 vector.    
  55:../Dave/Generated/CMSIS_DSP/StatisticsFunctions/arm_max_q31.c ****  * @param[in]       *pSrc points to the input vector    
  56:../Dave/Generated/CMSIS_DSP/StatisticsFunctions/arm_max_q31.c ****  * @param[in]       blockSize length of the input vector    
  57:../Dave/Generated/CMSIS_DSP/StatisticsFunctions/arm_max_q31.c ****  * @param[out]      *pResult maximum value returned here    
  58:../Dave/Generated/CMSIS_DSP/StatisticsFunctions/arm_max_q31.c ****  * @param[out]      *pIndex index of maximum value returned here    
  59:../Dave/Generated/CMSIS_DSP/StatisticsFunctions/arm_max_q31.c ****  * @return none.    
  60:../Dave/Generated/CMSIS_DSP/StatisticsFunctions/arm_max_q31.c ****  */
  61:../Dave/Generated/CMSIS_DSP/StatisticsFunctions/arm_max_q31.c **** 
  62:../Dave/Generated/CMSIS_DSP/StatisticsFunctions/arm_max_q31.c **** void arm_max_q31(
  63:../Dave/Generated/CMSIS_DSP/StatisticsFunctions/arm_max_q31.c ****   q31_t * pSrc,
  64:../Dave/Generated/CMSIS_DSP/StatisticsFunctions/arm_max_q31.c ****   uint32_t blockSize,
  65:../Dave/Generated/CMSIS_DSP/StatisticsFunctions/arm_max_q31.c ****   q31_t * pResult,
  66:../Dave/Generated/CMSIS_DSP/StatisticsFunctions/arm_max_q31.c ****   uint32_t * pIndex)
  67:../Dave/Generated/CMSIS_DSP/StatisticsFunctions/arm_max_q31.c **** {
  27              	 .loc 1 67 0
  28              	 .cfi_startproc
  29              	 
  30              	 
  31              	 
  32 0000 80B4     	 push {r7}
  33              	.LCFI0:
  34              	 .cfi_def_cfa_offset 4
  35              	 .cfi_offset 7,-4
  36 0002 8BB0     	 sub sp,sp,#44
  37              	.LCFI1:
  38              	 .cfi_def_cfa_offset 48
  39 0004 00AF     	 add r7,sp,#0
  40              	.LCFI2:
  41              	 .cfi_def_cfa_register 7
  42 0006 F860     	 str r0,[r7,#12]
  43 0008 B960     	 str r1,[r7,#8]
  44 000a 7A60     	 str r2,[r7,#4]
  45 000c 3B60     	 str r3,[r7]
  68:../Dave/Generated/CMSIS_DSP/StatisticsFunctions/arm_max_q31.c **** #ifndef ARM_MATH_CM0_FAMILY
  69:../Dave/Generated/CMSIS_DSP/StatisticsFunctions/arm_max_q31.c **** 
  70:../Dave/Generated/CMSIS_DSP/StatisticsFunctions/arm_max_q31.c ****   /* Run the below code for Cortex-M4 and Cortex-M3 */
  71:../Dave/Generated/CMSIS_DSP/StatisticsFunctions/arm_max_q31.c ****   q31_t maxVal1, maxVal2, out;                   /* Temporary variables to store the output value. 
  72:../Dave/Generated/CMSIS_DSP/StatisticsFunctions/arm_max_q31.c ****   uint32_t blkCnt, outIndex, count;              /* loop counter */
  73:../Dave/Generated/CMSIS_DSP/StatisticsFunctions/arm_max_q31.c **** 
  74:../Dave/Generated/CMSIS_DSP/StatisticsFunctions/arm_max_q31.c ****   /* Initialise the count value. */
  75:../Dave/Generated/CMSIS_DSP/StatisticsFunctions/arm_max_q31.c ****   count = 0u;
  46              	 .loc 1 75 0
  47 000e 0023     	 movs r3,#0
  48 0010 BB61     	 str r3,[r7,#24]
  76:../Dave/Generated/CMSIS_DSP/StatisticsFunctions/arm_max_q31.c ****   /* Initialise the index value to zero. */
  77:../Dave/Generated/CMSIS_DSP/StatisticsFunctions/arm_max_q31.c ****   outIndex = 0u;
  49              	 .loc 1 77 0
  50 0012 0023     	 movs r3,#0
  51 0014 FB61     	 str r3,[r7,#28]
  78:../Dave/Generated/CMSIS_DSP/StatisticsFunctions/arm_max_q31.c ****   /* Load first input value that act as reference value for comparision */
  79:../Dave/Generated/CMSIS_DSP/StatisticsFunctions/arm_max_q31.c ****   out = *pSrc++;
  52              	 .loc 1 79 0
  53 0016 FB68     	 ldr r3,[r7,#12]
  54 0018 1A1D     	 adds r2,r3,#4
  55 001a FA60     	 str r2,[r7,#12]
  56 001c 1B68     	 ldr r3,[r3]
  57 001e 7B62     	 str r3,[r7,#36]
  80:../Dave/Generated/CMSIS_DSP/StatisticsFunctions/arm_max_q31.c **** 
  81:../Dave/Generated/CMSIS_DSP/StatisticsFunctions/arm_max_q31.c ****   /* Loop unrolling */
  82:../Dave/Generated/CMSIS_DSP/StatisticsFunctions/arm_max_q31.c ****   blkCnt = (blockSize - 1u) >> 2u;
  58              	 .loc 1 82 0
  59 0020 BB68     	 ldr r3,[r7,#8]
  60 0022 013B     	 subs r3,r3,#1
  61 0024 9B08     	 lsrs r3,r3,#2
  62 0026 3B62     	 str r3,[r7,#32]
  83:../Dave/Generated/CMSIS_DSP/StatisticsFunctions/arm_max_q31.c **** 
  84:../Dave/Generated/CMSIS_DSP/StatisticsFunctions/arm_max_q31.c ****   /* Run the below code for Cortex-M4 and Cortex-M3 */
  85:../Dave/Generated/CMSIS_DSP/StatisticsFunctions/arm_max_q31.c ****   while(blkCnt > 0u)
  63              	 .loc 1 85 0
  64 0028 3DE0     	 b .L2
  65              	.L7:
  86:../Dave/Generated/CMSIS_DSP/StatisticsFunctions/arm_max_q31.c ****   {
  87:../Dave/Generated/CMSIS_DSP/StatisticsFunctions/arm_max_q31.c ****     /* Initialize maxVal to the next consecutive values one by one */
  88:../Dave/Generated/CMSIS_DSP/StatisticsFunctions/arm_max_q31.c ****     maxVal1 = *pSrc++;
  66              	 .loc 1 88 0
  67 002a FB68     	 ldr r3,[r7,#12]
  68 002c 1A1D     	 adds r2,r3,#4
  69 002e FA60     	 str r2,[r7,#12]
  70 0030 1B68     	 ldr r3,[r3]
  71 0032 7B61     	 str r3,[r7,#20]
  89:../Dave/Generated/CMSIS_DSP/StatisticsFunctions/arm_max_q31.c **** 
  90:../Dave/Generated/CMSIS_DSP/StatisticsFunctions/arm_max_q31.c ****     maxVal2 = *pSrc++;
  72              	 .loc 1 90 0
  73 0034 FB68     	 ldr r3,[r7,#12]
  74 0036 1A1D     	 adds r2,r3,#4
  75 0038 FA60     	 str r2,[r7,#12]
  76 003a 1B68     	 ldr r3,[r3]
  77 003c 3B61     	 str r3,[r7,#16]
  91:../Dave/Generated/CMSIS_DSP/StatisticsFunctions/arm_max_q31.c **** 
  92:../Dave/Generated/CMSIS_DSP/StatisticsFunctions/arm_max_q31.c ****     /* compare for the maximum value */
  93:../Dave/Generated/CMSIS_DSP/StatisticsFunctions/arm_max_q31.c ****     if(out < maxVal1)
  78              	 .loc 1 93 0
  79 003e 7A6A     	 ldr r2,[r7,#36]
  80 0040 7B69     	 ldr r3,[r7,#20]
  81 0042 9A42     	 cmp r2,r3
  82 0044 04DA     	 bge .L3
  94:../Dave/Generated/CMSIS_DSP/StatisticsFunctions/arm_max_q31.c ****     {
  95:../Dave/Generated/CMSIS_DSP/StatisticsFunctions/arm_max_q31.c ****       /* Update the maximum value and its index */
  96:../Dave/Generated/CMSIS_DSP/StatisticsFunctions/arm_max_q31.c ****       out = maxVal1;
  83              	 .loc 1 96 0
  84 0046 7B69     	 ldr r3,[r7,#20]
  85 0048 7B62     	 str r3,[r7,#36]
  97:../Dave/Generated/CMSIS_DSP/StatisticsFunctions/arm_max_q31.c ****       outIndex = count + 1u;
  86              	 .loc 1 97 0
  87 004a BB69     	 ldr r3,[r7,#24]
  88 004c 0133     	 adds r3,r3,#1
  89 004e FB61     	 str r3,[r7,#28]
  90              	.L3:
  98:../Dave/Generated/CMSIS_DSP/StatisticsFunctions/arm_max_q31.c ****     }
  99:../Dave/Generated/CMSIS_DSP/StatisticsFunctions/arm_max_q31.c **** 
 100:../Dave/Generated/CMSIS_DSP/StatisticsFunctions/arm_max_q31.c ****     maxVal1 = *pSrc++;
  91              	 .loc 1 100 0
  92 0050 FB68     	 ldr r3,[r7,#12]
  93 0052 1A1D     	 adds r2,r3,#4
  94 0054 FA60     	 str r2,[r7,#12]
  95 0056 1B68     	 ldr r3,[r3]
  96 0058 7B61     	 str r3,[r7,#20]
 101:../Dave/Generated/CMSIS_DSP/StatisticsFunctions/arm_max_q31.c **** 
 102:../Dave/Generated/CMSIS_DSP/StatisticsFunctions/arm_max_q31.c ****     /* compare for the maximum value */
 103:../Dave/Generated/CMSIS_DSP/StatisticsFunctions/arm_max_q31.c ****     if(out < maxVal2)
  97              	 .loc 1 103 0
  98 005a 7A6A     	 ldr r2,[r7,#36]
  99 005c 3B69     	 ldr r3,[r7,#16]
 100 005e 9A42     	 cmp r2,r3
 101 0060 04DA     	 bge .L4
 104:../Dave/Generated/CMSIS_DSP/StatisticsFunctions/arm_max_q31.c ****     {
 105:../Dave/Generated/CMSIS_DSP/StatisticsFunctions/arm_max_q31.c ****       /* Update the maximum value and its index */
 106:../Dave/Generated/CMSIS_DSP/StatisticsFunctions/arm_max_q31.c ****       out = maxVal2;
 102              	 .loc 1 106 0
 103 0062 3B69     	 ldr r3,[r7,#16]
 104 0064 7B62     	 str r3,[r7,#36]
 107:../Dave/Generated/CMSIS_DSP/StatisticsFunctions/arm_max_q31.c ****       outIndex = count + 2u;
 105              	 .loc 1 107 0
 106 0066 BB69     	 ldr r3,[r7,#24]
 107 0068 0233     	 adds r3,r3,#2
 108 006a FB61     	 str r3,[r7,#28]
 109              	.L4:
 108:../Dave/Generated/CMSIS_DSP/StatisticsFunctions/arm_max_q31.c ****     }
 109:../Dave/Generated/CMSIS_DSP/StatisticsFunctions/arm_max_q31.c **** 
 110:../Dave/Generated/CMSIS_DSP/StatisticsFunctions/arm_max_q31.c ****     maxVal2 = *pSrc++;
 110              	 .loc 1 110 0
 111 006c FB68     	 ldr r3,[r7,#12]
 112 006e 1A1D     	 adds r2,r3,#4
 113 0070 FA60     	 str r2,[r7,#12]
 114 0072 1B68     	 ldr r3,[r3]
 115 0074 3B61     	 str r3,[r7,#16]
 111:../Dave/Generated/CMSIS_DSP/StatisticsFunctions/arm_max_q31.c **** 
 112:../Dave/Generated/CMSIS_DSP/StatisticsFunctions/arm_max_q31.c ****     /* compare for the maximum value */
 113:../Dave/Generated/CMSIS_DSP/StatisticsFunctions/arm_max_q31.c ****     if(out < maxVal1)
 116              	 .loc 1 113 0
 117 0076 7A6A     	 ldr r2,[r7,#36]
 118 0078 7B69     	 ldr r3,[r7,#20]
 119 007a 9A42     	 cmp r2,r3
 120 007c 04DA     	 bge .L5
 114:../Dave/Generated/CMSIS_DSP/StatisticsFunctions/arm_max_q31.c ****     {
 115:../Dave/Generated/CMSIS_DSP/StatisticsFunctions/arm_max_q31.c ****       /* Update the maximum value and its index */
 116:../Dave/Generated/CMSIS_DSP/StatisticsFunctions/arm_max_q31.c ****       out = maxVal1;
 121              	 .loc 1 116 0
 122 007e 7B69     	 ldr r3,[r7,#20]
 123 0080 7B62     	 str r3,[r7,#36]
 117:../Dave/Generated/CMSIS_DSP/StatisticsFunctions/arm_max_q31.c ****       outIndex = count + 3u;
 124              	 .loc 1 117 0
 125 0082 BB69     	 ldr r3,[r7,#24]
 126 0084 0333     	 adds r3,r3,#3
 127 0086 FB61     	 str r3,[r7,#28]
 128              	.L5:
 118:../Dave/Generated/CMSIS_DSP/StatisticsFunctions/arm_max_q31.c ****     }
 119:../Dave/Generated/CMSIS_DSP/StatisticsFunctions/arm_max_q31.c **** 
 120:../Dave/Generated/CMSIS_DSP/StatisticsFunctions/arm_max_q31.c ****     /* compare for the maximum value */
 121:../Dave/Generated/CMSIS_DSP/StatisticsFunctions/arm_max_q31.c ****     if(out < maxVal2)
 129              	 .loc 1 121 0
 130 0088 7A6A     	 ldr r2,[r7,#36]
 131 008a 3B69     	 ldr r3,[r7,#16]
 132 008c 9A42     	 cmp r2,r3
 133 008e 04DA     	 bge .L6
 122:../Dave/Generated/CMSIS_DSP/StatisticsFunctions/arm_max_q31.c ****     {
 123:../Dave/Generated/CMSIS_DSP/StatisticsFunctions/arm_max_q31.c ****       /* Update the maximum value and its index */
 124:../Dave/Generated/CMSIS_DSP/StatisticsFunctions/arm_max_q31.c ****       out = maxVal2;
 134              	 .loc 1 124 0
 135 0090 3B69     	 ldr r3,[r7,#16]
 136 0092 7B62     	 str r3,[r7,#36]
 125:../Dave/Generated/CMSIS_DSP/StatisticsFunctions/arm_max_q31.c ****       outIndex = count + 4u;
 137              	 .loc 1 125 0
 138 0094 BB69     	 ldr r3,[r7,#24]
 139 0096 0433     	 adds r3,r3,#4
 140 0098 FB61     	 str r3,[r7,#28]
 141              	.L6:
 126:../Dave/Generated/CMSIS_DSP/StatisticsFunctions/arm_max_q31.c ****     }
 127:../Dave/Generated/CMSIS_DSP/StatisticsFunctions/arm_max_q31.c **** 
 128:../Dave/Generated/CMSIS_DSP/StatisticsFunctions/arm_max_q31.c ****     count += 4u;
 142              	 .loc 1 128 0
 143 009a BB69     	 ldr r3,[r7,#24]
 144 009c 0433     	 adds r3,r3,#4
 145 009e BB61     	 str r3,[r7,#24]
 129:../Dave/Generated/CMSIS_DSP/StatisticsFunctions/arm_max_q31.c **** 
 130:../Dave/Generated/CMSIS_DSP/StatisticsFunctions/arm_max_q31.c ****     /* Decrement the loop counter */
 131:../Dave/Generated/CMSIS_DSP/StatisticsFunctions/arm_max_q31.c ****     blkCnt--;
 146              	 .loc 1 131 0
 147 00a0 3B6A     	 ldr r3,[r7,#32]
 148 00a2 013B     	 subs r3,r3,#1
 149 00a4 3B62     	 str r3,[r7,#32]
 150              	.L2:
  85:../Dave/Generated/CMSIS_DSP/StatisticsFunctions/arm_max_q31.c ****   {
 151              	 .loc 1 85 0
 152 00a6 3B6A     	 ldr r3,[r7,#32]
 153 00a8 002B     	 cmp r3,#0
 154 00aa BED1     	 bne .L7
 132:../Dave/Generated/CMSIS_DSP/StatisticsFunctions/arm_max_q31.c ****   }
 133:../Dave/Generated/CMSIS_DSP/StatisticsFunctions/arm_max_q31.c **** 
 134:../Dave/Generated/CMSIS_DSP/StatisticsFunctions/arm_max_q31.c ****   /* if (blockSize - 1u) is not multiple of 4 */
 135:../Dave/Generated/CMSIS_DSP/StatisticsFunctions/arm_max_q31.c ****   blkCnt = (blockSize - 1u) % 4u;
 155              	 .loc 1 135 0
 156 00ac BB68     	 ldr r3,[r7,#8]
 157 00ae 013B     	 subs r3,r3,#1
 158 00b0 03F00303 	 and r3,r3,#3
 159 00b4 3B62     	 str r3,[r7,#32]
 136:../Dave/Generated/CMSIS_DSP/StatisticsFunctions/arm_max_q31.c **** 
 137:../Dave/Generated/CMSIS_DSP/StatisticsFunctions/arm_max_q31.c **** #else
 138:../Dave/Generated/CMSIS_DSP/StatisticsFunctions/arm_max_q31.c **** 
 139:../Dave/Generated/CMSIS_DSP/StatisticsFunctions/arm_max_q31.c ****   /* Run the below code for Cortex-M0 */
 140:../Dave/Generated/CMSIS_DSP/StatisticsFunctions/arm_max_q31.c ****   q31_t maxVal1, out;                            /* Temporary variables to store the output value. 
 141:../Dave/Generated/CMSIS_DSP/StatisticsFunctions/arm_max_q31.c ****   uint32_t blkCnt, outIndex;                     /* loop counter */
 142:../Dave/Generated/CMSIS_DSP/StatisticsFunctions/arm_max_q31.c **** 
 143:../Dave/Generated/CMSIS_DSP/StatisticsFunctions/arm_max_q31.c ****   /* Initialise the index value to zero. */
 144:../Dave/Generated/CMSIS_DSP/StatisticsFunctions/arm_max_q31.c ****   outIndex = 0u;
 145:../Dave/Generated/CMSIS_DSP/StatisticsFunctions/arm_max_q31.c ****   /* Load first input value that act as reference value for comparision */
 146:../Dave/Generated/CMSIS_DSP/StatisticsFunctions/arm_max_q31.c ****   out = *pSrc++;
 147:../Dave/Generated/CMSIS_DSP/StatisticsFunctions/arm_max_q31.c **** 
 148:../Dave/Generated/CMSIS_DSP/StatisticsFunctions/arm_max_q31.c ****   blkCnt = (blockSize - 1u);
 149:../Dave/Generated/CMSIS_DSP/StatisticsFunctions/arm_max_q31.c **** 
 150:../Dave/Generated/CMSIS_DSP/StatisticsFunctions/arm_max_q31.c **** #endif /* #ifndef ARM_MATH_CM0_FAMILY */
 151:../Dave/Generated/CMSIS_DSP/StatisticsFunctions/arm_max_q31.c **** 
 152:../Dave/Generated/CMSIS_DSP/StatisticsFunctions/arm_max_q31.c ****   while(blkCnt > 0u)
 160              	 .loc 1 152 0
 161 00b6 11E0     	 b .L8
 162              	.L10:
 153:../Dave/Generated/CMSIS_DSP/StatisticsFunctions/arm_max_q31.c ****   {
 154:../Dave/Generated/CMSIS_DSP/StatisticsFunctions/arm_max_q31.c ****     /* Initialize maxVal to the next consecutive values one by one */
 155:../Dave/Generated/CMSIS_DSP/StatisticsFunctions/arm_max_q31.c ****     maxVal1 = *pSrc++;
 163              	 .loc 1 155 0
 164 00b8 FB68     	 ldr r3,[r7,#12]
 165 00ba 1A1D     	 adds r2,r3,#4
 166 00bc FA60     	 str r2,[r7,#12]
 167 00be 1B68     	 ldr r3,[r3]
 168 00c0 7B61     	 str r3,[r7,#20]
 156:../Dave/Generated/CMSIS_DSP/StatisticsFunctions/arm_max_q31.c **** 
 157:../Dave/Generated/CMSIS_DSP/StatisticsFunctions/arm_max_q31.c ****     /* compare for the maximum value */
 158:../Dave/Generated/CMSIS_DSP/StatisticsFunctions/arm_max_q31.c ****     if(out < maxVal1)
 169              	 .loc 1 158 0
 170 00c2 7A6A     	 ldr r2,[r7,#36]
 171 00c4 7B69     	 ldr r3,[r7,#20]
 172 00c6 9A42     	 cmp r2,r3
 173 00c8 05DA     	 bge .L9
 159:../Dave/Generated/CMSIS_DSP/StatisticsFunctions/arm_max_q31.c ****     {
 160:../Dave/Generated/CMSIS_DSP/StatisticsFunctions/arm_max_q31.c ****       /* Update the maximum value and it's index */
 161:../Dave/Generated/CMSIS_DSP/StatisticsFunctions/arm_max_q31.c ****       out = maxVal1;
 174              	 .loc 1 161 0
 175 00ca 7B69     	 ldr r3,[r7,#20]
 176 00cc 7B62     	 str r3,[r7,#36]
 162:../Dave/Generated/CMSIS_DSP/StatisticsFunctions/arm_max_q31.c ****       outIndex = blockSize - blkCnt;
 177              	 .loc 1 162 0
 178 00ce BA68     	 ldr r2,[r7,#8]
 179 00d0 3B6A     	 ldr r3,[r7,#32]
 180 00d2 D31A     	 subs r3,r2,r3
 181 00d4 FB61     	 str r3,[r7,#28]
 182              	.L9:
 163:../Dave/Generated/CMSIS_DSP/StatisticsFunctions/arm_max_q31.c ****     }
 164:../Dave/Generated/CMSIS_DSP/StatisticsFunctions/arm_max_q31.c **** 
 165:../Dave/Generated/CMSIS_DSP/StatisticsFunctions/arm_max_q31.c ****     /* Decrement the loop counter */
 166:../Dave/Generated/CMSIS_DSP/StatisticsFunctions/arm_max_q31.c ****     blkCnt--;
 183              	 .loc 1 166 0
 184 00d6 3B6A     	 ldr r3,[r7,#32]
 185 00d8 013B     	 subs r3,r3,#1
 186 00da 3B62     	 str r3,[r7,#32]
 187              	.L8:
 152:../Dave/Generated/CMSIS_DSP/StatisticsFunctions/arm_max_q31.c ****   {
 188              	 .loc 1 152 0
 189 00dc 3B6A     	 ldr r3,[r7,#32]
 190 00de 002B     	 cmp r3,#0
 191 00e0 EAD1     	 bne .L10
 167:../Dave/Generated/CMSIS_DSP/StatisticsFunctions/arm_max_q31.c **** 
 168:../Dave/Generated/CMSIS_DSP/StatisticsFunctions/arm_max_q31.c ****   }
 169:../Dave/Generated/CMSIS_DSP/StatisticsFunctions/arm_max_q31.c **** 
 170:../Dave/Generated/CMSIS_DSP/StatisticsFunctions/arm_max_q31.c ****   /* Store the maximum value and its index into destination pointers */
 171:../Dave/Generated/CMSIS_DSP/StatisticsFunctions/arm_max_q31.c ****   *pResult = out;
 192              	 .loc 1 171 0
 193 00e2 7B68     	 ldr r3,[r7,#4]
 194 00e4 7A6A     	 ldr r2,[r7,#36]
 195 00e6 1A60     	 str r2,[r3]
 172:../Dave/Generated/CMSIS_DSP/StatisticsFunctions/arm_max_q31.c ****   *pIndex = outIndex;
 196              	 .loc 1 172 0
 197 00e8 3B68     	 ldr r3,[r7]
 198 00ea FA69     	 ldr r2,[r7,#28]
 199 00ec 1A60     	 str r2,[r3]
 173:../Dave/Generated/CMSIS_DSP/StatisticsFunctions/arm_max_q31.c **** }
 200              	 .loc 1 173 0
 201 00ee 2C37     	 adds r7,r7,#44
 202              	.LCFI3:
 203              	 .cfi_def_cfa_offset 4
 204 00f0 BD46     	 mov sp,r7
 205              	.LCFI4:
 206              	 .cfi_def_cfa_register 13
 207              	 
 208 00f2 5DF8047B 	 ldr r7,[sp],#4
 209              	.LCFI5:
 210              	 .cfi_restore 7
 211              	 .cfi_def_cfa_offset 0
 212 00f6 7047     	 bx lr
 213              	 .cfi_endproc
 214              	.LFE139:
 216              	 .text
 217              	.Letext0:
 218              	 .file 2 "c:\\davev4-64bit\\dave-4.2.6\\eclipse\\arm-gcc-49\\arm-none-eabi\\include\\machine\\_default_types.h"
 219              	 .file 3 "c:\\davev4-64bit\\dave-4.2.6\\eclipse\\arm-gcc-49\\arm-none-eabi\\include\\stdint.h"
 220              	 .file 4 "C:\\Users\\Depes Crystalline\\Desktop\\school\\Active_Bike_Lighting_System\\Radar_Core\\Dave\\Generated/CMSIS_DSP/arm_math.h"
DEFINED SYMBOLS
                            *ABS*:00000000 arm_max_q31.c
    {standard input}:19     .text.arm_max_q31:00000000 $t
    {standard input}:24     .text.arm_max_q31:00000000 arm_max_q31
                     .debug_frame:00000010 $d

NO UNDEFINED SYMBOLS
