   1              	 .syntax unified
   2              	 .cpu cortex-m4
   3              	 .fpu softvfp
   4              	 .eabi_attribute 20,1
   5              	 .eabi_attribute 21,1
   6              	 .eabi_attribute 23,3
   7              	 .eabi_attribute 24,1
   8              	 .eabi_attribute 25,1
   9              	 .eabi_attribute 26,1
  10              	 .eabi_attribute 30,6
  11              	 .eabi_attribute 34,1
  12              	 .eabi_attribute 18,4
  13              	 .thumb
  14              	 .file "arm_mean_q31.c"
  15              	 .text
  16              	.Ltext0:
  17              	 .cfi_sections .debug_frame
  18              	 .global __aeabi_ldivmod
  19              	 .section .text.arm_mean_q31,"ax",%progbits
  20              	 .align 2
  21              	 .global arm_mean_q31
  22              	 .thumb
  23              	 .thumb_func
  25              	arm_mean_q31:
  26              	.LFB139:
  27              	 .file 1 "../Dave/Generated/CMSIS_DSP/StatisticsFunctions/arm_mean_q31.c"
   1:../Dave/Generated/CMSIS_DSP/StatisticsFunctions/arm_mean_q31.c **** /* ----------------------------------------------------------------------    
   2:../Dave/Generated/CMSIS_DSP/StatisticsFunctions/arm_mean_q31.c **** * Copyright (C) 2010-2014 ARM Limited. All rights reserved.    
   3:../Dave/Generated/CMSIS_DSP/StatisticsFunctions/arm_mean_q31.c **** *    
   4:../Dave/Generated/CMSIS_DSP/StatisticsFunctions/arm_mean_q31.c **** * $Date:        12. March 2014
   5:../Dave/Generated/CMSIS_DSP/StatisticsFunctions/arm_mean_q31.c **** * $Revision: 	V1.4.4  
   6:../Dave/Generated/CMSIS_DSP/StatisticsFunctions/arm_mean_q31.c **** *    
   7:../Dave/Generated/CMSIS_DSP/StatisticsFunctions/arm_mean_q31.c **** * Project: 	    CMSIS DSP Library    
   8:../Dave/Generated/CMSIS_DSP/StatisticsFunctions/arm_mean_q31.c **** * Title:		arm_mean_q31.c    
   9:../Dave/Generated/CMSIS_DSP/StatisticsFunctions/arm_mean_q31.c **** *    
  10:../Dave/Generated/CMSIS_DSP/StatisticsFunctions/arm_mean_q31.c **** * Description:	Mean value of a Q31 vector.   
  11:../Dave/Generated/CMSIS_DSP/StatisticsFunctions/arm_mean_q31.c **** *    
  12:../Dave/Generated/CMSIS_DSP/StatisticsFunctions/arm_mean_q31.c **** * Target Processor: Cortex-M4/Cortex-M3/Cortex-M0
  13:../Dave/Generated/CMSIS_DSP/StatisticsFunctions/arm_mean_q31.c **** *  
  14:../Dave/Generated/CMSIS_DSP/StatisticsFunctions/arm_mean_q31.c **** * Redistribution and use in source and binary forms, with or without 
  15:../Dave/Generated/CMSIS_DSP/StatisticsFunctions/arm_mean_q31.c **** * modification, are permitted provided that the following conditions
  16:../Dave/Generated/CMSIS_DSP/StatisticsFunctions/arm_mean_q31.c **** * are met:
  17:../Dave/Generated/CMSIS_DSP/StatisticsFunctions/arm_mean_q31.c **** *   - Redistributions of source code must retain the above copyright
  18:../Dave/Generated/CMSIS_DSP/StatisticsFunctions/arm_mean_q31.c **** *     notice, this list of conditions and the following disclaimer.
  19:../Dave/Generated/CMSIS_DSP/StatisticsFunctions/arm_mean_q31.c **** *   - Redistributions in binary form must reproduce the above copyright
  20:../Dave/Generated/CMSIS_DSP/StatisticsFunctions/arm_mean_q31.c **** *     notice, this list of conditions and the following disclaimer in
  21:../Dave/Generated/CMSIS_DSP/StatisticsFunctions/arm_mean_q31.c **** *     the documentation and/or other materials provided with the 
  22:../Dave/Generated/CMSIS_DSP/StatisticsFunctions/arm_mean_q31.c **** *     distribution.
  23:../Dave/Generated/CMSIS_DSP/StatisticsFunctions/arm_mean_q31.c **** *   - Neither the name of ARM LIMITED nor the names of its contributors
  24:../Dave/Generated/CMSIS_DSP/StatisticsFunctions/arm_mean_q31.c **** *     may be used to endorse or promote products derived from this
  25:../Dave/Generated/CMSIS_DSP/StatisticsFunctions/arm_mean_q31.c **** *     software without specific prior written permission.
  26:../Dave/Generated/CMSIS_DSP/StatisticsFunctions/arm_mean_q31.c **** *
  27:../Dave/Generated/CMSIS_DSP/StatisticsFunctions/arm_mean_q31.c **** * THIS SOFTWARE IS PROVIDED BY THE COPYRIGHT HOLDERS AND CONTRIBUTORS
  28:../Dave/Generated/CMSIS_DSP/StatisticsFunctions/arm_mean_q31.c **** * "AS IS" AND ANY EXPRESS OR IMPLIED WARRANTIES, INCLUDING, BUT NOT
  29:../Dave/Generated/CMSIS_DSP/StatisticsFunctions/arm_mean_q31.c **** * LIMITED TO, THE IMPLIED WARRANTIES OF MERCHANTABILITY AND FITNESS
  30:../Dave/Generated/CMSIS_DSP/StatisticsFunctions/arm_mean_q31.c **** * FOR A PARTICULAR PURPOSE ARE DISCLAIMED. IN NO EVENT SHALL THE 
  31:../Dave/Generated/CMSIS_DSP/StatisticsFunctions/arm_mean_q31.c **** * COPYRIGHT OWNER OR CONTRIBUTORS BE LIABLE FOR ANY DIRECT, INDIRECT,
  32:../Dave/Generated/CMSIS_DSP/StatisticsFunctions/arm_mean_q31.c **** * INCIDENTAL, SPECIAL, EXEMPLARY, OR CONSEQUENTIAL DAMAGES (INCLUDING,
  33:../Dave/Generated/CMSIS_DSP/StatisticsFunctions/arm_mean_q31.c **** * BUT NOT LIMITED TO, PROCUREMENT OF SUBSTITUTE GOODS OR SERVICES;
  34:../Dave/Generated/CMSIS_DSP/StatisticsFunctions/arm_mean_q31.c **** * LOSS OF USE, DATA, OR PROFITS; OR BUSINESS INTERRUPTION) HOWEVER
  35:../Dave/Generated/CMSIS_DSP/StatisticsFunctions/arm_mean_q31.c **** * CAUSED AND ON ANY THEORY OF LIABILITY, WHETHER IN CONTRACT, STRICT
  36:../Dave/Generated/CMSIS_DSP/StatisticsFunctions/arm_mean_q31.c **** * LIABILITY, OR TORT (INCLUDING NEGLIGENCE OR OTHERWISE) ARISING IN
  37:../Dave/Generated/CMSIS_DSP/StatisticsFunctions/arm_mean_q31.c **** * ANY WAY OUT OF THE USE OF THIS SOFTWARE, EVEN IF ADVISED OF THE
  38:../Dave/Generated/CMSIS_DSP/StatisticsFunctions/arm_mean_q31.c **** * POSSIBILITY OF SUCH DAMAGE.   
  39:../Dave/Generated/CMSIS_DSP/StatisticsFunctions/arm_mean_q31.c **** * -------------------------------------------------------------------- */
  40:../Dave/Generated/CMSIS_DSP/StatisticsFunctions/arm_mean_q31.c **** 
  41:../Dave/Generated/CMSIS_DSP/StatisticsFunctions/arm_mean_q31.c **** #include "CMSIS_DSP/cmsis_dsp.h"
  42:../Dave/Generated/CMSIS_DSP/StatisticsFunctions/arm_mean_q31.c **** 
  43:../Dave/Generated/CMSIS_DSP/StatisticsFunctions/arm_mean_q31.c **** /**    
  44:../Dave/Generated/CMSIS_DSP/StatisticsFunctions/arm_mean_q31.c ****  * @ingroup groupStats    
  45:../Dave/Generated/CMSIS_DSP/StatisticsFunctions/arm_mean_q31.c ****  */
  46:../Dave/Generated/CMSIS_DSP/StatisticsFunctions/arm_mean_q31.c **** 
  47:../Dave/Generated/CMSIS_DSP/StatisticsFunctions/arm_mean_q31.c **** /**    
  48:../Dave/Generated/CMSIS_DSP/StatisticsFunctions/arm_mean_q31.c ****  * @addtogroup mean    
  49:../Dave/Generated/CMSIS_DSP/StatisticsFunctions/arm_mean_q31.c ****  * @{    
  50:../Dave/Generated/CMSIS_DSP/StatisticsFunctions/arm_mean_q31.c ****  */
  51:../Dave/Generated/CMSIS_DSP/StatisticsFunctions/arm_mean_q31.c **** 
  52:../Dave/Generated/CMSIS_DSP/StatisticsFunctions/arm_mean_q31.c **** /**    
  53:../Dave/Generated/CMSIS_DSP/StatisticsFunctions/arm_mean_q31.c ****  * @brief Mean value of a Q31 vector.    
  54:../Dave/Generated/CMSIS_DSP/StatisticsFunctions/arm_mean_q31.c ****  * @param[in]       *pSrc points to the input vector    
  55:../Dave/Generated/CMSIS_DSP/StatisticsFunctions/arm_mean_q31.c ****  * @param[in]       blockSize length of the input vector    
  56:../Dave/Generated/CMSIS_DSP/StatisticsFunctions/arm_mean_q31.c ****  * @param[out]      *pResult mean value returned here    
  57:../Dave/Generated/CMSIS_DSP/StatisticsFunctions/arm_mean_q31.c ****  * @return none.    
  58:../Dave/Generated/CMSIS_DSP/StatisticsFunctions/arm_mean_q31.c ****  *    
  59:../Dave/Generated/CMSIS_DSP/StatisticsFunctions/arm_mean_q31.c ****  * @details    
  60:../Dave/Generated/CMSIS_DSP/StatisticsFunctions/arm_mean_q31.c ****  * <b>Scaling and Overflow Behavior:</b>    
  61:../Dave/Generated/CMSIS_DSP/StatisticsFunctions/arm_mean_q31.c ****  *\par    
  62:../Dave/Generated/CMSIS_DSP/StatisticsFunctions/arm_mean_q31.c ****  * The function is implemented using a 64-bit internal accumulator.    
  63:../Dave/Generated/CMSIS_DSP/StatisticsFunctions/arm_mean_q31.c ****  * The input is represented in 1.31 format and is accumulated in a 64-bit    
  64:../Dave/Generated/CMSIS_DSP/StatisticsFunctions/arm_mean_q31.c ****  * accumulator in 33.31 format.    
  65:../Dave/Generated/CMSIS_DSP/StatisticsFunctions/arm_mean_q31.c ****  * There is no risk of internal overflow with this approach, and the     
  66:../Dave/Generated/CMSIS_DSP/StatisticsFunctions/arm_mean_q31.c ****  * full precision of intermediate result is preserved.     
  67:../Dave/Generated/CMSIS_DSP/StatisticsFunctions/arm_mean_q31.c ****  * Finally, the accumulator is truncated to yield a result of 1.31 format.    
  68:../Dave/Generated/CMSIS_DSP/StatisticsFunctions/arm_mean_q31.c ****  *    
  69:../Dave/Generated/CMSIS_DSP/StatisticsFunctions/arm_mean_q31.c ****  */
  70:../Dave/Generated/CMSIS_DSP/StatisticsFunctions/arm_mean_q31.c **** 
  71:../Dave/Generated/CMSIS_DSP/StatisticsFunctions/arm_mean_q31.c **** 
  72:../Dave/Generated/CMSIS_DSP/StatisticsFunctions/arm_mean_q31.c **** void arm_mean_q31(
  73:../Dave/Generated/CMSIS_DSP/StatisticsFunctions/arm_mean_q31.c ****   q31_t * pSrc,
  74:../Dave/Generated/CMSIS_DSP/StatisticsFunctions/arm_mean_q31.c ****   uint32_t blockSize,
  75:../Dave/Generated/CMSIS_DSP/StatisticsFunctions/arm_mean_q31.c ****   q31_t * pResult)
  76:../Dave/Generated/CMSIS_DSP/StatisticsFunctions/arm_mean_q31.c **** {
  28              	 .loc 1 76 0
  29              	 .cfi_startproc
  30              	 
  31              	 
  32 0000 80B5     	 push {r7,lr}
  33              	.LCFI0:
  34              	 .cfi_def_cfa_offset 8
  35              	 .cfi_offset 7,-8
  36              	 .cfi_offset 14,-4
  37 0002 8CB0     	 sub sp,sp,#48
  38              	.LCFI1:
  39              	 .cfi_def_cfa_offset 56
  40 0004 00AF     	 add r7,sp,#0
  41              	.LCFI2:
  42              	 .cfi_def_cfa_register 7
  43 0006 F860     	 str r0,[r7,#12]
  44 0008 B960     	 str r1,[r7,#8]
  45 000a 7A60     	 str r2,[r7,#4]
  77:../Dave/Generated/CMSIS_DSP/StatisticsFunctions/arm_mean_q31.c ****   q63_t sum = 0;                                 /* Temporary result storage */
  46              	 .loc 1 77 0
  47 000c 4FF00002 	 mov r2,#0
  48 0010 4FF00003 	 mov r3,#0
  49 0014 C7E90A23 	 strd r2,[r7,#40]
  78:../Dave/Generated/CMSIS_DSP/StatisticsFunctions/arm_mean_q31.c ****   uint32_t blkCnt;                               /* loop counter */
  79:../Dave/Generated/CMSIS_DSP/StatisticsFunctions/arm_mean_q31.c **** 
  80:../Dave/Generated/CMSIS_DSP/StatisticsFunctions/arm_mean_q31.c **** #ifndef ARM_MATH_CM0_FAMILY
  81:../Dave/Generated/CMSIS_DSP/StatisticsFunctions/arm_mean_q31.c **** 
  82:../Dave/Generated/CMSIS_DSP/StatisticsFunctions/arm_mean_q31.c ****   /* Run the below code for Cortex-M4 and Cortex-M3 */
  83:../Dave/Generated/CMSIS_DSP/StatisticsFunctions/arm_mean_q31.c ****   q31_t in1, in2, in3, in4;
  84:../Dave/Generated/CMSIS_DSP/StatisticsFunctions/arm_mean_q31.c **** 
  85:../Dave/Generated/CMSIS_DSP/StatisticsFunctions/arm_mean_q31.c ****   /*loop Unrolling */
  86:../Dave/Generated/CMSIS_DSP/StatisticsFunctions/arm_mean_q31.c ****   blkCnt = blockSize >> 2u;
  50              	 .loc 1 86 0
  51 0018 BB68     	 ldr r3,[r7,#8]
  52 001a 9B08     	 lsrs r3,r3,#2
  53 001c 7B62     	 str r3,[r7,#36]
  87:../Dave/Generated/CMSIS_DSP/StatisticsFunctions/arm_mean_q31.c **** 
  88:../Dave/Generated/CMSIS_DSP/StatisticsFunctions/arm_mean_q31.c ****   /* First part of the processing with loop unrolling.  Compute 4 outputs at a time.    
  89:../Dave/Generated/CMSIS_DSP/StatisticsFunctions/arm_mean_q31.c ****    ** a second loop below computes the remaining 1 to 3 samples. */
  90:../Dave/Generated/CMSIS_DSP/StatisticsFunctions/arm_mean_q31.c ****   while(blkCnt > 0u)
  54              	 .loc 1 90 0
  55 001e 42E0     	 b .L2
  56              	.L3:
  91:../Dave/Generated/CMSIS_DSP/StatisticsFunctions/arm_mean_q31.c ****   {
  92:../Dave/Generated/CMSIS_DSP/StatisticsFunctions/arm_mean_q31.c ****     /* C = (A[0] + A[1] + A[2] + ... + A[blockSize-1]) */
  93:../Dave/Generated/CMSIS_DSP/StatisticsFunctions/arm_mean_q31.c ****     in1 = *pSrc++;
  57              	 .loc 1 93 0
  58 0020 FB68     	 ldr r3,[r7,#12]
  59 0022 1A1D     	 adds r2,r3,#4
  60 0024 FA60     	 str r2,[r7,#12]
  61 0026 1B68     	 ldr r3,[r3]
  62 0028 3B62     	 str r3,[r7,#32]
  94:../Dave/Generated/CMSIS_DSP/StatisticsFunctions/arm_mean_q31.c ****     in2 = *pSrc++;
  63              	 .loc 1 94 0
  64 002a FB68     	 ldr r3,[r7,#12]
  65 002c 1A1D     	 adds r2,r3,#4
  66 002e FA60     	 str r2,[r7,#12]
  67 0030 1B68     	 ldr r3,[r3]
  68 0032 FB61     	 str r3,[r7,#28]
  95:../Dave/Generated/CMSIS_DSP/StatisticsFunctions/arm_mean_q31.c ****     in3 = *pSrc++;
  69              	 .loc 1 95 0
  70 0034 FB68     	 ldr r3,[r7,#12]
  71 0036 1A1D     	 adds r2,r3,#4
  72 0038 FA60     	 str r2,[r7,#12]
  73 003a 1B68     	 ldr r3,[r3]
  74 003c BB61     	 str r3,[r7,#24]
  96:../Dave/Generated/CMSIS_DSP/StatisticsFunctions/arm_mean_q31.c ****     in4 = *pSrc++;
  75              	 .loc 1 96 0
  76 003e FB68     	 ldr r3,[r7,#12]
  77 0040 1A1D     	 adds r2,r3,#4
  78 0042 FA60     	 str r2,[r7,#12]
  79 0044 1B68     	 ldr r3,[r3]
  80 0046 7B61     	 str r3,[r7,#20]
  97:../Dave/Generated/CMSIS_DSP/StatisticsFunctions/arm_mean_q31.c **** 
  98:../Dave/Generated/CMSIS_DSP/StatisticsFunctions/arm_mean_q31.c ****     sum += in1;
  81              	 .loc 1 98 0
  82 0048 3B6A     	 ldr r3,[r7,#32]
  83 004a 1A46     	 mov r2,r3
  84 004c 4FEAE273 	 asr r3,r2,#31
  85 0050 D7E90A01 	 ldrd r0,[r7,#40]
  86 0054 1218     	 adds r2,r2,r0
  87 0056 43EB0103 	 adc r3,r3,r1
  88 005a C7E90A23 	 strd r2,[r7,#40]
  99:../Dave/Generated/CMSIS_DSP/StatisticsFunctions/arm_mean_q31.c ****     sum += in2;
  89              	 .loc 1 99 0
  90 005e FB69     	 ldr r3,[r7,#28]
  91 0060 1A46     	 mov r2,r3
  92 0062 4FEAE273 	 asr r3,r2,#31
  93 0066 D7E90A01 	 ldrd r0,[r7,#40]
  94 006a 1218     	 adds r2,r2,r0
  95 006c 43EB0103 	 adc r3,r3,r1
  96 0070 C7E90A23 	 strd r2,[r7,#40]
 100:../Dave/Generated/CMSIS_DSP/StatisticsFunctions/arm_mean_q31.c ****     sum += in3;
  97              	 .loc 1 100 0
  98 0074 BB69     	 ldr r3,[r7,#24]
  99 0076 1A46     	 mov r2,r3
 100 0078 4FEAE273 	 asr r3,r2,#31
 101 007c D7E90A01 	 ldrd r0,[r7,#40]
 102 0080 1218     	 adds r2,r2,r0
 103 0082 43EB0103 	 adc r3,r3,r1
 104 0086 C7E90A23 	 strd r2,[r7,#40]
 101:../Dave/Generated/CMSIS_DSP/StatisticsFunctions/arm_mean_q31.c ****     sum += in4;
 105              	 .loc 1 101 0
 106 008a 7B69     	 ldr r3,[r7,#20]
 107 008c 1A46     	 mov r2,r3
 108 008e 4FEAE273 	 asr r3,r2,#31
 109 0092 D7E90A01 	 ldrd r0,[r7,#40]
 110 0096 1218     	 adds r2,r2,r0
 111 0098 43EB0103 	 adc r3,r3,r1
 112 009c C7E90A23 	 strd r2,[r7,#40]
 102:../Dave/Generated/CMSIS_DSP/StatisticsFunctions/arm_mean_q31.c **** 
 103:../Dave/Generated/CMSIS_DSP/StatisticsFunctions/arm_mean_q31.c ****     /* Decrement the loop counter */
 104:../Dave/Generated/CMSIS_DSP/StatisticsFunctions/arm_mean_q31.c ****     blkCnt--;
 113              	 .loc 1 104 0
 114 00a0 7B6A     	 ldr r3,[r7,#36]
 115 00a2 013B     	 subs r3,r3,#1
 116 00a4 7B62     	 str r3,[r7,#36]
 117              	.L2:
  90:../Dave/Generated/CMSIS_DSP/StatisticsFunctions/arm_mean_q31.c ****   {
 118              	 .loc 1 90 0
 119 00a6 7B6A     	 ldr r3,[r7,#36]
 120 00a8 002B     	 cmp r3,#0
 121 00aa B9D1     	 bne .L3
 105:../Dave/Generated/CMSIS_DSP/StatisticsFunctions/arm_mean_q31.c ****   }
 106:../Dave/Generated/CMSIS_DSP/StatisticsFunctions/arm_mean_q31.c **** 
 107:../Dave/Generated/CMSIS_DSP/StatisticsFunctions/arm_mean_q31.c ****   /* If the blockSize is not a multiple of 4, compute any remaining output samples here.    
 108:../Dave/Generated/CMSIS_DSP/StatisticsFunctions/arm_mean_q31.c ****    ** No loop unrolling is used. */
 109:../Dave/Generated/CMSIS_DSP/StatisticsFunctions/arm_mean_q31.c ****   blkCnt = blockSize % 0x4u;
 122              	 .loc 1 109 0
 123 00ac BB68     	 ldr r3,[r7,#8]
 124 00ae 03F00303 	 and r3,r3,#3
 125 00b2 7B62     	 str r3,[r7,#36]
 110:../Dave/Generated/CMSIS_DSP/StatisticsFunctions/arm_mean_q31.c **** 
 111:../Dave/Generated/CMSIS_DSP/StatisticsFunctions/arm_mean_q31.c **** #else
 112:../Dave/Generated/CMSIS_DSP/StatisticsFunctions/arm_mean_q31.c **** 
 113:../Dave/Generated/CMSIS_DSP/StatisticsFunctions/arm_mean_q31.c ****   /* Run the below code for Cortex-M0 */
 114:../Dave/Generated/CMSIS_DSP/StatisticsFunctions/arm_mean_q31.c **** 
 115:../Dave/Generated/CMSIS_DSP/StatisticsFunctions/arm_mean_q31.c ****   /* Loop over blockSize number of values */
 116:../Dave/Generated/CMSIS_DSP/StatisticsFunctions/arm_mean_q31.c ****   blkCnt = blockSize;
 117:../Dave/Generated/CMSIS_DSP/StatisticsFunctions/arm_mean_q31.c **** 
 118:../Dave/Generated/CMSIS_DSP/StatisticsFunctions/arm_mean_q31.c **** #endif /* #ifndef ARM_MATH_CM0_FAMILY */
 119:../Dave/Generated/CMSIS_DSP/StatisticsFunctions/arm_mean_q31.c **** 
 120:../Dave/Generated/CMSIS_DSP/StatisticsFunctions/arm_mean_q31.c ****   while(blkCnt > 0u)
 126              	 .loc 1 120 0
 127 00b4 10E0     	 b .L4
 128              	.L5:
 121:../Dave/Generated/CMSIS_DSP/StatisticsFunctions/arm_mean_q31.c ****   {
 122:../Dave/Generated/CMSIS_DSP/StatisticsFunctions/arm_mean_q31.c ****     /* C = (A[0] + A[1] + A[2] + ... + A[blockSize-1]) */
 123:../Dave/Generated/CMSIS_DSP/StatisticsFunctions/arm_mean_q31.c ****     sum += *pSrc++;
 129              	 .loc 1 123 0
 130 00b6 FB68     	 ldr r3,[r7,#12]
 131 00b8 1A1D     	 adds r2,r3,#4
 132 00ba FA60     	 str r2,[r7,#12]
 133 00bc 1B68     	 ldr r3,[r3]
 134 00be 1A46     	 mov r2,r3
 135 00c0 4FEAE273 	 asr r3,r2,#31
 136 00c4 D7E90A01 	 ldrd r0,[r7,#40]
 137 00c8 1218     	 adds r2,r2,r0
 138 00ca 43EB0103 	 adc r3,r3,r1
 139 00ce C7E90A23 	 strd r2,[r7,#40]
 124:../Dave/Generated/CMSIS_DSP/StatisticsFunctions/arm_mean_q31.c **** 
 125:../Dave/Generated/CMSIS_DSP/StatisticsFunctions/arm_mean_q31.c ****     /* Decrement the loop counter */
 126:../Dave/Generated/CMSIS_DSP/StatisticsFunctions/arm_mean_q31.c ****     blkCnt--;
 140              	 .loc 1 126 0
 141 00d2 7B6A     	 ldr r3,[r7,#36]
 142 00d4 013B     	 subs r3,r3,#1
 143 00d6 7B62     	 str r3,[r7,#36]
 144              	.L4:
 120:../Dave/Generated/CMSIS_DSP/StatisticsFunctions/arm_mean_q31.c ****   {
 145              	 .loc 1 120 0
 146 00d8 7B6A     	 ldr r3,[r7,#36]
 147 00da 002B     	 cmp r3,#0
 148 00dc EBD1     	 bne .L5
 127:../Dave/Generated/CMSIS_DSP/StatisticsFunctions/arm_mean_q31.c ****   }
 128:../Dave/Generated/CMSIS_DSP/StatisticsFunctions/arm_mean_q31.c **** 
 129:../Dave/Generated/CMSIS_DSP/StatisticsFunctions/arm_mean_q31.c ****   /* C = (A[0] + A[1] + A[2] + ... + A[blockSize-1]) / blockSize  */
 130:../Dave/Generated/CMSIS_DSP/StatisticsFunctions/arm_mean_q31.c ****   /* Store the result to the destination */
 131:../Dave/Generated/CMSIS_DSP/StatisticsFunctions/arm_mean_q31.c ****   *pResult = (q31_t) (sum / (int32_t) blockSize);
 149              	 .loc 1 131 0
 150 00de BB68     	 ldr r3,[r7,#8]
 151 00e0 1A46     	 mov r2,r3
 152 00e2 4FEAE273 	 asr r3,r2,#31
 153 00e6 D7E90A01 	 ldrd r0,[r7,#40]
 154 00ea FFF7FEFF 	 bl __aeabi_ldivmod
 155 00ee 0246     	 mov r2,r0
 156 00f0 0B46     	 mov r3,r1
 157 00f2 7B68     	 ldr r3,[r7,#4]
 158 00f4 1A60     	 str r2,[r3]
 132:../Dave/Generated/CMSIS_DSP/StatisticsFunctions/arm_mean_q31.c **** }
 159              	 .loc 1 132 0
 160 00f6 3037     	 adds r7,r7,#48
 161              	.LCFI3:
 162              	 .cfi_def_cfa_offset 8
 163 00f8 BD46     	 mov sp,r7
 164              	.LCFI4:
 165              	 .cfi_def_cfa_register 13
 166              	 
 167 00fa 80BD     	 pop {r7,pc}
 168              	 .cfi_endproc
 169              	.LFE139:
 171              	 .text
 172              	.Letext0:
 173              	 .file 2 "c:\\davev4-64bit\\dave-4.2.6\\eclipse\\arm-gcc-49\\arm-none-eabi\\include\\machine\\_default_types.h"
 174              	 .file 3 "c:\\davev4-64bit\\dave-4.2.6\\eclipse\\arm-gcc-49\\arm-none-eabi\\include\\stdint.h"
 175              	 .file 4 "C:\\Users\\Depes Crystalline\\Desktop\\school\\Active_Bike_Lighting_System\\Radar_Core\\Dave\\Generated/CMSIS_DSP/arm_math.h"
DEFINED SYMBOLS
                            *ABS*:00000000 arm_mean_q31.c
    {standard input}:20     .text.arm_mean_q31:00000000 $t
    {standard input}:25     .text.arm_mean_q31:00000000 arm_mean_q31
                     .debug_frame:00000010 $d

UNDEFINED SYMBOLS
__aeabi_ldivmod
