   1              	 .syntax unified
   2              	 .cpu cortex-m4
   3              	 .fpu softvfp
   4              	 .eabi_attribute 20,1
   5              	 .eabi_attribute 21,1
   6              	 .eabi_attribute 23,3
   7              	 .eabi_attribute 24,1
   8              	 .eabi_attribute 25,1
   9              	 .eabi_attribute 26,1
  10              	 .eabi_attribute 30,6
  11              	 .eabi_attribute 34,1
  12              	 .eabi_attribute 18,4
  13              	 .thumb
  14              	 .file "arm_mean_q7.c"
  15              	 .text
  16              	.Ltext0:
  17              	 .cfi_sections .debug_frame
  18              	 .section .text.arm_mean_q7,"ax",%progbits
  19              	 .align 2
  20              	 .global arm_mean_q7
  21              	 .thumb
  22              	 .thumb_func
  24              	arm_mean_q7:
  25              	.LFB139:
  26              	 .file 1 "../Dave/Generated/CMSIS_DSP/StatisticsFunctions/arm_mean_q7.c"
   1:../Dave/Generated/CMSIS_DSP/StatisticsFunctions/arm_mean_q7.c **** /* ----------------------------------------------------------------------    
   2:../Dave/Generated/CMSIS_DSP/StatisticsFunctions/arm_mean_q7.c **** * Copyright (C) 2010-2014 ARM Limited. All rights reserved.    
   3:../Dave/Generated/CMSIS_DSP/StatisticsFunctions/arm_mean_q7.c **** *    
   4:../Dave/Generated/CMSIS_DSP/StatisticsFunctions/arm_mean_q7.c **** * $Date:        12. March 2014
   5:../Dave/Generated/CMSIS_DSP/StatisticsFunctions/arm_mean_q7.c **** * $Revision: 	V1.4.4  
   6:../Dave/Generated/CMSIS_DSP/StatisticsFunctions/arm_mean_q7.c **** *    
   7:../Dave/Generated/CMSIS_DSP/StatisticsFunctions/arm_mean_q7.c **** * Project: 	    CMSIS DSP Library    
   8:../Dave/Generated/CMSIS_DSP/StatisticsFunctions/arm_mean_q7.c **** * Title:		arm_mean_q7.c    
   9:../Dave/Generated/CMSIS_DSP/StatisticsFunctions/arm_mean_q7.c **** *    
  10:../Dave/Generated/CMSIS_DSP/StatisticsFunctions/arm_mean_q7.c **** * Description:	Mean value of a Q7 vector.   
  11:../Dave/Generated/CMSIS_DSP/StatisticsFunctions/arm_mean_q7.c **** *    
  12:../Dave/Generated/CMSIS_DSP/StatisticsFunctions/arm_mean_q7.c **** * Target Processor: Cortex-M4/Cortex-M3/Cortex-M0
  13:../Dave/Generated/CMSIS_DSP/StatisticsFunctions/arm_mean_q7.c **** *  
  14:../Dave/Generated/CMSIS_DSP/StatisticsFunctions/arm_mean_q7.c **** * Redistribution and use in source and binary forms, with or without 
  15:../Dave/Generated/CMSIS_DSP/StatisticsFunctions/arm_mean_q7.c **** * modification, are permitted provided that the following conditions
  16:../Dave/Generated/CMSIS_DSP/StatisticsFunctions/arm_mean_q7.c **** * are met:
  17:../Dave/Generated/CMSIS_DSP/StatisticsFunctions/arm_mean_q7.c **** *   - Redistributions of source code must retain the above copyright
  18:../Dave/Generated/CMSIS_DSP/StatisticsFunctions/arm_mean_q7.c **** *     notice, this list of conditions and the following disclaimer.
  19:../Dave/Generated/CMSIS_DSP/StatisticsFunctions/arm_mean_q7.c **** *   - Redistributions in binary form must reproduce the above copyright
  20:../Dave/Generated/CMSIS_DSP/StatisticsFunctions/arm_mean_q7.c **** *     notice, this list of conditions and the following disclaimer in
  21:../Dave/Generated/CMSIS_DSP/StatisticsFunctions/arm_mean_q7.c **** *     the documentation and/or other materials provided with the 
  22:../Dave/Generated/CMSIS_DSP/StatisticsFunctions/arm_mean_q7.c **** *     distribution.
  23:../Dave/Generated/CMSIS_DSP/StatisticsFunctions/arm_mean_q7.c **** *   - Neither the name of ARM LIMITED nor the names of its contributors
  24:../Dave/Generated/CMSIS_DSP/StatisticsFunctions/arm_mean_q7.c **** *     may be used to endorse or promote products derived from this
  25:../Dave/Generated/CMSIS_DSP/StatisticsFunctions/arm_mean_q7.c **** *     software without specific prior written permission.
  26:../Dave/Generated/CMSIS_DSP/StatisticsFunctions/arm_mean_q7.c **** *
  27:../Dave/Generated/CMSIS_DSP/StatisticsFunctions/arm_mean_q7.c **** * THIS SOFTWARE IS PROVIDED BY THE COPYRIGHT HOLDERS AND CONTRIBUTORS
  28:../Dave/Generated/CMSIS_DSP/StatisticsFunctions/arm_mean_q7.c **** * "AS IS" AND ANY EXPRESS OR IMPLIED WARRANTIES, INCLUDING, BUT NOT
  29:../Dave/Generated/CMSIS_DSP/StatisticsFunctions/arm_mean_q7.c **** * LIMITED TO, THE IMPLIED WARRANTIES OF MERCHANTABILITY AND FITNESS
  30:../Dave/Generated/CMSIS_DSP/StatisticsFunctions/arm_mean_q7.c **** * FOR A PARTICULAR PURPOSE ARE DISCLAIMED. IN NO EVENT SHALL THE 
  31:../Dave/Generated/CMSIS_DSP/StatisticsFunctions/arm_mean_q7.c **** * COPYRIGHT OWNER OR CONTRIBUTORS BE LIABLE FOR ANY DIRECT, INDIRECT,
  32:../Dave/Generated/CMSIS_DSP/StatisticsFunctions/arm_mean_q7.c **** * INCIDENTAL, SPECIAL, EXEMPLARY, OR CONSEQUENTIAL DAMAGES (INCLUDING,
  33:../Dave/Generated/CMSIS_DSP/StatisticsFunctions/arm_mean_q7.c **** * BUT NOT LIMITED TO, PROCUREMENT OF SUBSTITUTE GOODS OR SERVICES;
  34:../Dave/Generated/CMSIS_DSP/StatisticsFunctions/arm_mean_q7.c **** * LOSS OF USE, DATA, OR PROFITS; OR BUSINESS INTERRUPTION) HOWEVER
  35:../Dave/Generated/CMSIS_DSP/StatisticsFunctions/arm_mean_q7.c **** * CAUSED AND ON ANY THEORY OF LIABILITY, WHETHER IN CONTRACT, STRICT
  36:../Dave/Generated/CMSIS_DSP/StatisticsFunctions/arm_mean_q7.c **** * LIABILITY, OR TORT (INCLUDING NEGLIGENCE OR OTHERWISE) ARISING IN
  37:../Dave/Generated/CMSIS_DSP/StatisticsFunctions/arm_mean_q7.c **** * ANY WAY OUT OF THE USE OF THIS SOFTWARE, EVEN IF ADVISED OF THE
  38:../Dave/Generated/CMSIS_DSP/StatisticsFunctions/arm_mean_q7.c **** * POSSIBILITY OF SUCH DAMAGE.    
  39:../Dave/Generated/CMSIS_DSP/StatisticsFunctions/arm_mean_q7.c **** * -------------------------------------------------------------------- */
  40:../Dave/Generated/CMSIS_DSP/StatisticsFunctions/arm_mean_q7.c **** 
  41:../Dave/Generated/CMSIS_DSP/StatisticsFunctions/arm_mean_q7.c **** #include "CMSIS_DSP/cmsis_dsp.h"
  42:../Dave/Generated/CMSIS_DSP/StatisticsFunctions/arm_mean_q7.c **** 
  43:../Dave/Generated/CMSIS_DSP/StatisticsFunctions/arm_mean_q7.c **** /**    
  44:../Dave/Generated/CMSIS_DSP/StatisticsFunctions/arm_mean_q7.c ****  * @ingroup groupStats    
  45:../Dave/Generated/CMSIS_DSP/StatisticsFunctions/arm_mean_q7.c ****  */
  46:../Dave/Generated/CMSIS_DSP/StatisticsFunctions/arm_mean_q7.c **** 
  47:../Dave/Generated/CMSIS_DSP/StatisticsFunctions/arm_mean_q7.c **** /**    
  48:../Dave/Generated/CMSIS_DSP/StatisticsFunctions/arm_mean_q7.c ****  * @addtogroup mean    
  49:../Dave/Generated/CMSIS_DSP/StatisticsFunctions/arm_mean_q7.c ****  * @{    
  50:../Dave/Generated/CMSIS_DSP/StatisticsFunctions/arm_mean_q7.c ****  */
  51:../Dave/Generated/CMSIS_DSP/StatisticsFunctions/arm_mean_q7.c **** 
  52:../Dave/Generated/CMSIS_DSP/StatisticsFunctions/arm_mean_q7.c **** /**    
  53:../Dave/Generated/CMSIS_DSP/StatisticsFunctions/arm_mean_q7.c ****  * @brief Mean value of a Q7 vector.    
  54:../Dave/Generated/CMSIS_DSP/StatisticsFunctions/arm_mean_q7.c ****  * @param[in]       *pSrc points to the input vector    
  55:../Dave/Generated/CMSIS_DSP/StatisticsFunctions/arm_mean_q7.c ****  * @param[in]       blockSize length of the input vector    
  56:../Dave/Generated/CMSIS_DSP/StatisticsFunctions/arm_mean_q7.c ****  * @param[out]      *pResult mean value returned here    
  57:../Dave/Generated/CMSIS_DSP/StatisticsFunctions/arm_mean_q7.c ****  * @return none.    
  58:../Dave/Generated/CMSIS_DSP/StatisticsFunctions/arm_mean_q7.c ****  *    
  59:../Dave/Generated/CMSIS_DSP/StatisticsFunctions/arm_mean_q7.c ****  * @details    
  60:../Dave/Generated/CMSIS_DSP/StatisticsFunctions/arm_mean_q7.c ****  * <b>Scaling and Overflow Behavior:</b>    
  61:../Dave/Generated/CMSIS_DSP/StatisticsFunctions/arm_mean_q7.c ****  * \par    
  62:../Dave/Generated/CMSIS_DSP/StatisticsFunctions/arm_mean_q7.c ****  * The function is implemented using a 32-bit internal accumulator.     
  63:../Dave/Generated/CMSIS_DSP/StatisticsFunctions/arm_mean_q7.c ****  * The input is represented in 1.7 format and is accumulated in a 32-bit    
  64:../Dave/Generated/CMSIS_DSP/StatisticsFunctions/arm_mean_q7.c ****  * accumulator in 25.7 format.    
  65:../Dave/Generated/CMSIS_DSP/StatisticsFunctions/arm_mean_q7.c ****  * There is no risk of internal overflow with this approach, and the     
  66:../Dave/Generated/CMSIS_DSP/StatisticsFunctions/arm_mean_q7.c ****  * full precision of intermediate result is preserved.     
  67:../Dave/Generated/CMSIS_DSP/StatisticsFunctions/arm_mean_q7.c ****  * Finally, the accumulator is truncated to yield a result of 1.7 format.    
  68:../Dave/Generated/CMSIS_DSP/StatisticsFunctions/arm_mean_q7.c ****  *    
  69:../Dave/Generated/CMSIS_DSP/StatisticsFunctions/arm_mean_q7.c ****  */
  70:../Dave/Generated/CMSIS_DSP/StatisticsFunctions/arm_mean_q7.c **** 
  71:../Dave/Generated/CMSIS_DSP/StatisticsFunctions/arm_mean_q7.c **** 
  72:../Dave/Generated/CMSIS_DSP/StatisticsFunctions/arm_mean_q7.c **** void arm_mean_q7(
  73:../Dave/Generated/CMSIS_DSP/StatisticsFunctions/arm_mean_q7.c ****   q7_t * pSrc,
  74:../Dave/Generated/CMSIS_DSP/StatisticsFunctions/arm_mean_q7.c ****   uint32_t blockSize,
  75:../Dave/Generated/CMSIS_DSP/StatisticsFunctions/arm_mean_q7.c ****   q7_t * pResult)
  76:../Dave/Generated/CMSIS_DSP/StatisticsFunctions/arm_mean_q7.c **** {
  27              	 .loc 1 76 0
  28              	 .cfi_startproc
  29              	 
  30              	 
  31              	 
  32 0000 80B4     	 push {r7}
  33              	.LCFI0:
  34              	 .cfi_def_cfa_offset 4
  35              	 .cfi_offset 7,-4
  36 0002 89B0     	 sub sp,sp,#36
  37              	.LCFI1:
  38              	 .cfi_def_cfa_offset 40
  39 0004 00AF     	 add r7,sp,#0
  40              	.LCFI2:
  41              	 .cfi_def_cfa_register 7
  42 0006 F860     	 str r0,[r7,#12]
  43 0008 B960     	 str r1,[r7,#8]
  44 000a 7A60     	 str r2,[r7,#4]
  77:../Dave/Generated/CMSIS_DSP/StatisticsFunctions/arm_mean_q7.c ****   q31_t sum = 0;                                 /* Temporary result storage */
  45              	 .loc 1 77 0
  46 000c 0023     	 movs r3,#0
  47 000e FB61     	 str r3,[r7,#28]
  78:../Dave/Generated/CMSIS_DSP/StatisticsFunctions/arm_mean_q7.c ****   uint32_t blkCnt;                               /* loop counter */
  79:../Dave/Generated/CMSIS_DSP/StatisticsFunctions/arm_mean_q7.c **** 
  80:../Dave/Generated/CMSIS_DSP/StatisticsFunctions/arm_mean_q7.c **** #ifndef ARM_MATH_CM0_FAMILY
  81:../Dave/Generated/CMSIS_DSP/StatisticsFunctions/arm_mean_q7.c **** 
  82:../Dave/Generated/CMSIS_DSP/StatisticsFunctions/arm_mean_q7.c ****   /* Run the below code for Cortex-M4 and Cortex-M3 */
  83:../Dave/Generated/CMSIS_DSP/StatisticsFunctions/arm_mean_q7.c ****   q31_t in;
  84:../Dave/Generated/CMSIS_DSP/StatisticsFunctions/arm_mean_q7.c **** 
  85:../Dave/Generated/CMSIS_DSP/StatisticsFunctions/arm_mean_q7.c ****   /*loop Unrolling */
  86:../Dave/Generated/CMSIS_DSP/StatisticsFunctions/arm_mean_q7.c ****   blkCnt = blockSize >> 2u;
  48              	 .loc 1 86 0
  49 0010 BB68     	 ldr r3,[r7,#8]
  50 0012 9B08     	 lsrs r3,r3,#2
  51 0014 BB61     	 str r3,[r7,#24]
  87:../Dave/Generated/CMSIS_DSP/StatisticsFunctions/arm_mean_q7.c **** 
  88:../Dave/Generated/CMSIS_DSP/StatisticsFunctions/arm_mean_q7.c ****   /* First part of the processing with loop unrolling.  Compute 4 outputs at a time.    
  89:../Dave/Generated/CMSIS_DSP/StatisticsFunctions/arm_mean_q7.c ****    ** a second loop below computes the remaining 1 to 3 samples. */
  90:../Dave/Generated/CMSIS_DSP/StatisticsFunctions/arm_mean_q7.c ****   while(blkCnt > 0u)
  52              	 .loc 1 90 0
  53 0016 20E0     	 b .L2
  54              	.L3:
  91:../Dave/Generated/CMSIS_DSP/StatisticsFunctions/arm_mean_q7.c ****   {
  92:../Dave/Generated/CMSIS_DSP/StatisticsFunctions/arm_mean_q7.c ****     /* C = (A[0] + A[1] + A[2] + ... + A[blockSize-1]) */
  93:../Dave/Generated/CMSIS_DSP/StatisticsFunctions/arm_mean_q7.c ****     in = *__SIMD32(pSrc)++;
  55              	 .loc 1 93 0
  56 0018 07F10C02 	 add r2,r7,#12
  57 001c 1368     	 ldr r3,[r2]
  58 001e 191D     	 adds r1,r3,#4
  59 0020 1160     	 str r1,[r2]
  60 0022 1B68     	 ldr r3,[r3]
  61 0024 7B61     	 str r3,[r7,#20]
  94:../Dave/Generated/CMSIS_DSP/StatisticsFunctions/arm_mean_q7.c **** 
  95:../Dave/Generated/CMSIS_DSP/StatisticsFunctions/arm_mean_q7.c ****     sum += ((in << 24) >> 24);
  62              	 .loc 1 95 0
  63 0026 7B69     	 ldr r3,[r7,#20]
  64 0028 1B06     	 lsls r3,r3,#24
  65 002a 1B16     	 asrs r3,r3,#24
  66 002c FA69     	 ldr r2,[r7,#28]
  67 002e 1344     	 add r3,r3,r2
  68 0030 FB61     	 str r3,[r7,#28]
  96:../Dave/Generated/CMSIS_DSP/StatisticsFunctions/arm_mean_q7.c ****     sum += ((in << 16) >> 24);
  69              	 .loc 1 96 0
  70 0032 7B69     	 ldr r3,[r7,#20]
  71 0034 1B04     	 lsls r3,r3,#16
  72 0036 1B16     	 asrs r3,r3,#24
  73 0038 FA69     	 ldr r2,[r7,#28]
  74 003a 1344     	 add r3,r3,r2
  75 003c FB61     	 str r3,[r7,#28]
  97:../Dave/Generated/CMSIS_DSP/StatisticsFunctions/arm_mean_q7.c ****     sum += ((in << 8) >> 24);
  76              	 .loc 1 97 0
  77 003e 7B69     	 ldr r3,[r7,#20]
  78 0040 1B02     	 lsls r3,r3,#8
  79 0042 1B16     	 asrs r3,r3,#24
  80 0044 FA69     	 ldr r2,[r7,#28]
  81 0046 1344     	 add r3,r3,r2
  82 0048 FB61     	 str r3,[r7,#28]
  98:../Dave/Generated/CMSIS_DSP/StatisticsFunctions/arm_mean_q7.c ****     sum += (in >> 24);
  83              	 .loc 1 98 0
  84 004a 7B69     	 ldr r3,[r7,#20]
  85 004c 1B16     	 asrs r3,r3,#24
  86 004e FA69     	 ldr r2,[r7,#28]
  87 0050 1344     	 add r3,r3,r2
  88 0052 FB61     	 str r3,[r7,#28]
  99:../Dave/Generated/CMSIS_DSP/StatisticsFunctions/arm_mean_q7.c **** 
 100:../Dave/Generated/CMSIS_DSP/StatisticsFunctions/arm_mean_q7.c ****     /* Decrement the loop counter */
 101:../Dave/Generated/CMSIS_DSP/StatisticsFunctions/arm_mean_q7.c ****     blkCnt--;
  89              	 .loc 1 101 0
  90 0054 BB69     	 ldr r3,[r7,#24]
  91 0056 013B     	 subs r3,r3,#1
  92 0058 BB61     	 str r3,[r7,#24]
  93              	.L2:
  90:../Dave/Generated/CMSIS_DSP/StatisticsFunctions/arm_mean_q7.c ****   {
  94              	 .loc 1 90 0
  95 005a BB69     	 ldr r3,[r7,#24]
  96 005c 002B     	 cmp r3,#0
  97 005e DBD1     	 bne .L3
 102:../Dave/Generated/CMSIS_DSP/StatisticsFunctions/arm_mean_q7.c ****   }
 103:../Dave/Generated/CMSIS_DSP/StatisticsFunctions/arm_mean_q7.c **** 
 104:../Dave/Generated/CMSIS_DSP/StatisticsFunctions/arm_mean_q7.c ****   /* If the blockSize is not a multiple of 4, compute any remaining output samples here.    
 105:../Dave/Generated/CMSIS_DSP/StatisticsFunctions/arm_mean_q7.c ****    ** No loop unrolling is used. */
 106:../Dave/Generated/CMSIS_DSP/StatisticsFunctions/arm_mean_q7.c ****   blkCnt = blockSize % 0x4u;
  98              	 .loc 1 106 0
  99 0060 BB68     	 ldr r3,[r7,#8]
 100 0062 03F00303 	 and r3,r3,#3
 101 0066 BB61     	 str r3,[r7,#24]
 107:../Dave/Generated/CMSIS_DSP/StatisticsFunctions/arm_mean_q7.c **** 
 108:../Dave/Generated/CMSIS_DSP/StatisticsFunctions/arm_mean_q7.c **** #else
 109:../Dave/Generated/CMSIS_DSP/StatisticsFunctions/arm_mean_q7.c **** 
 110:../Dave/Generated/CMSIS_DSP/StatisticsFunctions/arm_mean_q7.c ****   /* Run the below code for Cortex-M0 */
 111:../Dave/Generated/CMSIS_DSP/StatisticsFunctions/arm_mean_q7.c **** 
 112:../Dave/Generated/CMSIS_DSP/StatisticsFunctions/arm_mean_q7.c ****   /* Loop over blockSize number of values */
 113:../Dave/Generated/CMSIS_DSP/StatisticsFunctions/arm_mean_q7.c ****   blkCnt = blockSize;
 114:../Dave/Generated/CMSIS_DSP/StatisticsFunctions/arm_mean_q7.c **** 
 115:../Dave/Generated/CMSIS_DSP/StatisticsFunctions/arm_mean_q7.c **** #endif /* #ifndef ARM_MATH_CM0_FAMILY */
 116:../Dave/Generated/CMSIS_DSP/StatisticsFunctions/arm_mean_q7.c **** 
 117:../Dave/Generated/CMSIS_DSP/StatisticsFunctions/arm_mean_q7.c ****   while(blkCnt > 0u)
 102              	 .loc 1 117 0
 103 0068 0AE0     	 b .L4
 104              	.L5:
 118:../Dave/Generated/CMSIS_DSP/StatisticsFunctions/arm_mean_q7.c ****   {
 119:../Dave/Generated/CMSIS_DSP/StatisticsFunctions/arm_mean_q7.c ****     /* C = (A[0] + A[1] + A[2] + ... + A[blockSize-1]) */
 120:../Dave/Generated/CMSIS_DSP/StatisticsFunctions/arm_mean_q7.c ****     sum += *pSrc++;
 105              	 .loc 1 120 0
 106 006a FB68     	 ldr r3,[r7,#12]
 107 006c 5A1C     	 adds r2,r3,#1
 108 006e FA60     	 str r2,[r7,#12]
 109 0070 1B78     	 ldrb r3,[r3]
 110 0072 5BB2     	 sxtb r3,r3
 111 0074 FA69     	 ldr r2,[r7,#28]
 112 0076 1344     	 add r3,r3,r2
 113 0078 FB61     	 str r3,[r7,#28]
 121:../Dave/Generated/CMSIS_DSP/StatisticsFunctions/arm_mean_q7.c **** 
 122:../Dave/Generated/CMSIS_DSP/StatisticsFunctions/arm_mean_q7.c ****     /* Decrement the loop counter */
 123:../Dave/Generated/CMSIS_DSP/StatisticsFunctions/arm_mean_q7.c ****     blkCnt--;
 114              	 .loc 1 123 0
 115 007a BB69     	 ldr r3,[r7,#24]
 116 007c 013B     	 subs r3,r3,#1
 117 007e BB61     	 str r3,[r7,#24]
 118              	.L4:
 117:../Dave/Generated/CMSIS_DSP/StatisticsFunctions/arm_mean_q7.c ****   {
 119              	 .loc 1 117 0
 120 0080 BB69     	 ldr r3,[r7,#24]
 121 0082 002B     	 cmp r3,#0
 122 0084 F1D1     	 bne .L5
 124:../Dave/Generated/CMSIS_DSP/StatisticsFunctions/arm_mean_q7.c ****   }
 125:../Dave/Generated/CMSIS_DSP/StatisticsFunctions/arm_mean_q7.c **** 
 126:../Dave/Generated/CMSIS_DSP/StatisticsFunctions/arm_mean_q7.c ****   /* C = (A[0] + A[1] + A[2] + ... + A[blockSize-1]) / blockSize  */
 127:../Dave/Generated/CMSIS_DSP/StatisticsFunctions/arm_mean_q7.c ****   /* Store the result to the destination */
 128:../Dave/Generated/CMSIS_DSP/StatisticsFunctions/arm_mean_q7.c ****   *pResult = (q7_t) (sum / (int32_t) blockSize);
 123              	 .loc 1 128 0
 124 0086 BB68     	 ldr r3,[r7,#8]
 125 0088 FA69     	 ldr r2,[r7,#28]
 126 008a 92FBF3F3 	 sdiv r3,r2,r3
 127 008e DAB2     	 uxtb r2,r3
 128 0090 7B68     	 ldr r3,[r7,#4]
 129 0092 1A70     	 strb r2,[r3]
 129:../Dave/Generated/CMSIS_DSP/StatisticsFunctions/arm_mean_q7.c **** }
 130              	 .loc 1 129 0
 131 0094 2437     	 adds r7,r7,#36
 132              	.LCFI3:
 133              	 .cfi_def_cfa_offset 4
 134 0096 BD46     	 mov sp,r7
 135              	.LCFI4:
 136              	 .cfi_def_cfa_register 13
 137              	 
 138 0098 5DF8047B 	 ldr r7,[sp],#4
 139              	.LCFI5:
 140              	 .cfi_restore 7
 141              	 .cfi_def_cfa_offset 0
 142 009c 7047     	 bx lr
 143              	 .cfi_endproc
 144              	.LFE139:
 146 009e 00BF     	 .text
 147              	.Letext0:
 148              	 .file 2 "c:\\davev4-64bit\\dave-4.2.6\\eclipse\\arm-gcc-49\\arm-none-eabi\\include\\machine\\_default_types.h"
 149              	 .file 3 "c:\\davev4-64bit\\dave-4.2.6\\eclipse\\arm-gcc-49\\arm-none-eabi\\include\\stdint.h"
 150              	 .file 4 "C:\\Users\\Depes Crystalline\\Desktop\\school\\Active_Bike_Lighting_System\\Radar_Core\\Dave\\Generated/CMSIS_DSP/arm_math.h"
DEFINED SYMBOLS
                            *ABS*:00000000 arm_mean_q7.c
    {standard input}:19     .text.arm_mean_q7:00000000 $t
    {standard input}:24     .text.arm_mean_q7:00000000 arm_mean_q7
                     .debug_frame:00000010 $d

NO UNDEFINED SYMBOLS
