   1              	 .syntax unified
   2              	 .cpu cortex-m4
   3              	 .fpu softvfp
   4              	 .eabi_attribute 20,1
   5              	 .eabi_attribute 21,1
   6              	 .eabi_attribute 23,3
   7              	 .eabi_attribute 24,1
   8              	 .eabi_attribute 25,1
   9              	 .eabi_attribute 26,1
  10              	 .eabi_attribute 30,6
  11              	 .eabi_attribute 34,1
  12              	 .eabi_attribute 18,4
  13              	 .thumb
  14              	 .file "arm_mean_f32.c"
  15              	 .text
  16              	.Ltext0:
  17              	 .cfi_sections .debug_frame
  18              	 .global __aeabi_fadd
  19              	 .global __aeabi_ui2f
  20              	 .global __aeabi_fdiv
  21              	 .section .text.arm_mean_f32,"ax",%progbits
  22              	 .align 2
  23              	 .global arm_mean_f32
  24              	 .thumb
  25              	 .thumb_func
  27              	arm_mean_f32:
  28              	.LFB139:
  29              	 .file 1 "../Dave/Generated/CMSIS_DSP/StatisticsFunctions/arm_mean_f32.c"
   1:../Dave/Generated/CMSIS_DSP/StatisticsFunctions/arm_mean_f32.c **** /* ----------------------------------------------------------------------    
   2:../Dave/Generated/CMSIS_DSP/StatisticsFunctions/arm_mean_f32.c **** * Copyright (C) 2010-2014 ARM Limited. All rights reserved.    
   3:../Dave/Generated/CMSIS_DSP/StatisticsFunctions/arm_mean_f32.c **** *    
   4:../Dave/Generated/CMSIS_DSP/StatisticsFunctions/arm_mean_f32.c **** * $Date:        12. March 2014
   5:../Dave/Generated/CMSIS_DSP/StatisticsFunctions/arm_mean_f32.c **** * $Revision: 	V1.4.4  
   6:../Dave/Generated/CMSIS_DSP/StatisticsFunctions/arm_mean_f32.c **** *    
   7:../Dave/Generated/CMSIS_DSP/StatisticsFunctions/arm_mean_f32.c **** * Project: 	    CMSIS DSP Library    
   8:../Dave/Generated/CMSIS_DSP/StatisticsFunctions/arm_mean_f32.c **** * Title:		arm_mean_f32.c    
   9:../Dave/Generated/CMSIS_DSP/StatisticsFunctions/arm_mean_f32.c **** *    
  10:../Dave/Generated/CMSIS_DSP/StatisticsFunctions/arm_mean_f32.c **** * Description:	Mean value of a floating-point vector.   
  11:../Dave/Generated/CMSIS_DSP/StatisticsFunctions/arm_mean_f32.c **** *    
  12:../Dave/Generated/CMSIS_DSP/StatisticsFunctions/arm_mean_f32.c **** * Target Processor: Cortex-M4/Cortex-M3/Cortex-M0
  13:../Dave/Generated/CMSIS_DSP/StatisticsFunctions/arm_mean_f32.c **** *  
  14:../Dave/Generated/CMSIS_DSP/StatisticsFunctions/arm_mean_f32.c **** * Redistribution and use in source and binary forms, with or without 
  15:../Dave/Generated/CMSIS_DSP/StatisticsFunctions/arm_mean_f32.c **** * modification, are permitted provided that the following conditions
  16:../Dave/Generated/CMSIS_DSP/StatisticsFunctions/arm_mean_f32.c **** * are met:
  17:../Dave/Generated/CMSIS_DSP/StatisticsFunctions/arm_mean_f32.c **** *   - Redistributions of source code must retain the above copyright
  18:../Dave/Generated/CMSIS_DSP/StatisticsFunctions/arm_mean_f32.c **** *     notice, this list of conditions and the following disclaimer.
  19:../Dave/Generated/CMSIS_DSP/StatisticsFunctions/arm_mean_f32.c **** *   - Redistributions in binary form must reproduce the above copyright
  20:../Dave/Generated/CMSIS_DSP/StatisticsFunctions/arm_mean_f32.c **** *     notice, this list of conditions and the following disclaimer in
  21:../Dave/Generated/CMSIS_DSP/StatisticsFunctions/arm_mean_f32.c **** *     the documentation and/or other materials provided with the 
  22:../Dave/Generated/CMSIS_DSP/StatisticsFunctions/arm_mean_f32.c **** *     distribution.
  23:../Dave/Generated/CMSIS_DSP/StatisticsFunctions/arm_mean_f32.c **** *   - Neither the name of ARM LIMITED nor the names of its contributors
  24:../Dave/Generated/CMSIS_DSP/StatisticsFunctions/arm_mean_f32.c **** *     may be used to endorse or promote products derived from this
  25:../Dave/Generated/CMSIS_DSP/StatisticsFunctions/arm_mean_f32.c **** *     software without specific prior written permission.
  26:../Dave/Generated/CMSIS_DSP/StatisticsFunctions/arm_mean_f32.c **** *
  27:../Dave/Generated/CMSIS_DSP/StatisticsFunctions/arm_mean_f32.c **** * THIS SOFTWARE IS PROVIDED BY THE COPYRIGHT HOLDERS AND CONTRIBUTORS
  28:../Dave/Generated/CMSIS_DSP/StatisticsFunctions/arm_mean_f32.c **** * "AS IS" AND ANY EXPRESS OR IMPLIED WARRANTIES, INCLUDING, BUT NOT
  29:../Dave/Generated/CMSIS_DSP/StatisticsFunctions/arm_mean_f32.c **** * LIMITED TO, THE IMPLIED WARRANTIES OF MERCHANTABILITY AND FITNESS
  30:../Dave/Generated/CMSIS_DSP/StatisticsFunctions/arm_mean_f32.c **** * FOR A PARTICULAR PURPOSE ARE DISCLAIMED. IN NO EVENT SHALL THE 
  31:../Dave/Generated/CMSIS_DSP/StatisticsFunctions/arm_mean_f32.c **** * COPYRIGHT OWNER OR CONTRIBUTORS BE LIABLE FOR ANY DIRECT, INDIRECT,
  32:../Dave/Generated/CMSIS_DSP/StatisticsFunctions/arm_mean_f32.c **** * INCIDENTAL, SPECIAL, EXEMPLARY, OR CONSEQUENTIAL DAMAGES (INCLUDING,
  33:../Dave/Generated/CMSIS_DSP/StatisticsFunctions/arm_mean_f32.c **** * BUT NOT LIMITED TO, PROCUREMENT OF SUBSTITUTE GOODS OR SERVICES;
  34:../Dave/Generated/CMSIS_DSP/StatisticsFunctions/arm_mean_f32.c **** * LOSS OF USE, DATA, OR PROFITS; OR BUSINESS INTERRUPTION) HOWEVER
  35:../Dave/Generated/CMSIS_DSP/StatisticsFunctions/arm_mean_f32.c **** * CAUSED AND ON ANY THEORY OF LIABILITY, WHETHER IN CONTRACT, STRICT
  36:../Dave/Generated/CMSIS_DSP/StatisticsFunctions/arm_mean_f32.c **** * LIABILITY, OR TORT (INCLUDING NEGLIGENCE OR OTHERWISE) ARISING IN
  37:../Dave/Generated/CMSIS_DSP/StatisticsFunctions/arm_mean_f32.c **** * ANY WAY OUT OF THE USE OF THIS SOFTWARE, EVEN IF ADVISED OF THE
  38:../Dave/Generated/CMSIS_DSP/StatisticsFunctions/arm_mean_f32.c **** * POSSIBILITY OF SUCH DAMAGE.    
  39:../Dave/Generated/CMSIS_DSP/StatisticsFunctions/arm_mean_f32.c **** * ---------------------------------------------------------------------------- */
  40:../Dave/Generated/CMSIS_DSP/StatisticsFunctions/arm_mean_f32.c **** 
  41:../Dave/Generated/CMSIS_DSP/StatisticsFunctions/arm_mean_f32.c **** #include "CMSIS_DSP/cmsis_dsp.h"
  42:../Dave/Generated/CMSIS_DSP/StatisticsFunctions/arm_mean_f32.c **** 
  43:../Dave/Generated/CMSIS_DSP/StatisticsFunctions/arm_mean_f32.c **** /**    
  44:../Dave/Generated/CMSIS_DSP/StatisticsFunctions/arm_mean_f32.c ****  * @ingroup groupStats    
  45:../Dave/Generated/CMSIS_DSP/StatisticsFunctions/arm_mean_f32.c ****  */
  46:../Dave/Generated/CMSIS_DSP/StatisticsFunctions/arm_mean_f32.c **** 
  47:../Dave/Generated/CMSIS_DSP/StatisticsFunctions/arm_mean_f32.c **** /**    
  48:../Dave/Generated/CMSIS_DSP/StatisticsFunctions/arm_mean_f32.c ****  * @defgroup mean Mean    
  49:../Dave/Generated/CMSIS_DSP/StatisticsFunctions/arm_mean_f32.c ****  *    
  50:../Dave/Generated/CMSIS_DSP/StatisticsFunctions/arm_mean_f32.c ****  * Calculates the mean of the input vector. Mean is defined as the average of the elements in the v
  51:../Dave/Generated/CMSIS_DSP/StatisticsFunctions/arm_mean_f32.c ****  * The underlying algorithm is used:    
  52:../Dave/Generated/CMSIS_DSP/StatisticsFunctions/arm_mean_f32.c ****  *    
  53:../Dave/Generated/CMSIS_DSP/StatisticsFunctions/arm_mean_f32.c ****  * <pre>    
  54:../Dave/Generated/CMSIS_DSP/StatisticsFunctions/arm_mean_f32.c ****  * 	Result = (pSrc[0] + pSrc[1] + pSrc[2] + ... + pSrc[blockSize-1]) / blockSize;    
  55:../Dave/Generated/CMSIS_DSP/StatisticsFunctions/arm_mean_f32.c ****  * </pre>    
  56:../Dave/Generated/CMSIS_DSP/StatisticsFunctions/arm_mean_f32.c ****  *    
  57:../Dave/Generated/CMSIS_DSP/StatisticsFunctions/arm_mean_f32.c ****  * There are separate functions for floating-point, Q31, Q15, and Q7 data types.    
  58:../Dave/Generated/CMSIS_DSP/StatisticsFunctions/arm_mean_f32.c ****  */
  59:../Dave/Generated/CMSIS_DSP/StatisticsFunctions/arm_mean_f32.c **** 
  60:../Dave/Generated/CMSIS_DSP/StatisticsFunctions/arm_mean_f32.c **** /**    
  61:../Dave/Generated/CMSIS_DSP/StatisticsFunctions/arm_mean_f32.c ****  * @addtogroup mean    
  62:../Dave/Generated/CMSIS_DSP/StatisticsFunctions/arm_mean_f32.c ****  * @{    
  63:../Dave/Generated/CMSIS_DSP/StatisticsFunctions/arm_mean_f32.c ****  */
  64:../Dave/Generated/CMSIS_DSP/StatisticsFunctions/arm_mean_f32.c **** 
  65:../Dave/Generated/CMSIS_DSP/StatisticsFunctions/arm_mean_f32.c **** 
  66:../Dave/Generated/CMSIS_DSP/StatisticsFunctions/arm_mean_f32.c **** /**    
  67:../Dave/Generated/CMSIS_DSP/StatisticsFunctions/arm_mean_f32.c ****  * @brief Mean value of a floating-point vector.    
  68:../Dave/Generated/CMSIS_DSP/StatisticsFunctions/arm_mean_f32.c ****  * @param[in]       *pSrc points to the input vector    
  69:../Dave/Generated/CMSIS_DSP/StatisticsFunctions/arm_mean_f32.c ****  * @param[in]       blockSize length of the input vector    
  70:../Dave/Generated/CMSIS_DSP/StatisticsFunctions/arm_mean_f32.c ****  * @param[out]      *pResult mean value returned here    
  71:../Dave/Generated/CMSIS_DSP/StatisticsFunctions/arm_mean_f32.c ****  * @return none.    
  72:../Dave/Generated/CMSIS_DSP/StatisticsFunctions/arm_mean_f32.c ****  */
  73:../Dave/Generated/CMSIS_DSP/StatisticsFunctions/arm_mean_f32.c **** 
  74:../Dave/Generated/CMSIS_DSP/StatisticsFunctions/arm_mean_f32.c **** 
  75:../Dave/Generated/CMSIS_DSP/StatisticsFunctions/arm_mean_f32.c **** void arm_mean_f32(
  76:../Dave/Generated/CMSIS_DSP/StatisticsFunctions/arm_mean_f32.c ****   float32_t * pSrc,
  77:../Dave/Generated/CMSIS_DSP/StatisticsFunctions/arm_mean_f32.c ****   uint32_t blockSize,
  78:../Dave/Generated/CMSIS_DSP/StatisticsFunctions/arm_mean_f32.c ****   float32_t * pResult)
  79:../Dave/Generated/CMSIS_DSP/StatisticsFunctions/arm_mean_f32.c **** {
  30              	 .loc 1 79 0
  31              	 .cfi_startproc
  32              	 
  33              	 
  34 0000 80B5     	 push {r7,lr}
  35              	.LCFI0:
  36              	 .cfi_def_cfa_offset 8
  37              	 .cfi_offset 7,-8
  38              	 .cfi_offset 14,-4
  39 0002 8AB0     	 sub sp,sp,#40
  40              	.LCFI1:
  41              	 .cfi_def_cfa_offset 48
  42 0004 00AF     	 add r7,sp,#0
  43              	.LCFI2:
  44              	 .cfi_def_cfa_register 7
  45 0006 F860     	 str r0,[r7,#12]
  46 0008 B960     	 str r1,[r7,#8]
  47 000a 7A60     	 str r2,[r7,#4]
  80:../Dave/Generated/CMSIS_DSP/StatisticsFunctions/arm_mean_f32.c ****   float32_t sum = 0.0f;                          /* Temporary result storage */
  48              	 .loc 1 80 0
  49 000c 4FF00003 	 mov r3,#0
  50 0010 7B62     	 str r3,[r7,#36]
  81:../Dave/Generated/CMSIS_DSP/StatisticsFunctions/arm_mean_f32.c ****   uint32_t blkCnt;                               /* loop counter */
  82:../Dave/Generated/CMSIS_DSP/StatisticsFunctions/arm_mean_f32.c **** 
  83:../Dave/Generated/CMSIS_DSP/StatisticsFunctions/arm_mean_f32.c **** #ifndef ARM_MATH_CM0_FAMILY
  84:../Dave/Generated/CMSIS_DSP/StatisticsFunctions/arm_mean_f32.c **** 
  85:../Dave/Generated/CMSIS_DSP/StatisticsFunctions/arm_mean_f32.c ****   /* Run the below code for Cortex-M4 and Cortex-M3 */
  86:../Dave/Generated/CMSIS_DSP/StatisticsFunctions/arm_mean_f32.c ****   float32_t in1, in2, in3, in4;
  87:../Dave/Generated/CMSIS_DSP/StatisticsFunctions/arm_mean_f32.c **** 
  88:../Dave/Generated/CMSIS_DSP/StatisticsFunctions/arm_mean_f32.c ****   /*loop Unrolling */
  89:../Dave/Generated/CMSIS_DSP/StatisticsFunctions/arm_mean_f32.c ****   blkCnt = blockSize >> 2u;
  51              	 .loc 1 89 0
  52 0012 BB68     	 ldr r3,[r7,#8]
  53 0014 9B08     	 lsrs r3,r3,#2
  54 0016 3B62     	 str r3,[r7,#32]
  90:../Dave/Generated/CMSIS_DSP/StatisticsFunctions/arm_mean_f32.c **** 
  91:../Dave/Generated/CMSIS_DSP/StatisticsFunctions/arm_mean_f32.c ****   /* First part of the processing with loop unrolling.  Compute 4 outputs at a time.    
  92:../Dave/Generated/CMSIS_DSP/StatisticsFunctions/arm_mean_f32.c ****    ** a second loop below computes the remaining 1 to 3 samples. */
  93:../Dave/Generated/CMSIS_DSP/StatisticsFunctions/arm_mean_f32.c ****   while(blkCnt > 0u)
  55              	 .loc 1 93 0
  56 0018 2EE0     	 b .L2
  57              	.L3:
  94:../Dave/Generated/CMSIS_DSP/StatisticsFunctions/arm_mean_f32.c ****   {
  95:../Dave/Generated/CMSIS_DSP/StatisticsFunctions/arm_mean_f32.c ****     /* C = (A[0] + A[1] + A[2] + ... + A[blockSize-1]) */
  96:../Dave/Generated/CMSIS_DSP/StatisticsFunctions/arm_mean_f32.c ****     in1 = *pSrc++;
  58              	 .loc 1 96 0
  59 001a FB68     	 ldr r3,[r7,#12]
  60 001c 1A1D     	 adds r2,r3,#4
  61 001e FA60     	 str r2,[r7,#12]
  62 0020 1B68     	 ldr r3,[r3]
  63 0022 FB61     	 str r3,[r7,#28]
  97:../Dave/Generated/CMSIS_DSP/StatisticsFunctions/arm_mean_f32.c ****     in2 = *pSrc++;
  64              	 .loc 1 97 0
  65 0024 FB68     	 ldr r3,[r7,#12]
  66 0026 1A1D     	 adds r2,r3,#4
  67 0028 FA60     	 str r2,[r7,#12]
  68 002a 1B68     	 ldr r3,[r3]
  69 002c BB61     	 str r3,[r7,#24]
  98:../Dave/Generated/CMSIS_DSP/StatisticsFunctions/arm_mean_f32.c ****     in3 = *pSrc++;
  70              	 .loc 1 98 0
  71 002e FB68     	 ldr r3,[r7,#12]
  72 0030 1A1D     	 adds r2,r3,#4
  73 0032 FA60     	 str r2,[r7,#12]
  74 0034 1B68     	 ldr r3,[r3]
  75 0036 7B61     	 str r3,[r7,#20]
  99:../Dave/Generated/CMSIS_DSP/StatisticsFunctions/arm_mean_f32.c ****     in4 = *pSrc++;
  76              	 .loc 1 99 0
  77 0038 FB68     	 ldr r3,[r7,#12]
  78 003a 1A1D     	 adds r2,r3,#4
  79 003c FA60     	 str r2,[r7,#12]
  80 003e 1B68     	 ldr r3,[r3]
  81 0040 3B61     	 str r3,[r7,#16]
 100:../Dave/Generated/CMSIS_DSP/StatisticsFunctions/arm_mean_f32.c **** 
 101:../Dave/Generated/CMSIS_DSP/StatisticsFunctions/arm_mean_f32.c ****     sum += in1;
  82              	 .loc 1 101 0
  83 0042 786A     	 ldr r0,[r7,#36]
  84 0044 F969     	 ldr r1,[r7,#28]
  85 0046 FFF7FEFF 	 bl __aeabi_fadd
  86 004a 0346     	 mov r3,r0
  87 004c 7B62     	 str r3,[r7,#36]
 102:../Dave/Generated/CMSIS_DSP/StatisticsFunctions/arm_mean_f32.c ****     sum += in2;
  88              	 .loc 1 102 0
  89 004e 786A     	 ldr r0,[r7,#36]
  90 0050 B969     	 ldr r1,[r7,#24]
  91 0052 FFF7FEFF 	 bl __aeabi_fadd
  92 0056 0346     	 mov r3,r0
  93 0058 7B62     	 str r3,[r7,#36]
 103:../Dave/Generated/CMSIS_DSP/StatisticsFunctions/arm_mean_f32.c ****     sum += in3;
  94              	 .loc 1 103 0
  95 005a 786A     	 ldr r0,[r7,#36]
  96 005c 7969     	 ldr r1,[r7,#20]
  97 005e FFF7FEFF 	 bl __aeabi_fadd
  98 0062 0346     	 mov r3,r0
  99 0064 7B62     	 str r3,[r7,#36]
 104:../Dave/Generated/CMSIS_DSP/StatisticsFunctions/arm_mean_f32.c ****     sum += in4;
 100              	 .loc 1 104 0
 101 0066 786A     	 ldr r0,[r7,#36]
 102 0068 3969     	 ldr r1,[r7,#16]
 103 006a FFF7FEFF 	 bl __aeabi_fadd
 104 006e 0346     	 mov r3,r0
 105 0070 7B62     	 str r3,[r7,#36]
 105:../Dave/Generated/CMSIS_DSP/StatisticsFunctions/arm_mean_f32.c **** 
 106:../Dave/Generated/CMSIS_DSP/StatisticsFunctions/arm_mean_f32.c ****     /* Decrement the loop counter */
 107:../Dave/Generated/CMSIS_DSP/StatisticsFunctions/arm_mean_f32.c ****     blkCnt--;
 106              	 .loc 1 107 0
 107 0072 3B6A     	 ldr r3,[r7,#32]
 108 0074 013B     	 subs r3,r3,#1
 109 0076 3B62     	 str r3,[r7,#32]
 110              	.L2:
  93:../Dave/Generated/CMSIS_DSP/StatisticsFunctions/arm_mean_f32.c ****   {
 111              	 .loc 1 93 0
 112 0078 3B6A     	 ldr r3,[r7,#32]
 113 007a 002B     	 cmp r3,#0
 114 007c CDD1     	 bne .L3
 108:../Dave/Generated/CMSIS_DSP/StatisticsFunctions/arm_mean_f32.c ****   }
 109:../Dave/Generated/CMSIS_DSP/StatisticsFunctions/arm_mean_f32.c **** 
 110:../Dave/Generated/CMSIS_DSP/StatisticsFunctions/arm_mean_f32.c ****   /* If the blockSize is not a multiple of 4, compute any remaining output samples here.    
 111:../Dave/Generated/CMSIS_DSP/StatisticsFunctions/arm_mean_f32.c ****    ** No loop unrolling is used. */
 112:../Dave/Generated/CMSIS_DSP/StatisticsFunctions/arm_mean_f32.c ****   blkCnt = blockSize % 0x4u;
 115              	 .loc 1 112 0
 116 007e BB68     	 ldr r3,[r7,#8]
 117 0080 03F00303 	 and r3,r3,#3
 118 0084 3B62     	 str r3,[r7,#32]
 113:../Dave/Generated/CMSIS_DSP/StatisticsFunctions/arm_mean_f32.c **** 
 114:../Dave/Generated/CMSIS_DSP/StatisticsFunctions/arm_mean_f32.c **** #else
 115:../Dave/Generated/CMSIS_DSP/StatisticsFunctions/arm_mean_f32.c **** 
 116:../Dave/Generated/CMSIS_DSP/StatisticsFunctions/arm_mean_f32.c ****   /* Run the below code for Cortex-M0 */
 117:../Dave/Generated/CMSIS_DSP/StatisticsFunctions/arm_mean_f32.c **** 
 118:../Dave/Generated/CMSIS_DSP/StatisticsFunctions/arm_mean_f32.c ****   /* Loop over blockSize number of values */
 119:../Dave/Generated/CMSIS_DSP/StatisticsFunctions/arm_mean_f32.c ****   blkCnt = blockSize;
 120:../Dave/Generated/CMSIS_DSP/StatisticsFunctions/arm_mean_f32.c **** 
 121:../Dave/Generated/CMSIS_DSP/StatisticsFunctions/arm_mean_f32.c **** #endif /* #ifndef ARM_MATH_CM0_FAMILY */
 122:../Dave/Generated/CMSIS_DSP/StatisticsFunctions/arm_mean_f32.c **** 
 123:../Dave/Generated/CMSIS_DSP/StatisticsFunctions/arm_mean_f32.c ****   while(blkCnt > 0u)
 119              	 .loc 1 123 0
 120 0086 0CE0     	 b .L4
 121              	.L5:
 124:../Dave/Generated/CMSIS_DSP/StatisticsFunctions/arm_mean_f32.c ****   {
 125:../Dave/Generated/CMSIS_DSP/StatisticsFunctions/arm_mean_f32.c ****     /* C = (A[0] + A[1] + A[2] + ... + A[blockSize-1]) */
 126:../Dave/Generated/CMSIS_DSP/StatisticsFunctions/arm_mean_f32.c ****     sum += *pSrc++;
 122              	 .loc 1 126 0
 123 0088 FB68     	 ldr r3,[r7,#12]
 124 008a 1A1D     	 adds r2,r3,#4
 125 008c FA60     	 str r2,[r7,#12]
 126 008e 1B68     	 ldr r3,[r3]
 127 0090 786A     	 ldr r0,[r7,#36]
 128 0092 1946     	 mov r1,r3
 129 0094 FFF7FEFF 	 bl __aeabi_fadd
 130 0098 0346     	 mov r3,r0
 131 009a 7B62     	 str r3,[r7,#36]
 127:../Dave/Generated/CMSIS_DSP/StatisticsFunctions/arm_mean_f32.c **** 
 128:../Dave/Generated/CMSIS_DSP/StatisticsFunctions/arm_mean_f32.c ****     /* Decrement the loop counter */
 129:../Dave/Generated/CMSIS_DSP/StatisticsFunctions/arm_mean_f32.c ****     blkCnt--;
 132              	 .loc 1 129 0
 133 009c 3B6A     	 ldr r3,[r7,#32]
 134 009e 013B     	 subs r3,r3,#1
 135 00a0 3B62     	 str r3,[r7,#32]
 136              	.L4:
 123:../Dave/Generated/CMSIS_DSP/StatisticsFunctions/arm_mean_f32.c ****   {
 137              	 .loc 1 123 0
 138 00a2 3B6A     	 ldr r3,[r7,#32]
 139 00a4 002B     	 cmp r3,#0
 140 00a6 EFD1     	 bne .L5
 130:../Dave/Generated/CMSIS_DSP/StatisticsFunctions/arm_mean_f32.c ****   }
 131:../Dave/Generated/CMSIS_DSP/StatisticsFunctions/arm_mean_f32.c **** 
 132:../Dave/Generated/CMSIS_DSP/StatisticsFunctions/arm_mean_f32.c ****   /* C = (A[0] + A[1] + A[2] + ... + A[blockSize-1]) / blockSize  */
 133:../Dave/Generated/CMSIS_DSP/StatisticsFunctions/arm_mean_f32.c ****   /* Store the result to the destination */
 134:../Dave/Generated/CMSIS_DSP/StatisticsFunctions/arm_mean_f32.c ****   *pResult = sum / (float32_t) blockSize;
 141              	 .loc 1 134 0
 142 00a8 B868     	 ldr r0,[r7,#8]
 143 00aa FFF7FEFF 	 bl __aeabi_ui2f
 144 00ae 0346     	 mov r3,r0
 145 00b0 786A     	 ldr r0,[r7,#36]
 146 00b2 1946     	 mov r1,r3
 147 00b4 FFF7FEFF 	 bl __aeabi_fdiv
 148 00b8 0346     	 mov r3,r0
 149 00ba 1A46     	 mov r2,r3
 150 00bc 7B68     	 ldr r3,[r7,#4]
 151 00be 1A60     	 str r2,[r3]
 135:../Dave/Generated/CMSIS_DSP/StatisticsFunctions/arm_mean_f32.c **** }
 152              	 .loc 1 135 0
 153 00c0 2837     	 adds r7,r7,#40
 154              	.LCFI3:
 155              	 .cfi_def_cfa_offset 8
 156 00c2 BD46     	 mov sp,r7
 157              	.LCFI4:
 158              	 .cfi_def_cfa_register 13
 159              	 
 160 00c4 80BD     	 pop {r7,pc}
 161              	 .cfi_endproc
 162              	.LFE139:
 164 00c6 00BF     	 .text
 165              	.Letext0:
 166              	 .file 2 "c:\\davev4-64bit\\dave-4.2.6\\eclipse\\arm-gcc-49\\arm-none-eabi\\include\\machine\\_default_types.h"
 167              	 .file 3 "c:\\davev4-64bit\\dave-4.2.6\\eclipse\\arm-gcc-49\\arm-none-eabi\\include\\stdint.h"
 168              	 .file 4 "C:\\Users\\Depes Crystalline\\Desktop\\school\\Active_Bike_Lighting_System\\Radar_Core\\Dave\\Generated/CMSIS_DSP/arm_math.h"
DEFINED SYMBOLS
                            *ABS*:00000000 arm_mean_f32.c
    {standard input}:22     .text.arm_mean_f32:00000000 $t
    {standard input}:27     .text.arm_mean_f32:00000000 arm_mean_f32
                     .debug_frame:00000010 $d

UNDEFINED SYMBOLS
__aeabi_fadd
__aeabi_ui2f
__aeabi_fdiv
