   1              	 .syntax unified
   2              	 .cpu cortex-m4
   3              	 .fpu softvfp
   4              	 .eabi_attribute 20,1
   5              	 .eabi_attribute 21,1
   6              	 .eabi_attribute 23,3
   7              	 .eabi_attribute 24,1
   8              	 .eabi_attribute 25,1
   9              	 .eabi_attribute 26,1
  10              	 .eabi_attribute 30,6
  11              	 .eabi_attribute 34,1
  12              	 .eabi_attribute 18,4
  13              	 .thumb
  14              	 .file "arm_fill_q7.c"
  15              	 .text
  16              	.Ltext0:
  17              	 .cfi_sections .debug_frame
  18              	 .section .text.arm_fill_q7,"ax",%progbits
  19              	 .align 2
  20              	 .global arm_fill_q7
  21              	 .thumb
  22              	 .thumb_func
  24              	arm_fill_q7:
  25              	.LFB139:
  26              	 .file 1 "../Dave/Generated/CMSIS_DSP/SupportFunctions/arm_fill_q7.c"
   1:../Dave/Generated/CMSIS_DSP/SupportFunctions/arm_fill_q7.c **** /* ----------------------------------------------------------------------    
   2:../Dave/Generated/CMSIS_DSP/SupportFunctions/arm_fill_q7.c **** * Copyright (C) 2010-2014 ARM Limited. All rights reserved.    
   3:../Dave/Generated/CMSIS_DSP/SupportFunctions/arm_fill_q7.c **** *    
   4:../Dave/Generated/CMSIS_DSP/SupportFunctions/arm_fill_q7.c **** * $Date:        31. July 2014
   5:../Dave/Generated/CMSIS_DSP/SupportFunctions/arm_fill_q7.c **** * $Revision: 	V1.4.4  
   6:../Dave/Generated/CMSIS_DSP/SupportFunctions/arm_fill_q7.c **** *    
   7:../Dave/Generated/CMSIS_DSP/SupportFunctions/arm_fill_q7.c **** * Project: 	    CMSIS DSP Library    
   8:../Dave/Generated/CMSIS_DSP/SupportFunctions/arm_fill_q7.c **** * Title:		arm_fill_q7.c    
   9:../Dave/Generated/CMSIS_DSP/SupportFunctions/arm_fill_q7.c **** *    
  10:../Dave/Generated/CMSIS_DSP/SupportFunctions/arm_fill_q7.c **** * Description:	Fills a constant value into a Q7 vector.   
  11:../Dave/Generated/CMSIS_DSP/SupportFunctions/arm_fill_q7.c **** *    
  12:../Dave/Generated/CMSIS_DSP/SupportFunctions/arm_fill_q7.c **** * Target Processor: Cortex-M4/Cortex-M3/Cortex-M0
  13:../Dave/Generated/CMSIS_DSP/SupportFunctions/arm_fill_q7.c **** *  
  14:../Dave/Generated/CMSIS_DSP/SupportFunctions/arm_fill_q7.c **** * Redistribution and use in source and binary forms, with or without 
  15:../Dave/Generated/CMSIS_DSP/SupportFunctions/arm_fill_q7.c **** * modification, are permitted provided that the following conditions
  16:../Dave/Generated/CMSIS_DSP/SupportFunctions/arm_fill_q7.c **** * are met:
  17:../Dave/Generated/CMSIS_DSP/SupportFunctions/arm_fill_q7.c **** *   - Redistributions of source code must retain the above copyright
  18:../Dave/Generated/CMSIS_DSP/SupportFunctions/arm_fill_q7.c **** *     notice, this list of conditions and the following disclaimer.
  19:../Dave/Generated/CMSIS_DSP/SupportFunctions/arm_fill_q7.c **** *   - Redistributions in binary form must reproduce the above copyright
  20:../Dave/Generated/CMSIS_DSP/SupportFunctions/arm_fill_q7.c **** *     notice, this list of conditions and the following disclaimer in
  21:../Dave/Generated/CMSIS_DSP/SupportFunctions/arm_fill_q7.c **** *     the documentation and/or other materials provided with the 
  22:../Dave/Generated/CMSIS_DSP/SupportFunctions/arm_fill_q7.c **** *     distribution.
  23:../Dave/Generated/CMSIS_DSP/SupportFunctions/arm_fill_q7.c **** *   - Neither the name of ARM LIMITED nor the names of its contributors
  24:../Dave/Generated/CMSIS_DSP/SupportFunctions/arm_fill_q7.c **** *     may be used to endorse or promote products derived from this
  25:../Dave/Generated/CMSIS_DSP/SupportFunctions/arm_fill_q7.c **** *     software without specific prior written permission.
  26:../Dave/Generated/CMSIS_DSP/SupportFunctions/arm_fill_q7.c **** *
  27:../Dave/Generated/CMSIS_DSP/SupportFunctions/arm_fill_q7.c **** * THIS SOFTWARE IS PROVIDED BY THE COPYRIGHT HOLDERS AND CONTRIBUTORS
  28:../Dave/Generated/CMSIS_DSP/SupportFunctions/arm_fill_q7.c **** * "AS IS" AND ANY EXPRESS OR IMPLIED WARRANTIES, INCLUDING, BUT NOT
  29:../Dave/Generated/CMSIS_DSP/SupportFunctions/arm_fill_q7.c **** * LIMITED TO, THE IMPLIED WARRANTIES OF MERCHANTABILITY AND FITNESS
  30:../Dave/Generated/CMSIS_DSP/SupportFunctions/arm_fill_q7.c **** * FOR A PARTICULAR PURPOSE ARE DISCLAIMED. IN NO EVENT SHALL THE 
  31:../Dave/Generated/CMSIS_DSP/SupportFunctions/arm_fill_q7.c **** * COPYRIGHT OWNER OR CONTRIBUTORS BE LIABLE FOR ANY DIRECT, INDIRECT,
  32:../Dave/Generated/CMSIS_DSP/SupportFunctions/arm_fill_q7.c **** * INCIDENTAL, SPECIAL, EXEMPLARY, OR CONSEQUENTIAL DAMAGES (INCLUDING,
  33:../Dave/Generated/CMSIS_DSP/SupportFunctions/arm_fill_q7.c **** * BUT NOT LIMITED TO, PROCUREMENT OF SUBSTITUTE GOODS OR SERVICES;
  34:../Dave/Generated/CMSIS_DSP/SupportFunctions/arm_fill_q7.c **** * LOSS OF USE, DATA, OR PROFITS; OR BUSINESS INTERRUPTION) HOWEVER
  35:../Dave/Generated/CMSIS_DSP/SupportFunctions/arm_fill_q7.c **** * CAUSED AND ON ANY THEORY OF LIABILITY, WHETHER IN CONTRACT, STRICT
  36:../Dave/Generated/CMSIS_DSP/SupportFunctions/arm_fill_q7.c **** * LIABILITY, OR TORT (INCLUDING NEGLIGENCE OR OTHERWISE) ARISING IN
  37:../Dave/Generated/CMSIS_DSP/SupportFunctions/arm_fill_q7.c **** * ANY WAY OUT OF THE USE OF THIS SOFTWARE, EVEN IF ADVISED OF THE
  38:../Dave/Generated/CMSIS_DSP/SupportFunctions/arm_fill_q7.c **** * POSSIBILITY OF SUCH DAMAGE.    
  39:../Dave/Generated/CMSIS_DSP/SupportFunctions/arm_fill_q7.c **** * -------------------------------------------------------------------- */
  40:../Dave/Generated/CMSIS_DSP/SupportFunctions/arm_fill_q7.c **** 
  41:../Dave/Generated/CMSIS_DSP/SupportFunctions/arm_fill_q7.c **** #include "CMSIS_DSP/cmsis_dsp.h"
  42:../Dave/Generated/CMSIS_DSP/SupportFunctions/arm_fill_q7.c **** 
  43:../Dave/Generated/CMSIS_DSP/SupportFunctions/arm_fill_q7.c **** /**    
  44:../Dave/Generated/CMSIS_DSP/SupportFunctions/arm_fill_q7.c ****  * @ingroup groupSupport    
  45:../Dave/Generated/CMSIS_DSP/SupportFunctions/arm_fill_q7.c ****  */
  46:../Dave/Generated/CMSIS_DSP/SupportFunctions/arm_fill_q7.c **** 
  47:../Dave/Generated/CMSIS_DSP/SupportFunctions/arm_fill_q7.c **** /**    
  48:../Dave/Generated/CMSIS_DSP/SupportFunctions/arm_fill_q7.c ****  * @addtogroup Fill    
  49:../Dave/Generated/CMSIS_DSP/SupportFunctions/arm_fill_q7.c ****  * @{    
  50:../Dave/Generated/CMSIS_DSP/SupportFunctions/arm_fill_q7.c ****  */
  51:../Dave/Generated/CMSIS_DSP/SupportFunctions/arm_fill_q7.c **** 
  52:../Dave/Generated/CMSIS_DSP/SupportFunctions/arm_fill_q7.c **** /**    
  53:../Dave/Generated/CMSIS_DSP/SupportFunctions/arm_fill_q7.c ****  * @brief Fills a constant value into a Q7 vector.    
  54:../Dave/Generated/CMSIS_DSP/SupportFunctions/arm_fill_q7.c ****  * @param[in]       value input value to be filled   
  55:../Dave/Generated/CMSIS_DSP/SupportFunctions/arm_fill_q7.c ****  * @param[out]      *pDst points to output vector    
  56:../Dave/Generated/CMSIS_DSP/SupportFunctions/arm_fill_q7.c ****  * @param[in]       blockSize length of the output vector   
  57:../Dave/Generated/CMSIS_DSP/SupportFunctions/arm_fill_q7.c ****  * @return none.    
  58:../Dave/Generated/CMSIS_DSP/SupportFunctions/arm_fill_q7.c ****  *    
  59:../Dave/Generated/CMSIS_DSP/SupportFunctions/arm_fill_q7.c ****  */
  60:../Dave/Generated/CMSIS_DSP/SupportFunctions/arm_fill_q7.c **** 
  61:../Dave/Generated/CMSIS_DSP/SupportFunctions/arm_fill_q7.c **** void arm_fill_q7(
  62:../Dave/Generated/CMSIS_DSP/SupportFunctions/arm_fill_q7.c ****   q7_t value,
  63:../Dave/Generated/CMSIS_DSP/SupportFunctions/arm_fill_q7.c ****   q7_t * pDst,
  64:../Dave/Generated/CMSIS_DSP/SupportFunctions/arm_fill_q7.c ****   uint32_t blockSize)
  65:../Dave/Generated/CMSIS_DSP/SupportFunctions/arm_fill_q7.c **** {
  27              	 .loc 1 65 0
  28              	 .cfi_startproc
  29              	 
  30              	 
  31              	 
  32 0000 80B4     	 push {r7}
  33              	.LCFI0:
  34              	 .cfi_def_cfa_offset 4
  35              	 .cfi_offset 7,-4
  36 0002 87B0     	 sub sp,sp,#28
  37              	.LCFI1:
  38              	 .cfi_def_cfa_offset 32
  39 0004 00AF     	 add r7,sp,#0
  40              	.LCFI2:
  41              	 .cfi_def_cfa_register 7
  42 0006 0346     	 mov r3,r0
  43 0008 B960     	 str r1,[r7,#8]
  44 000a 7A60     	 str r2,[r7,#4]
  45 000c FB73     	 strb r3,[r7,#15]
  66:../Dave/Generated/CMSIS_DSP/SupportFunctions/arm_fill_q7.c ****   uint32_t blkCnt;                               /* loop counter */
  67:../Dave/Generated/CMSIS_DSP/SupportFunctions/arm_fill_q7.c **** 
  68:../Dave/Generated/CMSIS_DSP/SupportFunctions/arm_fill_q7.c **** #ifndef ARM_MATH_CM0_FAMILY
  69:../Dave/Generated/CMSIS_DSP/SupportFunctions/arm_fill_q7.c **** 
  70:../Dave/Generated/CMSIS_DSP/SupportFunctions/arm_fill_q7.c ****   /* Run the below code for Cortex-M4 and Cortex-M3 */
  71:../Dave/Generated/CMSIS_DSP/SupportFunctions/arm_fill_q7.c **** 
  72:../Dave/Generated/CMSIS_DSP/SupportFunctions/arm_fill_q7.c ****   q31_t packedValue;                             /* value packed to 32 bits */
  73:../Dave/Generated/CMSIS_DSP/SupportFunctions/arm_fill_q7.c **** 
  74:../Dave/Generated/CMSIS_DSP/SupportFunctions/arm_fill_q7.c ****   /*loop Unrolling */
  75:../Dave/Generated/CMSIS_DSP/SupportFunctions/arm_fill_q7.c ****   blkCnt = blockSize >> 2u;
  46              	 .loc 1 75 0
  47 000e 7B68     	 ldr r3,[r7,#4]
  48 0010 9B08     	 lsrs r3,r3,#2
  49 0012 7B61     	 str r3,[r7,#20]
  76:../Dave/Generated/CMSIS_DSP/SupportFunctions/arm_fill_q7.c **** 
  77:../Dave/Generated/CMSIS_DSP/SupportFunctions/arm_fill_q7.c ****   /* Packing four 8 bit values to 32 bit value in order to use SIMD */
  78:../Dave/Generated/CMSIS_DSP/SupportFunctions/arm_fill_q7.c ****   packedValue = __PACKq7(value, value, value, value);
  50              	 .loc 1 78 0
  51 0014 97F90F30 	 ldrsb r3,[r7,#15]
  52 0018 DAB2     	 uxtb r2,r3
  53 001a 97F90F30 	 ldrsb r3,[r7,#15]
  54 001e 1B02     	 lsls r3,r3,#8
  55 0020 9BB2     	 uxth r3,r3
  56 0022 1A43     	 orrs r2,r2,r3
  57 0024 97F90F30 	 ldrsb r3,[r7,#15]
  58 0028 1B04     	 lsls r3,r3,#16
  59 002a 03F47F03 	 and r3,r3,#16711680
  60 002e 1A43     	 orrs r2,r2,r3
  61 0030 97F90F30 	 ldrsb r3,[r7,#15]
  62 0034 1B06     	 lsls r3,r3,#24
  63 0036 1343     	 orrs r3,r3,r2
  64 0038 3B61     	 str r3,[r7,#16]
  79:../Dave/Generated/CMSIS_DSP/SupportFunctions/arm_fill_q7.c **** 
  80:../Dave/Generated/CMSIS_DSP/SupportFunctions/arm_fill_q7.c ****   /* First part of the processing with loop unrolling.  Compute 4 outputs at a time.    
  81:../Dave/Generated/CMSIS_DSP/SupportFunctions/arm_fill_q7.c ****    ** a second loop below computes the remaining 1 to 3 samples. */
  82:../Dave/Generated/CMSIS_DSP/SupportFunctions/arm_fill_q7.c ****   while(blkCnt > 0u)
  65              	 .loc 1 82 0
  66 003a 09E0     	 b .L2
  67              	.L3:
  83:../Dave/Generated/CMSIS_DSP/SupportFunctions/arm_fill_q7.c ****   {
  84:../Dave/Generated/CMSIS_DSP/SupportFunctions/arm_fill_q7.c ****     /* C = value */
  85:../Dave/Generated/CMSIS_DSP/SupportFunctions/arm_fill_q7.c ****     /* Fill the value in the destination buffer */
  86:../Dave/Generated/CMSIS_DSP/SupportFunctions/arm_fill_q7.c ****     *__SIMD32(pDst)++ = packedValue;
  68              	 .loc 1 86 0
  69 003c 07F10802 	 add r2,r7,#8
  70 0040 1368     	 ldr r3,[r2]
  71 0042 191D     	 adds r1,r3,#4
  72 0044 1160     	 str r1,[r2]
  73 0046 3A69     	 ldr r2,[r7,#16]
  74 0048 1A60     	 str r2,[r3]
  87:../Dave/Generated/CMSIS_DSP/SupportFunctions/arm_fill_q7.c **** 
  88:../Dave/Generated/CMSIS_DSP/SupportFunctions/arm_fill_q7.c ****     /* Decrement the loop counter */
  89:../Dave/Generated/CMSIS_DSP/SupportFunctions/arm_fill_q7.c ****     blkCnt--;
  75              	 .loc 1 89 0
  76 004a 7B69     	 ldr r3,[r7,#20]
  77 004c 013B     	 subs r3,r3,#1
  78 004e 7B61     	 str r3,[r7,#20]
  79              	.L2:
  82:../Dave/Generated/CMSIS_DSP/SupportFunctions/arm_fill_q7.c ****   {
  80              	 .loc 1 82 0
  81 0050 7B69     	 ldr r3,[r7,#20]
  82 0052 002B     	 cmp r3,#0
  83 0054 F2D1     	 bne .L3
  90:../Dave/Generated/CMSIS_DSP/SupportFunctions/arm_fill_q7.c ****   }
  91:../Dave/Generated/CMSIS_DSP/SupportFunctions/arm_fill_q7.c **** 
  92:../Dave/Generated/CMSIS_DSP/SupportFunctions/arm_fill_q7.c ****   /* If the blockSize is not a multiple of 4, compute any remaining output samples here.    
  93:../Dave/Generated/CMSIS_DSP/SupportFunctions/arm_fill_q7.c ****    ** No loop unrolling is used. */
  94:../Dave/Generated/CMSIS_DSP/SupportFunctions/arm_fill_q7.c ****   blkCnt = blockSize % 0x4u;
  84              	 .loc 1 94 0
  85 0056 7B68     	 ldr r3,[r7,#4]
  86 0058 03F00303 	 and r3,r3,#3
  87 005c 7B61     	 str r3,[r7,#20]
  95:../Dave/Generated/CMSIS_DSP/SupportFunctions/arm_fill_q7.c **** 
  96:../Dave/Generated/CMSIS_DSP/SupportFunctions/arm_fill_q7.c **** #else
  97:../Dave/Generated/CMSIS_DSP/SupportFunctions/arm_fill_q7.c **** 
  98:../Dave/Generated/CMSIS_DSP/SupportFunctions/arm_fill_q7.c ****   /* Run the below code for Cortex-M0 */
  99:../Dave/Generated/CMSIS_DSP/SupportFunctions/arm_fill_q7.c **** 
 100:../Dave/Generated/CMSIS_DSP/SupportFunctions/arm_fill_q7.c ****   /* Loop over blockSize number of values */
 101:../Dave/Generated/CMSIS_DSP/SupportFunctions/arm_fill_q7.c ****   blkCnt = blockSize;
 102:../Dave/Generated/CMSIS_DSP/SupportFunctions/arm_fill_q7.c **** 
 103:../Dave/Generated/CMSIS_DSP/SupportFunctions/arm_fill_q7.c **** #endif /* #ifndef ARM_MATH_CM0_FAMILY */
 104:../Dave/Generated/CMSIS_DSP/SupportFunctions/arm_fill_q7.c **** 
 105:../Dave/Generated/CMSIS_DSP/SupportFunctions/arm_fill_q7.c ****   while(blkCnt > 0u)
  88              	 .loc 1 105 0
  89 005e 07E0     	 b .L4
  90              	.L5:
 106:../Dave/Generated/CMSIS_DSP/SupportFunctions/arm_fill_q7.c ****   {
 107:../Dave/Generated/CMSIS_DSP/SupportFunctions/arm_fill_q7.c ****     /* C = value */
 108:../Dave/Generated/CMSIS_DSP/SupportFunctions/arm_fill_q7.c ****     /* Fill the value in the destination buffer */
 109:../Dave/Generated/CMSIS_DSP/SupportFunctions/arm_fill_q7.c ****     *pDst++ = value;
  91              	 .loc 1 109 0
  92 0060 BB68     	 ldr r3,[r7,#8]
  93 0062 5A1C     	 adds r2,r3,#1
  94 0064 BA60     	 str r2,[r7,#8]
  95 0066 FA7B     	 ldrb r2,[r7,#15]
  96 0068 1A70     	 strb r2,[r3]
 110:../Dave/Generated/CMSIS_DSP/SupportFunctions/arm_fill_q7.c **** 
 111:../Dave/Generated/CMSIS_DSP/SupportFunctions/arm_fill_q7.c ****     /* Decrement the loop counter */
 112:../Dave/Generated/CMSIS_DSP/SupportFunctions/arm_fill_q7.c ****     blkCnt--;
  97              	 .loc 1 112 0
  98 006a 7B69     	 ldr r3,[r7,#20]
  99 006c 013B     	 subs r3,r3,#1
 100 006e 7B61     	 str r3,[r7,#20]
 101              	.L4:
 105:../Dave/Generated/CMSIS_DSP/SupportFunctions/arm_fill_q7.c ****   {
 102              	 .loc 1 105 0
 103 0070 7B69     	 ldr r3,[r7,#20]
 104 0072 002B     	 cmp r3,#0
 105 0074 F4D1     	 bne .L5
 113:../Dave/Generated/CMSIS_DSP/SupportFunctions/arm_fill_q7.c ****   }
 114:../Dave/Generated/CMSIS_DSP/SupportFunctions/arm_fill_q7.c **** }
 106              	 .loc 1 114 0
 107 0076 1C37     	 adds r7,r7,#28
 108              	.LCFI3:
 109              	 .cfi_def_cfa_offset 4
 110 0078 BD46     	 mov sp,r7
 111              	.LCFI4:
 112              	 .cfi_def_cfa_register 13
 113              	 
 114 007a 5DF8047B 	 ldr r7,[sp],#4
 115              	.LCFI5:
 116              	 .cfi_restore 7
 117              	 .cfi_def_cfa_offset 0
 118 007e 7047     	 bx lr
 119              	 .cfi_endproc
 120              	.LFE139:
 122              	 .text
 123              	.Letext0:
 124              	 .file 2 "c:\\davev4-64bit\\dave-4.2.6\\eclipse\\arm-gcc-49\\arm-none-eabi\\include\\machine\\_default_types.h"
 125              	 .file 3 "c:\\davev4-64bit\\dave-4.2.6\\eclipse\\arm-gcc-49\\arm-none-eabi\\include\\stdint.h"
 126              	 .file 4 "C:\\Users\\Depes Crystalline\\Desktop\\school\\Active_Bike_Lighting_System\\Radar_Core\\Dave\\Generated/CMSIS_DSP/arm_math.h"
DEFINED SYMBOLS
                            *ABS*:00000000 arm_fill_q7.c
    {standard input}:19     .text.arm_fill_q7:00000000 $t
    {standard input}:24     .text.arm_fill_q7:00000000 arm_fill_q7
                     .debug_frame:00000010 $d

NO UNDEFINED SYMBOLS
