   1              	 .syntax unified
   2              	 .cpu cortex-m4
   3              	 .fpu softvfp
   4              	 .eabi_attribute 20,1
   5              	 .eabi_attribute 21,1
   6              	 .eabi_attribute 23,3
   7              	 .eabi_attribute 24,1
   8              	 .eabi_attribute 25,1
   9              	 .eabi_attribute 26,1
  10              	 .eabi_attribute 30,6
  11              	 .eabi_attribute 34,1
  12              	 .eabi_attribute 18,4
  13              	 .thumb
  14              	 .file "arm_fill_f32.c"
  15              	 .text
  16              	.Ltext0:
  17              	 .cfi_sections .debug_frame
  18              	 .section .text.arm_fill_f32,"ax",%progbits
  19              	 .align 2
  20              	 .global arm_fill_f32
  21              	 .thumb
  22              	 .thumb_func
  24              	arm_fill_f32:
  25              	.LFB139:
  26              	 .file 1 "../Dave/Generated/CMSIS_DSP/SupportFunctions/arm_fill_f32.c"
   1:../Dave/Generated/CMSIS_DSP/SupportFunctions/arm_fill_f32.c **** /* ----------------------------------------------------------------------    
   2:../Dave/Generated/CMSIS_DSP/SupportFunctions/arm_fill_f32.c **** * Copyright (C) 2010-2014 ARM Limited. All rights reserved.    
   3:../Dave/Generated/CMSIS_DSP/SupportFunctions/arm_fill_f32.c **** *    
   4:../Dave/Generated/CMSIS_DSP/SupportFunctions/arm_fill_f32.c **** * $Date:        31. July 2014
   5:../Dave/Generated/CMSIS_DSP/SupportFunctions/arm_fill_f32.c **** * $Revision: 	V1.4.4  
   6:../Dave/Generated/CMSIS_DSP/SupportFunctions/arm_fill_f32.c **** *    
   7:../Dave/Generated/CMSIS_DSP/SupportFunctions/arm_fill_f32.c **** * Project: 	    CMSIS DSP Library    
   8:../Dave/Generated/CMSIS_DSP/SupportFunctions/arm_fill_f32.c **** * Title:		arm_fill_f32.c    
   9:../Dave/Generated/CMSIS_DSP/SupportFunctions/arm_fill_f32.c **** *    
  10:../Dave/Generated/CMSIS_DSP/SupportFunctions/arm_fill_f32.c **** * Description:	Fills a constant value into a floating-point vector.   
  11:../Dave/Generated/CMSIS_DSP/SupportFunctions/arm_fill_f32.c **** *    
  12:../Dave/Generated/CMSIS_DSP/SupportFunctions/arm_fill_f32.c **** * Target Processor: Cortex-M4/Cortex-M3/Cortex-M0
  13:../Dave/Generated/CMSIS_DSP/SupportFunctions/arm_fill_f32.c **** *  
  14:../Dave/Generated/CMSIS_DSP/SupportFunctions/arm_fill_f32.c **** * Redistribution and use in source and binary forms, with or without 
  15:../Dave/Generated/CMSIS_DSP/SupportFunctions/arm_fill_f32.c **** * modification, are permitted provided that the following conditions
  16:../Dave/Generated/CMSIS_DSP/SupportFunctions/arm_fill_f32.c **** * are met:
  17:../Dave/Generated/CMSIS_DSP/SupportFunctions/arm_fill_f32.c **** *   - Redistributions of source code must retain the above copyright
  18:../Dave/Generated/CMSIS_DSP/SupportFunctions/arm_fill_f32.c **** *     notice, this list of conditions and the following disclaimer.
  19:../Dave/Generated/CMSIS_DSP/SupportFunctions/arm_fill_f32.c **** *   - Redistributions in binary form must reproduce the above copyright
  20:../Dave/Generated/CMSIS_DSP/SupportFunctions/arm_fill_f32.c **** *     notice, this list of conditions and the following disclaimer in
  21:../Dave/Generated/CMSIS_DSP/SupportFunctions/arm_fill_f32.c **** *     the documentation and/or other materials provided with the 
  22:../Dave/Generated/CMSIS_DSP/SupportFunctions/arm_fill_f32.c **** *     distribution.
  23:../Dave/Generated/CMSIS_DSP/SupportFunctions/arm_fill_f32.c **** *   - Neither the name of ARM LIMITED nor the names of its contributors
  24:../Dave/Generated/CMSIS_DSP/SupportFunctions/arm_fill_f32.c **** *     may be used to endorse or promote products derived from this
  25:../Dave/Generated/CMSIS_DSP/SupportFunctions/arm_fill_f32.c **** *     software without specific prior written permission.
  26:../Dave/Generated/CMSIS_DSP/SupportFunctions/arm_fill_f32.c **** *
  27:../Dave/Generated/CMSIS_DSP/SupportFunctions/arm_fill_f32.c **** * THIS SOFTWARE IS PROVIDED BY THE COPYRIGHT HOLDERS AND CONTRIBUTORS
  28:../Dave/Generated/CMSIS_DSP/SupportFunctions/arm_fill_f32.c **** * "AS IS" AND ANY EXPRESS OR IMPLIED WARRANTIES, INCLUDING, BUT NOT
  29:../Dave/Generated/CMSIS_DSP/SupportFunctions/arm_fill_f32.c **** * LIMITED TO, THE IMPLIED WARRANTIES OF MERCHANTABILITY AND FITNESS
  30:../Dave/Generated/CMSIS_DSP/SupportFunctions/arm_fill_f32.c **** * FOR A PARTICULAR PURPOSE ARE DISCLAIMED. IN NO EVENT SHALL THE 
  31:../Dave/Generated/CMSIS_DSP/SupportFunctions/arm_fill_f32.c **** * COPYRIGHT OWNER OR CONTRIBUTORS BE LIABLE FOR ANY DIRECT, INDIRECT,
  32:../Dave/Generated/CMSIS_DSP/SupportFunctions/arm_fill_f32.c **** * INCIDENTAL, SPECIAL, EXEMPLARY, OR CONSEQUENTIAL DAMAGES (INCLUDING,
  33:../Dave/Generated/CMSIS_DSP/SupportFunctions/arm_fill_f32.c **** * BUT NOT LIMITED TO, PROCUREMENT OF SUBSTITUTE GOODS OR SERVICES;
  34:../Dave/Generated/CMSIS_DSP/SupportFunctions/arm_fill_f32.c **** * LOSS OF USE, DATA, OR PROFITS; OR BUSINESS INTERRUPTION) HOWEVER
  35:../Dave/Generated/CMSIS_DSP/SupportFunctions/arm_fill_f32.c **** * CAUSED AND ON ANY THEORY OF LIABILITY, WHETHER IN CONTRACT, STRICT
  36:../Dave/Generated/CMSIS_DSP/SupportFunctions/arm_fill_f32.c **** * LIABILITY, OR TORT (INCLUDING NEGLIGENCE OR OTHERWISE) ARISING IN
  37:../Dave/Generated/CMSIS_DSP/SupportFunctions/arm_fill_f32.c **** * ANY WAY OUT OF THE USE OF THIS SOFTWARE, EVEN IF ADVISED OF THE
  38:../Dave/Generated/CMSIS_DSP/SupportFunctions/arm_fill_f32.c **** * POSSIBILITY OF SUCH DAMAGE.    
  39:../Dave/Generated/CMSIS_DSP/SupportFunctions/arm_fill_f32.c **** * ---------------------------------------------------------------------------- */
  40:../Dave/Generated/CMSIS_DSP/SupportFunctions/arm_fill_f32.c **** 
  41:../Dave/Generated/CMSIS_DSP/SupportFunctions/arm_fill_f32.c **** #include "CMSIS_DSP/cmsis_dsp.h"
  42:../Dave/Generated/CMSIS_DSP/SupportFunctions/arm_fill_f32.c **** 
  43:../Dave/Generated/CMSIS_DSP/SupportFunctions/arm_fill_f32.c **** /**    
  44:../Dave/Generated/CMSIS_DSP/SupportFunctions/arm_fill_f32.c ****  * @ingroup groupSupport    
  45:../Dave/Generated/CMSIS_DSP/SupportFunctions/arm_fill_f32.c ****  */
  46:../Dave/Generated/CMSIS_DSP/SupportFunctions/arm_fill_f32.c **** 
  47:../Dave/Generated/CMSIS_DSP/SupportFunctions/arm_fill_f32.c **** /**    
  48:../Dave/Generated/CMSIS_DSP/SupportFunctions/arm_fill_f32.c ****  * @defgroup Fill Vector Fill    
  49:../Dave/Generated/CMSIS_DSP/SupportFunctions/arm_fill_f32.c ****  *    
  50:../Dave/Generated/CMSIS_DSP/SupportFunctions/arm_fill_f32.c ****  * Fills the destination vector with a constant value.    
  51:../Dave/Generated/CMSIS_DSP/SupportFunctions/arm_fill_f32.c ****  *    
  52:../Dave/Generated/CMSIS_DSP/SupportFunctions/arm_fill_f32.c ****  * <pre>    
  53:../Dave/Generated/CMSIS_DSP/SupportFunctions/arm_fill_f32.c ****  * 	pDst[n] = value;   0 <= n < blockSize.    
  54:../Dave/Generated/CMSIS_DSP/SupportFunctions/arm_fill_f32.c ****  * </pre>    
  55:../Dave/Generated/CMSIS_DSP/SupportFunctions/arm_fill_f32.c ****  *   
  56:../Dave/Generated/CMSIS_DSP/SupportFunctions/arm_fill_f32.c ****  * There are separate functions for floating point, Q31, Q15, and Q7 data types.     
  57:../Dave/Generated/CMSIS_DSP/SupportFunctions/arm_fill_f32.c ****  */
  58:../Dave/Generated/CMSIS_DSP/SupportFunctions/arm_fill_f32.c **** 
  59:../Dave/Generated/CMSIS_DSP/SupportFunctions/arm_fill_f32.c **** /**    
  60:../Dave/Generated/CMSIS_DSP/SupportFunctions/arm_fill_f32.c ****  * @addtogroup Fill    
  61:../Dave/Generated/CMSIS_DSP/SupportFunctions/arm_fill_f32.c ****  * @{    
  62:../Dave/Generated/CMSIS_DSP/SupportFunctions/arm_fill_f32.c ****  */
  63:../Dave/Generated/CMSIS_DSP/SupportFunctions/arm_fill_f32.c **** 
  64:../Dave/Generated/CMSIS_DSP/SupportFunctions/arm_fill_f32.c **** /**    
  65:../Dave/Generated/CMSIS_DSP/SupportFunctions/arm_fill_f32.c ****  * @brief Fills a constant value into a floating-point vector.     
  66:../Dave/Generated/CMSIS_DSP/SupportFunctions/arm_fill_f32.c ****  * @param[in]       value input value to be filled   
  67:../Dave/Generated/CMSIS_DSP/SupportFunctions/arm_fill_f32.c ****  * @param[out]      *pDst points to output vector    
  68:../Dave/Generated/CMSIS_DSP/SupportFunctions/arm_fill_f32.c ****  * @param[in]       blockSize length of the output vector   
  69:../Dave/Generated/CMSIS_DSP/SupportFunctions/arm_fill_f32.c ****  * @return none.    
  70:../Dave/Generated/CMSIS_DSP/SupportFunctions/arm_fill_f32.c ****  *    
  71:../Dave/Generated/CMSIS_DSP/SupportFunctions/arm_fill_f32.c ****  */
  72:../Dave/Generated/CMSIS_DSP/SupportFunctions/arm_fill_f32.c **** 
  73:../Dave/Generated/CMSIS_DSP/SupportFunctions/arm_fill_f32.c **** 
  74:../Dave/Generated/CMSIS_DSP/SupportFunctions/arm_fill_f32.c **** void arm_fill_f32(
  75:../Dave/Generated/CMSIS_DSP/SupportFunctions/arm_fill_f32.c ****   float32_t value,
  76:../Dave/Generated/CMSIS_DSP/SupportFunctions/arm_fill_f32.c ****   float32_t * pDst,
  77:../Dave/Generated/CMSIS_DSP/SupportFunctions/arm_fill_f32.c ****   uint32_t blockSize)
  78:../Dave/Generated/CMSIS_DSP/SupportFunctions/arm_fill_f32.c **** {
  27              	 .loc 1 78 0
  28              	 .cfi_startproc
  29              	 
  30              	 
  31              	 
  32 0000 80B4     	 push {r7}
  33              	.LCFI0:
  34              	 .cfi_def_cfa_offset 4
  35              	 .cfi_offset 7,-4
  36 0002 8BB0     	 sub sp,sp,#44
  37              	.LCFI1:
  38              	 .cfi_def_cfa_offset 48
  39 0004 00AF     	 add r7,sp,#0
  40              	.LCFI2:
  41              	 .cfi_def_cfa_register 7
  42 0006 F860     	 str r0,[r7,#12]
  43 0008 B960     	 str r1,[r7,#8]
  44 000a 7A60     	 str r2,[r7,#4]
  79:../Dave/Generated/CMSIS_DSP/SupportFunctions/arm_fill_f32.c ****   uint32_t blkCnt;                               /* loop counter */
  80:../Dave/Generated/CMSIS_DSP/SupportFunctions/arm_fill_f32.c **** 
  81:../Dave/Generated/CMSIS_DSP/SupportFunctions/arm_fill_f32.c **** #ifndef ARM_MATH_CM0_FAMILY
  82:../Dave/Generated/CMSIS_DSP/SupportFunctions/arm_fill_f32.c **** 
  83:../Dave/Generated/CMSIS_DSP/SupportFunctions/arm_fill_f32.c ****   /* Run the below code for Cortex-M4 and Cortex-M3 */
  84:../Dave/Generated/CMSIS_DSP/SupportFunctions/arm_fill_f32.c ****   float32_t in1 = value;
  45              	 .loc 1 84 0
  46 000c FB68     	 ldr r3,[r7,#12]
  47 000e 3B62     	 str r3,[r7,#32]
  85:../Dave/Generated/CMSIS_DSP/SupportFunctions/arm_fill_f32.c ****   float32_t in2 = value;
  48              	 .loc 1 85 0
  49 0010 FB68     	 ldr r3,[r7,#12]
  50 0012 FB61     	 str r3,[r7,#28]
  86:../Dave/Generated/CMSIS_DSP/SupportFunctions/arm_fill_f32.c ****   float32_t in3 = value;
  51              	 .loc 1 86 0
  52 0014 FB68     	 ldr r3,[r7,#12]
  53 0016 BB61     	 str r3,[r7,#24]
  87:../Dave/Generated/CMSIS_DSP/SupportFunctions/arm_fill_f32.c ****   float32_t in4 = value;
  54              	 .loc 1 87 0
  55 0018 FB68     	 ldr r3,[r7,#12]
  56 001a 7B61     	 str r3,[r7,#20]
  88:../Dave/Generated/CMSIS_DSP/SupportFunctions/arm_fill_f32.c **** 
  89:../Dave/Generated/CMSIS_DSP/SupportFunctions/arm_fill_f32.c ****   /*loop Unrolling */
  90:../Dave/Generated/CMSIS_DSP/SupportFunctions/arm_fill_f32.c ****   blkCnt = blockSize >> 2u;
  57              	 .loc 1 90 0
  58 001c 7B68     	 ldr r3,[r7,#4]
  59 001e 9B08     	 lsrs r3,r3,#2
  60 0020 7B62     	 str r3,[r7,#36]
  91:../Dave/Generated/CMSIS_DSP/SupportFunctions/arm_fill_f32.c **** 
  92:../Dave/Generated/CMSIS_DSP/SupportFunctions/arm_fill_f32.c ****   /* First part of the processing with loop unrolling.  Compute 4 outputs at a time.    
  93:../Dave/Generated/CMSIS_DSP/SupportFunctions/arm_fill_f32.c ****    ** a second loop below computes the remaining 1 to 3 samples. */
  94:../Dave/Generated/CMSIS_DSP/SupportFunctions/arm_fill_f32.c ****   while(blkCnt > 0u)
  61              	 .loc 1 94 0
  62 0022 16E0     	 b .L2
  63              	.L3:
  95:../Dave/Generated/CMSIS_DSP/SupportFunctions/arm_fill_f32.c ****   {
  96:../Dave/Generated/CMSIS_DSP/SupportFunctions/arm_fill_f32.c ****     /* C = value */
  97:../Dave/Generated/CMSIS_DSP/SupportFunctions/arm_fill_f32.c ****     /* Fill the value in the destination buffer */
  98:../Dave/Generated/CMSIS_DSP/SupportFunctions/arm_fill_f32.c ****     *pDst++ = in1;
  64              	 .loc 1 98 0
  65 0024 BB68     	 ldr r3,[r7,#8]
  66 0026 1A1D     	 adds r2,r3,#4
  67 0028 BA60     	 str r2,[r7,#8]
  68 002a 3A6A     	 ldr r2,[r7,#32]
  69 002c 1A60     	 str r2,[r3]
  99:../Dave/Generated/CMSIS_DSP/SupportFunctions/arm_fill_f32.c ****     *pDst++ = in2;
  70              	 .loc 1 99 0
  71 002e BB68     	 ldr r3,[r7,#8]
  72 0030 1A1D     	 adds r2,r3,#4
  73 0032 BA60     	 str r2,[r7,#8]
  74 0034 FA69     	 ldr r2,[r7,#28]
  75 0036 1A60     	 str r2,[r3]
 100:../Dave/Generated/CMSIS_DSP/SupportFunctions/arm_fill_f32.c ****     *pDst++ = in3;
  76              	 .loc 1 100 0
  77 0038 BB68     	 ldr r3,[r7,#8]
  78 003a 1A1D     	 adds r2,r3,#4
  79 003c BA60     	 str r2,[r7,#8]
  80 003e BA69     	 ldr r2,[r7,#24]
  81 0040 1A60     	 str r2,[r3]
 101:../Dave/Generated/CMSIS_DSP/SupportFunctions/arm_fill_f32.c ****     *pDst++ = in4;
  82              	 .loc 1 101 0
  83 0042 BB68     	 ldr r3,[r7,#8]
  84 0044 1A1D     	 adds r2,r3,#4
  85 0046 BA60     	 str r2,[r7,#8]
  86 0048 7A69     	 ldr r2,[r7,#20]
  87 004a 1A60     	 str r2,[r3]
 102:../Dave/Generated/CMSIS_DSP/SupportFunctions/arm_fill_f32.c **** 
 103:../Dave/Generated/CMSIS_DSP/SupportFunctions/arm_fill_f32.c ****     /* Decrement the loop counter */
 104:../Dave/Generated/CMSIS_DSP/SupportFunctions/arm_fill_f32.c ****     blkCnt--;
  88              	 .loc 1 104 0
  89 004c 7B6A     	 ldr r3,[r7,#36]
  90 004e 013B     	 subs r3,r3,#1
  91 0050 7B62     	 str r3,[r7,#36]
  92              	.L2:
  94:../Dave/Generated/CMSIS_DSP/SupportFunctions/arm_fill_f32.c ****   {
  93              	 .loc 1 94 0
  94 0052 7B6A     	 ldr r3,[r7,#36]
  95 0054 002B     	 cmp r3,#0
  96 0056 E5D1     	 bne .L3
 105:../Dave/Generated/CMSIS_DSP/SupportFunctions/arm_fill_f32.c ****   }
 106:../Dave/Generated/CMSIS_DSP/SupportFunctions/arm_fill_f32.c **** 
 107:../Dave/Generated/CMSIS_DSP/SupportFunctions/arm_fill_f32.c ****   /* If the blockSize is not a multiple of 4, compute any remaining output samples here.    
 108:../Dave/Generated/CMSIS_DSP/SupportFunctions/arm_fill_f32.c ****    ** No loop unrolling is used. */
 109:../Dave/Generated/CMSIS_DSP/SupportFunctions/arm_fill_f32.c ****   blkCnt = blockSize % 0x4u;
  97              	 .loc 1 109 0
  98 0058 7B68     	 ldr r3,[r7,#4]
  99 005a 03F00303 	 and r3,r3,#3
 100 005e 7B62     	 str r3,[r7,#36]
 110:../Dave/Generated/CMSIS_DSP/SupportFunctions/arm_fill_f32.c **** 
 111:../Dave/Generated/CMSIS_DSP/SupportFunctions/arm_fill_f32.c **** #else
 112:../Dave/Generated/CMSIS_DSP/SupportFunctions/arm_fill_f32.c **** 
 113:../Dave/Generated/CMSIS_DSP/SupportFunctions/arm_fill_f32.c ****   /* Run the below code for Cortex-M0 */
 114:../Dave/Generated/CMSIS_DSP/SupportFunctions/arm_fill_f32.c **** 
 115:../Dave/Generated/CMSIS_DSP/SupportFunctions/arm_fill_f32.c ****   /* Loop over blockSize number of values */
 116:../Dave/Generated/CMSIS_DSP/SupportFunctions/arm_fill_f32.c ****   blkCnt = blockSize;
 117:../Dave/Generated/CMSIS_DSP/SupportFunctions/arm_fill_f32.c **** 
 118:../Dave/Generated/CMSIS_DSP/SupportFunctions/arm_fill_f32.c **** #endif /* #ifndef ARM_MATH_CM0_FAMILY */
 119:../Dave/Generated/CMSIS_DSP/SupportFunctions/arm_fill_f32.c **** 
 120:../Dave/Generated/CMSIS_DSP/SupportFunctions/arm_fill_f32.c **** 
 121:../Dave/Generated/CMSIS_DSP/SupportFunctions/arm_fill_f32.c ****   while(blkCnt > 0u)
 101              	 .loc 1 121 0
 102 0060 07E0     	 b .L4
 103              	.L5:
 122:../Dave/Generated/CMSIS_DSP/SupportFunctions/arm_fill_f32.c ****   {
 123:../Dave/Generated/CMSIS_DSP/SupportFunctions/arm_fill_f32.c ****     /* C = value */
 124:../Dave/Generated/CMSIS_DSP/SupportFunctions/arm_fill_f32.c ****     /* Fill the value in the destination buffer */
 125:../Dave/Generated/CMSIS_DSP/SupportFunctions/arm_fill_f32.c ****     *pDst++ = value;
 104              	 .loc 1 125 0
 105 0062 BB68     	 ldr r3,[r7,#8]
 106 0064 1A1D     	 adds r2,r3,#4
 107 0066 BA60     	 str r2,[r7,#8]
 108 0068 FA68     	 ldr r2,[r7,#12]
 109 006a 1A60     	 str r2,[r3]
 126:../Dave/Generated/CMSIS_DSP/SupportFunctions/arm_fill_f32.c **** 
 127:../Dave/Generated/CMSIS_DSP/SupportFunctions/arm_fill_f32.c ****     /* Decrement the loop counter */
 128:../Dave/Generated/CMSIS_DSP/SupportFunctions/arm_fill_f32.c ****     blkCnt--;
 110              	 .loc 1 128 0
 111 006c 7B6A     	 ldr r3,[r7,#36]
 112 006e 013B     	 subs r3,r3,#1
 113 0070 7B62     	 str r3,[r7,#36]
 114              	.L4:
 121:../Dave/Generated/CMSIS_DSP/SupportFunctions/arm_fill_f32.c ****   {
 115              	 .loc 1 121 0
 116 0072 7B6A     	 ldr r3,[r7,#36]
 117 0074 002B     	 cmp r3,#0
 118 0076 F4D1     	 bne .L5
 129:../Dave/Generated/CMSIS_DSP/SupportFunctions/arm_fill_f32.c ****   }
 130:../Dave/Generated/CMSIS_DSP/SupportFunctions/arm_fill_f32.c **** }
 119              	 .loc 1 130 0
 120 0078 2C37     	 adds r7,r7,#44
 121              	.LCFI3:
 122              	 .cfi_def_cfa_offset 4
 123 007a BD46     	 mov sp,r7
 124              	.LCFI4:
 125              	 .cfi_def_cfa_register 13
 126              	 
 127 007c 5DF8047B 	 ldr r7,[sp],#4
 128              	.LCFI5:
 129              	 .cfi_restore 7
 130              	 .cfi_def_cfa_offset 0
 131 0080 7047     	 bx lr
 132              	 .cfi_endproc
 133              	.LFE139:
 135 0082 00BF     	 .text
 136              	.Letext0:
 137              	 .file 2 "c:\\davev4-64bit\\dave-4.2.6\\eclipse\\arm-gcc-49\\arm-none-eabi\\include\\machine\\_default_types.h"
 138              	 .file 3 "c:\\davev4-64bit\\dave-4.2.6\\eclipse\\arm-gcc-49\\arm-none-eabi\\include\\stdint.h"
 139              	 .file 4 "C:\\Users\\Depes Crystalline\\Desktop\\school\\Active_Bike_Lighting_System\\Radar_Core\\Dave\\Generated/CMSIS_DSP/arm_math.h"
DEFINED SYMBOLS
                            *ABS*:00000000 arm_fill_f32.c
    {standard input}:19     .text.arm_fill_f32:00000000 $t
    {standard input}:24     .text.arm_fill_f32:00000000 arm_fill_f32
                     .debug_frame:00000010 $d

NO UNDEFINED SYMBOLS
