   1              	 .syntax unified
   2              	 .cpu cortex-m4
   3              	 .fpu softvfp
   4              	 .eabi_attribute 20,1
   5              	 .eabi_attribute 21,1
   6              	 .eabi_attribute 23,3
   7              	 .eabi_attribute 24,1
   8              	 .eabi_attribute 25,1
   9              	 .eabi_attribute 26,1
  10              	 .eabi_attribute 30,6
  11              	 .eabi_attribute 34,1
  12              	 .eabi_attribute 18,4
  13              	 .thumb
  14              	 .file "arm_copy_q7.c"
  15              	 .text
  16              	.Ltext0:
  17              	 .cfi_sections .debug_frame
  18              	 .section .text.arm_copy_q7,"ax",%progbits
  19              	 .align 2
  20              	 .global arm_copy_q7
  21              	 .thumb
  22              	 .thumb_func
  24              	arm_copy_q7:
  25              	.LFB139:
  26              	 .file 1 "../Dave/Generated/CMSIS_DSP/SupportFunctions/arm_copy_q7.c"
   1:../Dave/Generated/CMSIS_DSP/SupportFunctions/arm_copy_q7.c **** /* ----------------------------------------------------------------------    
   2:../Dave/Generated/CMSIS_DSP/SupportFunctions/arm_copy_q7.c **** * Copyright (C) 2010-2014 ARM Limited. All rights reserved.    
   3:../Dave/Generated/CMSIS_DSP/SupportFunctions/arm_copy_q7.c **** *    
   4:../Dave/Generated/CMSIS_DSP/SupportFunctions/arm_copy_q7.c **** * $Date:        31. July 2014
   5:../Dave/Generated/CMSIS_DSP/SupportFunctions/arm_copy_q7.c **** * $Revision: 	V1.4.4  
   6:../Dave/Generated/CMSIS_DSP/SupportFunctions/arm_copy_q7.c **** *    
   7:../Dave/Generated/CMSIS_DSP/SupportFunctions/arm_copy_q7.c **** * Project: 	    CMSIS DSP Library    
   8:../Dave/Generated/CMSIS_DSP/SupportFunctions/arm_copy_q7.c **** * Title:		arm_copy_q7.c    
   9:../Dave/Generated/CMSIS_DSP/SupportFunctions/arm_copy_q7.c **** *    
  10:../Dave/Generated/CMSIS_DSP/SupportFunctions/arm_copy_q7.c **** * Description:	Copies the elements of a Q7 vector.    
  11:../Dave/Generated/CMSIS_DSP/SupportFunctions/arm_copy_q7.c **** *    
  12:../Dave/Generated/CMSIS_DSP/SupportFunctions/arm_copy_q7.c **** * Target Processor: Cortex-M4/Cortex-M3/Cortex-M0
  13:../Dave/Generated/CMSIS_DSP/SupportFunctions/arm_copy_q7.c **** *  
  14:../Dave/Generated/CMSIS_DSP/SupportFunctions/arm_copy_q7.c **** * Redistribution and use in source and binary forms, with or without 
  15:../Dave/Generated/CMSIS_DSP/SupportFunctions/arm_copy_q7.c **** * modification, are permitted provided that the following conditions
  16:../Dave/Generated/CMSIS_DSP/SupportFunctions/arm_copy_q7.c **** * are met:
  17:../Dave/Generated/CMSIS_DSP/SupportFunctions/arm_copy_q7.c **** *   - Redistributions of source code must retain the above copyright
  18:../Dave/Generated/CMSIS_DSP/SupportFunctions/arm_copy_q7.c **** *     notice, this list of conditions and the following disclaimer.
  19:../Dave/Generated/CMSIS_DSP/SupportFunctions/arm_copy_q7.c **** *   - Redistributions in binary form must reproduce the above copyright
  20:../Dave/Generated/CMSIS_DSP/SupportFunctions/arm_copy_q7.c **** *     notice, this list of conditions and the following disclaimer in
  21:../Dave/Generated/CMSIS_DSP/SupportFunctions/arm_copy_q7.c **** *     the documentation and/or other materials provided with the 
  22:../Dave/Generated/CMSIS_DSP/SupportFunctions/arm_copy_q7.c **** *     distribution.
  23:../Dave/Generated/CMSIS_DSP/SupportFunctions/arm_copy_q7.c **** *   - Neither the name of ARM LIMITED nor the names of its contributors
  24:../Dave/Generated/CMSIS_DSP/SupportFunctions/arm_copy_q7.c **** *     may be used to endorse or promote products derived from this
  25:../Dave/Generated/CMSIS_DSP/SupportFunctions/arm_copy_q7.c **** *     software without specific prior written permission.
  26:../Dave/Generated/CMSIS_DSP/SupportFunctions/arm_copy_q7.c **** *
  27:../Dave/Generated/CMSIS_DSP/SupportFunctions/arm_copy_q7.c **** * THIS SOFTWARE IS PROVIDED BY THE COPYRIGHT HOLDERS AND CONTRIBUTORS
  28:../Dave/Generated/CMSIS_DSP/SupportFunctions/arm_copy_q7.c **** * "AS IS" AND ANY EXPRESS OR IMPLIED WARRANTIES, INCLUDING, BUT NOT
  29:../Dave/Generated/CMSIS_DSP/SupportFunctions/arm_copy_q7.c **** * LIMITED TO, THE IMPLIED WARRANTIES OF MERCHANTABILITY AND FITNESS
  30:../Dave/Generated/CMSIS_DSP/SupportFunctions/arm_copy_q7.c **** * FOR A PARTICULAR PURPOSE ARE DISCLAIMED. IN NO EVENT SHALL THE 
  31:../Dave/Generated/CMSIS_DSP/SupportFunctions/arm_copy_q7.c **** * COPYRIGHT OWNER OR CONTRIBUTORS BE LIABLE FOR ANY DIRECT, INDIRECT,
  32:../Dave/Generated/CMSIS_DSP/SupportFunctions/arm_copy_q7.c **** * INCIDENTAL, SPECIAL, EXEMPLARY, OR CONSEQUENTIAL DAMAGES (INCLUDING,
  33:../Dave/Generated/CMSIS_DSP/SupportFunctions/arm_copy_q7.c **** * BUT NOT LIMITED TO, PROCUREMENT OF SUBSTITUTE GOODS OR SERVICES;
  34:../Dave/Generated/CMSIS_DSP/SupportFunctions/arm_copy_q7.c **** * LOSS OF USE, DATA, OR PROFITS; OR BUSINESS INTERRUPTION) HOWEVER
  35:../Dave/Generated/CMSIS_DSP/SupportFunctions/arm_copy_q7.c **** * CAUSED AND ON ANY THEORY OF LIABILITY, WHETHER IN CONTRACT, STRICT
  36:../Dave/Generated/CMSIS_DSP/SupportFunctions/arm_copy_q7.c **** * LIABILITY, OR TORT (INCLUDING NEGLIGENCE OR OTHERWISE) ARISING IN
  37:../Dave/Generated/CMSIS_DSP/SupportFunctions/arm_copy_q7.c **** * ANY WAY OUT OF THE USE OF THIS SOFTWARE, EVEN IF ADVISED OF THE
  38:../Dave/Generated/CMSIS_DSP/SupportFunctions/arm_copy_q7.c **** * POSSIBILITY OF SUCH DAMAGE.    
  39:../Dave/Generated/CMSIS_DSP/SupportFunctions/arm_copy_q7.c **** * -------------------------------------------------------------------- */
  40:../Dave/Generated/CMSIS_DSP/SupportFunctions/arm_copy_q7.c **** 
  41:../Dave/Generated/CMSIS_DSP/SupportFunctions/arm_copy_q7.c **** #include "CMSIS_DSP/cmsis_dsp.h"
  42:../Dave/Generated/CMSIS_DSP/SupportFunctions/arm_copy_q7.c **** 
  43:../Dave/Generated/CMSIS_DSP/SupportFunctions/arm_copy_q7.c **** /**    
  44:../Dave/Generated/CMSIS_DSP/SupportFunctions/arm_copy_q7.c ****  * @ingroup groupSupport    
  45:../Dave/Generated/CMSIS_DSP/SupportFunctions/arm_copy_q7.c ****  */
  46:../Dave/Generated/CMSIS_DSP/SupportFunctions/arm_copy_q7.c **** 
  47:../Dave/Generated/CMSIS_DSP/SupportFunctions/arm_copy_q7.c **** /**    
  48:../Dave/Generated/CMSIS_DSP/SupportFunctions/arm_copy_q7.c ****  * @addtogroup copy    
  49:../Dave/Generated/CMSIS_DSP/SupportFunctions/arm_copy_q7.c ****  * @{    
  50:../Dave/Generated/CMSIS_DSP/SupportFunctions/arm_copy_q7.c ****  */
  51:../Dave/Generated/CMSIS_DSP/SupportFunctions/arm_copy_q7.c **** 
  52:../Dave/Generated/CMSIS_DSP/SupportFunctions/arm_copy_q7.c **** /**    
  53:../Dave/Generated/CMSIS_DSP/SupportFunctions/arm_copy_q7.c ****  * @brief Copies the elements of a Q7 vector.    
  54:../Dave/Generated/CMSIS_DSP/SupportFunctions/arm_copy_q7.c ****  * @param[in]       *pSrc points to input vector    
  55:../Dave/Generated/CMSIS_DSP/SupportFunctions/arm_copy_q7.c ****  * @param[out]      *pDst points to output vector    
  56:../Dave/Generated/CMSIS_DSP/SupportFunctions/arm_copy_q7.c ****  * @param[in]       blockSize length of the input vector   
  57:../Dave/Generated/CMSIS_DSP/SupportFunctions/arm_copy_q7.c ****  * @return none.    
  58:../Dave/Generated/CMSIS_DSP/SupportFunctions/arm_copy_q7.c ****  *    
  59:../Dave/Generated/CMSIS_DSP/SupportFunctions/arm_copy_q7.c ****  */
  60:../Dave/Generated/CMSIS_DSP/SupportFunctions/arm_copy_q7.c **** 
  61:../Dave/Generated/CMSIS_DSP/SupportFunctions/arm_copy_q7.c **** void arm_copy_q7(
  62:../Dave/Generated/CMSIS_DSP/SupportFunctions/arm_copy_q7.c ****   q7_t * pSrc,
  63:../Dave/Generated/CMSIS_DSP/SupportFunctions/arm_copy_q7.c ****   q7_t * pDst,
  64:../Dave/Generated/CMSIS_DSP/SupportFunctions/arm_copy_q7.c ****   uint32_t blockSize)
  65:../Dave/Generated/CMSIS_DSP/SupportFunctions/arm_copy_q7.c **** {
  27              	 .loc 1 65 0
  28              	 .cfi_startproc
  29              	 
  30              	 
  31              	 
  32 0000 80B4     	 push {r7}
  33              	.LCFI0:
  34              	 .cfi_def_cfa_offset 4
  35              	 .cfi_offset 7,-4
  36 0002 87B0     	 sub sp,sp,#28
  37              	.LCFI1:
  38              	 .cfi_def_cfa_offset 32
  39 0004 00AF     	 add r7,sp,#0
  40              	.LCFI2:
  41              	 .cfi_def_cfa_register 7
  42 0006 F860     	 str r0,[r7,#12]
  43 0008 B960     	 str r1,[r7,#8]
  44 000a 7A60     	 str r2,[r7,#4]
  66:../Dave/Generated/CMSIS_DSP/SupportFunctions/arm_copy_q7.c ****   uint32_t blkCnt;                               /* loop counter */
  67:../Dave/Generated/CMSIS_DSP/SupportFunctions/arm_copy_q7.c **** 
  68:../Dave/Generated/CMSIS_DSP/SupportFunctions/arm_copy_q7.c **** #ifndef ARM_MATH_CM0_FAMILY
  69:../Dave/Generated/CMSIS_DSP/SupportFunctions/arm_copy_q7.c **** 
  70:../Dave/Generated/CMSIS_DSP/SupportFunctions/arm_copy_q7.c ****   /* Run the below code for Cortex-M4 and Cortex-M3 */
  71:../Dave/Generated/CMSIS_DSP/SupportFunctions/arm_copy_q7.c **** 
  72:../Dave/Generated/CMSIS_DSP/SupportFunctions/arm_copy_q7.c ****   /*loop Unrolling */
  73:../Dave/Generated/CMSIS_DSP/SupportFunctions/arm_copy_q7.c ****   blkCnt = blockSize >> 2u;
  45              	 .loc 1 73 0
  46 000c 7B68     	 ldr r3,[r7,#4]
  47 000e 9B08     	 lsrs r3,r3,#2
  48 0010 7B61     	 str r3,[r7,#20]
  74:../Dave/Generated/CMSIS_DSP/SupportFunctions/arm_copy_q7.c **** 
  75:../Dave/Generated/CMSIS_DSP/SupportFunctions/arm_copy_q7.c ****   /* First part of the processing with loop unrolling.  Compute 4 outputs at a time.    
  76:../Dave/Generated/CMSIS_DSP/SupportFunctions/arm_copy_q7.c ****    ** a second loop below computes the remaining 1 to 3 samples. */
  77:../Dave/Generated/CMSIS_DSP/SupportFunctions/arm_copy_q7.c ****   while(blkCnt > 0u)
  49              	 .loc 1 77 0
  50 0012 0EE0     	 b .L2
  51              	.L3:
  78:../Dave/Generated/CMSIS_DSP/SupportFunctions/arm_copy_q7.c ****   {
  79:../Dave/Generated/CMSIS_DSP/SupportFunctions/arm_copy_q7.c ****     /* C = A */
  80:../Dave/Generated/CMSIS_DSP/SupportFunctions/arm_copy_q7.c ****     /* Copy and then store the results in the destination buffer */
  81:../Dave/Generated/CMSIS_DSP/SupportFunctions/arm_copy_q7.c ****     /* 4 samples are copied and stored at a time using SIMD */
  82:../Dave/Generated/CMSIS_DSP/SupportFunctions/arm_copy_q7.c ****     *__SIMD32(pDst)++ = *__SIMD32(pSrc)++;
  52              	 .loc 1 82 0
  53 0014 07F10802 	 add r2,r7,#8
  54 0018 1368     	 ldr r3,[r2]
  55 001a 191D     	 adds r1,r3,#4
  56 001c 1160     	 str r1,[r2]
  57 001e 07F10C01 	 add r1,r7,#12
  58 0022 0A68     	 ldr r2,[r1]
  59 0024 101D     	 adds r0,r2,#4
  60 0026 0860     	 str r0,[r1]
  61 0028 1268     	 ldr r2,[r2]
  62 002a 1A60     	 str r2,[r3]
  83:../Dave/Generated/CMSIS_DSP/SupportFunctions/arm_copy_q7.c **** 
  84:../Dave/Generated/CMSIS_DSP/SupportFunctions/arm_copy_q7.c ****     /* Decrement the loop counter */
  85:../Dave/Generated/CMSIS_DSP/SupportFunctions/arm_copy_q7.c ****     blkCnt--;
  63              	 .loc 1 85 0
  64 002c 7B69     	 ldr r3,[r7,#20]
  65 002e 013B     	 subs r3,r3,#1
  66 0030 7B61     	 str r3,[r7,#20]
  67              	.L2:
  77:../Dave/Generated/CMSIS_DSP/SupportFunctions/arm_copy_q7.c ****   {
  68              	 .loc 1 77 0
  69 0032 7B69     	 ldr r3,[r7,#20]
  70 0034 002B     	 cmp r3,#0
  71 0036 EDD1     	 bne .L3
  86:../Dave/Generated/CMSIS_DSP/SupportFunctions/arm_copy_q7.c ****   }
  87:../Dave/Generated/CMSIS_DSP/SupportFunctions/arm_copy_q7.c **** 
  88:../Dave/Generated/CMSIS_DSP/SupportFunctions/arm_copy_q7.c ****   /* If the blockSize is not a multiple of 4, compute any remaining output samples here.    
  89:../Dave/Generated/CMSIS_DSP/SupportFunctions/arm_copy_q7.c ****    ** No loop unrolling is used. */
  90:../Dave/Generated/CMSIS_DSP/SupportFunctions/arm_copy_q7.c ****   blkCnt = blockSize % 0x4u;
  72              	 .loc 1 90 0
  73 0038 7B68     	 ldr r3,[r7,#4]
  74 003a 03F00303 	 and r3,r3,#3
  75 003e 7B61     	 str r3,[r7,#20]
  91:../Dave/Generated/CMSIS_DSP/SupportFunctions/arm_copy_q7.c **** 
  92:../Dave/Generated/CMSIS_DSP/SupportFunctions/arm_copy_q7.c **** #else
  93:../Dave/Generated/CMSIS_DSP/SupportFunctions/arm_copy_q7.c **** 
  94:../Dave/Generated/CMSIS_DSP/SupportFunctions/arm_copy_q7.c ****   /* Run the below code for Cortex-M0 */
  95:../Dave/Generated/CMSIS_DSP/SupportFunctions/arm_copy_q7.c **** 
  96:../Dave/Generated/CMSIS_DSP/SupportFunctions/arm_copy_q7.c ****   /* Loop over blockSize number of values */
  97:../Dave/Generated/CMSIS_DSP/SupportFunctions/arm_copy_q7.c ****   blkCnt = blockSize;
  98:../Dave/Generated/CMSIS_DSP/SupportFunctions/arm_copy_q7.c **** 
  99:../Dave/Generated/CMSIS_DSP/SupportFunctions/arm_copy_q7.c **** #endif /* #ifndef ARM_MATH_CM0_FAMILY */
 100:../Dave/Generated/CMSIS_DSP/SupportFunctions/arm_copy_q7.c **** 
 101:../Dave/Generated/CMSIS_DSP/SupportFunctions/arm_copy_q7.c **** 
 102:../Dave/Generated/CMSIS_DSP/SupportFunctions/arm_copy_q7.c ****   while(blkCnt > 0u)
  76              	 .loc 1 102 0
  77 0040 0AE0     	 b .L4
  78              	.L5:
 103:../Dave/Generated/CMSIS_DSP/SupportFunctions/arm_copy_q7.c ****   {
 104:../Dave/Generated/CMSIS_DSP/SupportFunctions/arm_copy_q7.c ****     /* C = A */
 105:../Dave/Generated/CMSIS_DSP/SupportFunctions/arm_copy_q7.c ****     /* Copy and then store the results in the destination buffer */
 106:../Dave/Generated/CMSIS_DSP/SupportFunctions/arm_copy_q7.c ****     *pDst++ = *pSrc++;
  79              	 .loc 1 106 0
  80 0042 BB68     	 ldr r3,[r7,#8]
  81 0044 5A1C     	 adds r2,r3,#1
  82 0046 BA60     	 str r2,[r7,#8]
  83 0048 FA68     	 ldr r2,[r7,#12]
  84 004a 511C     	 adds r1,r2,#1
  85 004c F960     	 str r1,[r7,#12]
  86 004e 1278     	 ldrb r2,[r2]
  87 0050 1A70     	 strb r2,[r3]
 107:../Dave/Generated/CMSIS_DSP/SupportFunctions/arm_copy_q7.c **** 
 108:../Dave/Generated/CMSIS_DSP/SupportFunctions/arm_copy_q7.c ****     /* Decrement the loop counter */
 109:../Dave/Generated/CMSIS_DSP/SupportFunctions/arm_copy_q7.c ****     blkCnt--;
  88              	 .loc 1 109 0
  89 0052 7B69     	 ldr r3,[r7,#20]
  90 0054 013B     	 subs r3,r3,#1
  91 0056 7B61     	 str r3,[r7,#20]
  92              	.L4:
 102:../Dave/Generated/CMSIS_DSP/SupportFunctions/arm_copy_q7.c ****   {
  93              	 .loc 1 102 0
  94 0058 7B69     	 ldr r3,[r7,#20]
  95 005a 002B     	 cmp r3,#0
  96 005c F1D1     	 bne .L5
 110:../Dave/Generated/CMSIS_DSP/SupportFunctions/arm_copy_q7.c ****   }
 111:../Dave/Generated/CMSIS_DSP/SupportFunctions/arm_copy_q7.c **** }
  97              	 .loc 1 111 0
  98 005e 1C37     	 adds r7,r7,#28
  99              	.LCFI3:
 100              	 .cfi_def_cfa_offset 4
 101 0060 BD46     	 mov sp,r7
 102              	.LCFI4:
 103              	 .cfi_def_cfa_register 13
 104              	 
 105 0062 5DF8047B 	 ldr r7,[sp],#4
 106              	.LCFI5:
 107              	 .cfi_restore 7
 108              	 .cfi_def_cfa_offset 0
 109 0066 7047     	 bx lr
 110              	 .cfi_endproc
 111              	.LFE139:
 113              	 .text
 114              	.Letext0:
 115              	 .file 2 "c:\\davev4-64bit\\dave-4.2.6\\eclipse\\arm-gcc-49\\arm-none-eabi\\include\\machine\\_default_types.h"
 116              	 .file 3 "c:\\davev4-64bit\\dave-4.2.6\\eclipse\\arm-gcc-49\\arm-none-eabi\\include\\stdint.h"
 117              	 .file 4 "C:\\Users\\Depes Crystalline\\Desktop\\school\\Active_Bike_Lighting_System\\Radar_Core\\Dave\\Generated/CMSIS_DSP/arm_math.h"
DEFINED SYMBOLS
                            *ABS*:00000000 arm_copy_q7.c
    {standard input}:19     .text.arm_copy_q7:00000000 $t
    {standard input}:24     .text.arm_copy_q7:00000000 arm_copy_q7
                     .debug_frame:00000010 $d

NO UNDEFINED SYMBOLS
