   1              	 .syntax unified
   2              	 .cpu cortex-m4
   3              	 .fpu softvfp
   4              	 .eabi_attribute 20,1
   5              	 .eabi_attribute 21,1
   6              	 .eabi_attribute 23,3
   7              	 .eabi_attribute 24,1
   8              	 .eabi_attribute 25,1
   9              	 .eabi_attribute 26,1
  10              	 .eabi_attribute 30,6
  11              	 .eabi_attribute 34,1
  12              	 .eabi_attribute 18,4
  13              	 .thumb
  14              	 .file "arm_q15_to_q7.c"
  15              	 .text
  16              	.Ltext0:
  17              	 .cfi_sections .debug_frame
  18              	 .section .text.arm_q15_to_q7,"ax",%progbits
  19              	 .align 2
  20              	 .global arm_q15_to_q7
  21              	 .thumb
  22              	 .thumb_func
  24              	arm_q15_to_q7:
  25              	.LFB139:
  26              	 .file 1 "../Dave/Generated/CMSIS_DSP/SupportFunctions/arm_q15_to_q7.c"
   1:../Dave/Generated/CMSIS_DSP/SupportFunctions/arm_q15_to_q7.c **** /* ----------------------------------------------------------------------------    
   2:../Dave/Generated/CMSIS_DSP/SupportFunctions/arm_q15_to_q7.c **** * Copyright (C) 2010-2014 ARM Limited. All rights reserved.    
   3:../Dave/Generated/CMSIS_DSP/SupportFunctions/arm_q15_to_q7.c **** *    
   4:../Dave/Generated/CMSIS_DSP/SupportFunctions/arm_q15_to_q7.c **** * $Date:        31. July 2014
   5:../Dave/Generated/CMSIS_DSP/SupportFunctions/arm_q15_to_q7.c **** * $Revision: 	V1.4.4  
   6:../Dave/Generated/CMSIS_DSP/SupportFunctions/arm_q15_to_q7.c **** *    
   7:../Dave/Generated/CMSIS_DSP/SupportFunctions/arm_q15_to_q7.c **** * Project: 	    CMSIS DSP Library    
   8:../Dave/Generated/CMSIS_DSP/SupportFunctions/arm_q15_to_q7.c **** * Title:		arm_q15_to_q7.c    
   9:../Dave/Generated/CMSIS_DSP/SupportFunctions/arm_q15_to_q7.c **** *    
  10:../Dave/Generated/CMSIS_DSP/SupportFunctions/arm_q15_to_q7.c **** * Description:	Converts the elements of the Q15 vector to Q7 vector.  
  11:../Dave/Generated/CMSIS_DSP/SupportFunctions/arm_q15_to_q7.c **** *    
  12:../Dave/Generated/CMSIS_DSP/SupportFunctions/arm_q15_to_q7.c **** * Target Processor: Cortex-M4/Cortex-M3/Cortex-M0
  13:../Dave/Generated/CMSIS_DSP/SupportFunctions/arm_q15_to_q7.c **** *  
  14:../Dave/Generated/CMSIS_DSP/SupportFunctions/arm_q15_to_q7.c **** * Redistribution and use in source and binary forms, with or without 
  15:../Dave/Generated/CMSIS_DSP/SupportFunctions/arm_q15_to_q7.c **** * modification, are permitted provided that the following conditions
  16:../Dave/Generated/CMSIS_DSP/SupportFunctions/arm_q15_to_q7.c **** * are met:
  17:../Dave/Generated/CMSIS_DSP/SupportFunctions/arm_q15_to_q7.c **** *   - Redistributions of source code must retain the above copyright
  18:../Dave/Generated/CMSIS_DSP/SupportFunctions/arm_q15_to_q7.c **** *     notice, this list of conditions and the following disclaimer.
  19:../Dave/Generated/CMSIS_DSP/SupportFunctions/arm_q15_to_q7.c **** *   - Redistributions in binary form must reproduce the above copyright
  20:../Dave/Generated/CMSIS_DSP/SupportFunctions/arm_q15_to_q7.c **** *     notice, this list of conditions and the following disclaimer in
  21:../Dave/Generated/CMSIS_DSP/SupportFunctions/arm_q15_to_q7.c **** *     the documentation and/or other materials provided with the 
  22:../Dave/Generated/CMSIS_DSP/SupportFunctions/arm_q15_to_q7.c **** *     distribution.
  23:../Dave/Generated/CMSIS_DSP/SupportFunctions/arm_q15_to_q7.c **** *   - Neither the name of ARM LIMITED nor the names of its contributors
  24:../Dave/Generated/CMSIS_DSP/SupportFunctions/arm_q15_to_q7.c **** *     may be used to endorse or promote products derived from this
  25:../Dave/Generated/CMSIS_DSP/SupportFunctions/arm_q15_to_q7.c **** *     software without specific prior written permission.
  26:../Dave/Generated/CMSIS_DSP/SupportFunctions/arm_q15_to_q7.c **** *
  27:../Dave/Generated/CMSIS_DSP/SupportFunctions/arm_q15_to_q7.c **** * THIS SOFTWARE IS PROVIDED BY THE COPYRIGHT HOLDERS AND CONTRIBUTORS
  28:../Dave/Generated/CMSIS_DSP/SupportFunctions/arm_q15_to_q7.c **** * "AS IS" AND ANY EXPRESS OR IMPLIED WARRANTIES, INCLUDING, BUT NOT
  29:../Dave/Generated/CMSIS_DSP/SupportFunctions/arm_q15_to_q7.c **** * LIMITED TO, THE IMPLIED WARRANTIES OF MERCHANTABILITY AND FITNESS
  30:../Dave/Generated/CMSIS_DSP/SupportFunctions/arm_q15_to_q7.c **** * FOR A PARTICULAR PURPOSE ARE DISCLAIMED. IN NO EVENT SHALL THE 
  31:../Dave/Generated/CMSIS_DSP/SupportFunctions/arm_q15_to_q7.c **** * COPYRIGHT OWNER OR CONTRIBUTORS BE LIABLE FOR ANY DIRECT, INDIRECT,
  32:../Dave/Generated/CMSIS_DSP/SupportFunctions/arm_q15_to_q7.c **** * INCIDENTAL, SPECIAL, EXEMPLARY, OR CONSEQUENTIAL DAMAGES (INCLUDING,
  33:../Dave/Generated/CMSIS_DSP/SupportFunctions/arm_q15_to_q7.c **** * BUT NOT LIMITED TO, PROCUREMENT OF SUBSTITUTE GOODS OR SERVICES;
  34:../Dave/Generated/CMSIS_DSP/SupportFunctions/arm_q15_to_q7.c **** * LOSS OF USE, DATA, OR PROFITS; OR BUSINESS INTERRUPTION) HOWEVER
  35:../Dave/Generated/CMSIS_DSP/SupportFunctions/arm_q15_to_q7.c **** * CAUSED AND ON ANY THEORY OF LIABILITY, WHETHER IN CONTRACT, STRICT
  36:../Dave/Generated/CMSIS_DSP/SupportFunctions/arm_q15_to_q7.c **** * LIABILITY, OR TORT (INCLUDING NEGLIGENCE OR OTHERWISE) ARISING IN
  37:../Dave/Generated/CMSIS_DSP/SupportFunctions/arm_q15_to_q7.c **** * ANY WAY OUT OF THE USE OF THIS SOFTWARE, EVEN IF ADVISED OF THE
  38:../Dave/Generated/CMSIS_DSP/SupportFunctions/arm_q15_to_q7.c **** * POSSIBILITY OF SUCH DAMAGE.    
  39:../Dave/Generated/CMSIS_DSP/SupportFunctions/arm_q15_to_q7.c **** * ---------------------------------------------------------------------------- */
  40:../Dave/Generated/CMSIS_DSP/SupportFunctions/arm_q15_to_q7.c **** 
  41:../Dave/Generated/CMSIS_DSP/SupportFunctions/arm_q15_to_q7.c **** #include "CMSIS_DSP/cmsis_dsp.h"
  42:../Dave/Generated/CMSIS_DSP/SupportFunctions/arm_q15_to_q7.c **** 
  43:../Dave/Generated/CMSIS_DSP/SupportFunctions/arm_q15_to_q7.c **** /**    
  44:../Dave/Generated/CMSIS_DSP/SupportFunctions/arm_q15_to_q7.c ****  * @ingroup groupSupport    
  45:../Dave/Generated/CMSIS_DSP/SupportFunctions/arm_q15_to_q7.c ****  */
  46:../Dave/Generated/CMSIS_DSP/SupportFunctions/arm_q15_to_q7.c **** 
  47:../Dave/Generated/CMSIS_DSP/SupportFunctions/arm_q15_to_q7.c **** /**    
  48:../Dave/Generated/CMSIS_DSP/SupportFunctions/arm_q15_to_q7.c ****  * @addtogroup q15_to_x    
  49:../Dave/Generated/CMSIS_DSP/SupportFunctions/arm_q15_to_q7.c ****  * @{    
  50:../Dave/Generated/CMSIS_DSP/SupportFunctions/arm_q15_to_q7.c ****  */
  51:../Dave/Generated/CMSIS_DSP/SupportFunctions/arm_q15_to_q7.c **** 
  52:../Dave/Generated/CMSIS_DSP/SupportFunctions/arm_q15_to_q7.c **** 
  53:../Dave/Generated/CMSIS_DSP/SupportFunctions/arm_q15_to_q7.c **** /**    
  54:../Dave/Generated/CMSIS_DSP/SupportFunctions/arm_q15_to_q7.c ****  * @brief Converts the elements of the Q15 vector to Q7 vector.     
  55:../Dave/Generated/CMSIS_DSP/SupportFunctions/arm_q15_to_q7.c ****  * @param[in]       *pSrc points to the Q15 input vector    
  56:../Dave/Generated/CMSIS_DSP/SupportFunctions/arm_q15_to_q7.c ****  * @param[out]      *pDst points to the Q7 output vector   
  57:../Dave/Generated/CMSIS_DSP/SupportFunctions/arm_q15_to_q7.c ****  * @param[in]       blockSize length of the input vector    
  58:../Dave/Generated/CMSIS_DSP/SupportFunctions/arm_q15_to_q7.c ****  * @return none.    
  59:../Dave/Generated/CMSIS_DSP/SupportFunctions/arm_q15_to_q7.c ****  *    
  60:../Dave/Generated/CMSIS_DSP/SupportFunctions/arm_q15_to_q7.c ****  * \par Description:    
  61:../Dave/Generated/CMSIS_DSP/SupportFunctions/arm_q15_to_q7.c ****  *    
  62:../Dave/Generated/CMSIS_DSP/SupportFunctions/arm_q15_to_q7.c ****  * The equation used for the conversion process is:    
  63:../Dave/Generated/CMSIS_DSP/SupportFunctions/arm_q15_to_q7.c ****  *   
  64:../Dave/Generated/CMSIS_DSP/SupportFunctions/arm_q15_to_q7.c ****  * <pre>    
  65:../Dave/Generated/CMSIS_DSP/SupportFunctions/arm_q15_to_q7.c ****  * 	pDst[n] = (q7_t) pSrc[n] >> 8;   0 <= n < blockSize.    
  66:../Dave/Generated/CMSIS_DSP/SupportFunctions/arm_q15_to_q7.c ****  * </pre>   
  67:../Dave/Generated/CMSIS_DSP/SupportFunctions/arm_q15_to_q7.c ****  *   
  68:../Dave/Generated/CMSIS_DSP/SupportFunctions/arm_q15_to_q7.c ****  */
  69:../Dave/Generated/CMSIS_DSP/SupportFunctions/arm_q15_to_q7.c **** 
  70:../Dave/Generated/CMSIS_DSP/SupportFunctions/arm_q15_to_q7.c **** 
  71:../Dave/Generated/CMSIS_DSP/SupportFunctions/arm_q15_to_q7.c **** void arm_q15_to_q7(
  72:../Dave/Generated/CMSIS_DSP/SupportFunctions/arm_q15_to_q7.c ****   q15_t * pSrc,
  73:../Dave/Generated/CMSIS_DSP/SupportFunctions/arm_q15_to_q7.c ****   q7_t * pDst,
  74:../Dave/Generated/CMSIS_DSP/SupportFunctions/arm_q15_to_q7.c ****   uint32_t blockSize)
  75:../Dave/Generated/CMSIS_DSP/SupportFunctions/arm_q15_to_q7.c **** {
  27              	 .loc 1 75 0
  28              	 .cfi_startproc
  29              	 
  30              	 
  31              	 
  32 0000 80B4     	 push {r7}
  33              	.LCFI0:
  34              	 .cfi_def_cfa_offset 4
  35              	 .cfi_offset 7,-4
  36 0002 91B0     	 sub sp,sp,#68
  37              	.LCFI1:
  38              	 .cfi_def_cfa_offset 72
  39 0004 00AF     	 add r7,sp,#0
  40              	.LCFI2:
  41              	 .cfi_def_cfa_register 7
  42 0006 F860     	 str r0,[r7,#12]
  43 0008 B960     	 str r1,[r7,#8]
  44 000a 7A60     	 str r2,[r7,#4]
  76:../Dave/Generated/CMSIS_DSP/SupportFunctions/arm_q15_to_q7.c ****   q15_t *pIn = pSrc;                             /* Src pointer */
  45              	 .loc 1 76 0
  46 000c FB68     	 ldr r3,[r7,#12]
  47 000e 3B61     	 str r3,[r7,#16]
  77:../Dave/Generated/CMSIS_DSP/SupportFunctions/arm_q15_to_q7.c ****   uint32_t blkCnt;                               /* loop counter */
  78:../Dave/Generated/CMSIS_DSP/SupportFunctions/arm_q15_to_q7.c **** 
  79:../Dave/Generated/CMSIS_DSP/SupportFunctions/arm_q15_to_q7.c **** #ifndef ARM_MATH_CM0_FAMILY
  80:../Dave/Generated/CMSIS_DSP/SupportFunctions/arm_q15_to_q7.c **** 
  81:../Dave/Generated/CMSIS_DSP/SupportFunctions/arm_q15_to_q7.c ****   /* Run the below code for Cortex-M4 and Cortex-M3 */
  82:../Dave/Generated/CMSIS_DSP/SupportFunctions/arm_q15_to_q7.c ****   q31_t in1, in2;
  83:../Dave/Generated/CMSIS_DSP/SupportFunctions/arm_q15_to_q7.c ****   q31_t out1, out2;
  84:../Dave/Generated/CMSIS_DSP/SupportFunctions/arm_q15_to_q7.c **** 
  85:../Dave/Generated/CMSIS_DSP/SupportFunctions/arm_q15_to_q7.c ****   /*loop Unrolling */
  86:../Dave/Generated/CMSIS_DSP/SupportFunctions/arm_q15_to_q7.c ****   blkCnt = blockSize >> 2u;
  48              	 .loc 1 86 0
  49 0010 7B68     	 ldr r3,[r7,#4]
  50 0012 9B08     	 lsrs r3,r3,#2
  51 0014 FB63     	 str r3,[r7,#60]
  87:../Dave/Generated/CMSIS_DSP/SupportFunctions/arm_q15_to_q7.c **** 
  88:../Dave/Generated/CMSIS_DSP/SupportFunctions/arm_q15_to_q7.c ****   /* First part of the processing with loop unrolling.  Compute 4 outputs at a time.    
  89:../Dave/Generated/CMSIS_DSP/SupportFunctions/arm_q15_to_q7.c ****    ** a second loop below computes the remaining 1 to 3 samples. */
  90:../Dave/Generated/CMSIS_DSP/SupportFunctions/arm_q15_to_q7.c ****   while(blkCnt > 0u)
  52              	 .loc 1 90 0
  53 0016 3DE0     	 b .L2
  54              	.L3:
  91:../Dave/Generated/CMSIS_DSP/SupportFunctions/arm_q15_to_q7.c ****   {
  92:../Dave/Generated/CMSIS_DSP/SupportFunctions/arm_q15_to_q7.c ****     /* C = (q7_t) A >> 8 */
  93:../Dave/Generated/CMSIS_DSP/SupportFunctions/arm_q15_to_q7.c ****     /* convert from q15 to q7 and then store the results in the destination buffer */
  94:../Dave/Generated/CMSIS_DSP/SupportFunctions/arm_q15_to_q7.c ****     in1 = *__SIMD32(pIn)++;
  55              	 .loc 1 94 0
  56 0018 07F11002 	 add r2,r7,#16
  57 001c 1368     	 ldr r3,[r2]
  58 001e 191D     	 adds r1,r3,#4
  59 0020 1160     	 str r1,[r2]
  60 0022 1B68     	 ldr r3,[r3]
  61 0024 BB63     	 str r3,[r7,#56]
  95:../Dave/Generated/CMSIS_DSP/SupportFunctions/arm_q15_to_q7.c ****     in2 = *__SIMD32(pIn)++;
  62              	 .loc 1 95 0
  63 0026 07F11002 	 add r2,r7,#16
  64 002a 1368     	 ldr r3,[r2]
  65 002c 191D     	 adds r1,r3,#4
  66 002e 1160     	 str r1,[r2]
  67 0030 1B68     	 ldr r3,[r3]
  68 0032 7B63     	 str r3,[r7,#52]
  69              	.LBB2:
  96:../Dave/Generated/CMSIS_DSP/SupportFunctions/arm_q15_to_q7.c **** 
  97:../Dave/Generated/CMSIS_DSP/SupportFunctions/arm_q15_to_q7.c **** #ifndef ARM_MATH_BIG_ENDIAN
  98:../Dave/Generated/CMSIS_DSP/SupportFunctions/arm_q15_to_q7.c **** 
  99:../Dave/Generated/CMSIS_DSP/SupportFunctions/arm_q15_to_q7.c ****     out1 = __PKHTB(in2, in1, 16);
  70              	 .loc 1 99 0
  71 0034 7B6B     	 ldr r3,[r7,#52]
  72 0036 3B63     	 str r3,[r7,#48]
  73 0038 BB6B     	 ldr r3,[r7,#56]
  74 003a FB62     	 str r3,[r7,#44]
  75 003c 3B6B     	 ldr r3,[r7,#48]
  76 003e FA6A     	 ldr r2,[r7,#44]
  77              	
  78 0040 C3EA2243 	 pkhtb r3,r3,r2,asr#16
  79              	
  80              	 .thumb
  81 0044 BB62     	 str r3,[r7,#40]
  82 0046 BB6A     	 ldr r3,[r7,#40]
  83              	.LBE2:
  84 0048 7B62     	 str r3,[r7,#36]
  85              	.LBB3:
 100:../Dave/Generated/CMSIS_DSP/SupportFunctions/arm_q15_to_q7.c ****     out2 = __PKHBT(in2, in1, 16);
  86              	 .loc 1 100 0
  87 004a 7B6B     	 ldr r3,[r7,#52]
  88 004c 3B62     	 str r3,[r7,#32]
  89 004e BB6B     	 ldr r3,[r7,#56]
  90 0050 FB61     	 str r3,[r7,#28]
  91 0052 3B6A     	 ldr r3,[r7,#32]
  92 0054 FA69     	 ldr r2,[r7,#28]
  93              	
  94 0056 C3EA0243 	 pkhbt r3,r3,r2,lsl#16
  95              	
  96              	 .thumb
  97 005a BB61     	 str r3,[r7,#24]
  98 005c BB69     	 ldr r3,[r7,#24]
  99              	.LBE3:
 100 005e 7B61     	 str r3,[r7,#20]
 101:../Dave/Generated/CMSIS_DSP/SupportFunctions/arm_q15_to_q7.c **** 
 102:../Dave/Generated/CMSIS_DSP/SupportFunctions/arm_q15_to_q7.c **** #else
 103:../Dave/Generated/CMSIS_DSP/SupportFunctions/arm_q15_to_q7.c **** 
 104:../Dave/Generated/CMSIS_DSP/SupportFunctions/arm_q15_to_q7.c ****     out1 = __PKHTB(in1, in2, 16);
 105:../Dave/Generated/CMSIS_DSP/SupportFunctions/arm_q15_to_q7.c ****     out2 = __PKHBT(in1, in2, 16);
 106:../Dave/Generated/CMSIS_DSP/SupportFunctions/arm_q15_to_q7.c **** 
 107:../Dave/Generated/CMSIS_DSP/SupportFunctions/arm_q15_to_q7.c **** #endif //      #ifndef ARM_MATH_BIG_ENDIAN
 108:../Dave/Generated/CMSIS_DSP/SupportFunctions/arm_q15_to_q7.c **** 
 109:../Dave/Generated/CMSIS_DSP/SupportFunctions/arm_q15_to_q7.c ****     /* rotate packed value by 24 */
 110:../Dave/Generated/CMSIS_DSP/SupportFunctions/arm_q15_to_q7.c ****     out2 = ((uint32_t) out2 << 8) | ((uint32_t) out2 >> 24);
 101              	 .loc 1 110 0
 102 0060 7B69     	 ldr r3,[r7,#20]
 103 0062 4FEA3363 	 ror r3,r3,#24
 104 0066 7B61     	 str r3,[r7,#20]
 111:../Dave/Generated/CMSIS_DSP/SupportFunctions/arm_q15_to_q7.c **** 
 112:../Dave/Generated/CMSIS_DSP/SupportFunctions/arm_q15_to_q7.c ****     /* anding with 0xff00ff00 to get two 8 bit values */
 113:../Dave/Generated/CMSIS_DSP/SupportFunctions/arm_q15_to_q7.c ****     out1 = out1 & 0xFF00FF00;
 105              	 .loc 1 113 0
 106 0068 7B6A     	 ldr r3,[r7,#36]
 107 006a 03F0FF23 	 and r3,r3,#-16711936
 108 006e 7B62     	 str r3,[r7,#36]
 114:../Dave/Generated/CMSIS_DSP/SupportFunctions/arm_q15_to_q7.c ****     /* anding with 0x00ff00ff to get two 8 bit values */
 115:../Dave/Generated/CMSIS_DSP/SupportFunctions/arm_q15_to_q7.c ****     out2 = out2 & 0x00FF00FF;
 109              	 .loc 1 115 0
 110 0070 7B69     	 ldr r3,[r7,#20]
 111 0072 03F0FF13 	 and r3,r3,#16711935
 112 0076 7B61     	 str r3,[r7,#20]
 116:../Dave/Generated/CMSIS_DSP/SupportFunctions/arm_q15_to_q7.c **** 
 117:../Dave/Generated/CMSIS_DSP/SupportFunctions/arm_q15_to_q7.c ****     /* oring two values(contains two 8 bit values) to get four packed 8 bit values */
 118:../Dave/Generated/CMSIS_DSP/SupportFunctions/arm_q15_to_q7.c ****     out1 = out1 | out2;
 113              	 .loc 1 118 0
 114 0078 7A6A     	 ldr r2,[r7,#36]
 115 007a 7B69     	 ldr r3,[r7,#20]
 116 007c 1343     	 orrs r3,r3,r2
 117 007e 7B62     	 str r3,[r7,#36]
 119:../Dave/Generated/CMSIS_DSP/SupportFunctions/arm_q15_to_q7.c **** 
 120:../Dave/Generated/CMSIS_DSP/SupportFunctions/arm_q15_to_q7.c ****     /* store 4 samples at a time to destiantion buffer */
 121:../Dave/Generated/CMSIS_DSP/SupportFunctions/arm_q15_to_q7.c ****     *__SIMD32(pDst)++ = out1;
 118              	 .loc 1 121 0
 119 0080 07F10802 	 add r2,r7,#8
 120 0084 1368     	 ldr r3,[r2]
 121 0086 191D     	 adds r1,r3,#4
 122 0088 1160     	 str r1,[r2]
 123 008a 7A6A     	 ldr r2,[r7,#36]
 124 008c 1A60     	 str r2,[r3]
 122:../Dave/Generated/CMSIS_DSP/SupportFunctions/arm_q15_to_q7.c **** 
 123:../Dave/Generated/CMSIS_DSP/SupportFunctions/arm_q15_to_q7.c ****     /* Decrement the loop counter */
 124:../Dave/Generated/CMSIS_DSP/SupportFunctions/arm_q15_to_q7.c ****     blkCnt--;
 125              	 .loc 1 124 0
 126 008e FB6B     	 ldr r3,[r7,#60]
 127 0090 013B     	 subs r3,r3,#1
 128 0092 FB63     	 str r3,[r7,#60]
 129              	.L2:
  90:../Dave/Generated/CMSIS_DSP/SupportFunctions/arm_q15_to_q7.c ****   {
 130              	 .loc 1 90 0
 131 0094 FB6B     	 ldr r3,[r7,#60]
 132 0096 002B     	 cmp r3,#0
 133 0098 BED1     	 bne .L3
 125:../Dave/Generated/CMSIS_DSP/SupportFunctions/arm_q15_to_q7.c ****   }
 126:../Dave/Generated/CMSIS_DSP/SupportFunctions/arm_q15_to_q7.c **** 
 127:../Dave/Generated/CMSIS_DSP/SupportFunctions/arm_q15_to_q7.c ****   /* If the blockSize is not a multiple of 4, compute any remaining output samples here.    
 128:../Dave/Generated/CMSIS_DSP/SupportFunctions/arm_q15_to_q7.c ****    ** No loop unrolling is used. */
 129:../Dave/Generated/CMSIS_DSP/SupportFunctions/arm_q15_to_q7.c ****   blkCnt = blockSize % 0x4u;
 134              	 .loc 1 129 0
 135 009a 7B68     	 ldr r3,[r7,#4]
 136 009c 03F00303 	 and r3,r3,#3
 137 00a0 FB63     	 str r3,[r7,#60]
 130:../Dave/Generated/CMSIS_DSP/SupportFunctions/arm_q15_to_q7.c **** 
 131:../Dave/Generated/CMSIS_DSP/SupportFunctions/arm_q15_to_q7.c **** #else
 132:../Dave/Generated/CMSIS_DSP/SupportFunctions/arm_q15_to_q7.c **** 
 133:../Dave/Generated/CMSIS_DSP/SupportFunctions/arm_q15_to_q7.c ****   /* Run the below code for Cortex-M0 */
 134:../Dave/Generated/CMSIS_DSP/SupportFunctions/arm_q15_to_q7.c **** 
 135:../Dave/Generated/CMSIS_DSP/SupportFunctions/arm_q15_to_q7.c ****   /* Loop over blockSize number of values */
 136:../Dave/Generated/CMSIS_DSP/SupportFunctions/arm_q15_to_q7.c ****   blkCnt = blockSize;
 137:../Dave/Generated/CMSIS_DSP/SupportFunctions/arm_q15_to_q7.c **** 
 138:../Dave/Generated/CMSIS_DSP/SupportFunctions/arm_q15_to_q7.c **** #endif /* #ifndef ARM_MATH_CM0_FAMILY */
 139:../Dave/Generated/CMSIS_DSP/SupportFunctions/arm_q15_to_q7.c **** 
 140:../Dave/Generated/CMSIS_DSP/SupportFunctions/arm_q15_to_q7.c ****   while(blkCnt > 0u)
 138              	 .loc 1 140 0
 139 00a2 0EE0     	 b .L4
 140              	.L5:
 141:../Dave/Generated/CMSIS_DSP/SupportFunctions/arm_q15_to_q7.c ****   {
 142:../Dave/Generated/CMSIS_DSP/SupportFunctions/arm_q15_to_q7.c ****     /* C = (q7_t) A >> 8 */
 143:../Dave/Generated/CMSIS_DSP/SupportFunctions/arm_q15_to_q7.c ****     /* convert from q15 to q7 and then store the results in the destination buffer */
 144:../Dave/Generated/CMSIS_DSP/SupportFunctions/arm_q15_to_q7.c ****     *pDst++ = (q7_t) (*pIn++ >> 8);
 141              	 .loc 1 144 0
 142 00a4 BB68     	 ldr r3,[r7,#8]
 143 00a6 5A1C     	 adds r2,r3,#1
 144 00a8 BA60     	 str r2,[r7,#8]
 145 00aa 3A69     	 ldr r2,[r7,#16]
 146 00ac 911C     	 adds r1,r2,#2
 147 00ae 3961     	 str r1,[r7,#16]
 148 00b0 1288     	 ldrh r2,[r2]
 149 00b2 12B2     	 sxth r2,r2
 150 00b4 1212     	 asrs r2,r2,#8
 151 00b6 92B2     	 uxth r2,r2
 152 00b8 D2B2     	 uxtb r2,r2
 153 00ba 1A70     	 strb r2,[r3]
 145:../Dave/Generated/CMSIS_DSP/SupportFunctions/arm_q15_to_q7.c **** 
 146:../Dave/Generated/CMSIS_DSP/SupportFunctions/arm_q15_to_q7.c ****     /* Decrement the loop counter */
 147:../Dave/Generated/CMSIS_DSP/SupportFunctions/arm_q15_to_q7.c ****     blkCnt--;
 154              	 .loc 1 147 0
 155 00bc FB6B     	 ldr r3,[r7,#60]
 156 00be 013B     	 subs r3,r3,#1
 157 00c0 FB63     	 str r3,[r7,#60]
 158              	.L4:
 140:../Dave/Generated/CMSIS_DSP/SupportFunctions/arm_q15_to_q7.c ****   {
 159              	 .loc 1 140 0
 160 00c2 FB6B     	 ldr r3,[r7,#60]
 161 00c4 002B     	 cmp r3,#0
 162 00c6 EDD1     	 bne .L5
 148:../Dave/Generated/CMSIS_DSP/SupportFunctions/arm_q15_to_q7.c ****   }
 149:../Dave/Generated/CMSIS_DSP/SupportFunctions/arm_q15_to_q7.c **** 
 150:../Dave/Generated/CMSIS_DSP/SupportFunctions/arm_q15_to_q7.c **** }
 163              	 .loc 1 150 0
 164 00c8 4437     	 adds r7,r7,#68
 165              	.LCFI3:
 166              	 .cfi_def_cfa_offset 4
 167 00ca BD46     	 mov sp,r7
 168              	.LCFI4:
 169              	 .cfi_def_cfa_register 13
 170              	 
 171 00cc 5DF8047B 	 ldr r7,[sp],#4
 172              	.LCFI5:
 173              	 .cfi_restore 7
 174              	 .cfi_def_cfa_offset 0
 175 00d0 7047     	 bx lr
 176              	 .cfi_endproc
 177              	.LFE139:
 179 00d2 00BF     	 .text
 180              	.Letext0:
 181              	 .file 2 "c:\\davev4-64bit\\dave-4.2.6\\eclipse\\arm-gcc-49\\arm-none-eabi\\include\\machine\\_default_types.h"
 182              	 .file 3 "c:\\davev4-64bit\\dave-4.2.6\\eclipse\\arm-gcc-49\\arm-none-eabi\\include\\stdint.h"
 183              	 .file 4 "C:\\Users\\Depes Crystalline\\Desktop\\school\\Active_Bike_Lighting_System\\Radar_Core\\Dave\\Generated/CMSIS_DSP/arm_math.h"
DEFINED SYMBOLS
                            *ABS*:00000000 arm_q15_to_q7.c
    {standard input}:19     .text.arm_q15_to_q7:00000000 $t
    {standard input}:24     .text.arm_q15_to_q7:00000000 arm_q15_to_q7
                     .debug_frame:00000010 $d

NO UNDEFINED SYMBOLS
