   1              	 .syntax unified
   2              	 .cpu cortex-m4
   3              	 .fpu softvfp
   4              	 .eabi_attribute 20,1
   5              	 .eabi_attribute 21,1
   6              	 .eabi_attribute 23,3
   7              	 .eabi_attribute 24,1
   8              	 .eabi_attribute 25,1
   9              	 .eabi_attribute 26,1
  10              	 .eabi_attribute 30,6
  11              	 .eabi_attribute 34,1
  12              	 .eabi_attribute 18,4
  13              	 .thumb
  14              	 .file "arm_q31_to_q7.c"
  15              	 .text
  16              	.Ltext0:
  17              	 .cfi_sections .debug_frame
  18              	 .section .text.arm_q31_to_q7,"ax",%progbits
  19              	 .align 2
  20              	 .global arm_q31_to_q7
  21              	 .thumb
  22              	 .thumb_func
  24              	arm_q31_to_q7:
  25              	.LFB139:
  26              	 .file 1 "../Dave/Generated/CMSIS_DSP/SupportFunctions/arm_q31_to_q7.c"
   1:../Dave/Generated/CMSIS_DSP/SupportFunctions/arm_q31_to_q7.c **** /* ----------------------------------------------------------------------------    
   2:../Dave/Generated/CMSIS_DSP/SupportFunctions/arm_q31_to_q7.c **** * Copyright (C) 2010-2014 ARM Limited. All rights reserved.    
   3:../Dave/Generated/CMSIS_DSP/SupportFunctions/arm_q31_to_q7.c **** *    
   4:../Dave/Generated/CMSIS_DSP/SupportFunctions/arm_q31_to_q7.c **** * $Date:        31. July 2014
   5:../Dave/Generated/CMSIS_DSP/SupportFunctions/arm_q31_to_q7.c **** * $Revision: 	V1.4.4  
   6:../Dave/Generated/CMSIS_DSP/SupportFunctions/arm_q31_to_q7.c **** *    
   7:../Dave/Generated/CMSIS_DSP/SupportFunctions/arm_q31_to_q7.c **** * Project: 	    CMSIS DSP Library    
   8:../Dave/Generated/CMSIS_DSP/SupportFunctions/arm_q31_to_q7.c **** * Title:		arm_q31_to_q7.c    
   9:../Dave/Generated/CMSIS_DSP/SupportFunctions/arm_q31_to_q7.c **** *    
  10:../Dave/Generated/CMSIS_DSP/SupportFunctions/arm_q31_to_q7.c **** * Description:	Converts the elements of the Q31 vector to Q7 vector.    
  11:../Dave/Generated/CMSIS_DSP/SupportFunctions/arm_q31_to_q7.c **** *    
  12:../Dave/Generated/CMSIS_DSP/SupportFunctions/arm_q31_to_q7.c **** * Target Processor: Cortex-M4/Cortex-M3/Cortex-M0
  13:../Dave/Generated/CMSIS_DSP/SupportFunctions/arm_q31_to_q7.c **** *  
  14:../Dave/Generated/CMSIS_DSP/SupportFunctions/arm_q31_to_q7.c **** * Redistribution and use in source and binary forms, with or without 
  15:../Dave/Generated/CMSIS_DSP/SupportFunctions/arm_q31_to_q7.c **** * modification, are permitted provided that the following conditions
  16:../Dave/Generated/CMSIS_DSP/SupportFunctions/arm_q31_to_q7.c **** * are met:
  17:../Dave/Generated/CMSIS_DSP/SupportFunctions/arm_q31_to_q7.c **** *   - Redistributions of source code must retain the above copyright
  18:../Dave/Generated/CMSIS_DSP/SupportFunctions/arm_q31_to_q7.c **** *     notice, this list of conditions and the following disclaimer.
  19:../Dave/Generated/CMSIS_DSP/SupportFunctions/arm_q31_to_q7.c **** *   - Redistributions in binary form must reproduce the above copyright
  20:../Dave/Generated/CMSIS_DSP/SupportFunctions/arm_q31_to_q7.c **** *     notice, this list of conditions and the following disclaimer in
  21:../Dave/Generated/CMSIS_DSP/SupportFunctions/arm_q31_to_q7.c **** *     the documentation and/or other materials provided with the 
  22:../Dave/Generated/CMSIS_DSP/SupportFunctions/arm_q31_to_q7.c **** *     distribution.
  23:../Dave/Generated/CMSIS_DSP/SupportFunctions/arm_q31_to_q7.c **** *   - Neither the name of ARM LIMITED nor the names of its contributors
  24:../Dave/Generated/CMSIS_DSP/SupportFunctions/arm_q31_to_q7.c **** *     may be used to endorse or promote products derived from this
  25:../Dave/Generated/CMSIS_DSP/SupportFunctions/arm_q31_to_q7.c **** *     software without specific prior written permission.
  26:../Dave/Generated/CMSIS_DSP/SupportFunctions/arm_q31_to_q7.c **** *
  27:../Dave/Generated/CMSIS_DSP/SupportFunctions/arm_q31_to_q7.c **** * THIS SOFTWARE IS PROVIDED BY THE COPYRIGHT HOLDERS AND CONTRIBUTORS
  28:../Dave/Generated/CMSIS_DSP/SupportFunctions/arm_q31_to_q7.c **** * "AS IS" AND ANY EXPRESS OR IMPLIED WARRANTIES, INCLUDING, BUT NOT
  29:../Dave/Generated/CMSIS_DSP/SupportFunctions/arm_q31_to_q7.c **** * LIMITED TO, THE IMPLIED WARRANTIES OF MERCHANTABILITY AND FITNESS
  30:../Dave/Generated/CMSIS_DSP/SupportFunctions/arm_q31_to_q7.c **** * FOR A PARTICULAR PURPOSE ARE DISCLAIMED. IN NO EVENT SHALL THE 
  31:../Dave/Generated/CMSIS_DSP/SupportFunctions/arm_q31_to_q7.c **** * COPYRIGHT OWNER OR CONTRIBUTORS BE LIABLE FOR ANY DIRECT, INDIRECT,
  32:../Dave/Generated/CMSIS_DSP/SupportFunctions/arm_q31_to_q7.c **** * INCIDENTAL, SPECIAL, EXEMPLARY, OR CONSEQUENTIAL DAMAGES (INCLUDING,
  33:../Dave/Generated/CMSIS_DSP/SupportFunctions/arm_q31_to_q7.c **** * BUT NOT LIMITED TO, PROCUREMENT OF SUBSTITUTE GOODS OR SERVICES;
  34:../Dave/Generated/CMSIS_DSP/SupportFunctions/arm_q31_to_q7.c **** * LOSS OF USE, DATA, OR PROFITS; OR BUSINESS INTERRUPTION) HOWEVER
  35:../Dave/Generated/CMSIS_DSP/SupportFunctions/arm_q31_to_q7.c **** * CAUSED AND ON ANY THEORY OF LIABILITY, WHETHER IN CONTRACT, STRICT
  36:../Dave/Generated/CMSIS_DSP/SupportFunctions/arm_q31_to_q7.c **** * LIABILITY, OR TORT (INCLUDING NEGLIGENCE OR OTHERWISE) ARISING IN
  37:../Dave/Generated/CMSIS_DSP/SupportFunctions/arm_q31_to_q7.c **** * ANY WAY OUT OF THE USE OF THIS SOFTWARE, EVEN IF ADVISED OF THE
  38:../Dave/Generated/CMSIS_DSP/SupportFunctions/arm_q31_to_q7.c **** * POSSIBILITY OF SUCH DAMAGE.    
  39:../Dave/Generated/CMSIS_DSP/SupportFunctions/arm_q31_to_q7.c **** * ---------------------------------------------------------------------------- */
  40:../Dave/Generated/CMSIS_DSP/SupportFunctions/arm_q31_to_q7.c **** 
  41:../Dave/Generated/CMSIS_DSP/SupportFunctions/arm_q31_to_q7.c **** #include "CMSIS_DSP/cmsis_dsp.h"
  42:../Dave/Generated/CMSIS_DSP/SupportFunctions/arm_q31_to_q7.c **** 
  43:../Dave/Generated/CMSIS_DSP/SupportFunctions/arm_q31_to_q7.c **** /**    
  44:../Dave/Generated/CMSIS_DSP/SupportFunctions/arm_q31_to_q7.c ****  * @ingroup groupSupport    
  45:../Dave/Generated/CMSIS_DSP/SupportFunctions/arm_q31_to_q7.c ****  */
  46:../Dave/Generated/CMSIS_DSP/SupportFunctions/arm_q31_to_q7.c **** 
  47:../Dave/Generated/CMSIS_DSP/SupportFunctions/arm_q31_to_q7.c **** /**    
  48:../Dave/Generated/CMSIS_DSP/SupportFunctions/arm_q31_to_q7.c ****  * @addtogroup q31_to_x    
  49:../Dave/Generated/CMSIS_DSP/SupportFunctions/arm_q31_to_q7.c ****  * @{    
  50:../Dave/Generated/CMSIS_DSP/SupportFunctions/arm_q31_to_q7.c ****  */
  51:../Dave/Generated/CMSIS_DSP/SupportFunctions/arm_q31_to_q7.c **** 
  52:../Dave/Generated/CMSIS_DSP/SupportFunctions/arm_q31_to_q7.c **** /**    
  53:../Dave/Generated/CMSIS_DSP/SupportFunctions/arm_q31_to_q7.c ****  * @brief Converts the elements of the Q31 vector to Q7 vector.    
  54:../Dave/Generated/CMSIS_DSP/SupportFunctions/arm_q31_to_q7.c ****  * @param[in]       *pSrc points to the Q31 input vector    
  55:../Dave/Generated/CMSIS_DSP/SupportFunctions/arm_q31_to_q7.c ****  * @param[out]      *pDst points to the Q7 output vector   
  56:../Dave/Generated/CMSIS_DSP/SupportFunctions/arm_q31_to_q7.c ****  * @param[in]       blockSize length of the input vector    
  57:../Dave/Generated/CMSIS_DSP/SupportFunctions/arm_q31_to_q7.c ****  * @return none.    
  58:../Dave/Generated/CMSIS_DSP/SupportFunctions/arm_q31_to_q7.c ****  *    
  59:../Dave/Generated/CMSIS_DSP/SupportFunctions/arm_q31_to_q7.c ****  * \par Description:    
  60:../Dave/Generated/CMSIS_DSP/SupportFunctions/arm_q31_to_q7.c ****  *    
  61:../Dave/Generated/CMSIS_DSP/SupportFunctions/arm_q31_to_q7.c ****  * The equation used for the conversion process is:    
  62:../Dave/Generated/CMSIS_DSP/SupportFunctions/arm_q31_to_q7.c ****  *   
  63:../Dave/Generated/CMSIS_DSP/SupportFunctions/arm_q31_to_q7.c ****  * <pre>    
  64:../Dave/Generated/CMSIS_DSP/SupportFunctions/arm_q31_to_q7.c ****  * 	pDst[n] = (q7_t) pSrc[n] >> 24;   0 <= n < blockSize.     
  65:../Dave/Generated/CMSIS_DSP/SupportFunctions/arm_q31_to_q7.c ****  * </pre>    
  66:../Dave/Generated/CMSIS_DSP/SupportFunctions/arm_q31_to_q7.c ****  *   
  67:../Dave/Generated/CMSIS_DSP/SupportFunctions/arm_q31_to_q7.c ****  */
  68:../Dave/Generated/CMSIS_DSP/SupportFunctions/arm_q31_to_q7.c **** 
  69:../Dave/Generated/CMSIS_DSP/SupportFunctions/arm_q31_to_q7.c **** 
  70:../Dave/Generated/CMSIS_DSP/SupportFunctions/arm_q31_to_q7.c **** void arm_q31_to_q7(
  71:../Dave/Generated/CMSIS_DSP/SupportFunctions/arm_q31_to_q7.c ****   q31_t * pSrc,
  72:../Dave/Generated/CMSIS_DSP/SupportFunctions/arm_q31_to_q7.c ****   q7_t * pDst,
  73:../Dave/Generated/CMSIS_DSP/SupportFunctions/arm_q31_to_q7.c ****   uint32_t blockSize)
  74:../Dave/Generated/CMSIS_DSP/SupportFunctions/arm_q31_to_q7.c **** {
  27              	 .loc 1 74 0
  28              	 .cfi_startproc
  29              	 
  30              	 
  31              	 
  32 0000 80B4     	 push {r7}
  33              	.LCFI0:
  34              	 .cfi_def_cfa_offset 4
  35              	 .cfi_offset 7,-4
  36 0002 8DB0     	 sub sp,sp,#52
  37              	.LCFI1:
  38              	 .cfi_def_cfa_offset 56
  39 0004 00AF     	 add r7,sp,#0
  40              	.LCFI2:
  41              	 .cfi_def_cfa_register 7
  42 0006 F860     	 str r0,[r7,#12]
  43 0008 B960     	 str r1,[r7,#8]
  44 000a 7A60     	 str r2,[r7,#4]
  75:../Dave/Generated/CMSIS_DSP/SupportFunctions/arm_q31_to_q7.c ****   q31_t *pIn = pSrc;                             /* Src pointer */
  45              	 .loc 1 75 0
  46 000c FB68     	 ldr r3,[r7,#12]
  47 000e FB62     	 str r3,[r7,#44]
  76:../Dave/Generated/CMSIS_DSP/SupportFunctions/arm_q31_to_q7.c ****   uint32_t blkCnt;                               /* loop counter */
  77:../Dave/Generated/CMSIS_DSP/SupportFunctions/arm_q31_to_q7.c **** 
  78:../Dave/Generated/CMSIS_DSP/SupportFunctions/arm_q31_to_q7.c **** #ifndef ARM_MATH_CM0_FAMILY
  79:../Dave/Generated/CMSIS_DSP/SupportFunctions/arm_q31_to_q7.c **** 
  80:../Dave/Generated/CMSIS_DSP/SupportFunctions/arm_q31_to_q7.c ****   /* Run the below code for Cortex-M4 and Cortex-M3 */
  81:../Dave/Generated/CMSIS_DSP/SupportFunctions/arm_q31_to_q7.c ****   q31_t in1, in2, in3, in4;
  82:../Dave/Generated/CMSIS_DSP/SupportFunctions/arm_q31_to_q7.c ****   q7_t out1, out2, out3, out4;
  83:../Dave/Generated/CMSIS_DSP/SupportFunctions/arm_q31_to_q7.c **** 
  84:../Dave/Generated/CMSIS_DSP/SupportFunctions/arm_q31_to_q7.c ****   /*loop Unrolling */
  85:../Dave/Generated/CMSIS_DSP/SupportFunctions/arm_q31_to_q7.c ****   blkCnt = blockSize >> 2u;
  48              	 .loc 1 85 0
  49 0010 7B68     	 ldr r3,[r7,#4]
  50 0012 9B08     	 lsrs r3,r3,#2
  51 0014 BB62     	 str r3,[r7,#40]
  86:../Dave/Generated/CMSIS_DSP/SupportFunctions/arm_q31_to_q7.c **** 
  87:../Dave/Generated/CMSIS_DSP/SupportFunctions/arm_q31_to_q7.c ****   /* First part of the processing with loop unrolling.  Compute 4 outputs at a time.    
  88:../Dave/Generated/CMSIS_DSP/SupportFunctions/arm_q31_to_q7.c ****    ** a second loop below computes the remaining 1 to 3 samples. */
  89:../Dave/Generated/CMSIS_DSP/SupportFunctions/arm_q31_to_q7.c ****   while(blkCnt > 0u)
  52              	 .loc 1 89 0
  53 0016 3AE0     	 b .L2
  54              	.L3:
  90:../Dave/Generated/CMSIS_DSP/SupportFunctions/arm_q31_to_q7.c ****   {
  91:../Dave/Generated/CMSIS_DSP/SupportFunctions/arm_q31_to_q7.c ****     /* C = (q7_t) A >> 24 */
  92:../Dave/Generated/CMSIS_DSP/SupportFunctions/arm_q31_to_q7.c ****     /* convert from q31 to q7 and then store the results in the destination buffer */
  93:../Dave/Generated/CMSIS_DSP/SupportFunctions/arm_q31_to_q7.c ****     in1 = *pIn++;
  55              	 .loc 1 93 0
  56 0018 FB6A     	 ldr r3,[r7,#44]
  57 001a 1A1D     	 adds r2,r3,#4
  58 001c FA62     	 str r2,[r7,#44]
  59 001e 1B68     	 ldr r3,[r3]
  60 0020 7B62     	 str r3,[r7,#36]
  94:../Dave/Generated/CMSIS_DSP/SupportFunctions/arm_q31_to_q7.c ****     in2 = *pIn++;
  61              	 .loc 1 94 0
  62 0022 FB6A     	 ldr r3,[r7,#44]
  63 0024 1A1D     	 adds r2,r3,#4
  64 0026 FA62     	 str r2,[r7,#44]
  65 0028 1B68     	 ldr r3,[r3]
  66 002a 3B62     	 str r3,[r7,#32]
  95:../Dave/Generated/CMSIS_DSP/SupportFunctions/arm_q31_to_q7.c ****     in3 = *pIn++;
  67              	 .loc 1 95 0
  68 002c FB6A     	 ldr r3,[r7,#44]
  69 002e 1A1D     	 adds r2,r3,#4
  70 0030 FA62     	 str r2,[r7,#44]
  71 0032 1B68     	 ldr r3,[r3]
  72 0034 FB61     	 str r3,[r7,#28]
  96:../Dave/Generated/CMSIS_DSP/SupportFunctions/arm_q31_to_q7.c ****     in4 = *pIn++;
  73              	 .loc 1 96 0
  74 0036 FB6A     	 ldr r3,[r7,#44]
  75 0038 1A1D     	 adds r2,r3,#4
  76 003a FA62     	 str r2,[r7,#44]
  77 003c 1B68     	 ldr r3,[r3]
  78 003e BB61     	 str r3,[r7,#24]
  97:../Dave/Generated/CMSIS_DSP/SupportFunctions/arm_q31_to_q7.c **** 
  98:../Dave/Generated/CMSIS_DSP/SupportFunctions/arm_q31_to_q7.c ****     out1 = (q7_t) (in1 >> 24);
  79              	 .loc 1 98 0
  80 0040 7B6A     	 ldr r3,[r7,#36]
  81 0042 1B16     	 asrs r3,r3,#24
  82 0044 FB75     	 strb r3,[r7,#23]
  99:../Dave/Generated/CMSIS_DSP/SupportFunctions/arm_q31_to_q7.c ****     out2 = (q7_t) (in2 >> 24);
  83              	 .loc 1 99 0
  84 0046 3B6A     	 ldr r3,[r7,#32]
  85 0048 1B16     	 asrs r3,r3,#24
  86 004a BB75     	 strb r3,[r7,#22]
 100:../Dave/Generated/CMSIS_DSP/SupportFunctions/arm_q31_to_q7.c ****     out3 = (q7_t) (in3 >> 24);
  87              	 .loc 1 100 0
  88 004c FB69     	 ldr r3,[r7,#28]
  89 004e 1B16     	 asrs r3,r3,#24
  90 0050 7B75     	 strb r3,[r7,#21]
 101:../Dave/Generated/CMSIS_DSP/SupportFunctions/arm_q31_to_q7.c ****     out4 = (q7_t) (in4 >> 24);
  91              	 .loc 1 101 0
  92 0052 BB69     	 ldr r3,[r7,#24]
  93 0054 1B16     	 asrs r3,r3,#24
  94 0056 3B75     	 strb r3,[r7,#20]
 102:../Dave/Generated/CMSIS_DSP/SupportFunctions/arm_q31_to_q7.c **** 
 103:../Dave/Generated/CMSIS_DSP/SupportFunctions/arm_q31_to_q7.c ****     *__SIMD32(pDst)++ = __PACKq7(out1, out2, out3, out4);
  95              	 .loc 1 103 0
  96 0058 07F10802 	 add r2,r7,#8
  97 005c 1368     	 ldr r3,[r2]
  98 005e 191D     	 adds r1,r3,#4
  99 0060 1160     	 str r1,[r2]
 100 0062 97F91720 	 ldrsb r2,[r7,#23]
 101 0066 D1B2     	 uxtb r1,r2
 102 0068 97F91620 	 ldrsb r2,[r7,#22]
 103 006c 1202     	 lsls r2,r2,#8
 104 006e 92B2     	 uxth r2,r2
 105 0070 1143     	 orrs r1,r1,r2
 106 0072 97F91520 	 ldrsb r2,[r7,#21]
 107 0076 1204     	 lsls r2,r2,#16
 108 0078 02F47F02 	 and r2,r2,#16711680
 109 007c 1143     	 orrs r1,r1,r2
 110 007e 97F91420 	 ldrsb r2,[r7,#20]
 111 0082 1206     	 lsls r2,r2,#24
 112 0084 0A43     	 orrs r2,r2,r1
 113 0086 1A60     	 str r2,[r3]
 104:../Dave/Generated/CMSIS_DSP/SupportFunctions/arm_q31_to_q7.c **** 
 105:../Dave/Generated/CMSIS_DSP/SupportFunctions/arm_q31_to_q7.c ****     /* Decrement the loop counter */
 106:../Dave/Generated/CMSIS_DSP/SupportFunctions/arm_q31_to_q7.c ****     blkCnt--;
 114              	 .loc 1 106 0
 115 0088 BB6A     	 ldr r3,[r7,#40]
 116 008a 013B     	 subs r3,r3,#1
 117 008c BB62     	 str r3,[r7,#40]
 118              	.L2:
  89:../Dave/Generated/CMSIS_DSP/SupportFunctions/arm_q31_to_q7.c ****   {
 119              	 .loc 1 89 0
 120 008e BB6A     	 ldr r3,[r7,#40]
 121 0090 002B     	 cmp r3,#0
 122 0092 C1D1     	 bne .L3
 107:../Dave/Generated/CMSIS_DSP/SupportFunctions/arm_q31_to_q7.c ****   }
 108:../Dave/Generated/CMSIS_DSP/SupportFunctions/arm_q31_to_q7.c **** 
 109:../Dave/Generated/CMSIS_DSP/SupportFunctions/arm_q31_to_q7.c ****   /* If the blockSize is not a multiple of 4, compute any remaining output samples here.    
 110:../Dave/Generated/CMSIS_DSP/SupportFunctions/arm_q31_to_q7.c ****    ** No loop unrolling is used. */
 111:../Dave/Generated/CMSIS_DSP/SupportFunctions/arm_q31_to_q7.c ****   blkCnt = blockSize % 0x4u;
 123              	 .loc 1 111 0
 124 0094 7B68     	 ldr r3,[r7,#4]
 125 0096 03F00303 	 and r3,r3,#3
 126 009a BB62     	 str r3,[r7,#40]
 112:../Dave/Generated/CMSIS_DSP/SupportFunctions/arm_q31_to_q7.c **** 
 113:../Dave/Generated/CMSIS_DSP/SupportFunctions/arm_q31_to_q7.c **** #else
 114:../Dave/Generated/CMSIS_DSP/SupportFunctions/arm_q31_to_q7.c **** 
 115:../Dave/Generated/CMSIS_DSP/SupportFunctions/arm_q31_to_q7.c ****   /* Run the below code for Cortex-M0 */
 116:../Dave/Generated/CMSIS_DSP/SupportFunctions/arm_q31_to_q7.c **** 
 117:../Dave/Generated/CMSIS_DSP/SupportFunctions/arm_q31_to_q7.c ****   /* Loop over blockSize number of values */
 118:../Dave/Generated/CMSIS_DSP/SupportFunctions/arm_q31_to_q7.c ****   blkCnt = blockSize;
 119:../Dave/Generated/CMSIS_DSP/SupportFunctions/arm_q31_to_q7.c **** 
 120:../Dave/Generated/CMSIS_DSP/SupportFunctions/arm_q31_to_q7.c **** #endif /* #ifndef ARM_MATH_CM0_FAMILY */
 121:../Dave/Generated/CMSIS_DSP/SupportFunctions/arm_q31_to_q7.c **** 
 122:../Dave/Generated/CMSIS_DSP/SupportFunctions/arm_q31_to_q7.c ****   while(blkCnt > 0u)
 127              	 .loc 1 122 0
 128 009c 0CE0     	 b .L4
 129              	.L5:
 123:../Dave/Generated/CMSIS_DSP/SupportFunctions/arm_q31_to_q7.c ****   {
 124:../Dave/Generated/CMSIS_DSP/SupportFunctions/arm_q31_to_q7.c ****     /* C = (q7_t) A >> 24 */
 125:../Dave/Generated/CMSIS_DSP/SupportFunctions/arm_q31_to_q7.c ****     /* convert from q31 to q7 and then store the results in the destination buffer */
 126:../Dave/Generated/CMSIS_DSP/SupportFunctions/arm_q31_to_q7.c ****     *pDst++ = (q7_t) (*pIn++ >> 24);
 130              	 .loc 1 126 0
 131 009e BB68     	 ldr r3,[r7,#8]
 132 00a0 5A1C     	 adds r2,r3,#1
 133 00a2 BA60     	 str r2,[r7,#8]
 134 00a4 FA6A     	 ldr r2,[r7,#44]
 135 00a6 111D     	 adds r1,r2,#4
 136 00a8 F962     	 str r1,[r7,#44]
 137 00aa 1268     	 ldr r2,[r2]
 138 00ac 1216     	 asrs r2,r2,#24
 139 00ae D2B2     	 uxtb r2,r2
 140 00b0 1A70     	 strb r2,[r3]
 127:../Dave/Generated/CMSIS_DSP/SupportFunctions/arm_q31_to_q7.c **** 
 128:../Dave/Generated/CMSIS_DSP/SupportFunctions/arm_q31_to_q7.c ****     /* Decrement the loop counter */
 129:../Dave/Generated/CMSIS_DSP/SupportFunctions/arm_q31_to_q7.c ****     blkCnt--;
 141              	 .loc 1 129 0
 142 00b2 BB6A     	 ldr r3,[r7,#40]
 143 00b4 013B     	 subs r3,r3,#1
 144 00b6 BB62     	 str r3,[r7,#40]
 145              	.L4:
 122:../Dave/Generated/CMSIS_DSP/SupportFunctions/arm_q31_to_q7.c ****   {
 146              	 .loc 1 122 0
 147 00b8 BB6A     	 ldr r3,[r7,#40]
 148 00ba 002B     	 cmp r3,#0
 149 00bc EFD1     	 bne .L5
 130:../Dave/Generated/CMSIS_DSP/SupportFunctions/arm_q31_to_q7.c ****   }
 131:../Dave/Generated/CMSIS_DSP/SupportFunctions/arm_q31_to_q7.c **** 
 132:../Dave/Generated/CMSIS_DSP/SupportFunctions/arm_q31_to_q7.c **** }
 150              	 .loc 1 132 0
 151 00be 3437     	 adds r7,r7,#52
 152              	.LCFI3:
 153              	 .cfi_def_cfa_offset 4
 154 00c0 BD46     	 mov sp,r7
 155              	.LCFI4:
 156              	 .cfi_def_cfa_register 13
 157              	 
 158 00c2 5DF8047B 	 ldr r7,[sp],#4
 159              	.LCFI5:
 160              	 .cfi_restore 7
 161              	 .cfi_def_cfa_offset 0
 162 00c6 7047     	 bx lr
 163              	 .cfi_endproc
 164              	.LFE139:
 166              	 .text
 167              	.Letext0:
 168              	 .file 2 "c:\\davev4-64bit\\dave-4.2.6\\eclipse\\arm-gcc-49\\arm-none-eabi\\include\\machine\\_default_types.h"
 169              	 .file 3 "c:\\davev4-64bit\\dave-4.2.6\\eclipse\\arm-gcc-49\\arm-none-eabi\\include\\stdint.h"
 170              	 .file 4 "C:\\Users\\Depes Crystalline\\Desktop\\school\\Active_Bike_Lighting_System\\Radar_Core\\Dave\\Generated/CMSIS_DSP/arm_math.h"
DEFINED SYMBOLS
                            *ABS*:00000000 arm_q31_to_q7.c
    {standard input}:19     .text.arm_q31_to_q7:00000000 $t
    {standard input}:24     .text.arm_q31_to_q7:00000000 arm_q31_to_q7
                     .debug_frame:00000010 $d

NO UNDEFINED SYMBOLS
