   1              	 .syntax unified
   2              	 .cpu cortex-m4
   3              	 .fpu softvfp
   4              	 .eabi_attribute 20,1
   5              	 .eabi_attribute 21,1
   6              	 .eabi_attribute 23,3
   7              	 .eabi_attribute 24,1
   8              	 .eabi_attribute 25,1
   9              	 .eabi_attribute 26,1
  10              	 .eabi_attribute 30,6
  11              	 .eabi_attribute 34,1
  12              	 .eabi_attribute 18,4
  13              	 .thumb
  14              	 .file "arm_copy_q31.c"
  15              	 .text
  16              	.Ltext0:
  17              	 .cfi_sections .debug_frame
  18              	 .section .text.arm_copy_q31,"ax",%progbits
  19              	 .align 2
  20              	 .global arm_copy_q31
  21              	 .thumb
  22              	 .thumb_func
  24              	arm_copy_q31:
  25              	.LFB139:
  26              	 .file 1 "../Dave/Generated/CMSIS_DSP/SupportFunctions/arm_copy_q31.c"
   1:../Dave/Generated/CMSIS_DSP/SupportFunctions/arm_copy_q31.c **** /* ----------------------------------------------------------------------    
   2:../Dave/Generated/CMSIS_DSP/SupportFunctions/arm_copy_q31.c **** * Copyright (C) 2010-2014 ARM Limited. All rights reserved.    
   3:../Dave/Generated/CMSIS_DSP/SupportFunctions/arm_copy_q31.c **** *    
   4:../Dave/Generated/CMSIS_DSP/SupportFunctions/arm_copy_q31.c **** * $Date:        31. July 2014
   5:../Dave/Generated/CMSIS_DSP/SupportFunctions/arm_copy_q31.c **** * $Revision: 	V1.4.4  
   6:../Dave/Generated/CMSIS_DSP/SupportFunctions/arm_copy_q31.c **** *    
   7:../Dave/Generated/CMSIS_DSP/SupportFunctions/arm_copy_q31.c **** * Project: 	    CMSIS DSP Library    
   8:../Dave/Generated/CMSIS_DSP/SupportFunctions/arm_copy_q31.c **** * Title:		arm_copy_q31.c    
   9:../Dave/Generated/CMSIS_DSP/SupportFunctions/arm_copy_q31.c **** *    
  10:../Dave/Generated/CMSIS_DSP/SupportFunctions/arm_copy_q31.c **** * Description:	Copies the elements of a Q31 vector.   
  11:../Dave/Generated/CMSIS_DSP/SupportFunctions/arm_copy_q31.c **** *    
  12:../Dave/Generated/CMSIS_DSP/SupportFunctions/arm_copy_q31.c **** * Target Processor: Cortex-M4/Cortex-M3/Cortex-M0
  13:../Dave/Generated/CMSIS_DSP/SupportFunctions/arm_copy_q31.c **** *  
  14:../Dave/Generated/CMSIS_DSP/SupportFunctions/arm_copy_q31.c **** * Redistribution and use in source and binary forms, with or without 
  15:../Dave/Generated/CMSIS_DSP/SupportFunctions/arm_copy_q31.c **** * modification, are permitted provided that the following conditions
  16:../Dave/Generated/CMSIS_DSP/SupportFunctions/arm_copy_q31.c **** * are met:
  17:../Dave/Generated/CMSIS_DSP/SupportFunctions/arm_copy_q31.c **** *   - Redistributions of source code must retain the above copyright
  18:../Dave/Generated/CMSIS_DSP/SupportFunctions/arm_copy_q31.c **** *     notice, this list of conditions and the following disclaimer.
  19:../Dave/Generated/CMSIS_DSP/SupportFunctions/arm_copy_q31.c **** *   - Redistributions in binary form must reproduce the above copyright
  20:../Dave/Generated/CMSIS_DSP/SupportFunctions/arm_copy_q31.c **** *     notice, this list of conditions and the following disclaimer in
  21:../Dave/Generated/CMSIS_DSP/SupportFunctions/arm_copy_q31.c **** *     the documentation and/or other materials provided with the 
  22:../Dave/Generated/CMSIS_DSP/SupportFunctions/arm_copy_q31.c **** *     distribution.
  23:../Dave/Generated/CMSIS_DSP/SupportFunctions/arm_copy_q31.c **** *   - Neither the name of ARM LIMITED nor the names of its contributors
  24:../Dave/Generated/CMSIS_DSP/SupportFunctions/arm_copy_q31.c **** *     may be used to endorse or promote products derived from this
  25:../Dave/Generated/CMSIS_DSP/SupportFunctions/arm_copy_q31.c **** *     software without specific prior written permission.
  26:../Dave/Generated/CMSIS_DSP/SupportFunctions/arm_copy_q31.c **** *
  27:../Dave/Generated/CMSIS_DSP/SupportFunctions/arm_copy_q31.c **** * THIS SOFTWARE IS PROVIDED BY THE COPYRIGHT HOLDERS AND CONTRIBUTORS
  28:../Dave/Generated/CMSIS_DSP/SupportFunctions/arm_copy_q31.c **** * "AS IS" AND ANY EXPRESS OR IMPLIED WARRANTIES, INCLUDING, BUT NOT
  29:../Dave/Generated/CMSIS_DSP/SupportFunctions/arm_copy_q31.c **** * LIMITED TO, THE IMPLIED WARRANTIES OF MERCHANTABILITY AND FITNESS
  30:../Dave/Generated/CMSIS_DSP/SupportFunctions/arm_copy_q31.c **** * FOR A PARTICULAR PURPOSE ARE DISCLAIMED. IN NO EVENT SHALL THE 
  31:../Dave/Generated/CMSIS_DSP/SupportFunctions/arm_copy_q31.c **** * COPYRIGHT OWNER OR CONTRIBUTORS BE LIABLE FOR ANY DIRECT, INDIRECT,
  32:../Dave/Generated/CMSIS_DSP/SupportFunctions/arm_copy_q31.c **** * INCIDENTAL, SPECIAL, EXEMPLARY, OR CONSEQUENTIAL DAMAGES (INCLUDING,
  33:../Dave/Generated/CMSIS_DSP/SupportFunctions/arm_copy_q31.c **** * BUT NOT LIMITED TO, PROCUREMENT OF SUBSTITUTE GOODS OR SERVICES;
  34:../Dave/Generated/CMSIS_DSP/SupportFunctions/arm_copy_q31.c **** * LOSS OF USE, DATA, OR PROFITS; OR BUSINESS INTERRUPTION) HOWEVER
  35:../Dave/Generated/CMSIS_DSP/SupportFunctions/arm_copy_q31.c **** * CAUSED AND ON ANY THEORY OF LIABILITY, WHETHER IN CONTRACT, STRICT
  36:../Dave/Generated/CMSIS_DSP/SupportFunctions/arm_copy_q31.c **** * LIABILITY, OR TORT (INCLUDING NEGLIGENCE OR OTHERWISE) ARISING IN
  37:../Dave/Generated/CMSIS_DSP/SupportFunctions/arm_copy_q31.c **** * ANY WAY OUT OF THE USE OF THIS SOFTWARE, EVEN IF ADVISED OF THE
  38:../Dave/Generated/CMSIS_DSP/SupportFunctions/arm_copy_q31.c **** * POSSIBILITY OF SUCH DAMAGE.   
  39:../Dave/Generated/CMSIS_DSP/SupportFunctions/arm_copy_q31.c **** * -------------------------------------------------------------------- */
  40:../Dave/Generated/CMSIS_DSP/SupportFunctions/arm_copy_q31.c **** 
  41:../Dave/Generated/CMSIS_DSP/SupportFunctions/arm_copy_q31.c **** #include "CMSIS_DSP/cmsis_dsp.h"
  42:../Dave/Generated/CMSIS_DSP/SupportFunctions/arm_copy_q31.c **** 
  43:../Dave/Generated/CMSIS_DSP/SupportFunctions/arm_copy_q31.c **** /**    
  44:../Dave/Generated/CMSIS_DSP/SupportFunctions/arm_copy_q31.c ****  * @ingroup groupSupport    
  45:../Dave/Generated/CMSIS_DSP/SupportFunctions/arm_copy_q31.c ****  */
  46:../Dave/Generated/CMSIS_DSP/SupportFunctions/arm_copy_q31.c **** 
  47:../Dave/Generated/CMSIS_DSP/SupportFunctions/arm_copy_q31.c **** /**    
  48:../Dave/Generated/CMSIS_DSP/SupportFunctions/arm_copy_q31.c ****  * @addtogroup copy    
  49:../Dave/Generated/CMSIS_DSP/SupportFunctions/arm_copy_q31.c ****  * @{    
  50:../Dave/Generated/CMSIS_DSP/SupportFunctions/arm_copy_q31.c ****  */
  51:../Dave/Generated/CMSIS_DSP/SupportFunctions/arm_copy_q31.c **** 
  52:../Dave/Generated/CMSIS_DSP/SupportFunctions/arm_copy_q31.c **** /**    
  53:../Dave/Generated/CMSIS_DSP/SupportFunctions/arm_copy_q31.c ****  * @brief Copies the elements of a Q31 vector.     
  54:../Dave/Generated/CMSIS_DSP/SupportFunctions/arm_copy_q31.c ****  * @param[in]       *pSrc points to input vector    
  55:../Dave/Generated/CMSIS_DSP/SupportFunctions/arm_copy_q31.c ****  * @param[out]      *pDst points to output vector    
  56:../Dave/Generated/CMSIS_DSP/SupportFunctions/arm_copy_q31.c ****  * @param[in]       blockSize length of the input vector   
  57:../Dave/Generated/CMSIS_DSP/SupportFunctions/arm_copy_q31.c ****  * @return none.    
  58:../Dave/Generated/CMSIS_DSP/SupportFunctions/arm_copy_q31.c ****  *    
  59:../Dave/Generated/CMSIS_DSP/SupportFunctions/arm_copy_q31.c ****  */
  60:../Dave/Generated/CMSIS_DSP/SupportFunctions/arm_copy_q31.c **** 
  61:../Dave/Generated/CMSIS_DSP/SupportFunctions/arm_copy_q31.c **** void arm_copy_q31(
  62:../Dave/Generated/CMSIS_DSP/SupportFunctions/arm_copy_q31.c ****   q31_t * pSrc,
  63:../Dave/Generated/CMSIS_DSP/SupportFunctions/arm_copy_q31.c ****   q31_t * pDst,
  64:../Dave/Generated/CMSIS_DSP/SupportFunctions/arm_copy_q31.c ****   uint32_t blockSize)
  65:../Dave/Generated/CMSIS_DSP/SupportFunctions/arm_copy_q31.c **** {
  27              	 .loc 1 65 0
  28              	 .cfi_startproc
  29              	 
  30              	 
  31              	 
  32 0000 80B4     	 push {r7}
  33              	.LCFI0:
  34              	 .cfi_def_cfa_offset 4
  35              	 .cfi_offset 7,-4
  36 0002 8BB0     	 sub sp,sp,#44
  37              	.LCFI1:
  38              	 .cfi_def_cfa_offset 48
  39 0004 00AF     	 add r7,sp,#0
  40              	.LCFI2:
  41              	 .cfi_def_cfa_register 7
  42 0006 F860     	 str r0,[r7,#12]
  43 0008 B960     	 str r1,[r7,#8]
  44 000a 7A60     	 str r2,[r7,#4]
  66:../Dave/Generated/CMSIS_DSP/SupportFunctions/arm_copy_q31.c ****   uint32_t blkCnt;                               /* loop counter */
  67:../Dave/Generated/CMSIS_DSP/SupportFunctions/arm_copy_q31.c **** 
  68:../Dave/Generated/CMSIS_DSP/SupportFunctions/arm_copy_q31.c **** 
  69:../Dave/Generated/CMSIS_DSP/SupportFunctions/arm_copy_q31.c **** #ifndef ARM_MATH_CM0_FAMILY
  70:../Dave/Generated/CMSIS_DSP/SupportFunctions/arm_copy_q31.c **** 
  71:../Dave/Generated/CMSIS_DSP/SupportFunctions/arm_copy_q31.c ****   /* Run the below code for Cortex-M4 and Cortex-M3 */
  72:../Dave/Generated/CMSIS_DSP/SupportFunctions/arm_copy_q31.c ****   q31_t in1, in2, in3, in4;
  73:../Dave/Generated/CMSIS_DSP/SupportFunctions/arm_copy_q31.c **** 
  74:../Dave/Generated/CMSIS_DSP/SupportFunctions/arm_copy_q31.c ****   /*loop Unrolling */
  75:../Dave/Generated/CMSIS_DSP/SupportFunctions/arm_copy_q31.c ****   blkCnt = blockSize >> 2u;
  45              	 .loc 1 75 0
  46 000c 7B68     	 ldr r3,[r7,#4]
  47 000e 9B08     	 lsrs r3,r3,#2
  48 0010 7B62     	 str r3,[r7,#36]
  76:../Dave/Generated/CMSIS_DSP/SupportFunctions/arm_copy_q31.c **** 
  77:../Dave/Generated/CMSIS_DSP/SupportFunctions/arm_copy_q31.c ****   /* First part of the processing with loop unrolling.  Compute 4 outputs at a time.    
  78:../Dave/Generated/CMSIS_DSP/SupportFunctions/arm_copy_q31.c ****    ** a second loop below computes the remaining 1 to 3 samples. */
  79:../Dave/Generated/CMSIS_DSP/SupportFunctions/arm_copy_q31.c ****   while(blkCnt > 0u)
  49              	 .loc 1 79 0
  50 0012 2AE0     	 b .L2
  51              	.L3:
  80:../Dave/Generated/CMSIS_DSP/SupportFunctions/arm_copy_q31.c ****   {
  81:../Dave/Generated/CMSIS_DSP/SupportFunctions/arm_copy_q31.c ****     /* C = A */
  82:../Dave/Generated/CMSIS_DSP/SupportFunctions/arm_copy_q31.c ****     /* Copy and then store the values in the destination buffer */
  83:../Dave/Generated/CMSIS_DSP/SupportFunctions/arm_copy_q31.c ****     in1 = *pSrc++;
  52              	 .loc 1 83 0
  53 0014 FB68     	 ldr r3,[r7,#12]
  54 0016 1A1D     	 adds r2,r3,#4
  55 0018 FA60     	 str r2,[r7,#12]
  56 001a 1B68     	 ldr r3,[r3]
  57 001c 3B62     	 str r3,[r7,#32]
  84:../Dave/Generated/CMSIS_DSP/SupportFunctions/arm_copy_q31.c ****     in2 = *pSrc++;
  58              	 .loc 1 84 0
  59 001e FB68     	 ldr r3,[r7,#12]
  60 0020 1A1D     	 adds r2,r3,#4
  61 0022 FA60     	 str r2,[r7,#12]
  62 0024 1B68     	 ldr r3,[r3]
  63 0026 FB61     	 str r3,[r7,#28]
  85:../Dave/Generated/CMSIS_DSP/SupportFunctions/arm_copy_q31.c ****     in3 = *pSrc++;
  64              	 .loc 1 85 0
  65 0028 FB68     	 ldr r3,[r7,#12]
  66 002a 1A1D     	 adds r2,r3,#4
  67 002c FA60     	 str r2,[r7,#12]
  68 002e 1B68     	 ldr r3,[r3]
  69 0030 BB61     	 str r3,[r7,#24]
  86:../Dave/Generated/CMSIS_DSP/SupportFunctions/arm_copy_q31.c ****     in4 = *pSrc++;
  70              	 .loc 1 86 0
  71 0032 FB68     	 ldr r3,[r7,#12]
  72 0034 1A1D     	 adds r2,r3,#4
  73 0036 FA60     	 str r2,[r7,#12]
  74 0038 1B68     	 ldr r3,[r3]
  75 003a 7B61     	 str r3,[r7,#20]
  87:../Dave/Generated/CMSIS_DSP/SupportFunctions/arm_copy_q31.c **** 
  88:../Dave/Generated/CMSIS_DSP/SupportFunctions/arm_copy_q31.c ****     *pDst++ = in1;
  76              	 .loc 1 88 0
  77 003c BB68     	 ldr r3,[r7,#8]
  78 003e 1A1D     	 adds r2,r3,#4
  79 0040 BA60     	 str r2,[r7,#8]
  80 0042 3A6A     	 ldr r2,[r7,#32]
  81 0044 1A60     	 str r2,[r3]
  89:../Dave/Generated/CMSIS_DSP/SupportFunctions/arm_copy_q31.c ****     *pDst++ = in2;
  82              	 .loc 1 89 0
  83 0046 BB68     	 ldr r3,[r7,#8]
  84 0048 1A1D     	 adds r2,r3,#4
  85 004a BA60     	 str r2,[r7,#8]
  86 004c FA69     	 ldr r2,[r7,#28]
  87 004e 1A60     	 str r2,[r3]
  90:../Dave/Generated/CMSIS_DSP/SupportFunctions/arm_copy_q31.c ****     *pDst++ = in3;
  88              	 .loc 1 90 0
  89 0050 BB68     	 ldr r3,[r7,#8]
  90 0052 1A1D     	 adds r2,r3,#4
  91 0054 BA60     	 str r2,[r7,#8]
  92 0056 BA69     	 ldr r2,[r7,#24]
  93 0058 1A60     	 str r2,[r3]
  91:../Dave/Generated/CMSIS_DSP/SupportFunctions/arm_copy_q31.c ****     *pDst++ = in4;
  94              	 .loc 1 91 0
  95 005a BB68     	 ldr r3,[r7,#8]
  96 005c 1A1D     	 adds r2,r3,#4
  97 005e BA60     	 str r2,[r7,#8]
  98 0060 7A69     	 ldr r2,[r7,#20]
  99 0062 1A60     	 str r2,[r3]
  92:../Dave/Generated/CMSIS_DSP/SupportFunctions/arm_copy_q31.c **** 
  93:../Dave/Generated/CMSIS_DSP/SupportFunctions/arm_copy_q31.c ****     /* Decrement the loop counter */
  94:../Dave/Generated/CMSIS_DSP/SupportFunctions/arm_copy_q31.c ****     blkCnt--;
 100              	 .loc 1 94 0
 101 0064 7B6A     	 ldr r3,[r7,#36]
 102 0066 013B     	 subs r3,r3,#1
 103 0068 7B62     	 str r3,[r7,#36]
 104              	.L2:
  79:../Dave/Generated/CMSIS_DSP/SupportFunctions/arm_copy_q31.c ****   {
 105              	 .loc 1 79 0
 106 006a 7B6A     	 ldr r3,[r7,#36]
 107 006c 002B     	 cmp r3,#0
 108 006e D1D1     	 bne .L3
  95:../Dave/Generated/CMSIS_DSP/SupportFunctions/arm_copy_q31.c ****   }
  96:../Dave/Generated/CMSIS_DSP/SupportFunctions/arm_copy_q31.c **** 
  97:../Dave/Generated/CMSIS_DSP/SupportFunctions/arm_copy_q31.c ****   /* If the blockSize is not a multiple of 4, compute any remaining output samples here.    
  98:../Dave/Generated/CMSIS_DSP/SupportFunctions/arm_copy_q31.c ****    ** No loop unrolling is used. */
  99:../Dave/Generated/CMSIS_DSP/SupportFunctions/arm_copy_q31.c ****   blkCnt = blockSize % 0x4u;
 109              	 .loc 1 99 0
 110 0070 7B68     	 ldr r3,[r7,#4]
 111 0072 03F00303 	 and r3,r3,#3
 112 0076 7B62     	 str r3,[r7,#36]
 100:../Dave/Generated/CMSIS_DSP/SupportFunctions/arm_copy_q31.c **** 
 101:../Dave/Generated/CMSIS_DSP/SupportFunctions/arm_copy_q31.c **** #else
 102:../Dave/Generated/CMSIS_DSP/SupportFunctions/arm_copy_q31.c **** 
 103:../Dave/Generated/CMSIS_DSP/SupportFunctions/arm_copy_q31.c ****   /* Run the below code for Cortex-M0 */
 104:../Dave/Generated/CMSIS_DSP/SupportFunctions/arm_copy_q31.c **** 
 105:../Dave/Generated/CMSIS_DSP/SupportFunctions/arm_copy_q31.c ****   /* Loop over blockSize number of values */
 106:../Dave/Generated/CMSIS_DSP/SupportFunctions/arm_copy_q31.c ****   blkCnt = blockSize;
 107:../Dave/Generated/CMSIS_DSP/SupportFunctions/arm_copy_q31.c **** 
 108:../Dave/Generated/CMSIS_DSP/SupportFunctions/arm_copy_q31.c **** #endif /* #ifndef ARM_MATH_CM0_FAMILY */
 109:../Dave/Generated/CMSIS_DSP/SupportFunctions/arm_copy_q31.c **** 
 110:../Dave/Generated/CMSIS_DSP/SupportFunctions/arm_copy_q31.c ****   while(blkCnt > 0u)
 113              	 .loc 1 110 0
 114 0078 0AE0     	 b .L4
 115              	.L5:
 111:../Dave/Generated/CMSIS_DSP/SupportFunctions/arm_copy_q31.c ****   {
 112:../Dave/Generated/CMSIS_DSP/SupportFunctions/arm_copy_q31.c ****     /* C = A */
 113:../Dave/Generated/CMSIS_DSP/SupportFunctions/arm_copy_q31.c ****     /* Copy and then store the value in the destination buffer */
 114:../Dave/Generated/CMSIS_DSP/SupportFunctions/arm_copy_q31.c ****     *pDst++ = *pSrc++;
 116              	 .loc 1 114 0
 117 007a BB68     	 ldr r3,[r7,#8]
 118 007c 1A1D     	 adds r2,r3,#4
 119 007e BA60     	 str r2,[r7,#8]
 120 0080 FA68     	 ldr r2,[r7,#12]
 121 0082 111D     	 adds r1,r2,#4
 122 0084 F960     	 str r1,[r7,#12]
 123 0086 1268     	 ldr r2,[r2]
 124 0088 1A60     	 str r2,[r3]
 115:../Dave/Generated/CMSIS_DSP/SupportFunctions/arm_copy_q31.c **** 
 116:../Dave/Generated/CMSIS_DSP/SupportFunctions/arm_copy_q31.c ****     /* Decrement the loop counter */
 117:../Dave/Generated/CMSIS_DSP/SupportFunctions/arm_copy_q31.c ****     blkCnt--;
 125              	 .loc 1 117 0
 126 008a 7B6A     	 ldr r3,[r7,#36]
 127 008c 013B     	 subs r3,r3,#1
 128 008e 7B62     	 str r3,[r7,#36]
 129              	.L4:
 110:../Dave/Generated/CMSIS_DSP/SupportFunctions/arm_copy_q31.c ****   {
 130              	 .loc 1 110 0
 131 0090 7B6A     	 ldr r3,[r7,#36]
 132 0092 002B     	 cmp r3,#0
 133 0094 F1D1     	 bne .L5
 118:../Dave/Generated/CMSIS_DSP/SupportFunctions/arm_copy_q31.c ****   }
 119:../Dave/Generated/CMSIS_DSP/SupportFunctions/arm_copy_q31.c **** }
 134              	 .loc 1 119 0
 135 0096 2C37     	 adds r7,r7,#44
 136              	.LCFI3:
 137              	 .cfi_def_cfa_offset 4
 138 0098 BD46     	 mov sp,r7
 139              	.LCFI4:
 140              	 .cfi_def_cfa_register 13
 141              	 
 142 009a 5DF8047B 	 ldr r7,[sp],#4
 143              	.LCFI5:
 144              	 .cfi_restore 7
 145              	 .cfi_def_cfa_offset 0
 146 009e 7047     	 bx lr
 147              	 .cfi_endproc
 148              	.LFE139:
 150              	 .text
 151              	.Letext0:
 152              	 .file 2 "c:\\davev4-64bit\\dave-4.2.6\\eclipse\\arm-gcc-49\\arm-none-eabi\\include\\machine\\_default_types.h"
 153              	 .file 3 "c:\\davev4-64bit\\dave-4.2.6\\eclipse\\arm-gcc-49\\arm-none-eabi\\include\\stdint.h"
 154              	 .file 4 "C:\\Users\\Depes Crystalline\\Desktop\\school\\Active_Bike_Lighting_System\\Radar_Core\\Dave\\Generated/CMSIS_DSP/arm_math.h"
DEFINED SYMBOLS
                            *ABS*:00000000 arm_copy_q31.c
    {standard input}:19     .text.arm_copy_q31:00000000 $t
    {standard input}:24     .text.arm_copy_q31:00000000 arm_copy_q31
                     .debug_frame:00000010 $d

NO UNDEFINED SYMBOLS
