   1              	 .syntax unified
   2              	 .cpu cortex-m4
   3              	 .fpu softvfp
   4              	 .eabi_attribute 20,1
   5              	 .eabi_attribute 21,1
   6              	 .eabi_attribute 23,3
   7              	 .eabi_attribute 24,1
   8              	 .eabi_attribute 25,1
   9              	 .eabi_attribute 26,1
  10              	 .eabi_attribute 30,6
  11              	 .eabi_attribute 34,1
  12              	 .eabi_attribute 18,4
  13              	 .thumb
  14              	 .file "adc_measurement_conf.c"
  15              	 .text
  16              	.Ltext0:
  17              	 .cfi_sections .debug_frame
  18              	 .section .text.ADC_IN_mux_config,"ax",%progbits
  19              	 .align 2
  20              	 .global ADC_IN_mux_config
  21              	 .thumb
  22              	 .thumb_func
  24              	ADC_IN_mux_config:
  25              	.LFB213:
  26              	 .file 1 "../Dave/Generated/ADC_MEASUREMENT/adc_measurement_conf.c"
   1:../Dave/Generated/ADC_MEASUREMENT/adc_measurement_conf.c **** /**************************************************************************************************
   2:../Dave/Generated/ADC_MEASUREMENT/adc_measurement_conf.c **** * DAVE APP Name : ADC_MEASUREMENT       APP Version: 4.1.6
   3:../Dave/Generated/ADC_MEASUREMENT/adc_measurement_conf.c **** *
   4:../Dave/Generated/ADC_MEASUREMENT/adc_measurement_conf.c **** * NOTE:
   5:../Dave/Generated/ADC_MEASUREMENT/adc_measurement_conf.c **** * This file is generated by DAVE. Any manual modification done to this file will be lost when the c
   6:../Dave/Generated/ADC_MEASUREMENT/adc_measurement_conf.c **** ***************************************************************************************************
   7:../Dave/Generated/ADC_MEASUREMENT/adc_measurement_conf.c **** 
   8:../Dave/Generated/ADC_MEASUREMENT/adc_measurement_conf.c **** /* @cond
   9:../Dave/Generated/ADC_MEASUREMENT/adc_measurement_conf.c ****  **************************************************************************************************
  10:../Dave/Generated/ADC_MEASUREMENT/adc_measurement_conf.c ****  *
  11:../Dave/Generated/ADC_MEASUREMENT/adc_measurement_conf.c ****  * Copyright (c) 2015, Infineon Technologies AG
  12:../Dave/Generated/ADC_MEASUREMENT/adc_measurement_conf.c ****  * All rights reserved.
  13:../Dave/Generated/ADC_MEASUREMENT/adc_measurement_conf.c ****  *
  14:../Dave/Generated/ADC_MEASUREMENT/adc_measurement_conf.c ****  * Redistribution and use in source and binary forms, with or without modification,are permitted pr
  15:../Dave/Generated/ADC_MEASUREMENT/adc_measurement_conf.c ****  * following conditions are met:
  16:../Dave/Generated/ADC_MEASUREMENT/adc_measurement_conf.c ****  *
  17:../Dave/Generated/ADC_MEASUREMENT/adc_measurement_conf.c ****  *   Redistributions of source code must retain the above copyright notice, this list of conditions
  18:../Dave/Generated/ADC_MEASUREMENT/adc_measurement_conf.c ****  *   disclaimer.
  19:../Dave/Generated/ADC_MEASUREMENT/adc_measurement_conf.c ****  *
  20:../Dave/Generated/ADC_MEASUREMENT/adc_measurement_conf.c ****  *   Redistributions in binary form must reproduce the above copyright notice, this list of conditi
  21:../Dave/Generated/ADC_MEASUREMENT/adc_measurement_conf.c ****  *   following disclaimer in the documentation and/or other materials provided with the distributio
  22:../Dave/Generated/ADC_MEASUREMENT/adc_measurement_conf.c ****  *
  23:../Dave/Generated/ADC_MEASUREMENT/adc_measurement_conf.c ****  *   Neither the name of the copyright holders nor the names of its contributors may be used to end
  24:../Dave/Generated/ADC_MEASUREMENT/adc_measurement_conf.c ****  *   products derived from this software without specific prior written permission.
  25:../Dave/Generated/ADC_MEASUREMENT/adc_measurement_conf.c ****  *
  26:../Dave/Generated/ADC_MEASUREMENT/adc_measurement_conf.c ****  * THIS SOFTWARE IS PROVIDED BY THE COPYRIGHT HOLDERS AND CONTRIBUTORS "AS IS" AND ANY EXPRESS OR I
  27:../Dave/Generated/ADC_MEASUREMENT/adc_measurement_conf.c ****  * INCLUDING, BUT NOT LIMITED TO, THE IMPLIED WARRANTIES OF MERCHANTABILITY AND FITNESS FOR A PARTI
  28:../Dave/Generated/ADC_MEASUREMENT/adc_measurement_conf.c ****  * DISCLAIMED. IN NO EVENT SHALL THE COPYRIGHT HOLDER OR CONTRIBUTORS BE LIABLE  FOR ANY DIRECT, IN
  29:../Dave/Generated/ADC_MEASUREMENT/adc_measurement_conf.c ****  * SPECIAL, EXEMPLARY, OR CONSEQUENTIAL DAMAGES (INCLUDING, BUT NOT LIMITED TO, PROCUREMENT OF SUBS
  30:../Dave/Generated/ADC_MEASUREMENT/adc_measurement_conf.c ****  * SERVICES; LOSS OF USE, DATA, OR PROFITS; OR BUSINESS INTERRUPTION) HOWEVER CAUSED AND ON ANY THE
  31:../Dave/Generated/ADC_MEASUREMENT/adc_measurement_conf.c ****  * WHETHER IN CONTRACT, STRICT LIABILITY,OR TORT (INCLUDING NEGLIGENCE OR OTHERWISE) ARISING IN ANY
  32:../Dave/Generated/ADC_MEASUREMENT/adc_measurement_conf.c ****  * USE OF THIS SOFTWARE, EVEN IF ADVISED OF THE POSSIBILITY OF SUCH DAMAGE.
  33:../Dave/Generated/ADC_MEASUREMENT/adc_measurement_conf.c ****  *
  34:../Dave/Generated/ADC_MEASUREMENT/adc_measurement_conf.c ****  * To improve the quality of the software, users are encouraged to share modifications, enhancement
  35:../Dave/Generated/ADC_MEASUREMENT/adc_measurement_conf.c ****  * with Infineon Technologies AG (dave@infineon.com).
  36:../Dave/Generated/ADC_MEASUREMENT/adc_measurement_conf.c ****  **************************************************************************************************
  37:../Dave/Generated/ADC_MEASUREMENT/adc_measurement_conf.c ****  *
  38:../Dave/Generated/ADC_MEASUREMENT/adc_measurement_conf.c ****  * Change History
  39:../Dave/Generated/ADC_MEASUREMENT/adc_measurement_conf.c ****  * --------------
  40:../Dave/Generated/ADC_MEASUREMENT/adc_measurement_conf.c ****  *
  41:../Dave/Generated/ADC_MEASUREMENT/adc_measurement_conf.c ****  * 2015-02-16:
  42:../Dave/Generated/ADC_MEASUREMENT/adc_measurement_conf.c ****  *     - Initial version for DAVEv4.<BR>
  43:../Dave/Generated/ADC_MEASUREMENT/adc_measurement_conf.c ****  *
  44:../Dave/Generated/ADC_MEASUREMENT/adc_measurement_conf.c ****  * 2015-02-19:
  45:../Dave/Generated/ADC_MEASUREMENT/adc_measurement_conf.c ****  *     - Added GetResult APIs for XMC1100 devices.
  46:../Dave/Generated/ADC_MEASUREMENT/adc_measurement_conf.c ****  *
  47:../Dave/Generated/ADC_MEASUREMENT/adc_measurement_conf.c ****  * 2015-05-14:
  48:../Dave/Generated/ADC_MEASUREMENT/adc_measurement_conf.c ****  *     - Optimized the Manifest.<BR>
  49:../Dave/Generated/ADC_MEASUREMENT/adc_measurement_conf.c ****  *     - Modified the structure ADC_MEASUREMENT_channel_t to ADC_MEASUREMENT_CHANNEL_t.<BR>
  50:../Dave/Generated/ADC_MEASUREMENT/adc_measurement_conf.c ****  *
  51:../Dave/Generated/ADC_MEASUREMENT/adc_measurement_conf.c ****  * 2015-06-26:
  52:../Dave/Generated/ADC_MEASUREMENT/adc_measurement_conf.c ****  *     - Added input class resource consumption.<BR>
  53:../Dave/Generated/ADC_MEASUREMENT/adc_measurement_conf.c ****  *
  54:../Dave/Generated/ADC_MEASUREMENT/adc_measurement_conf.c ****  * 2015-07-09:
  55:../Dave/Generated/ADC_MEASUREMENT/adc_measurement_conf.c ****  *     - Documentation updated.<BR>
  56:../Dave/Generated/ADC_MEASUREMENT/adc_measurement_conf.c ****  *
  57:../Dave/Generated/ADC_MEASUREMENT/adc_measurement_conf.c ****  * @endcond
  58:../Dave/Generated/ADC_MEASUREMENT/adc_measurement_conf.c ****  *
  59:../Dave/Generated/ADC_MEASUREMENT/adc_measurement_conf.c ****  */
  60:../Dave/Generated/ADC_MEASUREMENT/adc_measurement_conf.c **** 
  61:../Dave/Generated/ADC_MEASUREMENT/adc_measurement_conf.c **** /**************************************************************************************************
  62:../Dave/Generated/ADC_MEASUREMENT/adc_measurement_conf.c ****  * HEADER FILES
  63:../Dave/Generated/ADC_MEASUREMENT/adc_measurement_conf.c ****  **************************************************************************************************
  64:../Dave/Generated/ADC_MEASUREMENT/adc_measurement_conf.c **** 
  65:../Dave/Generated/ADC_MEASUREMENT/adc_measurement_conf.c **** #include "adc_measurement.h"
  66:../Dave/Generated/ADC_MEASUREMENT/adc_measurement_conf.c **** 
  67:../Dave/Generated/ADC_MEASUREMENT/adc_measurement_conf.c **** /**************************************************************************************************
  68:../Dave/Generated/ADC_MEASUREMENT/adc_measurement_conf.c **** * DATA STRUCTURES
  69:../Dave/Generated/ADC_MEASUREMENT/adc_measurement_conf.c **** ***************************************************************************************************
  70:../Dave/Generated/ADC_MEASUREMENT/adc_measurement_conf.c **** 
  71:../Dave/Generated/ADC_MEASUREMENT/adc_measurement_conf.c **** /**
  72:../Dave/Generated/ADC_MEASUREMENT/adc_measurement_conf.c ****  * The Result Event Node configurations are done by this API and is invoked from ADC_MEASUREMENT_In
  73:../Dave/Generated/ADC_MEASUREMENT/adc_measurement_conf.c ****  */
  74:../Dave/Generated/ADC_MEASUREMENT/adc_measurement_conf.c ****   void ADC_IN_mux_config(void)
  75:../Dave/Generated/ADC_MEASUREMENT/adc_measurement_conf.c ****   {
  27              	 .loc 1 75 0
  28              	 .cfi_startproc
  29              	 
  30              	 
  31 0000 80B5     	 push {r7,lr}
  32              	.LCFI0:
  33              	 .cfi_def_cfa_offset 8
  34              	 .cfi_offset 7,-8
  35              	 .cfi_offset 14,-4
  36 0002 00AF     	 add r7,sp,#0
  37              	.LCFI1:
  38              	 .cfi_def_cfa_register 7
  76:../Dave/Generated/ADC_MEASUREMENT/adc_measurement_conf.c **** 
  77:../Dave/Generated/ADC_MEASUREMENT/adc_measurement_conf.c ****     /* Result Event Node Mux Configuration for Channel_A (Group-0 channel-4 Result_Register-8)*/
  78:../Dave/Generated/ADC_MEASUREMENT/adc_measurement_conf.c ****     XMC_VADC_GROUP_SetResultInterruptNode(VADC_G0,8,XMC_VADC_SR_SHARED_SR2);
  39              	 .loc 1 78 0
  40 0004 0548     	 ldr r0,.L2
  41 0006 0821     	 movs r1,#8
  42 0008 0622     	 movs r2,#6
  43 000a FFF7FEFF 	 bl XMC_VADC_GROUP_SetResultInterruptNode
  79:../Dave/Generated/ADC_MEASUREMENT/adc_measurement_conf.c **** 
  80:../Dave/Generated/ADC_MEASUREMENT/adc_measurement_conf.c ****     /* Result Event Node Mux Configuration for Channel_B (Group-0 channel-0 Result_Register-5)*/
  81:../Dave/Generated/ADC_MEASUREMENT/adc_measurement_conf.c ****     XMC_VADC_GROUP_SetResultInterruptNode(VADC_G0,5,XMC_VADC_SR_GROUP_SR3);
  44              	 .loc 1 81 0
  45 000e 0348     	 ldr r0,.L2
  46 0010 0521     	 movs r1,#5
  47 0012 0322     	 movs r2,#3
  48 0014 FFF7FEFF 	 bl XMC_VADC_GROUP_SetResultInterruptNode
  82:../Dave/Generated/ADC_MEASUREMENT/adc_measurement_conf.c **** 
  83:../Dave/Generated/ADC_MEASUREMENT/adc_measurement_conf.c ****   }
  49              	 .loc 1 83 0
  50 0018 80BD     	 pop {r7,pc}
  51              	.L3:
  52 001a 00BF     	 .align 2
  53              	.L2:
  54 001c 00440040 	 .word 1073759232
  55              	 .cfi_endproc
  56              	.LFE213:
  58              	 .global global_iclass_config
  59              	 .section .rodata.global_iclass_config,"a",%progbits
  60              	 .align 2
  63              	global_iclass_config:
  64 0000 02       	 .byte 2
  65 0001 00       	 .byte 0
  66 0002 0000     	 .space 2
  67              	 .global Channel_A_ch_config
  68              	 .section .data.Channel_A_ch_config,"aw",%progbits
  69              	 .align 2
  72              	Channel_A_ch_config:
  73 0000 03       	 .byte 3
  74 0001 00       	 .byte 0
  75 0002 28       	 .byte 40
  76 0003 00       	 .byte 0
  77 0004 00000000 	 .word 0
  78 0008 00000000 	 .space 4
  79 000c 00       	 .byte 0
  80 000d FF       	 .byte -1
  81 000e 0000     	 .space 2
  82              	 .global Channel_A_res_config
  83              	 .section .data.Channel_A_res_config,"aw",%progbits
  84              	 .align 2
  87              	Channel_A_res_config:
  88 0000 0000     	 .space 2
  89 0002 00       	 .byte 0
  90 0003 80       	 .byte 128
  91              	 .global ADC_MEASUREMENT_Channel_A_handle
  92              	 .section .data.ADC_MEASUREMENT_Channel_A_handle,"aw",%progbits
  93              	 .align 2
  96              	ADC_MEASUREMENT_Channel_A_handle:
  97 0000 00000000 	 .word Channel_A_ch_config
  98 0004 00000000 	 .word Channel_A_res_config
  99 0008 00440040 	 .word 1073759232
 100 000c 00       	 .byte 0
 101 000d 04       	 .byte 4
 102 000e 0000     	 .space 2
 103              	 .global Channel_B_ch_config
 104              	 .section .data.Channel_B_ch_config,"aw",%progbits
 105              	 .align 2
 108              	Channel_B_ch_config:
 109 0000 03       	 .byte 3
 110 0001 00       	 .byte 0
 111 0002 25       	 .byte 37
 112 0003 00       	 .byte 0
 113 0004 00000000 	 .word 0
 114 0008 00000000 	 .space 4
 115 000c 00       	 .byte 0
 116 000d 03       	 .byte 3
 117 000e 0000     	 .space 2
 118              	 .global Channel_B_res_config
 119              	 .section .data.Channel_B_res_config,"aw",%progbits
 120              	 .align 2
 123              	Channel_B_res_config:
 124 0000 0000     	 .space 2
 125 0002 00       	 .byte 0
 126 0003 80       	 .byte 128
 127              	 .global ADC_MEASUREMENT_Channel_B_handle
 128              	 .section .data.ADC_MEASUREMENT_Channel_B_handle,"aw",%progbits
 129              	 .align 2
 132              	ADC_MEASUREMENT_Channel_B_handle:
 133 0000 00000000 	 .word Channel_B_ch_config
 134 0004 00000000 	 .word Channel_B_res_config
 135 0008 00440040 	 .word 1073759232
 136 000c 00       	 .byte 0
 137 000d 00       	 .byte 0
 138 000e 0000     	 .space 2
 139              	 .global ADC_MEASUREMENT_channel_array
 140              	 .section .data.ADC_MEASUREMENT_channel_array,"aw",%progbits
 141              	 .align 2
 144              	ADC_MEASUREMENT_channel_array:
 145 0000 00000000 	 .word ADC_MEASUREMENT_Channel_A_handle
 146 0004 00000000 	 .word ADC_MEASUREMENT_Channel_B_handle
 147              	 .global backgnd_config
 148              	 .section .rodata.backgnd_config,"a",%progbits
 149              	 .align 2
 152              	backgnd_config:
 153 0000 05       	 .byte 5
 154 0001 000000   	 .space 3
 155 0004 00       	 .space 1
 156 0005 42       	 .byte 66
 157 0006 00       	 .byte 0
 158 0007 00       	 .byte 0
 159 0008 04       	 .byte 4
 160 0009 000000   	 .space 3
 161              	 .global ADC_IN
 162              	 .section .data.ADC_IN,"aw",%progbits
 163              	 .align 2
 166              	ADC_IN:
 167 0000 00000000 	 .word ADC_MEASUREMENT_channel_array
 168 0004 00000000 	 .word backgnd_config
 169 0008 00000000 	 .word global_iclass_config
 170 000c 00000000 	 .word GLOBAL_ADC_0
 171 0010 00000000 	 .word 0
 172 0014 00000000 	 .word ADC_IN_mux_config
 173 0018 02       	 .byte 2
 174 0019 04       	 .byte 4
 175 001a 00       	 .byte 0
 176 001b 00       	 .space 1
 177              	 .text
 178              	.Letext0:
 179              	 .file 2 "c:\\davev4-64bit\\dave-4.2.6\\eclipse\\arm-gcc-49\\arm-none-eabi\\include\\machine\\_default_types.h"
 180              	 .file 3 "c:\\davev4-64bit\\dave-4.2.6\\eclipse\\arm-gcc-49\\arm-none-eabi\\include\\stdint.h"
 181              	 .file 4 "C:\\Users\\Depes Crystalline\\Desktop\\school\\Active_Bike_Lighting_System\\Radar_Core/Libraries/CMSIS/Infineon/XMC4200_series/Include/XMC4200.h"
 182              	 .file 5 "C:\\Users\\Depes Crystalline\\Desktop\\school\\Active_Bike_Lighting_System\\Radar_Core\\Libraries\\XMCLib\\inc/xmc_vadc.h"
 183              	 .file 6 "C:\\Users\\Depes Crystalline\\Desktop\\school\\Active_Bike_Lighting_System\\Radar_Core\\Dave\\Generated/GLOBAL_ADC/global_adc.h"
 184              	 .file 7 "../Dave/Generated/ADC_MEASUREMENT/adc_measurement.h"
 185              	 .file 8 "C:\\Users\\Depes Crystalline\\Desktop\\school\\Active_Bike_Lighting_System\\Radar_Core/Libraries/CMSIS/Include/core_cm4.h"
 186              	 .file 9 "C:\\Users\\Depes Crystalline\\Desktop\\school\\Active_Bike_Lighting_System\\Radar_Core/Libraries/CMSIS/Infineon/XMC4200_series/Include/system_XMC4200.h"
 187              	 .file 10 "C:\\Users\\Depes Crystalline\\Desktop\\school\\Active_Bike_Lighting_System\\Radar_Core\\Dave\\Generated/GLOBAL_ADC/global_adc_extern.h"
DEFINED SYMBOLS
                            *ABS*:00000000 adc_measurement_conf.c
    {standard input}:19     .text.ADC_IN_mux_config:00000000 $t
    {standard input}:24     .text.ADC_IN_mux_config:00000000 ADC_IN_mux_config
    {standard input}:54     .text.ADC_IN_mux_config:0000001c $d
    {standard input}:63     .rodata.global_iclass_config:00000000 global_iclass_config
    {standard input}:60     .rodata.global_iclass_config:00000000 $d
    {standard input}:72     .data.Channel_A_ch_config:00000000 Channel_A_ch_config
    {standard input}:69     .data.Channel_A_ch_config:00000000 $d
    {standard input}:87     .data.Channel_A_res_config:00000000 Channel_A_res_config
    {standard input}:84     .data.Channel_A_res_config:00000000 $d
    {standard input}:96     .data.ADC_MEASUREMENT_Channel_A_handle:00000000 ADC_MEASUREMENT_Channel_A_handle
    {standard input}:93     .data.ADC_MEASUREMENT_Channel_A_handle:00000000 $d
    {standard input}:108    .data.Channel_B_ch_config:00000000 Channel_B_ch_config
    {standard input}:105    .data.Channel_B_ch_config:00000000 $d
    {standard input}:123    .data.Channel_B_res_config:00000000 Channel_B_res_config
    {standard input}:120    .data.Channel_B_res_config:00000000 $d
    {standard input}:132    .data.ADC_MEASUREMENT_Channel_B_handle:00000000 ADC_MEASUREMENT_Channel_B_handle
    {standard input}:129    .data.ADC_MEASUREMENT_Channel_B_handle:00000000 $d
    {standard input}:144    .data.ADC_MEASUREMENT_channel_array:00000000 ADC_MEASUREMENT_channel_array
    {standard input}:141    .data.ADC_MEASUREMENT_channel_array:00000000 $d
    {standard input}:152    .rodata.backgnd_config:00000000 backgnd_config
    {standard input}:149    .rodata.backgnd_config:00000000 $d
    {standard input}:166    .data.ADC_IN:00000000 ADC_IN
    {standard input}:163    .data.ADC_IN:00000000 $d
                     .debug_frame:00000010 $d

UNDEFINED SYMBOLS
XMC_VADC_GROUP_SetResultInterruptNode
GLOBAL_ADC_0
