   1              	 .syntax unified
   2              	 .cpu cortex-m4
   3              	 .fpu softvfp
   4              	 .eabi_attribute 20,1
   5              	 .eabi_attribute 21,1
   6              	 .eabi_attribute 23,3
   7              	 .eabi_attribute 24,1
   8              	 .eabi_attribute 25,1
   9              	 .eabi_attribute 26,1
  10              	 .eabi_attribute 30,6
  11              	 .eabi_attribute 34,1
  12              	 .eabi_attribute 18,4
  13              	 .thumb
  14              	 .file "dma_ch.c"
  15              	 .text
  16              	.Ltext0:
  17              	 .cfi_sections .debug_frame
  18              	 .section .text.DMA_CH_GetAppVersion,"ax",%progbits
  19              	 .align 2
  20              	 .global DMA_CH_GetAppVersion
  21              	 .thumb
  22              	 .thumb_func
  24              	DMA_CH_GetAppVersion:
  25              	.LFB152:
  26              	 .file 1 "../Dave/Generated/DMA_CH/dma_ch.c"
   1:../Dave/Generated/DMA_CH/dma_ch.c **** 
   2:../Dave/Generated/DMA_CH/dma_ch.c **** /**
   3:../Dave/Generated/DMA_CH/dma_ch.c ****  * @file dma_ch.c
   4:../Dave/Generated/DMA_CH/dma_ch.c ****  * @date 2015-07-09
   5:../Dave/Generated/DMA_CH/dma_ch.c ****  *
   6:../Dave/Generated/DMA_CH/dma_ch.c ****  * NOTE:
   7:../Dave/Generated/DMA_CH/dma_ch.c ****  * This file is generated by DAVE. Any manual modification done to this file will be lost when the 
   8:../Dave/Generated/DMA_CH/dma_ch.c ****  *
   9:../Dave/Generated/DMA_CH/dma_ch.c ****  * @cond
  10:../Dave/Generated/DMA_CH/dma_ch.c ****  **************************************************************************************************
  11:../Dave/Generated/DMA_CH/dma_ch.c ****  * DMA_CH v4.1.4 - Perform single and multi-block data transfer using the GPDMA module
  12:../Dave/Generated/DMA_CH/dma_ch.c ****  *
  13:../Dave/Generated/DMA_CH/dma_ch.c ****  * Copyright (c) 2015, Infineon Technologies AG
  14:../Dave/Generated/DMA_CH/dma_ch.c ****  * All rights reserved.
  15:../Dave/Generated/DMA_CH/dma_ch.c ****  *
  16:../Dave/Generated/DMA_CH/dma_ch.c ****  * Redistribution and use in source and binary forms, with or without modification,are permitted pr
  17:../Dave/Generated/DMA_CH/dma_ch.c ****  * following conditions are met:
  18:../Dave/Generated/DMA_CH/dma_ch.c ****  *
  19:../Dave/Generated/DMA_CH/dma_ch.c ****  *   Redistributions of source code must retain the above copyright notice, this list of conditions
  20:../Dave/Generated/DMA_CH/dma_ch.c ****  *   disclaimer.
  21:../Dave/Generated/DMA_CH/dma_ch.c ****  *
  22:../Dave/Generated/DMA_CH/dma_ch.c ****  *   Redistributions in binary form must reproduce the above copyright notice, this list of conditi
  23:../Dave/Generated/DMA_CH/dma_ch.c ****  *   following disclaimer in the documentation and/or other materials provided with the distributio
  24:../Dave/Generated/DMA_CH/dma_ch.c ****  *
  25:../Dave/Generated/DMA_CH/dma_ch.c ****  *   Neither the name of the copyright holders nor the names of its contributors may be used to end
  26:../Dave/Generated/DMA_CH/dma_ch.c ****  *   products derived from this software without specific prior written permission.
  27:../Dave/Generated/DMA_CH/dma_ch.c ****  *
  28:../Dave/Generated/DMA_CH/dma_ch.c ****  * THIS SOFTWARE IS PROVIDED BY THE COPYRIGHT HOLDERS AND CONTRIBUTORS "AS IS" AND ANY EXPRESS OR I
  29:../Dave/Generated/DMA_CH/dma_ch.c ****  * INCLUDING, BUT NOT LIMITED TO, THE IMPLIED WARRANTIES OF MERCHANTABILITY AND FITNESS FOR A PARTI
  30:../Dave/Generated/DMA_CH/dma_ch.c ****  * DISCLAIMED. IN NO EVENT SHALL THE COPYRIGHT HOLDER OR CONTRIBUTORS BE LIABLE  FOR ANY DIRECT, IN
  31:../Dave/Generated/DMA_CH/dma_ch.c ****  * SPECIAL, EXEMPLARY, OR CONSEQUENTIAL DAMAGES (INCLUDING, BUT NOT LIMITED TO, PROCUREMENT OF SUBS
  32:../Dave/Generated/DMA_CH/dma_ch.c ****  * SERVICES; LOSS OF USE, DATA, OR PROFITS; OR BUSINESS INTERRUPTION) HOWEVER CAUSED AND ON ANY THE
  33:../Dave/Generated/DMA_CH/dma_ch.c ****  * WHETHER IN CONTRACT, STRICT LIABILITY,OR TORT (INCLUDING NEGLIGENCE OR OTHERWISE) ARISING IN ANY
  34:../Dave/Generated/DMA_CH/dma_ch.c ****  * USE OF THIS SOFTWARE, EVEN IF ADVISED OF THE POSSIBILITY OF SUCH DAMAGE.
  35:../Dave/Generated/DMA_CH/dma_ch.c ****  *
  36:../Dave/Generated/DMA_CH/dma_ch.c ****  * To improve the quality of the software, users are encouraged to share modifications, enhancement
  37:../Dave/Generated/DMA_CH/dma_ch.c ****  * with Infineon Technologies AG (dave@infineon.com).
  38:../Dave/Generated/DMA_CH/dma_ch.c ****  **************************************************************************************************
  39:../Dave/Generated/DMA_CH/dma_ch.c ****  *
  40:../Dave/Generated/DMA_CH/dma_ch.c ****  * Change History
  41:../Dave/Generated/DMA_CH/dma_ch.c ****  * --------------
  42:../Dave/Generated/DMA_CH/dma_ch.c ****  *
  43:../Dave/Generated/DMA_CH/dma_ch.c ****  * 2015-02-20:
  44:../Dave/Generated/DMA_CH/dma_ch.c ****  *     - Initial version <br>
  45:../Dave/Generated/DMA_CH/dma_ch.c ****  *
  46:../Dave/Generated/DMA_CH/dma_ch.c ****  * 2015-04-15:
  47:../Dave/Generated/DMA_CH/dma_ch.c ****  *     - Handle src/dst address updates with new APIs in DMA LLD <br>
  48:../Dave/Generated/DMA_CH/dma_ch.c ****  *     - Documentation updates <br>
  49:../Dave/Generated/DMA_CH/dma_ch.c ****  *
  50:../Dave/Generated/DMA_CH/dma_ch.c ****  * 2015-05-20:
  51:../Dave/Generated/DMA_CH/dma_ch.c ****  *     - Some of the functions are now static inline <br>
  52:../Dave/Generated/DMA_CH/dma_ch.c ****  *     - Type changes in formal arguments <br>
  53:../Dave/Generated/DMA_CH/dma_ch.c ****  *
  54:../Dave/Generated/DMA_CH/dma_ch.c ****  * 2015-06-20:
  55:../Dave/Generated/DMA_CH/dma_ch.c ****  *     - Renamed Channelconfiguration to reload <br>
  56:../Dave/Generated/DMA_CH/dma_ch.c ****  *
  57:../Dave/Generated/DMA_CH/dma_ch.c ****  * @endcond
  58:../Dave/Generated/DMA_CH/dma_ch.c ****  */
  59:../Dave/Generated/DMA_CH/dma_ch.c ****  
  60:../Dave/Generated/DMA_CH/dma_ch.c **** /**************************************************************************************************
  61:../Dave/Generated/DMA_CH/dma_ch.c ****  * HEADER FILES
  62:../Dave/Generated/DMA_CH/dma_ch.c ****  **************************************************************************************************
  63:../Dave/Generated/DMA_CH/dma_ch.c **** 
  64:../Dave/Generated/DMA_CH/dma_ch.c **** #include "dma_ch.h"
  65:../Dave/Generated/DMA_CH/dma_ch.c **** #include "dma_ch_conf.h"
  66:../Dave/Generated/DMA_CH/dma_ch.c **** 
  67:../Dave/Generated/DMA_CH/dma_ch.c **** /**************************************************************************************************
  68:../Dave/Generated/DMA_CH/dma_ch.c ****  * MACROS
  69:../Dave/Generated/DMA_CH/dma_ch.c ****  **************************************************************************************************
  70:../Dave/Generated/DMA_CH/dma_ch.c **** 
  71:../Dave/Generated/DMA_CH/dma_ch.c **** /**************************************************************************************************
  72:../Dave/Generated/DMA_CH/dma_ch.c ****  * LOCAL DATA
  73:../Dave/Generated/DMA_CH/dma_ch.c ****  **************************************************************************************************
  74:../Dave/Generated/DMA_CH/dma_ch.c **** 
  75:../Dave/Generated/DMA_CH/dma_ch.c **** /**************************************************************************************************
  76:../Dave/Generated/DMA_CH/dma_ch.c ****  * LOCAL ROUTINES
  77:../Dave/Generated/DMA_CH/dma_ch.c ****  **************************************************************************************************
  78:../Dave/Generated/DMA_CH/dma_ch.c **** 
  79:../Dave/Generated/DMA_CH/dma_ch.c **** /**************************************************************************************************
  80:../Dave/Generated/DMA_CH/dma_ch.c ****  * API IMPLEMENTATION
  81:../Dave/Generated/DMA_CH/dma_ch.c ****  **************************************************************************************************
  82:../Dave/Generated/DMA_CH/dma_ch.c **** 
  83:../Dave/Generated/DMA_CH/dma_ch.c **** /* Retrieve the version of the DMA_CH App */
  84:../Dave/Generated/DMA_CH/dma_ch.c **** DAVE_APP_VERSION_t DMA_CH_GetAppVersion(void)
  85:../Dave/Generated/DMA_CH/dma_ch.c **** {
  27              	 .loc 1 85 0
  28              	 .cfi_startproc
  29              	 
  30              	 
  31              	 
  32 0000 80B4     	 push {r7}
  33              	.LCFI0:
  34              	 .cfi_def_cfa_offset 4
  35              	 .cfi_offset 7,-4
  36 0002 83B0     	 sub sp,sp,#12
  37              	.LCFI1:
  38              	 .cfi_def_cfa_offset 16
  39 0004 00AF     	 add r7,sp,#0
  40              	.LCFI2:
  41              	 .cfi_def_cfa_register 7
  86:../Dave/Generated/DMA_CH/dma_ch.c ****   DAVE_APP_VERSION_t version;
  87:../Dave/Generated/DMA_CH/dma_ch.c **** 
  88:../Dave/Generated/DMA_CH/dma_ch.c ****   version.major = DMA_CH_MAJOR_VERSION;
  42              	 .loc 1 88 0
  43 0006 0423     	 movs r3,#4
  44 0008 3B70     	 strb r3,[r7]
  89:../Dave/Generated/DMA_CH/dma_ch.c ****   version.minor = DMA_CH_MINOR_VERSION;
  45              	 .loc 1 89 0
  46 000a 0123     	 movs r3,#1
  47 000c 7B70     	 strb r3,[r7,#1]
  90:../Dave/Generated/DMA_CH/dma_ch.c ****   version.patch = DMA_CH_PATCH_VERSION;
  48              	 .loc 1 90 0
  49 000e 0423     	 movs r3,#4
  50 0010 BB70     	 strb r3,[r7,#2]
  91:../Dave/Generated/DMA_CH/dma_ch.c **** 
  92:../Dave/Generated/DMA_CH/dma_ch.c ****   return version;
  51              	 .loc 1 92 0
  52 0012 3B1D     	 adds r3,r7,#4
  53 0014 3A46     	 mov r2,r7
  54 0016 1268     	 ldr r2,[r2]
  55 0018 1146     	 mov r1,r2
  56 001a 1980     	 strh r1,[r3]
  57 001c 0233     	 adds r3,r3,#2
  58 001e 120C     	 lsrs r2,r2,#16
  59 0020 1A70     	 strb r2,[r3]
  60 0022 0023     	 movs r3,#0
  61 0024 3A79     	 ldrb r2,[r7,#4]
  62 0026 62F30703 	 bfi r3,r2,#0,#8
  63 002a 7A79     	 ldrb r2,[r7,#5]
  64 002c 62F30F23 	 bfi r3,r2,#8,#8
  65 0030 BA79     	 ldrb r2,[r7,#6]
  66 0032 62F31743 	 bfi r3,r2,#16,#8
  93:../Dave/Generated/DMA_CH/dma_ch.c **** }
  67              	 .loc 1 93 0
  68 0036 1846     	 mov r0,r3
  69 0038 0C37     	 adds r7,r7,#12
  70              	.LCFI3:
  71              	 .cfi_def_cfa_offset 4
  72 003a BD46     	 mov sp,r7
  73              	.LCFI4:
  74              	 .cfi_def_cfa_register 13
  75              	 
  76 003c 5DF8047B 	 ldr r7,[sp],#4
  77              	.LCFI5:
  78              	 .cfi_restore 7
  79              	 .cfi_def_cfa_offset 0
  80 0040 7047     	 bx lr
  81              	 .cfi_endproc
  82              	.LFE152:
  84 0042 00BF     	 .section .text.DMA_CH_Init,"ax",%progbits
  85              	 .align 2
  86              	 .global DMA_CH_Init
  87              	 .thumb
  88              	 .thumb_func
  90              	DMA_CH_Init:
  91              	.LFB153:
  94:../Dave/Generated/DMA_CH/dma_ch.c **** 
  95:../Dave/Generated/DMA_CH/dma_ch.c **** /* DMA_CH initialization function */
  96:../Dave/Generated/DMA_CH/dma_ch.c **** DMA_CH_STATUS_t DMA_CH_Init(DMA_CH_t *const obj)
  97:../Dave/Generated/DMA_CH/dma_ch.c **** {
  92              	 .loc 1 97 0
  93              	 .cfi_startproc
  94              	 
  95              	 
  96 0000 80B5     	 push {r7,lr}
  97              	.LCFI6:
  98              	 .cfi_def_cfa_offset 8
  99              	 .cfi_offset 7,-8
 100              	 .cfi_offset 14,-4
 101 0002 84B0     	 sub sp,sp,#16
 102              	.LCFI7:
 103              	 .cfi_def_cfa_offset 24
 104 0004 00AF     	 add r7,sp,#0
 105              	.LCFI8:
 106              	 .cfi_def_cfa_register 7
 107 0006 7860     	 str r0,[r7,#4]
  98:../Dave/Generated/DMA_CH/dma_ch.c ****   DMA_CH_STATUS_t status;
  99:../Dave/Generated/DMA_CH/dma_ch.c **** 
 100:../Dave/Generated/DMA_CH/dma_ch.c ****   XMC_ASSERT("DMA_CH_Init: NULL DMA_CH_t object", (obj != NULL));
 101:../Dave/Generated/DMA_CH/dma_ch.c **** 
 102:../Dave/Generated/DMA_CH/dma_ch.c ****   /* This cannot possibly fail! */
 103:../Dave/Generated/DMA_CH/dma_ch.c ****   GLOBAL_DMA_Init(obj->dma_global);
 108              	 .loc 1 103 0
 109 0008 7B68     	 ldr r3,[r7,#4]
 110 000a 1B68     	 ldr r3,[r3]
 111 000c 1846     	 mov r0,r3
 112 000e FFF7FEFF 	 bl GLOBAL_DMA_Init
 104:../Dave/Generated/DMA_CH/dma_ch.c **** 
 105:../Dave/Generated/DMA_CH/dma_ch.c ****   if (XMC_DMA_CH_Init(obj->dma_global->dma, obj->ch_num, &obj->config->ch_config) == XMC_DMA_CH_STA
 113              	 .loc 1 105 0
 114 0012 7B68     	 ldr r3,[r7,#4]
 115 0014 1B68     	 ldr r3,[r3]
 116 0016 1968     	 ldr r1,[r3]
 117 0018 7B68     	 ldr r3,[r7,#4]
 118 001a 1A7B     	 ldrb r2,[r3,#12]
 119 001c 7B68     	 ldr r3,[r7,#4]
 120 001e 5B68     	 ldr r3,[r3,#4]
 121 0020 0846     	 mov r0,r1
 122 0022 1146     	 mov r1,r2
 123 0024 1A46     	 mov r2,r3
 124 0026 FFF7FEFF 	 bl XMC_DMA_CH_Init
 125 002a 0346     	 mov r3,r0
 126 002c 002B     	 cmp r3,#0
 127 002e 06D1     	 bne .L4
 106:../Dave/Generated/DMA_CH/dma_ch.c ****   {
 107:../Dave/Generated/DMA_CH/dma_ch.c ****     obj->reload(obj);
 128              	 .loc 1 107 0
 129 0030 7B68     	 ldr r3,[r7,#4]
 130 0032 9B68     	 ldr r3,[r3,#8]
 131 0034 7868     	 ldr r0,[r7,#4]
 132 0036 9847     	 blx r3
 108:../Dave/Generated/DMA_CH/dma_ch.c ****     status = DMA_CH_STATUS_SUCCESS;
 133              	 .loc 1 108 0
 134 0038 0023     	 movs r3,#0
 135 003a FB73     	 strb r3,[r7,#15]
 136 003c 01E0     	 b .L5
 137              	.L4:
 109:../Dave/Generated/DMA_CH/dma_ch.c ****   }
 110:../Dave/Generated/DMA_CH/dma_ch.c ****   else
 111:../Dave/Generated/DMA_CH/dma_ch.c ****   {
 112:../Dave/Generated/DMA_CH/dma_ch.c ****     status = DMA_CH_STATUS_FAILURE;
 138              	 .loc 1 112 0
 139 003e 0123     	 movs r3,#1
 140 0040 FB73     	 strb r3,[r7,#15]
 141              	.L5:
 113:../Dave/Generated/DMA_CH/dma_ch.c ****   }
 114:../Dave/Generated/DMA_CH/dma_ch.c **** 
 115:../Dave/Generated/DMA_CH/dma_ch.c ****   return status;
 142              	 .loc 1 115 0
 143 0042 FB7B     	 ldrb r3,[r7,#15]
 116:../Dave/Generated/DMA_CH/dma_ch.c **** }
 144              	 .loc 1 116 0
 145 0044 1846     	 mov r0,r3
 146 0046 1037     	 adds r7,r7,#16
 147              	.LCFI9:
 148              	 .cfi_def_cfa_offset 8
 149 0048 BD46     	 mov sp,r7
 150              	.LCFI10:
 151              	 .cfi_def_cfa_register 13
 152              	 
 153 004a 80BD     	 pop {r7,pc}
 154              	 .cfi_endproc
 155              	.LFE153:
 157              	 .text
 158              	.Letext0:
 159              	 .file 2 "c:\\davev4-64bit\\dave-4.2.6\\eclipse\\arm-gcc-49\\arm-none-eabi\\include\\machine\\_default_types.h"
 160              	 .file 3 "c:\\davev4-64bit\\dave-4.2.6\\eclipse\\arm-gcc-49\\arm-none-eabi\\include\\stdint.h"
 161              	 .file 4 "C:\\Users\\Depes Crystalline\\Desktop\\school\\Active_Bike_Lighting_System\\Radar_Core/Libraries/CMSIS/Infineon/XMC4200_series/Include/XMC4200.h"
 162              	 .file 5 "C:\\Users\\Depes Crystalline\\Desktop\\school\\Active_Bike_Lighting_System\\Radar_Core\\Libraries\\XMCLib\\inc/xmc_dma.h"
 163              	 .file 6 "C:\\Users\\Depes Crystalline\\Desktop\\school\\Active_Bike_Lighting_System\\Radar_Core\\Dave\\Generated/DAVE_Common.h"
 164              	 .file 7 "../Dave/Generated/DMA_CH/../GLOBAL_DMA/global_dma.h"
 165              	 .file 8 "../Dave/Generated/DMA_CH/dma_ch.h"
 166              	 .file 9 "C:\\Users\\Depes Crystalline\\Desktop\\school\\Active_Bike_Lighting_System\\Radar_Core/Libraries/CMSIS/Include/core_cm4.h"
DEFINED SYMBOLS
                            *ABS*:00000000 dma_ch.c
    {standard input}:19     .text.DMA_CH_GetAppVersion:00000000 $t
    {standard input}:24     .text.DMA_CH_GetAppVersion:00000000 DMA_CH_GetAppVersion
    {standard input}:85     .text.DMA_CH_Init:00000000 $t
    {standard input}:90     .text.DMA_CH_Init:00000000 DMA_CH_Init
                     .debug_frame:00000010 $d

UNDEFINED SYMBOLS
GLOBAL_DMA_Init
XMC_DMA_CH_Init
