   1              	 .syntax unified
   2              	 .cpu cortex-m4
   3              	 .fpu softvfp
   4              	 .eabi_attribute 20,1
   5              	 .eabi_attribute 21,1
   6              	 .eabi_attribute 23,3
   7              	 .eabi_attribute 24,1
   8              	 .eabi_attribute 25,1
   9              	 .eabi_attribute 26,1
  10              	 .eabi_attribute 30,6
  11              	 .eabi_attribute 34,1
  12              	 .eabi_attribute 18,4
  13              	 .thumb
  14              	 .file "digital_io.c"
  15              	 .text
  16              	.Ltext0:
  17              	 .cfi_sections .debug_frame
  18              	 .section .text.DIGITAL_IO_GetAppVersion,"ax",%progbits
  19              	 .align 2
  20              	 .global DIGITAL_IO_GetAppVersion
  21              	 .thumb
  22              	 .thumb_func
  24              	DIGITAL_IO_GetAppVersion:
  25              	.LFB141:
  26              	 .file 1 "../Dave/Generated/DIGITAL_IO/digital_io.c"
   1:../Dave/Generated/DIGITAL_IO/digital_io.c **** /**
   2:../Dave/Generated/DIGITAL_IO/digital_io.c ****  * @file digital_io.c
   3:../Dave/Generated/DIGITAL_IO/digital_io.c ****  * @date 2015-06-20
   4:../Dave/Generated/DIGITAL_IO/digital_io.c ****  *
   5:../Dave/Generated/DIGITAL_IO/digital_io.c ****  * NOTE:
   6:../Dave/Generated/DIGITAL_IO/digital_io.c ****  * This file is generated by DAVE. Any manual modification done to this file will be lost when the 
   7:../Dave/Generated/DIGITAL_IO/digital_io.c ****  *
   8:../Dave/Generated/DIGITAL_IO/digital_io.c ****  * @cond
   9:../Dave/Generated/DIGITAL_IO/digital_io.c ****  **************************************************************************************************
  10:../Dave/Generated/DIGITAL_IO/digital_io.c ****  * DIGITAL_IO v4.0.6 - The DIGITAL_IO APP is used to configure a port pin as digital Input/Output.
  11:../Dave/Generated/DIGITAL_IO/digital_io.c ****  *
  12:../Dave/Generated/DIGITAL_IO/digital_io.c ****  * Copyright (c) 2015, Infineon Technologies AG
  13:../Dave/Generated/DIGITAL_IO/digital_io.c ****  * All rights reserved.
  14:../Dave/Generated/DIGITAL_IO/digital_io.c ****  *
  15:../Dave/Generated/DIGITAL_IO/digital_io.c ****  * Redistribution and use in source and binary forms, with or without modification,are permitted pr
  16:../Dave/Generated/DIGITAL_IO/digital_io.c ****  * following conditions are met:
  17:../Dave/Generated/DIGITAL_IO/digital_io.c ****  *
  18:../Dave/Generated/DIGITAL_IO/digital_io.c ****  *   Redistributions of source code must retain the above copyright notice, this list of conditions
  19:../Dave/Generated/DIGITAL_IO/digital_io.c ****  *   disclaimer.
  20:../Dave/Generated/DIGITAL_IO/digital_io.c ****  *
  21:../Dave/Generated/DIGITAL_IO/digital_io.c ****  *   Redistributions in binary form must reproduce the above copyright notice, this list of conditi
  22:../Dave/Generated/DIGITAL_IO/digital_io.c ****  *   following disclaimer in the documentation and/or other materials provided with the distributio
  23:../Dave/Generated/DIGITAL_IO/digital_io.c ****  *
  24:../Dave/Generated/DIGITAL_IO/digital_io.c ****  *   Neither the name of the copyright holders nor the names of its contributors may be used to end
  25:../Dave/Generated/DIGITAL_IO/digital_io.c ****  *   products derived from this software without specific prior written permission.
  26:../Dave/Generated/DIGITAL_IO/digital_io.c ****  *
  27:../Dave/Generated/DIGITAL_IO/digital_io.c ****  * THIS SOFTWARE IS PROVIDED BY THE COPYRIGHT HOLDERS AND CONTRIBUTORS "AS IS" AND ANY EXPRESS OR I
  28:../Dave/Generated/DIGITAL_IO/digital_io.c ****  * INCLUDING, BUT NOT LIMITED TO, THE IMPLIED WARRANTIES OF MERCHANTABILITY AND FITNESS FOR A PARTI
  29:../Dave/Generated/DIGITAL_IO/digital_io.c ****  * DISCLAIMED. IN NO EVENT SHALL THE COPYRIGHT HOLDER OR CONTRIBUTORS BE LIABLE  FOR ANY DIRECT, IN
  30:../Dave/Generated/DIGITAL_IO/digital_io.c ****  * SPECIAL, EXEMPLARY, OR CONSEQUENTIAL DAMAGES (INCLUDING, BUT NOT LIMITED TO, PROCUREMENT OF SUBS
  31:../Dave/Generated/DIGITAL_IO/digital_io.c ****  * SERVICES; LOSS OF USE, DATA, OR PROFITS; OR BUSINESS INTERRUPTION) HOWEVER CAUSED AND ON ANY THE
  32:../Dave/Generated/DIGITAL_IO/digital_io.c ****  * WHETHER IN CONTRACT, STRICT LIABILITY,OR TORT (INCLUDING NEGLIGENCE OR OTHERWISE) ARISING IN ANY
  33:../Dave/Generated/DIGITAL_IO/digital_io.c ****  * USE OF THIS SOFTWARE, EVEN IF ADVISED OF THE POSSIBILITY OF SUCH DAMAGE.
  34:../Dave/Generated/DIGITAL_IO/digital_io.c ****  *
  35:../Dave/Generated/DIGITAL_IO/digital_io.c ****  * To improve the quality of the software, users are encouraged to share modifications, enhancement
  36:../Dave/Generated/DIGITAL_IO/digital_io.c ****  * with Infineon Technologies AG (dave@infineon.com).
  37:../Dave/Generated/DIGITAL_IO/digital_io.c ****  **************************************************************************************************
  38:../Dave/Generated/DIGITAL_IO/digital_io.c ****  *
  39:../Dave/Generated/DIGITAL_IO/digital_io.c ****  * Change History
  40:../Dave/Generated/DIGITAL_IO/digital_io.c ****  * --------------
  41:../Dave/Generated/DIGITAL_IO/digital_io.c ****  *
  42:../Dave/Generated/DIGITAL_IO/digital_io.c ****  * 2015-02-16
  43:../Dave/Generated/DIGITAL_IO/digital_io.c ****  *     - Initial version<br>
  44:../Dave/Generated/DIGITAL_IO/digital_io.c ****  *
  45:../Dave/Generated/DIGITAL_IO/digital_io.c ****  * @endcond
  46:../Dave/Generated/DIGITAL_IO/digital_io.c ****  *
  47:../Dave/Generated/DIGITAL_IO/digital_io.c ****  */
  48:../Dave/Generated/DIGITAL_IO/digital_io.c **** 
  49:../Dave/Generated/DIGITAL_IO/digital_io.c **** /**************************************************************************************************
  50:../Dave/Generated/DIGITAL_IO/digital_io.c ****  * HEADER FILES
  51:../Dave/Generated/DIGITAL_IO/digital_io.c ****  **************************************************************************************************
  52:../Dave/Generated/DIGITAL_IO/digital_io.c **** #include "digital_io.h"
  53:../Dave/Generated/DIGITAL_IO/digital_io.c **** 
  54:../Dave/Generated/DIGITAL_IO/digital_io.c **** /**************************************************************************************************
  55:../Dave/Generated/DIGITAL_IO/digital_io.c ****  * MACROS
  56:../Dave/Generated/DIGITAL_IO/digital_io.c ****  **************************************************************************************************
  57:../Dave/Generated/DIGITAL_IO/digital_io.c **** 
  58:../Dave/Generated/DIGITAL_IO/digital_io.c **** /**************************************************************************************************
  59:../Dave/Generated/DIGITAL_IO/digital_io.c ****  * LOCAL DATA
  60:../Dave/Generated/DIGITAL_IO/digital_io.c ****  **************************************************************************************************
  61:../Dave/Generated/DIGITAL_IO/digital_io.c **** 
  62:../Dave/Generated/DIGITAL_IO/digital_io.c **** /**************************************************************************************************
  63:../Dave/Generated/DIGITAL_IO/digital_io.c ****  * LOCAL ROUTINES
  64:../Dave/Generated/DIGITAL_IO/digital_io.c ****  **************************************************************************************************
  65:../Dave/Generated/DIGITAL_IO/digital_io.c **** 
  66:../Dave/Generated/DIGITAL_IO/digital_io.c ****  /*************************************************************************************************
  67:../Dave/Generated/DIGITAL_IO/digital_io.c ****  * API IMPLEMENTATION
  68:../Dave/Generated/DIGITAL_IO/digital_io.c ****  **************************************************************************************************
  69:../Dave/Generated/DIGITAL_IO/digital_io.c **** 
  70:../Dave/Generated/DIGITAL_IO/digital_io.c **** /**
  71:../Dave/Generated/DIGITAL_IO/digital_io.c **** * @brief Get DIGITAL_IO APP version
  72:../Dave/Generated/DIGITAL_IO/digital_io.c **** * @return DAVE_APP_VERSION_t APP version information (major, minor and patch number)
  73:../Dave/Generated/DIGITAL_IO/digital_io.c **** */
  74:../Dave/Generated/DIGITAL_IO/digital_io.c **** 
  75:../Dave/Generated/DIGITAL_IO/digital_io.c **** DAVE_APP_VERSION_t DIGITAL_IO_GetAppVersion(void)
  76:../Dave/Generated/DIGITAL_IO/digital_io.c **** {
  27              	 .loc 1 76 0
  28              	 .cfi_startproc
  29              	 
  30              	 
  31              	 
  32 0000 80B4     	 push {r7}
  33              	.LCFI0:
  34              	 .cfi_def_cfa_offset 4
  35              	 .cfi_offset 7,-4
  36 0002 83B0     	 sub sp,sp,#12
  37              	.LCFI1:
  38              	 .cfi_def_cfa_offset 16
  39 0004 00AF     	 add r7,sp,#0
  40              	.LCFI2:
  41              	 .cfi_def_cfa_register 7
  77:../Dave/Generated/DIGITAL_IO/digital_io.c ****   DAVE_APP_VERSION_t version;
  78:../Dave/Generated/DIGITAL_IO/digital_io.c **** 
  79:../Dave/Generated/DIGITAL_IO/digital_io.c ****   version.major = (uint8_t)DIGITAL_IO_MAJOR_VERSION;
  42              	 .loc 1 79 0
  43 0006 0423     	 movs r3,#4
  44 0008 3B70     	 strb r3,[r7]
  80:../Dave/Generated/DIGITAL_IO/digital_io.c ****   version.minor = (uint8_t)DIGITAL_IO_MINOR_VERSION;
  45              	 .loc 1 80 0
  46 000a 0023     	 movs r3,#0
  47 000c 7B70     	 strb r3,[r7,#1]
  81:../Dave/Generated/DIGITAL_IO/digital_io.c ****   version.patch = (uint8_t)DIGITAL_IO_PATCH_VERSION;
  48              	 .loc 1 81 0
  49 000e 0623     	 movs r3,#6
  50 0010 BB70     	 strb r3,[r7,#2]
  82:../Dave/Generated/DIGITAL_IO/digital_io.c **** 
  83:../Dave/Generated/DIGITAL_IO/digital_io.c ****   return (version);
  51              	 .loc 1 83 0
  52 0012 3B1D     	 adds r3,r7,#4
  53 0014 3A46     	 mov r2,r7
  54 0016 1268     	 ldr r2,[r2]
  55 0018 1146     	 mov r1,r2
  56 001a 1980     	 strh r1,[r3]
  57 001c 0233     	 adds r3,r3,#2
  58 001e 120C     	 lsrs r2,r2,#16
  59 0020 1A70     	 strb r2,[r3]
  60 0022 0023     	 movs r3,#0
  61 0024 3A79     	 ldrb r2,[r7,#4]
  62 0026 62F30703 	 bfi r3,r2,#0,#8
  63 002a 7A79     	 ldrb r2,[r7,#5]
  64 002c 62F30F23 	 bfi r3,r2,#8,#8
  65 0030 BA79     	 ldrb r2,[r7,#6]
  66 0032 62F31743 	 bfi r3,r2,#16,#8
  84:../Dave/Generated/DIGITAL_IO/digital_io.c **** }
  67              	 .loc 1 84 0
  68 0036 1846     	 mov r0,r3
  69 0038 0C37     	 adds r7,r7,#12
  70              	.LCFI3:
  71              	 .cfi_def_cfa_offset 4
  72 003a BD46     	 mov sp,r7
  73              	.LCFI4:
  74              	 .cfi_def_cfa_register 13
  75              	 
  76 003c 5DF8047B 	 ldr r7,[sp],#4
  77              	.LCFI5:
  78              	 .cfi_restore 7
  79              	 .cfi_def_cfa_offset 0
  80 0040 7047     	 bx lr
  81              	 .cfi_endproc
  82              	.LFE141:
  84 0042 00BF     	 .section .text.DIGITAL_IO_Init,"ax",%progbits
  85              	 .align 2
  86              	 .global DIGITAL_IO_Init
  87              	 .thumb
  88              	 .thumb_func
  90              	DIGITAL_IO_Init:
  91              	.LFB142:
  85:../Dave/Generated/DIGITAL_IO/digital_io.c **** 
  86:../Dave/Generated/DIGITAL_IO/digital_io.c **** 
  87:../Dave/Generated/DIGITAL_IO/digital_io.c **** /**
  88:../Dave/Generated/DIGITAL_IO/digital_io.c **** * @brief Function to initialize the port pin as per UI settings.
  89:../Dave/Generated/DIGITAL_IO/digital_io.c **** * @param handler Pointer pointing to APP data structure.
  90:../Dave/Generated/DIGITAL_IO/digital_io.c **** * @return DIGITAL_IO_STATUS_t DIGITAL_IO APP status.
  91:../Dave/Generated/DIGITAL_IO/digital_io.c **** */
  92:../Dave/Generated/DIGITAL_IO/digital_io.c **** 
  93:../Dave/Generated/DIGITAL_IO/digital_io.c **** DIGITAL_IO_STATUS_t DIGITAL_IO_Init(const DIGITAL_IO_t *const handler)
  94:../Dave/Generated/DIGITAL_IO/digital_io.c **** {
  92              	 .loc 1 94 0
  93              	 .cfi_startproc
  94              	 
  95              	 
  96 0000 80B5     	 push {r7,lr}
  97              	.LCFI6:
  98              	 .cfi_def_cfa_offset 8
  99              	 .cfi_offset 7,-8
 100              	 .cfi_offset 14,-4
 101 0002 82B0     	 sub sp,sp,#8
 102              	.LCFI7:
 103              	 .cfi_def_cfa_offset 16
 104 0004 00AF     	 add r7,sp,#0
 105              	.LCFI8:
 106              	 .cfi_def_cfa_register 7
 107 0006 7860     	 str r0,[r7,#4]
  95:../Dave/Generated/DIGITAL_IO/digital_io.c ****   XMC_ASSERT("DIGITAL_IO_Init: handler null pointer", handler != NULL);
  96:../Dave/Generated/DIGITAL_IO/digital_io.c **** 
  97:../Dave/Generated/DIGITAL_IO/digital_io.c ****   /* Initializes input / output characteristics */
  98:../Dave/Generated/DIGITAL_IO/digital_io.c ****   XMC_GPIO_Init(handler->gpio_port, handler->gpio_pin, handler->gpio_config);
 108              	 .loc 1 98 0
 109 0008 7B68     	 ldr r3,[r7,#4]
 110 000a 5968     	 ldr r1,[r3,#4]
 111 000c 7B68     	 ldr r3,[r7,#4]
 112 000e 1A7A     	 ldrb r2,[r3,#8]
 113 0010 7B68     	 ldr r3,[r7,#4]
 114 0012 1B68     	 ldr r3,[r3]
 115 0014 0846     	 mov r0,r1
 116 0016 1146     	 mov r1,r2
 117 0018 1A46     	 mov r2,r3
 118 001a FFF7FEFF 	 bl XMC_GPIO_Init
  99:../Dave/Generated/DIGITAL_IO/digital_io.c **** 
 100:../Dave/Generated/DIGITAL_IO/digital_io.c ****   return (DIGITAL_IO_STATUS_OK);
 119              	 .loc 1 100 0
 120 001e 0023     	 movs r3,#0
 101:../Dave/Generated/DIGITAL_IO/digital_io.c **** }
 121              	 .loc 1 101 0
 122 0020 1846     	 mov r0,r3
 123 0022 0837     	 adds r7,r7,#8
 124              	.LCFI9:
 125              	 .cfi_def_cfa_offset 8
 126 0024 BD46     	 mov sp,r7
 127              	.LCFI10:
 128              	 .cfi_def_cfa_register 13
 129              	 
 130 0026 80BD     	 pop {r7,pc}
 131              	 .cfi_endproc
 132              	.LFE142:
 134              	 .text
 135              	.Letext0:
 136              	 .file 2 "c:\\davev4-64bit\\dave-4.2.6\\eclipse\\arm-gcc-49\\arm-none-eabi\\include\\machine\\_default_types.h"
 137              	 .file 3 "c:\\davev4-64bit\\dave-4.2.6\\eclipse\\arm-gcc-49\\arm-none-eabi\\include\\stdint.h"
 138              	 .file 4 "C:\\Users\\Depes Crystalline\\Desktop\\school\\Active_Bike_Lighting_System\\Radar_Core\\Libraries\\XMCLib\\inc/xmc_gpio.h"
 139              	 .file 5 "C:\\Users\\Depes Crystalline\\Desktop\\school\\Active_Bike_Lighting_System\\Radar_Core\\Libraries\\XMCLib\\inc/xmc4_gpio.h"
 140              	 .file 6 "C:\\Users\\Depes Crystalline\\Desktop\\school\\Active_Bike_Lighting_System\\Radar_Core\\Dave\\Generated/DAVE_common.h"
 141              	 .file 7 "../Dave/Generated/DIGITAL_IO/digital_io.h"
 142              	 .file 8 "C:\\Users\\Depes Crystalline\\Desktop\\school\\Active_Bike_Lighting_System\\Radar_Core/Libraries/CMSIS/Include/core_cm4.h"
DEFINED SYMBOLS
                            *ABS*:00000000 digital_io.c
    {standard input}:19     .text.DIGITAL_IO_GetAppVersion:00000000 $t
    {standard input}:24     .text.DIGITAL_IO_GetAppVersion:00000000 DIGITAL_IO_GetAppVersion
    {standard input}:85     .text.DIGITAL_IO_Init:00000000 $t
    {standard input}:90     .text.DIGITAL_IO_Init:00000000 DIGITAL_IO_Init
                     .debug_frame:00000010 $d

UNDEFINED SYMBOLS
XMC_GPIO_Init
