   1              	 .syntax unified
   2              	 .cpu cortex-m4
   3              	 .fpu softvfp
   4              	 .eabi_attribute 20,1
   5              	 .eabi_attribute 21,1
   6              	 .eabi_attribute 23,3
   7              	 .eabi_attribute 24,1
   8              	 .eabi_attribute 25,1
   9              	 .eabi_attribute 26,1
  10              	 .eabi_attribute 30,6
  11              	 .eabi_attribute 34,1
  12              	 .eabi_attribute 18,4
  13              	 .thumb
  14              	 .file "cmsis_dsp.c"
  15              	 .text
  16              	.Ltext0:
  17              	 .cfi_sections .debug_frame
  18              	 .section .text.CMSIS_DSP_GetAppVersion,"ax",%progbits
  19              	 .align 2
  20              	 .global CMSIS_DSP_GetAppVersion
  21              	 .thumb
  22              	 .thumb_func
  24              	CMSIS_DSP_GetAppVersion:
  25              	.LFB139:
  26              	 .file 1 "../Dave/Generated/CMSIS_DSP/cmsis_dsp.c"
   1:../Dave/Generated/CMSIS_DSP/cmsis_dsp.c **** 
   2:../Dave/Generated/CMSIS_DSP/cmsis_dsp.c **** /**
   3:../Dave/Generated/CMSIS_DSP/cmsis_dsp.c ****  * @file cmsis_dsp.c
   4:../Dave/Generated/CMSIS_DSP/cmsis_dsp.c ****  * @date 2015-06-25
   5:../Dave/Generated/CMSIS_DSP/cmsis_dsp.c ****  *
   6:../Dave/Generated/CMSIS_DSP/cmsis_dsp.c ****  * NOTE:
   7:../Dave/Generated/CMSIS_DSP/cmsis_dsp.c ****  * This file is generated by DAVE. Any manual modification done to this file will be lost when the 
   8:../Dave/Generated/CMSIS_DSP/cmsis_dsp.c ****  *
   9:../Dave/Generated/CMSIS_DSP/cmsis_dsp.c ****  * @cond
  10:../Dave/Generated/CMSIS_DSP/cmsis_dsp.c ****  **************************************************************************************************
  11:../Dave/Generated/CMSIS_DSP/cmsis_dsp.c ****  * CMSIS_DSP v4.0.2 - CMSIS DSP software library for DAVE
  12:../Dave/Generated/CMSIS_DSP/cmsis_dsp.c ****  *
  13:../Dave/Generated/CMSIS_DSP/cmsis_dsp.c ****  * Copyright (c) 2015, Infineon Technologies AG
  14:../Dave/Generated/CMSIS_DSP/cmsis_dsp.c ****  * All rights reserved.
  15:../Dave/Generated/CMSIS_DSP/cmsis_dsp.c ****  *
  16:../Dave/Generated/CMSIS_DSP/cmsis_dsp.c ****  * Redistribution and use in source and binary forms, with or without modification,are permitted pr
  17:../Dave/Generated/CMSIS_DSP/cmsis_dsp.c ****  * following conditions are met:
  18:../Dave/Generated/CMSIS_DSP/cmsis_dsp.c ****  *
  19:../Dave/Generated/CMSIS_DSP/cmsis_dsp.c ****  *   Redistributions of source code must retain the above copyright notice, this list of conditions
  20:../Dave/Generated/CMSIS_DSP/cmsis_dsp.c ****  *   disclaimer.
  21:../Dave/Generated/CMSIS_DSP/cmsis_dsp.c ****  *
  22:../Dave/Generated/CMSIS_DSP/cmsis_dsp.c ****  *   Redistributions in binary form must reproduce the above copyright notice, this list of conditi
  23:../Dave/Generated/CMSIS_DSP/cmsis_dsp.c ****  *   following disclaimer in the documentation and/or other materials provided with the distributio
  24:../Dave/Generated/CMSIS_DSP/cmsis_dsp.c ****  *
  25:../Dave/Generated/CMSIS_DSP/cmsis_dsp.c ****  *   Neither the name of the copyright holders nor the names of its contributors may be used to end
  26:../Dave/Generated/CMSIS_DSP/cmsis_dsp.c ****  *   products derived from this software without specific prior written permission.
  27:../Dave/Generated/CMSIS_DSP/cmsis_dsp.c ****  *
  28:../Dave/Generated/CMSIS_DSP/cmsis_dsp.c ****  * THIS SOFTWARE IS PROVIDED BY THE COPYRIGHT HOLDERS AND CONTRIBUTORS "AS IS" AND ANY EXPRESS OR I
  29:../Dave/Generated/CMSIS_DSP/cmsis_dsp.c ****  * INCLUDING, BUT NOT LIMITED TO, THE IMPLIED WARRANTIES OF MERCHANTABILITY AND FITNESS FOR A PARTI
  30:../Dave/Generated/CMSIS_DSP/cmsis_dsp.c ****  * DISCLAIMED. IN NO EVENT SHALL THE COPYRIGHT HOLDER OR CONTRIBUTORS BE LIABLE  FOR ANY DIRECT, IN
  31:../Dave/Generated/CMSIS_DSP/cmsis_dsp.c ****  * SPECIAL, EXEMPLARY, OR CONSEQUENTIAL DAMAGES (INCLUDING, BUT NOT LIMITED TO, PROCUREMENT OF SUBS
  32:../Dave/Generated/CMSIS_DSP/cmsis_dsp.c ****  * SERVICES; LOSS OF USE, DATA, OR PROFITS; OR BUSINESS INTERRUPTION) HOWEVER CAUSED AND ON ANY THE
  33:../Dave/Generated/CMSIS_DSP/cmsis_dsp.c ****  * WHETHER IN CONTRACT, STRICT LIABILITY,OR TORT (INCLUDING NEGLIGENCE OR OTHERWISE) ARISING IN ANY
  34:../Dave/Generated/CMSIS_DSP/cmsis_dsp.c ****  * USE OF THIS SOFTWARE, EVEN IF ADVISED OF THE POSSIBILITY OF SUCH DAMAGE.
  35:../Dave/Generated/CMSIS_DSP/cmsis_dsp.c ****  *
  36:../Dave/Generated/CMSIS_DSP/cmsis_dsp.c ****  * To improve the quality of the software, users are encouraged to share modifications, enhancement
  37:../Dave/Generated/CMSIS_DSP/cmsis_dsp.c ****  * with Infineon Technologies AG (dave@infineon.com).
  38:../Dave/Generated/CMSIS_DSP/cmsis_dsp.c ****  **************************************************************************************************
  39:../Dave/Generated/CMSIS_DSP/cmsis_dsp.c ****  *
  40:../Dave/Generated/CMSIS_DSP/cmsis_dsp.c ****  * Change History
  41:../Dave/Generated/CMSIS_DSP/cmsis_dsp.c ****  * --------------
  42:../Dave/Generated/CMSIS_DSP/cmsis_dsp.c ****  *
  43:../Dave/Generated/CMSIS_DSP/cmsis_dsp.c ****  * 2015-06-25:
  44:../Dave/Generated/CMSIS_DSP/cmsis_dsp.c ****  *     - Initial version <br>
  45:../Dave/Generated/CMSIS_DSP/cmsis_dsp.c ****  *
  46:../Dave/Generated/CMSIS_DSP/cmsis_dsp.c ****  * @endcond
  47:../Dave/Generated/CMSIS_DSP/cmsis_dsp.c ****  */
  48:../Dave/Generated/CMSIS_DSP/cmsis_dsp.c **** 
  49:../Dave/Generated/CMSIS_DSP/cmsis_dsp.c **** /**************************************************************************************************
  50:../Dave/Generated/CMSIS_DSP/cmsis_dsp.c ****  * HEADER FILES
  51:../Dave/Generated/CMSIS_DSP/cmsis_dsp.c ****  **************************************************************************************************
  52:../Dave/Generated/CMSIS_DSP/cmsis_dsp.c **** 
  53:../Dave/Generated/CMSIS_DSP/cmsis_dsp.c **** #include "cmsis_dsp.h"
  54:../Dave/Generated/CMSIS_DSP/cmsis_dsp.c **** 
  55:../Dave/Generated/CMSIS_DSP/cmsis_dsp.c **** /**************************************************************************************************
  56:../Dave/Generated/CMSIS_DSP/cmsis_dsp.c ****  * MACROS
  57:../Dave/Generated/CMSIS_DSP/cmsis_dsp.c ****  **************************************************************************************************
  58:../Dave/Generated/CMSIS_DSP/cmsis_dsp.c **** 
  59:../Dave/Generated/CMSIS_DSP/cmsis_dsp.c **** /**************************************************************************************************
  60:../Dave/Generated/CMSIS_DSP/cmsis_dsp.c ****  * LOCAL DATA
  61:../Dave/Generated/CMSIS_DSP/cmsis_dsp.c ****  **************************************************************************************************
  62:../Dave/Generated/CMSIS_DSP/cmsis_dsp.c **** 
  63:../Dave/Generated/CMSIS_DSP/cmsis_dsp.c **** /**************************************************************************************************
  64:../Dave/Generated/CMSIS_DSP/cmsis_dsp.c ****  * LOCAL ROUTINES
  65:../Dave/Generated/CMSIS_DSP/cmsis_dsp.c ****  **************************************************************************************************
  66:../Dave/Generated/CMSIS_DSP/cmsis_dsp.c **** 
  67:../Dave/Generated/CMSIS_DSP/cmsis_dsp.c **** /**************************************************************************************************
  68:../Dave/Generated/CMSIS_DSP/cmsis_dsp.c ****  * API IMPLEMENTATION
  69:../Dave/Generated/CMSIS_DSP/cmsis_dsp.c ****  **************************************************************************************************
  70:../Dave/Generated/CMSIS_DSP/cmsis_dsp.c **** 
  71:../Dave/Generated/CMSIS_DSP/cmsis_dsp.c **** /* Retrieve the version of the CMSIS_DSP APP */
  72:../Dave/Generated/CMSIS_DSP/cmsis_dsp.c **** DAVE_APP_VERSION_t CMSIS_DSP_GetAppVersion(void)
  73:../Dave/Generated/CMSIS_DSP/cmsis_dsp.c **** {
  27              	 .loc 1 73 0
  28              	 .cfi_startproc
  29              	 
  30              	 
  31              	 
  32 0000 80B4     	 push {r7}
  33              	.LCFI0:
  34              	 .cfi_def_cfa_offset 4
  35              	 .cfi_offset 7,-4
  36 0002 83B0     	 sub sp,sp,#12
  37              	.LCFI1:
  38              	 .cfi_def_cfa_offset 16
  39 0004 00AF     	 add r7,sp,#0
  40              	.LCFI2:
  41              	 .cfi_def_cfa_register 7
  74:../Dave/Generated/CMSIS_DSP/cmsis_dsp.c ****   DAVE_APP_VERSION_t version;
  75:../Dave/Generated/CMSIS_DSP/cmsis_dsp.c **** 
  76:../Dave/Generated/CMSIS_DSP/cmsis_dsp.c ****   version.major = CMSIS_DSP_MAJOR_VERSION;
  42              	 .loc 1 76 0
  43 0006 0423     	 movs r3,#4
  44 0008 3B70     	 strb r3,[r7]
  77:../Dave/Generated/CMSIS_DSP/cmsis_dsp.c ****   version.minor = CMSIS_DSP_MINOR_VERSION;
  45              	 .loc 1 77 0
  46 000a 0023     	 movs r3,#0
  47 000c 7B70     	 strb r3,[r7,#1]
  78:../Dave/Generated/CMSIS_DSP/cmsis_dsp.c ****   version.patch = CMSIS_DSP_PATCH_VERSION;
  48              	 .loc 1 78 0
  49 000e 0223     	 movs r3,#2
  50 0010 BB70     	 strb r3,[r7,#2]
  79:../Dave/Generated/CMSIS_DSP/cmsis_dsp.c **** 
  80:../Dave/Generated/CMSIS_DSP/cmsis_dsp.c ****   return version;
  51              	 .loc 1 80 0
  52 0012 3B1D     	 adds r3,r7,#4
  53 0014 3A46     	 mov r2,r7
  54 0016 1268     	 ldr r2,[r2]
  55 0018 1146     	 mov r1,r2
  56 001a 1980     	 strh r1,[r3]
  57 001c 0233     	 adds r3,r3,#2
  58 001e 120C     	 lsrs r2,r2,#16
  59 0020 1A70     	 strb r2,[r3]
  60 0022 0023     	 movs r3,#0
  61 0024 3A79     	 ldrb r2,[r7,#4]
  62 0026 62F30703 	 bfi r3,r2,#0,#8
  63 002a 7A79     	 ldrb r2,[r7,#5]
  64 002c 62F30F23 	 bfi r3,r2,#8,#8
  65 0030 BA79     	 ldrb r2,[r7,#6]
  66 0032 62F31743 	 bfi r3,r2,#16,#8
  81:../Dave/Generated/CMSIS_DSP/cmsis_dsp.c **** }
  67              	 .loc 1 81 0
  68 0036 1846     	 mov r0,r3
  69 0038 0C37     	 adds r7,r7,#12
  70              	.LCFI3:
  71              	 .cfi_def_cfa_offset 4
  72 003a BD46     	 mov sp,r7
  73              	.LCFI4:
  74              	 .cfi_def_cfa_register 13
  75              	 
  76 003c 5DF8047B 	 ldr r7,[sp],#4
  77              	.LCFI5:
  78              	 .cfi_restore 7
  79              	 .cfi_def_cfa_offset 0
  80 0040 7047     	 bx lr
  81              	 .cfi_endproc
  82              	.LFE139:
  84 0042 00BF     	 .text
  85              	.Letext0:
  86              	 .file 2 "c:\\davev4-64bit\\dave-4.2.6\\eclipse\\arm-gcc-49\\arm-none-eabi\\include\\machine\\_default_types.h"
  87              	 .file 3 "c:\\davev4-64bit\\dave-4.2.6\\eclipse\\arm-gcc-49\\arm-none-eabi\\include\\stdint.h"
  88              	 .file 4 "C:\\Users\\Depes Crystalline\\Desktop\\school\\Active_Bike_Lighting_System\\Radar_Core\\Dave\\Generated/DAVE_Common.h"
DEFINED SYMBOLS
                            *ABS*:00000000 cmsis_dsp.c
    {standard input}:19     .text.CMSIS_DSP_GetAppVersion:00000000 $t
    {standard input}:24     .text.CMSIS_DSP_GetAppVersion:00000000 CMSIS_DSP_GetAppVersion
                     .debug_frame:00000010 $d

NO UNDEFINED SYMBOLS
