   1              	 .cpu cortex-m0
   2              	 .fpu softvfp
   3              	 .eabi_attribute 20,1
   4              	 .eabi_attribute 21,1
   5              	 .eabi_attribute 23,3
   6              	 .eabi_attribute 24,1
   7              	 .eabi_attribute 25,1
   8              	 .eabi_attribute 26,1
   9              	 .eabi_attribute 30,2
  10              	 .eabi_attribute 34,0
  11              	 .eabi_attribute 18,4
  12              	 .code 16
  13              	 .file "interrupt_conf.c"
  14              	 .text
  15              	.Ltext0:
  16              	 .cfi_sections .debug_frame
  17              	 .global INTERRUPT_0
  18              	 .section .rodata.INTERRUPT_0,"a",%progbits
  19              	 .align 2
  22              	INTERRUPT_0:
  23 0000 17       	 .byte 23
  24 0001 03       	 .byte 3
  25 0002 01       	 .byte 1
  26 0003 00       	 .text
  27              	.Letext0:
  28              	 .file 1 "c:\\davev4-64bit\\dave-4.3.2\\eclipse\\arm-gcc-49\\arm-none-eabi\\include\\machine\\_default_types.h"
  29              	 .file 2 "c:\\davev4-64bit\\dave-4.3.2\\eclipse\\arm-gcc-49\\arm-none-eabi\\include\\stdint.h"
  30              	 .file 3 "C:/Workspaces/DAVE-4.3-64Bit/WS_2016_09_02/Radar_sense2Go_exe/Libraries/CMSIS/Infineon/XMC1300_series/Include/XMC1300.h"
  31              	 .file 4 "../Dave/Generated/INTERRUPT/interrupt.h"
  32              	 .file 5 "../Dave/Generated/INTERRUPT/interrupt_conf.c"
DEFINED SYMBOLS
                            *ABS*:00000000 interrupt_conf.c
    {standard input}:22     .rodata.INTERRUPT_0:00000000 INTERRUPT_0
    {standard input}:19     .rodata.INTERRUPT_0:00000000 $d

NO UNDEFINED SYMBOLS
