   1              	 .syntax unified
   2              	 .cpu cortex-m4
   3              	 .fpu softvfp
   4              	 .eabi_attribute 20,1
   5              	 .eabi_attribute 21,1
   6              	 .eabi_attribute 23,3
   7              	 .eabi_attribute 24,1
   8              	 .eabi_attribute 25,1
   9              	 .eabi_attribute 26,1
  10              	 .eabi_attribute 30,6
  11              	 .eabi_attribute 34,1
  12              	 .eabi_attribute 18,4
  13              	 .thumb
  14              	 .file "arm_pid_init_q15.c"
  15              	 .text
  16              	.Ltext0:
  17              	 .cfi_sections .debug_frame
  18              	 .section .text.arm_pid_init_q15,"ax",%progbits
  19              	 .align 2
  20              	 .global arm_pid_init_q15
  21              	 .thumb
  22              	 .thumb_func
  24              	arm_pid_init_q15:
  25              	.LFB139:
  26              	 .file 1 "../Dave/Generated/CMSIS_DSP/ControllerFunctions/arm_pid_init_q15.c"
   1:../Dave/Generated/CMSIS_DSP/ControllerFunctions/arm_pid_init_q15.c **** /* ----------------------------------------------------------------------    
   2:../Dave/Generated/CMSIS_DSP/ControllerFunctions/arm_pid_init_q15.c **** * Copyright (C) 2010-2014 ARM Limited. All rights reserved.    
   3:../Dave/Generated/CMSIS_DSP/ControllerFunctions/arm_pid_init_q15.c **** *    
   4:../Dave/Generated/CMSIS_DSP/ControllerFunctions/arm_pid_init_q15.c **** * $Date:        12. March 2014
   5:../Dave/Generated/CMSIS_DSP/ControllerFunctions/arm_pid_init_q15.c **** * $Revision: 	V1.4.4
   6:../Dave/Generated/CMSIS_DSP/ControllerFunctions/arm_pid_init_q15.c **** *    
   7:../Dave/Generated/CMSIS_DSP/ControllerFunctions/arm_pid_init_q15.c **** * Project: 	    CMSIS DSP Library    
   8:../Dave/Generated/CMSIS_DSP/ControllerFunctions/arm_pid_init_q15.c **** * Title:	    arm_pid_init_q15.c    
   9:../Dave/Generated/CMSIS_DSP/ControllerFunctions/arm_pid_init_q15.c **** *    
  10:../Dave/Generated/CMSIS_DSP/ControllerFunctions/arm_pid_init_q15.c **** * Description:	Q15 PID Control initialization function    
  11:../Dave/Generated/CMSIS_DSP/ControllerFunctions/arm_pid_init_q15.c **** *    
  12:../Dave/Generated/CMSIS_DSP/ControllerFunctions/arm_pid_init_q15.c **** * Target Processor: Cortex-M4/Cortex-M3/Cortex-M0
  13:../Dave/Generated/CMSIS_DSP/ControllerFunctions/arm_pid_init_q15.c **** *  
  14:../Dave/Generated/CMSIS_DSP/ControllerFunctions/arm_pid_init_q15.c **** * Redistribution and use in source and binary forms, with or without 
  15:../Dave/Generated/CMSIS_DSP/ControllerFunctions/arm_pid_init_q15.c **** * modification, are permitted provided that the following conditions
  16:../Dave/Generated/CMSIS_DSP/ControllerFunctions/arm_pid_init_q15.c **** * are met:
  17:../Dave/Generated/CMSIS_DSP/ControllerFunctions/arm_pid_init_q15.c **** *   - Redistributions of source code must retain the above copyright
  18:../Dave/Generated/CMSIS_DSP/ControllerFunctions/arm_pid_init_q15.c **** *     notice, this list of conditions and the following disclaimer.
  19:../Dave/Generated/CMSIS_DSP/ControllerFunctions/arm_pid_init_q15.c **** *   - Redistributions in binary form must reproduce the above copyright
  20:../Dave/Generated/CMSIS_DSP/ControllerFunctions/arm_pid_init_q15.c **** *     notice, this list of conditions and the following disclaimer in
  21:../Dave/Generated/CMSIS_DSP/ControllerFunctions/arm_pid_init_q15.c **** *     the documentation and/or other materials provided with the 
  22:../Dave/Generated/CMSIS_DSP/ControllerFunctions/arm_pid_init_q15.c **** *     distribution.
  23:../Dave/Generated/CMSIS_DSP/ControllerFunctions/arm_pid_init_q15.c **** *   - Neither the name of ARM LIMITED nor the names of its contributors
  24:../Dave/Generated/CMSIS_DSP/ControllerFunctions/arm_pid_init_q15.c **** *     may be used to endorse or promote products derived from this
  25:../Dave/Generated/CMSIS_DSP/ControllerFunctions/arm_pid_init_q15.c **** *     software without specific prior written permission.
  26:../Dave/Generated/CMSIS_DSP/ControllerFunctions/arm_pid_init_q15.c **** *
  27:../Dave/Generated/CMSIS_DSP/ControllerFunctions/arm_pid_init_q15.c **** * THIS SOFTWARE IS PROVIDED BY THE COPYRIGHT HOLDERS AND CONTRIBUTORS
  28:../Dave/Generated/CMSIS_DSP/ControllerFunctions/arm_pid_init_q15.c **** * "AS IS" AND ANY EXPRESS OR IMPLIED WARRANTIES, INCLUDING, BUT NOT
  29:../Dave/Generated/CMSIS_DSP/ControllerFunctions/arm_pid_init_q15.c **** * LIMITED TO, THE IMPLIED WARRANTIES OF MERCHANTABILITY AND FITNESS
  30:../Dave/Generated/CMSIS_DSP/ControllerFunctions/arm_pid_init_q15.c **** * FOR A PARTICULAR PURPOSE ARE DISCLAIMED. IN NO EVENT SHALL THE 
  31:../Dave/Generated/CMSIS_DSP/ControllerFunctions/arm_pid_init_q15.c **** * COPYRIGHT OWNER OR CONTRIBUTORS BE LIABLE FOR ANY DIRECT, INDIRECT,
  32:../Dave/Generated/CMSIS_DSP/ControllerFunctions/arm_pid_init_q15.c **** * INCIDENTAL, SPECIAL, EXEMPLARY, OR CONSEQUENTIAL DAMAGES (INCLUDING,
  33:../Dave/Generated/CMSIS_DSP/ControllerFunctions/arm_pid_init_q15.c **** * BUT NOT LIMITED TO, PROCUREMENT OF SUBSTITUTE GOODS OR SERVICES;
  34:../Dave/Generated/CMSIS_DSP/ControllerFunctions/arm_pid_init_q15.c **** * LOSS OF USE, DATA, OR PROFITS; OR BUSINESS INTERRUPTION) HOWEVER
  35:../Dave/Generated/CMSIS_DSP/ControllerFunctions/arm_pid_init_q15.c **** * CAUSED AND ON ANY THEORY OF LIABILITY, WHETHER IN CONTRACT, STRICT
  36:../Dave/Generated/CMSIS_DSP/ControllerFunctions/arm_pid_init_q15.c **** * LIABILITY, OR TORT (INCLUDING NEGLIGENCE OR OTHERWISE) ARISING IN
  37:../Dave/Generated/CMSIS_DSP/ControllerFunctions/arm_pid_init_q15.c **** * ANY WAY OUT OF THE USE OF THIS SOFTWARE, EVEN IF ADVISED OF THE
  38:../Dave/Generated/CMSIS_DSP/ControllerFunctions/arm_pid_init_q15.c **** * POSSIBILITY OF SUCH DAMAGE.  
  39:../Dave/Generated/CMSIS_DSP/ControllerFunctions/arm_pid_init_q15.c **** * -------------------------------------------------------------------- */
  40:../Dave/Generated/CMSIS_DSP/ControllerFunctions/arm_pid_init_q15.c **** 
  41:../Dave/Generated/CMSIS_DSP/ControllerFunctions/arm_pid_init_q15.c **** #include "CMSIS_DSP/cmsis_dsp.h"
  42:../Dave/Generated/CMSIS_DSP/ControllerFunctions/arm_pid_init_q15.c **** 
  43:../Dave/Generated/CMSIS_DSP/ControllerFunctions/arm_pid_init_q15.c ****  /**    
  44:../Dave/Generated/CMSIS_DSP/ControllerFunctions/arm_pid_init_q15.c ****  * @addtogroup PID    
  45:../Dave/Generated/CMSIS_DSP/ControllerFunctions/arm_pid_init_q15.c ****  * @{    
  46:../Dave/Generated/CMSIS_DSP/ControllerFunctions/arm_pid_init_q15.c ****  */
  47:../Dave/Generated/CMSIS_DSP/ControllerFunctions/arm_pid_init_q15.c **** 
  48:../Dave/Generated/CMSIS_DSP/ControllerFunctions/arm_pid_init_q15.c **** /**    
  49:../Dave/Generated/CMSIS_DSP/ControllerFunctions/arm_pid_init_q15.c ****  * @details    
  50:../Dave/Generated/CMSIS_DSP/ControllerFunctions/arm_pid_init_q15.c ****  * @param[in,out] *S points to an instance of the Q15 PID structure.    
  51:../Dave/Generated/CMSIS_DSP/ControllerFunctions/arm_pid_init_q15.c ****  * @param[in]     resetStateFlag  flag to reset the state. 0 = no change in state 1 = reset the sta
  52:../Dave/Generated/CMSIS_DSP/ControllerFunctions/arm_pid_init_q15.c ****  * @return none.    
  53:../Dave/Generated/CMSIS_DSP/ControllerFunctions/arm_pid_init_q15.c ****  * \par Description:   
  54:../Dave/Generated/CMSIS_DSP/ControllerFunctions/arm_pid_init_q15.c ****  * \par    
  55:../Dave/Generated/CMSIS_DSP/ControllerFunctions/arm_pid_init_q15.c ****  * The <code>resetStateFlag</code> specifies whether to set state to zero or not. \n   
  56:../Dave/Generated/CMSIS_DSP/ControllerFunctions/arm_pid_init_q15.c ****  * The function computes the structure fields: <code>A0</code>, <code>A1</code> <code>A2</code>    
  57:../Dave/Generated/CMSIS_DSP/ControllerFunctions/arm_pid_init_q15.c ****  * using the proportional gain( \c Kp), integral gain( \c Ki) and derivative gain( \c Kd)    
  58:../Dave/Generated/CMSIS_DSP/ControllerFunctions/arm_pid_init_q15.c ****  * also sets the state variables to all zeros.    
  59:../Dave/Generated/CMSIS_DSP/ControllerFunctions/arm_pid_init_q15.c ****  */
  60:../Dave/Generated/CMSIS_DSP/ControllerFunctions/arm_pid_init_q15.c **** 
  61:../Dave/Generated/CMSIS_DSP/ControllerFunctions/arm_pid_init_q15.c **** void arm_pid_init_q15(
  62:../Dave/Generated/CMSIS_DSP/ControllerFunctions/arm_pid_init_q15.c ****   arm_pid_instance_q15 * S,
  63:../Dave/Generated/CMSIS_DSP/ControllerFunctions/arm_pid_init_q15.c ****   int32_t resetStateFlag)
  64:../Dave/Generated/CMSIS_DSP/ControllerFunctions/arm_pid_init_q15.c **** {
  27              	 .loc 1 64 0
  28              	 .cfi_startproc
  29              	 
  30              	 
  31 0000 80B5     	 push {r7,lr}
  32              	.LCFI0:
  33              	 .cfi_def_cfa_offset 8
  34              	 .cfi_offset 7,-8
  35              	 .cfi_offset 14,-4
  36 0002 92B0     	 sub sp,sp,#72
  37              	.LCFI1:
  38              	 .cfi_def_cfa_offset 80
  39 0004 00AF     	 add r7,sp,#0
  40              	.LCFI2:
  41              	 .cfi_def_cfa_register 7
  42 0006 7860     	 str r0,[r7,#4]
  43 0008 3960     	 str r1,[r7]
  65:../Dave/Generated/CMSIS_DSP/ControllerFunctions/arm_pid_init_q15.c **** 
  66:../Dave/Generated/CMSIS_DSP/ControllerFunctions/arm_pid_init_q15.c **** #ifndef ARM_MATH_CM0_FAMILY
  67:../Dave/Generated/CMSIS_DSP/ControllerFunctions/arm_pid_init_q15.c **** 
  68:../Dave/Generated/CMSIS_DSP/ControllerFunctions/arm_pid_init_q15.c ****   /* Run the below code for Cortex-M4 and Cortex-M3 */
  69:../Dave/Generated/CMSIS_DSP/ControllerFunctions/arm_pid_init_q15.c **** 
  70:../Dave/Generated/CMSIS_DSP/ControllerFunctions/arm_pid_init_q15.c ****   /* Derived coefficient A0 */
  71:../Dave/Generated/CMSIS_DSP/ControllerFunctions/arm_pid_init_q15.c ****   S->A0 = __QADD16(__QADD16(S->Kp, S->Ki), S->Kd);
  44              	 .loc 1 71 0
  45 000a 7B68     	 ldr r3,[r7,#4]
  46 000c DB89     	 ldrh r3,[r3,#14]
  47 000e 1AB2     	 sxth r2,r3
  48 0010 7B68     	 ldr r3,[r7,#4]
  49 0012 1B8A     	 ldrh r3,[r3,#16]
  50 0014 1BB2     	 sxth r3,r3
  51 0016 BA63     	 str r2,[r7,#56]
  52 0018 7B63     	 str r3,[r7,#52]
  53              	.LBB11:
  54              	.LBB12:
  55              	 .file 2 "C:\\Users\\Depes Crystalline\\Desktop\\school\\Active_Bike_Lighting_System\\Radar_Core/Libraries/CMSIS/Include/core_cmSimd.h"
   1:C:\Users\Depes Crystalline\Desktop\school\Active_Bike_Lighting_System\Radar_Core/Libraries/CMSIS/Include\core_cmSimd.h **** /**************************************************************************//**
   2:C:\Users\Depes Crystalline\Desktop\school\Active_Bike_Lighting_System\Radar_Core/Libraries/CMSIS/Include\core_cmSimd.h ****  * @file     core_cmSimd.h
   3:C:\Users\Depes Crystalline\Desktop\school\Active_Bike_Lighting_System\Radar_Core/Libraries/CMSIS/Include\core_cmSimd.h ****  * @brief    CMSIS Cortex-M SIMD Header File
   4:C:\Users\Depes Crystalline\Desktop\school\Active_Bike_Lighting_System\Radar_Core/Libraries/CMSIS/Include\core_cmSimd.h ****  * @version  V4.00
   5:C:\Users\Depes Crystalline\Desktop\school\Active_Bike_Lighting_System\Radar_Core/Libraries/CMSIS/Include\core_cmSimd.h ****  * @date     22. August 2014
   6:C:\Users\Depes Crystalline\Desktop\school\Active_Bike_Lighting_System\Radar_Core/Libraries/CMSIS/Include\core_cmSimd.h ****  *
   7:C:\Users\Depes Crystalline\Desktop\school\Active_Bike_Lighting_System\Radar_Core/Libraries/CMSIS/Include\core_cmSimd.h ****  * @note
   8:C:\Users\Depes Crystalline\Desktop\school\Active_Bike_Lighting_System\Radar_Core/Libraries/CMSIS/Include\core_cmSimd.h ****  *
   9:C:\Users\Depes Crystalline\Desktop\school\Active_Bike_Lighting_System\Radar_Core/Libraries/CMSIS/Include\core_cmSimd.h ****  ******************************************************************************/
  10:C:\Users\Depes Crystalline\Desktop\school\Active_Bike_Lighting_System\Radar_Core/Libraries/CMSIS/Include\core_cmSimd.h **** /* Copyright (c) 2009 - 2014 ARM LIMITED
  11:C:\Users\Depes Crystalline\Desktop\school\Active_Bike_Lighting_System\Radar_Core/Libraries/CMSIS/Include\core_cmSimd.h **** 
  12:C:\Users\Depes Crystalline\Desktop\school\Active_Bike_Lighting_System\Radar_Core/Libraries/CMSIS/Include\core_cmSimd.h ****    All rights reserved.
  13:C:\Users\Depes Crystalline\Desktop\school\Active_Bike_Lighting_System\Radar_Core/Libraries/CMSIS/Include\core_cmSimd.h ****    Redistribution and use in source and binary forms, with or without
  14:C:\Users\Depes Crystalline\Desktop\school\Active_Bike_Lighting_System\Radar_Core/Libraries/CMSIS/Include\core_cmSimd.h ****    modification, are permitted provided that the following conditions are met:
  15:C:\Users\Depes Crystalline\Desktop\school\Active_Bike_Lighting_System\Radar_Core/Libraries/CMSIS/Include\core_cmSimd.h ****    - Redistributions of source code must retain the above copyright
  16:C:\Users\Depes Crystalline\Desktop\school\Active_Bike_Lighting_System\Radar_Core/Libraries/CMSIS/Include\core_cmSimd.h ****      notice, this list of conditions and the following disclaimer.
  17:C:\Users\Depes Crystalline\Desktop\school\Active_Bike_Lighting_System\Radar_Core/Libraries/CMSIS/Include\core_cmSimd.h ****    - Redistributions in binary form must reproduce the above copyright
  18:C:\Users\Depes Crystalline\Desktop\school\Active_Bike_Lighting_System\Radar_Core/Libraries/CMSIS/Include\core_cmSimd.h ****      notice, this list of conditions and the following disclaimer in the
  19:C:\Users\Depes Crystalline\Desktop\school\Active_Bike_Lighting_System\Radar_Core/Libraries/CMSIS/Include\core_cmSimd.h ****      documentation and/or other materials provided with the distribution.
  20:C:\Users\Depes Crystalline\Desktop\school\Active_Bike_Lighting_System\Radar_Core/Libraries/CMSIS/Include\core_cmSimd.h ****    - Neither the name of ARM nor the names of its contributors may be used
  21:C:\Users\Depes Crystalline\Desktop\school\Active_Bike_Lighting_System\Radar_Core/Libraries/CMSIS/Include\core_cmSimd.h ****      to endorse or promote products derived from this software without
  22:C:\Users\Depes Crystalline\Desktop\school\Active_Bike_Lighting_System\Radar_Core/Libraries/CMSIS/Include\core_cmSimd.h ****      specific prior written permission.
  23:C:\Users\Depes Crystalline\Desktop\school\Active_Bike_Lighting_System\Radar_Core/Libraries/CMSIS/Include\core_cmSimd.h ****    *
  24:C:\Users\Depes Crystalline\Desktop\school\Active_Bike_Lighting_System\Radar_Core/Libraries/CMSIS/Include\core_cmSimd.h ****    THIS SOFTWARE IS PROVIDED BY THE COPYRIGHT HOLDERS AND CONTRIBUTORS "AS IS"
  25:C:\Users\Depes Crystalline\Desktop\school\Active_Bike_Lighting_System\Radar_Core/Libraries/CMSIS/Include\core_cmSimd.h ****    AND ANY EXPRESS OR IMPLIED WARRANTIES, INCLUDING, BUT NOT LIMITED TO, THE
  26:C:\Users\Depes Crystalline\Desktop\school\Active_Bike_Lighting_System\Radar_Core/Libraries/CMSIS/Include\core_cmSimd.h ****    IMPLIED WARRANTIES OF MERCHANTABILITY AND FITNESS FOR A PARTICULAR PURPOSE
  27:C:\Users\Depes Crystalline\Desktop\school\Active_Bike_Lighting_System\Radar_Core/Libraries/CMSIS/Include\core_cmSimd.h ****    ARE DISCLAIMED. IN NO EVENT SHALL COPYRIGHT HOLDERS AND CONTRIBUTORS BE
  28:C:\Users\Depes Crystalline\Desktop\school\Active_Bike_Lighting_System\Radar_Core/Libraries/CMSIS/Include\core_cmSimd.h ****    LIABLE FOR ANY DIRECT, INDIRECT, INCIDENTAL, SPECIAL, EXEMPLARY, OR
  29:C:\Users\Depes Crystalline\Desktop\school\Active_Bike_Lighting_System\Radar_Core/Libraries/CMSIS/Include\core_cmSimd.h ****    CONSEQUENTIAL DAMAGES (INCLUDING, BUT NOT LIMITED TO, PROCUREMENT OF
  30:C:\Users\Depes Crystalline\Desktop\school\Active_Bike_Lighting_System\Radar_Core/Libraries/CMSIS/Include\core_cmSimd.h ****    SUBSTITUTE GOODS OR SERVICES; LOSS OF USE, DATA, OR PROFITS; OR BUSINESS
  31:C:\Users\Depes Crystalline\Desktop\school\Active_Bike_Lighting_System\Radar_Core/Libraries/CMSIS/Include\core_cmSimd.h ****    INTERRUPTION) HOWEVER CAUSED AND ON ANY THEORY OF LIABILITY, WHETHER IN
  32:C:\Users\Depes Crystalline\Desktop\school\Active_Bike_Lighting_System\Radar_Core/Libraries/CMSIS/Include\core_cmSimd.h ****    CONTRACT, STRICT LIABILITY, OR TORT (INCLUDING NEGLIGENCE OR OTHERWISE)
  33:C:\Users\Depes Crystalline\Desktop\school\Active_Bike_Lighting_System\Radar_Core/Libraries/CMSIS/Include\core_cmSimd.h ****    ARISING IN ANY WAY OUT OF THE USE OF THIS SOFTWARE, EVEN IF ADVISED OF THE
  34:C:\Users\Depes Crystalline\Desktop\school\Active_Bike_Lighting_System\Radar_Core/Libraries/CMSIS/Include\core_cmSimd.h ****    POSSIBILITY OF SUCH DAMAGE.
  35:C:\Users\Depes Crystalline\Desktop\school\Active_Bike_Lighting_System\Radar_Core/Libraries/CMSIS/Include\core_cmSimd.h ****    ---------------------------------------------------------------------------*/
  36:C:\Users\Depes Crystalline\Desktop\school\Active_Bike_Lighting_System\Radar_Core/Libraries/CMSIS/Include\core_cmSimd.h **** 
  37:C:\Users\Depes Crystalline\Desktop\school\Active_Bike_Lighting_System\Radar_Core/Libraries/CMSIS/Include\core_cmSimd.h **** 
  38:C:\Users\Depes Crystalline\Desktop\school\Active_Bike_Lighting_System\Radar_Core/Libraries/CMSIS/Include\core_cmSimd.h **** #if defined ( __ICCARM__ )
  39:C:\Users\Depes Crystalline\Desktop\school\Active_Bike_Lighting_System\Radar_Core/Libraries/CMSIS/Include\core_cmSimd.h ****  #pragma system_include  /* treat file as system include file for MISRA check */
  40:C:\Users\Depes Crystalline\Desktop\school\Active_Bike_Lighting_System\Radar_Core/Libraries/CMSIS/Include\core_cmSimd.h **** #endif
  41:C:\Users\Depes Crystalline\Desktop\school\Active_Bike_Lighting_System\Radar_Core/Libraries/CMSIS/Include\core_cmSimd.h **** 
  42:C:\Users\Depes Crystalline\Desktop\school\Active_Bike_Lighting_System\Radar_Core/Libraries/CMSIS/Include\core_cmSimd.h **** #ifndef __CORE_CMSIMD_H
  43:C:\Users\Depes Crystalline\Desktop\school\Active_Bike_Lighting_System\Radar_Core/Libraries/CMSIS/Include\core_cmSimd.h **** #define __CORE_CMSIMD_H
  44:C:\Users\Depes Crystalline\Desktop\school\Active_Bike_Lighting_System\Radar_Core/Libraries/CMSIS/Include\core_cmSimd.h **** 
  45:C:\Users\Depes Crystalline\Desktop\school\Active_Bike_Lighting_System\Radar_Core/Libraries/CMSIS/Include\core_cmSimd.h **** #ifdef __cplusplus
  46:C:\Users\Depes Crystalline\Desktop\school\Active_Bike_Lighting_System\Radar_Core/Libraries/CMSIS/Include\core_cmSimd.h ****  extern "C" {
  47:C:\Users\Depes Crystalline\Desktop\school\Active_Bike_Lighting_System\Radar_Core/Libraries/CMSIS/Include\core_cmSimd.h **** #endif
  48:C:\Users\Depes Crystalline\Desktop\school\Active_Bike_Lighting_System\Radar_Core/Libraries/CMSIS/Include\core_cmSimd.h **** 
  49:C:\Users\Depes Crystalline\Desktop\school\Active_Bike_Lighting_System\Radar_Core/Libraries/CMSIS/Include\core_cmSimd.h **** 
  50:C:\Users\Depes Crystalline\Desktop\school\Active_Bike_Lighting_System\Radar_Core/Libraries/CMSIS/Include\core_cmSimd.h **** /*******************************************************************************
  51:C:\Users\Depes Crystalline\Desktop\school\Active_Bike_Lighting_System\Radar_Core/Libraries/CMSIS/Include\core_cmSimd.h ****  *                Hardware Abstraction Layer
  52:C:\Users\Depes Crystalline\Desktop\school\Active_Bike_Lighting_System\Radar_Core/Libraries/CMSIS/Include\core_cmSimd.h ****  ******************************************************************************/
  53:C:\Users\Depes Crystalline\Desktop\school\Active_Bike_Lighting_System\Radar_Core/Libraries/CMSIS/Include\core_cmSimd.h **** 
  54:C:\Users\Depes Crystalline\Desktop\school\Active_Bike_Lighting_System\Radar_Core/Libraries/CMSIS/Include\core_cmSimd.h **** 
  55:C:\Users\Depes Crystalline\Desktop\school\Active_Bike_Lighting_System\Radar_Core/Libraries/CMSIS/Include\core_cmSimd.h **** /* ###################  Compiler specific Intrinsics  ########################### */
  56:C:\Users\Depes Crystalline\Desktop\school\Active_Bike_Lighting_System\Radar_Core/Libraries/CMSIS/Include\core_cmSimd.h **** /** \defgroup CMSIS_SIMD_intrinsics CMSIS SIMD Intrinsics
  57:C:\Users\Depes Crystalline\Desktop\school\Active_Bike_Lighting_System\Radar_Core/Libraries/CMSIS/Include\core_cmSimd.h ****   Access to dedicated SIMD instructions
  58:C:\Users\Depes Crystalline\Desktop\school\Active_Bike_Lighting_System\Radar_Core/Libraries/CMSIS/Include\core_cmSimd.h ****   @{
  59:C:\Users\Depes Crystalline\Desktop\school\Active_Bike_Lighting_System\Radar_Core/Libraries/CMSIS/Include\core_cmSimd.h **** */
  60:C:\Users\Depes Crystalline\Desktop\school\Active_Bike_Lighting_System\Radar_Core/Libraries/CMSIS/Include\core_cmSimd.h **** 
  61:C:\Users\Depes Crystalline\Desktop\school\Active_Bike_Lighting_System\Radar_Core/Libraries/CMSIS/Include\core_cmSimd.h **** #if   defined ( __CC_ARM ) /*------------------RealView Compiler -----------------*/
  62:C:\Users\Depes Crystalline\Desktop\school\Active_Bike_Lighting_System\Radar_Core/Libraries/CMSIS/Include\core_cmSimd.h **** /* ARM armcc specific functions */
  63:C:\Users\Depes Crystalline\Desktop\school\Active_Bike_Lighting_System\Radar_Core/Libraries/CMSIS/Include\core_cmSimd.h **** #define __SADD8                           __sadd8
  64:C:\Users\Depes Crystalline\Desktop\school\Active_Bike_Lighting_System\Radar_Core/Libraries/CMSIS/Include\core_cmSimd.h **** #define __QADD8                           __qadd8
  65:C:\Users\Depes Crystalline\Desktop\school\Active_Bike_Lighting_System\Radar_Core/Libraries/CMSIS/Include\core_cmSimd.h **** #define __SHADD8                          __shadd8
  66:C:\Users\Depes Crystalline\Desktop\school\Active_Bike_Lighting_System\Radar_Core/Libraries/CMSIS/Include\core_cmSimd.h **** #define __UADD8                           __uadd8
  67:C:\Users\Depes Crystalline\Desktop\school\Active_Bike_Lighting_System\Radar_Core/Libraries/CMSIS/Include\core_cmSimd.h **** #define __UQADD8                          __uqadd8
  68:C:\Users\Depes Crystalline\Desktop\school\Active_Bike_Lighting_System\Radar_Core/Libraries/CMSIS/Include\core_cmSimd.h **** #define __UHADD8                          __uhadd8
  69:C:\Users\Depes Crystalline\Desktop\school\Active_Bike_Lighting_System\Radar_Core/Libraries/CMSIS/Include\core_cmSimd.h **** #define __SSUB8                           __ssub8
  70:C:\Users\Depes Crystalline\Desktop\school\Active_Bike_Lighting_System\Radar_Core/Libraries/CMSIS/Include\core_cmSimd.h **** #define __QSUB8                           __qsub8
  71:C:\Users\Depes Crystalline\Desktop\school\Active_Bike_Lighting_System\Radar_Core/Libraries/CMSIS/Include\core_cmSimd.h **** #define __SHSUB8                          __shsub8
  72:C:\Users\Depes Crystalline\Desktop\school\Active_Bike_Lighting_System\Radar_Core/Libraries/CMSIS/Include\core_cmSimd.h **** #define __USUB8                           __usub8
  73:C:\Users\Depes Crystalline\Desktop\school\Active_Bike_Lighting_System\Radar_Core/Libraries/CMSIS/Include\core_cmSimd.h **** #define __UQSUB8                          __uqsub8
  74:C:\Users\Depes Crystalline\Desktop\school\Active_Bike_Lighting_System\Radar_Core/Libraries/CMSIS/Include\core_cmSimd.h **** #define __UHSUB8                          __uhsub8
  75:C:\Users\Depes Crystalline\Desktop\school\Active_Bike_Lighting_System\Radar_Core/Libraries/CMSIS/Include\core_cmSimd.h **** #define __SADD16                          __sadd16
  76:C:\Users\Depes Crystalline\Desktop\school\Active_Bike_Lighting_System\Radar_Core/Libraries/CMSIS/Include\core_cmSimd.h **** #define __QADD16                          __qadd16
  77:C:\Users\Depes Crystalline\Desktop\school\Active_Bike_Lighting_System\Radar_Core/Libraries/CMSIS/Include\core_cmSimd.h **** #define __SHADD16                         __shadd16
  78:C:\Users\Depes Crystalline\Desktop\school\Active_Bike_Lighting_System\Radar_Core/Libraries/CMSIS/Include\core_cmSimd.h **** #define __UADD16                          __uadd16
  79:C:\Users\Depes Crystalline\Desktop\school\Active_Bike_Lighting_System\Radar_Core/Libraries/CMSIS/Include\core_cmSimd.h **** #define __UQADD16                         __uqadd16
  80:C:\Users\Depes Crystalline\Desktop\school\Active_Bike_Lighting_System\Radar_Core/Libraries/CMSIS/Include\core_cmSimd.h **** #define __UHADD16                         __uhadd16
  81:C:\Users\Depes Crystalline\Desktop\school\Active_Bike_Lighting_System\Radar_Core/Libraries/CMSIS/Include\core_cmSimd.h **** #define __SSUB16                          __ssub16
  82:C:\Users\Depes Crystalline\Desktop\school\Active_Bike_Lighting_System\Radar_Core/Libraries/CMSIS/Include\core_cmSimd.h **** #define __QSUB16                          __qsub16
  83:C:\Users\Depes Crystalline\Desktop\school\Active_Bike_Lighting_System\Radar_Core/Libraries/CMSIS/Include\core_cmSimd.h **** #define __SHSUB16                         __shsub16
  84:C:\Users\Depes Crystalline\Desktop\school\Active_Bike_Lighting_System\Radar_Core/Libraries/CMSIS/Include\core_cmSimd.h **** #define __USUB16                          __usub16
  85:C:\Users\Depes Crystalline\Desktop\school\Active_Bike_Lighting_System\Radar_Core/Libraries/CMSIS/Include\core_cmSimd.h **** #define __UQSUB16                         __uqsub16
  86:C:\Users\Depes Crystalline\Desktop\school\Active_Bike_Lighting_System\Radar_Core/Libraries/CMSIS/Include\core_cmSimd.h **** #define __UHSUB16                         __uhsub16
  87:C:\Users\Depes Crystalline\Desktop\school\Active_Bike_Lighting_System\Radar_Core/Libraries/CMSIS/Include\core_cmSimd.h **** #define __SASX                            __sasx
  88:C:\Users\Depes Crystalline\Desktop\school\Active_Bike_Lighting_System\Radar_Core/Libraries/CMSIS/Include\core_cmSimd.h **** #define __QASX                            __qasx
  89:C:\Users\Depes Crystalline\Desktop\school\Active_Bike_Lighting_System\Radar_Core/Libraries/CMSIS/Include\core_cmSimd.h **** #define __SHASX                           __shasx
  90:C:\Users\Depes Crystalline\Desktop\school\Active_Bike_Lighting_System\Radar_Core/Libraries/CMSIS/Include\core_cmSimd.h **** #define __UASX                            __uasx
  91:C:\Users\Depes Crystalline\Desktop\school\Active_Bike_Lighting_System\Radar_Core/Libraries/CMSIS/Include\core_cmSimd.h **** #define __UQASX                           __uqasx
  92:C:\Users\Depes Crystalline\Desktop\school\Active_Bike_Lighting_System\Radar_Core/Libraries/CMSIS/Include\core_cmSimd.h **** #define __UHASX                           __uhasx
  93:C:\Users\Depes Crystalline\Desktop\school\Active_Bike_Lighting_System\Radar_Core/Libraries/CMSIS/Include\core_cmSimd.h **** #define __SSAX                            __ssax
  94:C:\Users\Depes Crystalline\Desktop\school\Active_Bike_Lighting_System\Radar_Core/Libraries/CMSIS/Include\core_cmSimd.h **** #define __QSAX                            __qsax
  95:C:\Users\Depes Crystalline\Desktop\school\Active_Bike_Lighting_System\Radar_Core/Libraries/CMSIS/Include\core_cmSimd.h **** #define __SHSAX                           __shsax
  96:C:\Users\Depes Crystalline\Desktop\school\Active_Bike_Lighting_System\Radar_Core/Libraries/CMSIS/Include\core_cmSimd.h **** #define __USAX                            __usax
  97:C:\Users\Depes Crystalline\Desktop\school\Active_Bike_Lighting_System\Radar_Core/Libraries/CMSIS/Include\core_cmSimd.h **** #define __UQSAX                           __uqsax
  98:C:\Users\Depes Crystalline\Desktop\school\Active_Bike_Lighting_System\Radar_Core/Libraries/CMSIS/Include\core_cmSimd.h **** #define __UHSAX                           __uhsax
  99:C:\Users\Depes Crystalline\Desktop\school\Active_Bike_Lighting_System\Radar_Core/Libraries/CMSIS/Include\core_cmSimd.h **** #define __USAD8                           __usad8
 100:C:\Users\Depes Crystalline\Desktop\school\Active_Bike_Lighting_System\Radar_Core/Libraries/CMSIS/Include\core_cmSimd.h **** #define __USADA8                          __usada8
 101:C:\Users\Depes Crystalline\Desktop\school\Active_Bike_Lighting_System\Radar_Core/Libraries/CMSIS/Include\core_cmSimd.h **** #define __SSAT16                          __ssat16
 102:C:\Users\Depes Crystalline\Desktop\school\Active_Bike_Lighting_System\Radar_Core/Libraries/CMSIS/Include\core_cmSimd.h **** #define __USAT16                          __usat16
 103:C:\Users\Depes Crystalline\Desktop\school\Active_Bike_Lighting_System\Radar_Core/Libraries/CMSIS/Include\core_cmSimd.h **** #define __UXTB16                          __uxtb16
 104:C:\Users\Depes Crystalline\Desktop\school\Active_Bike_Lighting_System\Radar_Core/Libraries/CMSIS/Include\core_cmSimd.h **** #define __UXTAB16                         __uxtab16
 105:C:\Users\Depes Crystalline\Desktop\school\Active_Bike_Lighting_System\Radar_Core/Libraries/CMSIS/Include\core_cmSimd.h **** #define __SXTB16                          __sxtb16
 106:C:\Users\Depes Crystalline\Desktop\school\Active_Bike_Lighting_System\Radar_Core/Libraries/CMSIS/Include\core_cmSimd.h **** #define __SXTAB16                         __sxtab16
 107:C:\Users\Depes Crystalline\Desktop\school\Active_Bike_Lighting_System\Radar_Core/Libraries/CMSIS/Include\core_cmSimd.h **** #define __SMUAD                           __smuad
 108:C:\Users\Depes Crystalline\Desktop\school\Active_Bike_Lighting_System\Radar_Core/Libraries/CMSIS/Include\core_cmSimd.h **** #define __SMUADX                          __smuadx
 109:C:\Users\Depes Crystalline\Desktop\school\Active_Bike_Lighting_System\Radar_Core/Libraries/CMSIS/Include\core_cmSimd.h **** #define __SMLAD                           __smlad
 110:C:\Users\Depes Crystalline\Desktop\school\Active_Bike_Lighting_System\Radar_Core/Libraries/CMSIS/Include\core_cmSimd.h **** #define __SMLADX                          __smladx
 111:C:\Users\Depes Crystalline\Desktop\school\Active_Bike_Lighting_System\Radar_Core/Libraries/CMSIS/Include\core_cmSimd.h **** #define __SMLALD                          __smlald
 112:C:\Users\Depes Crystalline\Desktop\school\Active_Bike_Lighting_System\Radar_Core/Libraries/CMSIS/Include\core_cmSimd.h **** #define __SMLALDX                         __smlaldx
 113:C:\Users\Depes Crystalline\Desktop\school\Active_Bike_Lighting_System\Radar_Core/Libraries/CMSIS/Include\core_cmSimd.h **** #define __SMUSD                           __smusd
 114:C:\Users\Depes Crystalline\Desktop\school\Active_Bike_Lighting_System\Radar_Core/Libraries/CMSIS/Include\core_cmSimd.h **** #define __SMUSDX                          __smusdx
 115:C:\Users\Depes Crystalline\Desktop\school\Active_Bike_Lighting_System\Radar_Core/Libraries/CMSIS/Include\core_cmSimd.h **** #define __SMLSD                           __smlsd
 116:C:\Users\Depes Crystalline\Desktop\school\Active_Bike_Lighting_System\Radar_Core/Libraries/CMSIS/Include\core_cmSimd.h **** #define __SMLSDX                          __smlsdx
 117:C:\Users\Depes Crystalline\Desktop\school\Active_Bike_Lighting_System\Radar_Core/Libraries/CMSIS/Include\core_cmSimd.h **** #define __SMLSLD                          __smlsld
 118:C:\Users\Depes Crystalline\Desktop\school\Active_Bike_Lighting_System\Radar_Core/Libraries/CMSIS/Include\core_cmSimd.h **** #define __SMLSLDX                         __smlsldx
 119:C:\Users\Depes Crystalline\Desktop\school\Active_Bike_Lighting_System\Radar_Core/Libraries/CMSIS/Include\core_cmSimd.h **** #define __SEL                             __sel
 120:C:\Users\Depes Crystalline\Desktop\school\Active_Bike_Lighting_System\Radar_Core/Libraries/CMSIS/Include\core_cmSimd.h **** #define __QADD                            __qadd
 121:C:\Users\Depes Crystalline\Desktop\school\Active_Bike_Lighting_System\Radar_Core/Libraries/CMSIS/Include\core_cmSimd.h **** #define __QSUB                            __qsub
 122:C:\Users\Depes Crystalline\Desktop\school\Active_Bike_Lighting_System\Radar_Core/Libraries/CMSIS/Include\core_cmSimd.h **** 
 123:C:\Users\Depes Crystalline\Desktop\school\Active_Bike_Lighting_System\Radar_Core/Libraries/CMSIS/Include\core_cmSimd.h **** #define __PKHBT(ARG1,ARG2,ARG3)          ( ((((uint32_t)(ARG1))          ) & 0x0000FFFFUL) |  \
 124:C:\Users\Depes Crystalline\Desktop\school\Active_Bike_Lighting_System\Radar_Core/Libraries/CMSIS/Include\core_cmSimd.h ****                                            ((((uint32_t)(ARG2)) << (ARG3)) & 0xFFFF0000UL)  )
 125:C:\Users\Depes Crystalline\Desktop\school\Active_Bike_Lighting_System\Radar_Core/Libraries/CMSIS/Include\core_cmSimd.h **** 
 126:C:\Users\Depes Crystalline\Desktop\school\Active_Bike_Lighting_System\Radar_Core/Libraries/CMSIS/Include\core_cmSimd.h **** #define __PKHTB(ARG1,ARG2,ARG3)          ( ((((uint32_t)(ARG1))          ) & 0xFFFF0000UL) |  \
 127:C:\Users\Depes Crystalline\Desktop\school\Active_Bike_Lighting_System\Radar_Core/Libraries/CMSIS/Include\core_cmSimd.h ****                                            ((((uint32_t)(ARG2)) >> (ARG3)) & 0x0000FFFFUL)  )
 128:C:\Users\Depes Crystalline\Desktop\school\Active_Bike_Lighting_System\Radar_Core/Libraries/CMSIS/Include\core_cmSimd.h **** 
 129:C:\Users\Depes Crystalline\Desktop\school\Active_Bike_Lighting_System\Radar_Core/Libraries/CMSIS/Include\core_cmSimd.h **** #define __SMMLA(ARG1,ARG2,ARG3)          ( (int32_t)((((int64_t)(ARG1) * (ARG2)) + \
 130:C:\Users\Depes Crystalline\Desktop\school\Active_Bike_Lighting_System\Radar_Core/Libraries/CMSIS/Include\core_cmSimd.h ****                                                       ((int64_t)(ARG3) << 32)      ) >> 32))
 131:C:\Users\Depes Crystalline\Desktop\school\Active_Bike_Lighting_System\Radar_Core/Libraries/CMSIS/Include\core_cmSimd.h **** 
 132:C:\Users\Depes Crystalline\Desktop\school\Active_Bike_Lighting_System\Radar_Core/Libraries/CMSIS/Include\core_cmSimd.h **** 
 133:C:\Users\Depes Crystalline\Desktop\school\Active_Bike_Lighting_System\Radar_Core/Libraries/CMSIS/Include\core_cmSimd.h **** #elif defined ( __GNUC__ ) /*------------------ GNU Compiler ---------------------*/
 134:C:\Users\Depes Crystalline\Desktop\school\Active_Bike_Lighting_System\Radar_Core/Libraries/CMSIS/Include\core_cmSimd.h **** /* GNU gcc specific functions */
 135:C:\Users\Depes Crystalline\Desktop\school\Active_Bike_Lighting_System\Radar_Core/Libraries/CMSIS/Include\core_cmSimd.h **** __attribute__( ( always_inline ) ) __STATIC_INLINE uint32_t __SADD8(uint32_t op1, uint32_t op2)
 136:C:\Users\Depes Crystalline\Desktop\school\Active_Bike_Lighting_System\Radar_Core/Libraries/CMSIS/Include\core_cmSimd.h **** {
 137:C:\Users\Depes Crystalline\Desktop\school\Active_Bike_Lighting_System\Radar_Core/Libraries/CMSIS/Include\core_cmSimd.h ****   uint32_t result;
 138:C:\Users\Depes Crystalline\Desktop\school\Active_Bike_Lighting_System\Radar_Core/Libraries/CMSIS/Include\core_cmSimd.h **** 
 139:C:\Users\Depes Crystalline\Desktop\school\Active_Bike_Lighting_System\Radar_Core/Libraries/CMSIS/Include\core_cmSimd.h ****   __ASM volatile ("sadd8 %0, %1, %2" : "=r" (result) : "r" (op1), "r" (op2) );
 140:C:\Users\Depes Crystalline\Desktop\school\Active_Bike_Lighting_System\Radar_Core/Libraries/CMSIS/Include\core_cmSimd.h ****   return(result);
 141:C:\Users\Depes Crystalline\Desktop\school\Active_Bike_Lighting_System\Radar_Core/Libraries/CMSIS/Include\core_cmSimd.h **** }
 142:C:\Users\Depes Crystalline\Desktop\school\Active_Bike_Lighting_System\Radar_Core/Libraries/CMSIS/Include\core_cmSimd.h **** 
 143:C:\Users\Depes Crystalline\Desktop\school\Active_Bike_Lighting_System\Radar_Core/Libraries/CMSIS/Include\core_cmSimd.h **** __attribute__( ( always_inline ) ) __STATIC_INLINE uint32_t __QADD8(uint32_t op1, uint32_t op2)
 144:C:\Users\Depes Crystalline\Desktop\school\Active_Bike_Lighting_System\Radar_Core/Libraries/CMSIS/Include\core_cmSimd.h **** {
 145:C:\Users\Depes Crystalline\Desktop\school\Active_Bike_Lighting_System\Radar_Core/Libraries/CMSIS/Include\core_cmSimd.h ****   uint32_t result;
 146:C:\Users\Depes Crystalline\Desktop\school\Active_Bike_Lighting_System\Radar_Core/Libraries/CMSIS/Include\core_cmSimd.h **** 
 147:C:\Users\Depes Crystalline\Desktop\school\Active_Bike_Lighting_System\Radar_Core/Libraries/CMSIS/Include\core_cmSimd.h ****   __ASM volatile ("qadd8 %0, %1, %2" : "=r" (result) : "r" (op1), "r" (op2) );
 148:C:\Users\Depes Crystalline\Desktop\school\Active_Bike_Lighting_System\Radar_Core/Libraries/CMSIS/Include\core_cmSimd.h ****   return(result);
 149:C:\Users\Depes Crystalline\Desktop\school\Active_Bike_Lighting_System\Radar_Core/Libraries/CMSIS/Include\core_cmSimd.h **** }
 150:C:\Users\Depes Crystalline\Desktop\school\Active_Bike_Lighting_System\Radar_Core/Libraries/CMSIS/Include\core_cmSimd.h **** 
 151:C:\Users\Depes Crystalline\Desktop\school\Active_Bike_Lighting_System\Radar_Core/Libraries/CMSIS/Include\core_cmSimd.h **** __attribute__( ( always_inline ) ) __STATIC_INLINE uint32_t __SHADD8(uint32_t op1, uint32_t op2)
 152:C:\Users\Depes Crystalline\Desktop\school\Active_Bike_Lighting_System\Radar_Core/Libraries/CMSIS/Include\core_cmSimd.h **** {
 153:C:\Users\Depes Crystalline\Desktop\school\Active_Bike_Lighting_System\Radar_Core/Libraries/CMSIS/Include\core_cmSimd.h ****   uint32_t result;
 154:C:\Users\Depes Crystalline\Desktop\school\Active_Bike_Lighting_System\Radar_Core/Libraries/CMSIS/Include\core_cmSimd.h **** 
 155:C:\Users\Depes Crystalline\Desktop\school\Active_Bike_Lighting_System\Radar_Core/Libraries/CMSIS/Include\core_cmSimd.h ****   __ASM volatile ("shadd8 %0, %1, %2" : "=r" (result) : "r" (op1), "r" (op2) );
 156:C:\Users\Depes Crystalline\Desktop\school\Active_Bike_Lighting_System\Radar_Core/Libraries/CMSIS/Include\core_cmSimd.h ****   return(result);
 157:C:\Users\Depes Crystalline\Desktop\school\Active_Bike_Lighting_System\Radar_Core/Libraries/CMSIS/Include\core_cmSimd.h **** }
 158:C:\Users\Depes Crystalline\Desktop\school\Active_Bike_Lighting_System\Radar_Core/Libraries/CMSIS/Include\core_cmSimd.h **** 
 159:C:\Users\Depes Crystalline\Desktop\school\Active_Bike_Lighting_System\Radar_Core/Libraries/CMSIS/Include\core_cmSimd.h **** __attribute__( ( always_inline ) ) __STATIC_INLINE uint32_t __UADD8(uint32_t op1, uint32_t op2)
 160:C:\Users\Depes Crystalline\Desktop\school\Active_Bike_Lighting_System\Radar_Core/Libraries/CMSIS/Include\core_cmSimd.h **** {
 161:C:\Users\Depes Crystalline\Desktop\school\Active_Bike_Lighting_System\Radar_Core/Libraries/CMSIS/Include\core_cmSimd.h ****   uint32_t result;
 162:C:\Users\Depes Crystalline\Desktop\school\Active_Bike_Lighting_System\Radar_Core/Libraries/CMSIS/Include\core_cmSimd.h **** 
 163:C:\Users\Depes Crystalline\Desktop\school\Active_Bike_Lighting_System\Radar_Core/Libraries/CMSIS/Include\core_cmSimd.h ****   __ASM volatile ("uadd8 %0, %1, %2" : "=r" (result) : "r" (op1), "r" (op2) );
 164:C:\Users\Depes Crystalline\Desktop\school\Active_Bike_Lighting_System\Radar_Core/Libraries/CMSIS/Include\core_cmSimd.h ****   return(result);
 165:C:\Users\Depes Crystalline\Desktop\school\Active_Bike_Lighting_System\Radar_Core/Libraries/CMSIS/Include\core_cmSimd.h **** }
 166:C:\Users\Depes Crystalline\Desktop\school\Active_Bike_Lighting_System\Radar_Core/Libraries/CMSIS/Include\core_cmSimd.h **** 
 167:C:\Users\Depes Crystalline\Desktop\school\Active_Bike_Lighting_System\Radar_Core/Libraries/CMSIS/Include\core_cmSimd.h **** __attribute__( ( always_inline ) ) __STATIC_INLINE uint32_t __UQADD8(uint32_t op1, uint32_t op2)
 168:C:\Users\Depes Crystalline\Desktop\school\Active_Bike_Lighting_System\Radar_Core/Libraries/CMSIS/Include\core_cmSimd.h **** {
 169:C:\Users\Depes Crystalline\Desktop\school\Active_Bike_Lighting_System\Radar_Core/Libraries/CMSIS/Include\core_cmSimd.h ****   uint32_t result;
 170:C:\Users\Depes Crystalline\Desktop\school\Active_Bike_Lighting_System\Radar_Core/Libraries/CMSIS/Include\core_cmSimd.h **** 
 171:C:\Users\Depes Crystalline\Desktop\school\Active_Bike_Lighting_System\Radar_Core/Libraries/CMSIS/Include\core_cmSimd.h ****   __ASM volatile ("uqadd8 %0, %1, %2" : "=r" (result) : "r" (op1), "r" (op2) );
 172:C:\Users\Depes Crystalline\Desktop\school\Active_Bike_Lighting_System\Radar_Core/Libraries/CMSIS/Include\core_cmSimd.h ****   return(result);
 173:C:\Users\Depes Crystalline\Desktop\school\Active_Bike_Lighting_System\Radar_Core/Libraries/CMSIS/Include\core_cmSimd.h **** }
 174:C:\Users\Depes Crystalline\Desktop\school\Active_Bike_Lighting_System\Radar_Core/Libraries/CMSIS/Include\core_cmSimd.h **** 
 175:C:\Users\Depes Crystalline\Desktop\school\Active_Bike_Lighting_System\Radar_Core/Libraries/CMSIS/Include\core_cmSimd.h **** __attribute__( ( always_inline ) ) __STATIC_INLINE uint32_t __UHADD8(uint32_t op1, uint32_t op2)
 176:C:\Users\Depes Crystalline\Desktop\school\Active_Bike_Lighting_System\Radar_Core/Libraries/CMSIS/Include\core_cmSimd.h **** {
 177:C:\Users\Depes Crystalline\Desktop\school\Active_Bike_Lighting_System\Radar_Core/Libraries/CMSIS/Include\core_cmSimd.h ****   uint32_t result;
 178:C:\Users\Depes Crystalline\Desktop\school\Active_Bike_Lighting_System\Radar_Core/Libraries/CMSIS/Include\core_cmSimd.h **** 
 179:C:\Users\Depes Crystalline\Desktop\school\Active_Bike_Lighting_System\Radar_Core/Libraries/CMSIS/Include\core_cmSimd.h ****   __ASM volatile ("uhadd8 %0, %1, %2" : "=r" (result) : "r" (op1), "r" (op2) );
 180:C:\Users\Depes Crystalline\Desktop\school\Active_Bike_Lighting_System\Radar_Core/Libraries/CMSIS/Include\core_cmSimd.h ****   return(result);
 181:C:\Users\Depes Crystalline\Desktop\school\Active_Bike_Lighting_System\Radar_Core/Libraries/CMSIS/Include\core_cmSimd.h **** }
 182:C:\Users\Depes Crystalline\Desktop\school\Active_Bike_Lighting_System\Radar_Core/Libraries/CMSIS/Include\core_cmSimd.h **** 
 183:C:\Users\Depes Crystalline\Desktop\school\Active_Bike_Lighting_System\Radar_Core/Libraries/CMSIS/Include\core_cmSimd.h **** 
 184:C:\Users\Depes Crystalline\Desktop\school\Active_Bike_Lighting_System\Radar_Core/Libraries/CMSIS/Include\core_cmSimd.h **** __attribute__( ( always_inline ) ) __STATIC_INLINE uint32_t __SSUB8(uint32_t op1, uint32_t op2)
 185:C:\Users\Depes Crystalline\Desktop\school\Active_Bike_Lighting_System\Radar_Core/Libraries/CMSIS/Include\core_cmSimd.h **** {
 186:C:\Users\Depes Crystalline\Desktop\school\Active_Bike_Lighting_System\Radar_Core/Libraries/CMSIS/Include\core_cmSimd.h ****   uint32_t result;
 187:C:\Users\Depes Crystalline\Desktop\school\Active_Bike_Lighting_System\Radar_Core/Libraries/CMSIS/Include\core_cmSimd.h **** 
 188:C:\Users\Depes Crystalline\Desktop\school\Active_Bike_Lighting_System\Radar_Core/Libraries/CMSIS/Include\core_cmSimd.h ****   __ASM volatile ("ssub8 %0, %1, %2" : "=r" (result) : "r" (op1), "r" (op2) );
 189:C:\Users\Depes Crystalline\Desktop\school\Active_Bike_Lighting_System\Radar_Core/Libraries/CMSIS/Include\core_cmSimd.h ****   return(result);
 190:C:\Users\Depes Crystalline\Desktop\school\Active_Bike_Lighting_System\Radar_Core/Libraries/CMSIS/Include\core_cmSimd.h **** }
 191:C:\Users\Depes Crystalline\Desktop\school\Active_Bike_Lighting_System\Radar_Core/Libraries/CMSIS/Include\core_cmSimd.h **** 
 192:C:\Users\Depes Crystalline\Desktop\school\Active_Bike_Lighting_System\Radar_Core/Libraries/CMSIS/Include\core_cmSimd.h **** __attribute__( ( always_inline ) ) __STATIC_INLINE uint32_t __QSUB8(uint32_t op1, uint32_t op2)
 193:C:\Users\Depes Crystalline\Desktop\school\Active_Bike_Lighting_System\Radar_Core/Libraries/CMSIS/Include\core_cmSimd.h **** {
 194:C:\Users\Depes Crystalline\Desktop\school\Active_Bike_Lighting_System\Radar_Core/Libraries/CMSIS/Include\core_cmSimd.h ****   uint32_t result;
 195:C:\Users\Depes Crystalline\Desktop\school\Active_Bike_Lighting_System\Radar_Core/Libraries/CMSIS/Include\core_cmSimd.h **** 
 196:C:\Users\Depes Crystalline\Desktop\school\Active_Bike_Lighting_System\Radar_Core/Libraries/CMSIS/Include\core_cmSimd.h ****   __ASM volatile ("qsub8 %0, %1, %2" : "=r" (result) : "r" (op1), "r" (op2) );
 197:C:\Users\Depes Crystalline\Desktop\school\Active_Bike_Lighting_System\Radar_Core/Libraries/CMSIS/Include\core_cmSimd.h ****   return(result);
 198:C:\Users\Depes Crystalline\Desktop\school\Active_Bike_Lighting_System\Radar_Core/Libraries/CMSIS/Include\core_cmSimd.h **** }
 199:C:\Users\Depes Crystalline\Desktop\school\Active_Bike_Lighting_System\Radar_Core/Libraries/CMSIS/Include\core_cmSimd.h **** 
 200:C:\Users\Depes Crystalline\Desktop\school\Active_Bike_Lighting_System\Radar_Core/Libraries/CMSIS/Include\core_cmSimd.h **** __attribute__( ( always_inline ) ) __STATIC_INLINE uint32_t __SHSUB8(uint32_t op1, uint32_t op2)
 201:C:\Users\Depes Crystalline\Desktop\school\Active_Bike_Lighting_System\Radar_Core/Libraries/CMSIS/Include\core_cmSimd.h **** {
 202:C:\Users\Depes Crystalline\Desktop\school\Active_Bike_Lighting_System\Radar_Core/Libraries/CMSIS/Include\core_cmSimd.h ****   uint32_t result;
 203:C:\Users\Depes Crystalline\Desktop\school\Active_Bike_Lighting_System\Radar_Core/Libraries/CMSIS/Include\core_cmSimd.h **** 
 204:C:\Users\Depes Crystalline\Desktop\school\Active_Bike_Lighting_System\Radar_Core/Libraries/CMSIS/Include\core_cmSimd.h ****   __ASM volatile ("shsub8 %0, %1, %2" : "=r" (result) : "r" (op1), "r" (op2) );
 205:C:\Users\Depes Crystalline\Desktop\school\Active_Bike_Lighting_System\Radar_Core/Libraries/CMSIS/Include\core_cmSimd.h ****   return(result);
 206:C:\Users\Depes Crystalline\Desktop\school\Active_Bike_Lighting_System\Radar_Core/Libraries/CMSIS/Include\core_cmSimd.h **** }
 207:C:\Users\Depes Crystalline\Desktop\school\Active_Bike_Lighting_System\Radar_Core/Libraries/CMSIS/Include\core_cmSimd.h **** 
 208:C:\Users\Depes Crystalline\Desktop\school\Active_Bike_Lighting_System\Radar_Core/Libraries/CMSIS/Include\core_cmSimd.h **** __attribute__( ( always_inline ) ) __STATIC_INLINE uint32_t __USUB8(uint32_t op1, uint32_t op2)
 209:C:\Users\Depes Crystalline\Desktop\school\Active_Bike_Lighting_System\Radar_Core/Libraries/CMSIS/Include\core_cmSimd.h **** {
 210:C:\Users\Depes Crystalline\Desktop\school\Active_Bike_Lighting_System\Radar_Core/Libraries/CMSIS/Include\core_cmSimd.h ****   uint32_t result;
 211:C:\Users\Depes Crystalline\Desktop\school\Active_Bike_Lighting_System\Radar_Core/Libraries/CMSIS/Include\core_cmSimd.h **** 
 212:C:\Users\Depes Crystalline\Desktop\school\Active_Bike_Lighting_System\Radar_Core/Libraries/CMSIS/Include\core_cmSimd.h ****   __ASM volatile ("usub8 %0, %1, %2" : "=r" (result) : "r" (op1), "r" (op2) );
 213:C:\Users\Depes Crystalline\Desktop\school\Active_Bike_Lighting_System\Radar_Core/Libraries/CMSIS/Include\core_cmSimd.h ****   return(result);
 214:C:\Users\Depes Crystalline\Desktop\school\Active_Bike_Lighting_System\Radar_Core/Libraries/CMSIS/Include\core_cmSimd.h **** }
 215:C:\Users\Depes Crystalline\Desktop\school\Active_Bike_Lighting_System\Radar_Core/Libraries/CMSIS/Include\core_cmSimd.h **** 
 216:C:\Users\Depes Crystalline\Desktop\school\Active_Bike_Lighting_System\Radar_Core/Libraries/CMSIS/Include\core_cmSimd.h **** __attribute__( ( always_inline ) ) __STATIC_INLINE uint32_t __UQSUB8(uint32_t op1, uint32_t op2)
 217:C:\Users\Depes Crystalline\Desktop\school\Active_Bike_Lighting_System\Radar_Core/Libraries/CMSIS/Include\core_cmSimd.h **** {
 218:C:\Users\Depes Crystalline\Desktop\school\Active_Bike_Lighting_System\Radar_Core/Libraries/CMSIS/Include\core_cmSimd.h ****   uint32_t result;
 219:C:\Users\Depes Crystalline\Desktop\school\Active_Bike_Lighting_System\Radar_Core/Libraries/CMSIS/Include\core_cmSimd.h **** 
 220:C:\Users\Depes Crystalline\Desktop\school\Active_Bike_Lighting_System\Radar_Core/Libraries/CMSIS/Include\core_cmSimd.h ****   __ASM volatile ("uqsub8 %0, %1, %2" : "=r" (result) : "r" (op1), "r" (op2) );
 221:C:\Users\Depes Crystalline\Desktop\school\Active_Bike_Lighting_System\Radar_Core/Libraries/CMSIS/Include\core_cmSimd.h ****   return(result);
 222:C:\Users\Depes Crystalline\Desktop\school\Active_Bike_Lighting_System\Radar_Core/Libraries/CMSIS/Include\core_cmSimd.h **** }
 223:C:\Users\Depes Crystalline\Desktop\school\Active_Bike_Lighting_System\Radar_Core/Libraries/CMSIS/Include\core_cmSimd.h **** 
 224:C:\Users\Depes Crystalline\Desktop\school\Active_Bike_Lighting_System\Radar_Core/Libraries/CMSIS/Include\core_cmSimd.h **** __attribute__( ( always_inline ) ) __STATIC_INLINE uint32_t __UHSUB8(uint32_t op1, uint32_t op2)
 225:C:\Users\Depes Crystalline\Desktop\school\Active_Bike_Lighting_System\Radar_Core/Libraries/CMSIS/Include\core_cmSimd.h **** {
 226:C:\Users\Depes Crystalline\Desktop\school\Active_Bike_Lighting_System\Radar_Core/Libraries/CMSIS/Include\core_cmSimd.h ****   uint32_t result;
 227:C:\Users\Depes Crystalline\Desktop\school\Active_Bike_Lighting_System\Radar_Core/Libraries/CMSIS/Include\core_cmSimd.h **** 
 228:C:\Users\Depes Crystalline\Desktop\school\Active_Bike_Lighting_System\Radar_Core/Libraries/CMSIS/Include\core_cmSimd.h ****   __ASM volatile ("uhsub8 %0, %1, %2" : "=r" (result) : "r" (op1), "r" (op2) );
 229:C:\Users\Depes Crystalline\Desktop\school\Active_Bike_Lighting_System\Radar_Core/Libraries/CMSIS/Include\core_cmSimd.h ****   return(result);
 230:C:\Users\Depes Crystalline\Desktop\school\Active_Bike_Lighting_System\Radar_Core/Libraries/CMSIS/Include\core_cmSimd.h **** }
 231:C:\Users\Depes Crystalline\Desktop\school\Active_Bike_Lighting_System\Radar_Core/Libraries/CMSIS/Include\core_cmSimd.h **** 
 232:C:\Users\Depes Crystalline\Desktop\school\Active_Bike_Lighting_System\Radar_Core/Libraries/CMSIS/Include\core_cmSimd.h **** 
 233:C:\Users\Depes Crystalline\Desktop\school\Active_Bike_Lighting_System\Radar_Core/Libraries/CMSIS/Include\core_cmSimd.h **** __attribute__( ( always_inline ) ) __STATIC_INLINE uint32_t __SADD16(uint32_t op1, uint32_t op2)
 234:C:\Users\Depes Crystalline\Desktop\school\Active_Bike_Lighting_System\Radar_Core/Libraries/CMSIS/Include\core_cmSimd.h **** {
 235:C:\Users\Depes Crystalline\Desktop\school\Active_Bike_Lighting_System\Radar_Core/Libraries/CMSIS/Include\core_cmSimd.h ****   uint32_t result;
 236:C:\Users\Depes Crystalline\Desktop\school\Active_Bike_Lighting_System\Radar_Core/Libraries/CMSIS/Include\core_cmSimd.h **** 
 237:C:\Users\Depes Crystalline\Desktop\school\Active_Bike_Lighting_System\Radar_Core/Libraries/CMSIS/Include\core_cmSimd.h ****   __ASM volatile ("sadd16 %0, %1, %2" : "=r" (result) : "r" (op1), "r" (op2) );
 238:C:\Users\Depes Crystalline\Desktop\school\Active_Bike_Lighting_System\Radar_Core/Libraries/CMSIS/Include\core_cmSimd.h ****   return(result);
 239:C:\Users\Depes Crystalline\Desktop\school\Active_Bike_Lighting_System\Radar_Core/Libraries/CMSIS/Include\core_cmSimd.h **** }
 240:C:\Users\Depes Crystalline\Desktop\school\Active_Bike_Lighting_System\Radar_Core/Libraries/CMSIS/Include\core_cmSimd.h **** 
 241:C:\Users\Depes Crystalline\Desktop\school\Active_Bike_Lighting_System\Radar_Core/Libraries/CMSIS/Include\core_cmSimd.h **** __attribute__( ( always_inline ) ) __STATIC_INLINE uint32_t __QADD16(uint32_t op1, uint32_t op2)
 242:C:\Users\Depes Crystalline\Desktop\school\Active_Bike_Lighting_System\Radar_Core/Libraries/CMSIS/Include\core_cmSimd.h **** {
 243:C:\Users\Depes Crystalline\Desktop\school\Active_Bike_Lighting_System\Radar_Core/Libraries/CMSIS/Include\core_cmSimd.h ****   uint32_t result;
 244:C:\Users\Depes Crystalline\Desktop\school\Active_Bike_Lighting_System\Radar_Core/Libraries/CMSIS/Include\core_cmSimd.h **** 
 245:C:\Users\Depes Crystalline\Desktop\school\Active_Bike_Lighting_System\Radar_Core/Libraries/CMSIS/Include\core_cmSimd.h ****   __ASM volatile ("qadd16 %0, %1, %2" : "=r" (result) : "r" (op1), "r" (op2) );
  56              	 .loc 2 245 0
  57 001a BB6B     	 ldr r3,[r7,#56]
  58 001c 7A6B     	 ldr r2,[r7,#52]
  59              	
  60 001e 93FA12F3 	 qadd16 r3,r3,r2
  61              	
  62              	 .thumb
  63 0022 3B63     	 str r3,[r7,#48]
 246:C:\Users\Depes Crystalline\Desktop\school\Active_Bike_Lighting_System\Radar_Core/Libraries/CMSIS/Include\core_cmSimd.h ****   return(result);
  64              	 .loc 2 246 0
  65 0024 3A6B     	 ldr r2,[r7,#48]
  66              	.LBE12:
  67              	.LBE11:
  68              	 .loc 1 71 0
  69 0026 7B68     	 ldr r3,[r7,#4]
  70 0028 5B8A     	 ldrh r3,[r3,#18]
  71 002a 1BB2     	 sxth r3,r3
  72 002c FA62     	 str r2,[r7,#44]
  73 002e BB62     	 str r3,[r7,#40]
  74              	.LBB13:
  75              	.LBB14:
 245:C:\Users\Depes Crystalline\Desktop\school\Active_Bike_Lighting_System\Radar_Core/Libraries/CMSIS/Include\core_cmSimd.h ****   return(result);
  76              	 .loc 2 245 0
  77 0030 FB6A     	 ldr r3,[r7,#44]
  78 0032 BA6A     	 ldr r2,[r7,#40]
  79              	
  80 0034 93FA12F3 	 qadd16 r3,r3,r2
  81              	
  82              	 .thumb
  83 0038 7B62     	 str r3,[r7,#36]
  84              	 .loc 2 246 0
  85 003a 7B6A     	 ldr r3,[r7,#36]
  86              	.LBE14:
  87              	.LBE13:
  88              	 .loc 1 71 0
  89 003c 9AB2     	 uxth r2,r3
  90 003e 7B68     	 ldr r3,[r7,#4]
  91 0040 1A80     	 strh r2,[r3]
  92              	.LBB15:
  72:../Dave/Generated/CMSIS_DSP/ControllerFunctions/arm_pid_init_q15.c **** 
  73:../Dave/Generated/CMSIS_DSP/ControllerFunctions/arm_pid_init_q15.c ****   /* Derived coefficients and pack into A1 */
  74:../Dave/Generated/CMSIS_DSP/ControllerFunctions/arm_pid_init_q15.c **** 
  75:../Dave/Generated/CMSIS_DSP/ControllerFunctions/arm_pid_init_q15.c **** #ifndef  ARM_MATH_BIG_ENDIAN
  76:../Dave/Generated/CMSIS_DSP/ControllerFunctions/arm_pid_init_q15.c **** 
  77:../Dave/Generated/CMSIS_DSP/ControllerFunctions/arm_pid_init_q15.c ****   S->A1 = __PKHBT(-__QADD16(__QADD16(S->Kd, S->Kd), S->Kp), S->Kd, 16);
  93              	 .loc 1 77 0
  94 0042 7B68     	 ldr r3,[r7,#4]
  95 0044 5B8A     	 ldrh r3,[r3,#18]
  96 0046 1AB2     	 sxth r2,r3
  97 0048 7B68     	 ldr r3,[r7,#4]
  98 004a 5B8A     	 ldrh r3,[r3,#18]
  99 004c 1BB2     	 sxth r3,r3
 100 004e 3A62     	 str r2,[r7,#32]
 101 0050 FB61     	 str r3,[r7,#28]
 102              	.LBB16:
 103              	.LBB17:
 245:C:\Users\Depes Crystalline\Desktop\school\Active_Bike_Lighting_System\Radar_Core/Libraries/CMSIS/Include\core_cmSimd.h ****   return(result);
 104              	 .loc 2 245 0
 105 0052 3B6A     	 ldr r3,[r7,#32]
 106 0054 FA69     	 ldr r2,[r7,#28]
 107              	
 108 0056 93FA12F3 	 qadd16 r3,r3,r2
 109              	
 110              	 .thumb
 111 005a BB61     	 str r3,[r7,#24]
 112              	 .loc 2 246 0
 113 005c BA69     	 ldr r2,[r7,#24]
 114              	.LBE17:
 115              	.LBE16:
 116              	 .loc 1 77 0
 117 005e 7B68     	 ldr r3,[r7,#4]
 118 0060 DB89     	 ldrh r3,[r3,#14]
 119 0062 1BB2     	 sxth r3,r3
 120 0064 7A61     	 str r2,[r7,#20]
 121 0066 3B61     	 str r3,[r7,#16]
 122              	.LBB18:
 123              	.LBB19:
 245:C:\Users\Depes Crystalline\Desktop\school\Active_Bike_Lighting_System\Radar_Core/Libraries/CMSIS/Include\core_cmSimd.h ****   return(result);
 124              	 .loc 2 245 0
 125 0068 7B69     	 ldr r3,[r7,#20]
 126 006a 3A69     	 ldr r2,[r7,#16]
 127              	
 128 006c 93FA12F3 	 qadd16 r3,r3,r2
 129              	
 130              	 .thumb
 131 0070 FB60     	 str r3,[r7,#12]
 132              	 .loc 2 246 0
 133 0072 FB68     	 ldr r3,[r7,#12]
 134              	.LBE19:
 135              	.LBE18:
 136              	 .loc 1 77 0
 137 0074 5B42     	 negs r3,r3
 138 0076 7B64     	 str r3,[r7,#68]
 139 0078 7B68     	 ldr r3,[r7,#4]
 140 007a 5B8A     	 ldrh r3,[r3,#18]
 141 007c 1BB2     	 sxth r3,r3
 142 007e 3B64     	 str r3,[r7,#64]
 143 0080 7B6C     	 ldr r3,[r7,#68]
 144 0082 3A6C     	 ldr r2,[r7,#64]
 145              	
 146 0084 C3EA0243 	 pkhbt r3,r3,r2,lsl#16
 147              	
 148              	 .thumb
 149 0088 FB63     	 str r3,[r7,#60]
 150 008a FB6B     	 ldr r3,[r7,#60]
 151              	.LBE15:
 152 008c 1A46     	 mov r2,r3
 153 008e 7B68     	 ldr r3,[r7,#4]
 154 0090 5A60     	 str r2,[r3,#4]
  78:../Dave/Generated/CMSIS_DSP/ControllerFunctions/arm_pid_init_q15.c **** 
  79:../Dave/Generated/CMSIS_DSP/ControllerFunctions/arm_pid_init_q15.c **** #else
  80:../Dave/Generated/CMSIS_DSP/ControllerFunctions/arm_pid_init_q15.c **** 
  81:../Dave/Generated/CMSIS_DSP/ControllerFunctions/arm_pid_init_q15.c ****   S->A1 = __PKHBT(S->Kd, -__QADD16(__QADD16(S->Kd, S->Kd), S->Kp), 16);
  82:../Dave/Generated/CMSIS_DSP/ControllerFunctions/arm_pid_init_q15.c **** 
  83:../Dave/Generated/CMSIS_DSP/ControllerFunctions/arm_pid_init_q15.c **** #endif /*      #ifndef  ARM_MATH_BIG_ENDIAN    */
  84:../Dave/Generated/CMSIS_DSP/ControllerFunctions/arm_pid_init_q15.c **** 
  85:../Dave/Generated/CMSIS_DSP/ControllerFunctions/arm_pid_init_q15.c ****   /* Check whether state needs reset or not */
  86:../Dave/Generated/CMSIS_DSP/ControllerFunctions/arm_pid_init_q15.c ****   if(resetStateFlag)
 155              	 .loc 1 86 0
 156 0092 3B68     	 ldr r3,[r7]
 157 0094 002B     	 cmp r3,#0
 158 0096 06D0     	 beq .L1
  87:../Dave/Generated/CMSIS_DSP/ControllerFunctions/arm_pid_init_q15.c ****   {
  88:../Dave/Generated/CMSIS_DSP/ControllerFunctions/arm_pid_init_q15.c ****     /* Clear the state buffer.  The size will be always 3 samples */
  89:../Dave/Generated/CMSIS_DSP/ControllerFunctions/arm_pid_init_q15.c ****     memset(S->state, 0, 3u * sizeof(q15_t));
 159              	 .loc 1 89 0
 160 0098 7B68     	 ldr r3,[r7,#4]
 161 009a 0833     	 adds r3,r3,#8
 162 009c 1846     	 mov r0,r3
 163 009e 0021     	 movs r1,#0
 164 00a0 0622     	 movs r2,#6
 165 00a2 FFF7FEFF 	 bl memset
 166              	.L1:
  90:../Dave/Generated/CMSIS_DSP/ControllerFunctions/arm_pid_init_q15.c ****   }
  91:../Dave/Generated/CMSIS_DSP/ControllerFunctions/arm_pid_init_q15.c **** 
  92:../Dave/Generated/CMSIS_DSP/ControllerFunctions/arm_pid_init_q15.c **** #else
  93:../Dave/Generated/CMSIS_DSP/ControllerFunctions/arm_pid_init_q15.c **** 
  94:../Dave/Generated/CMSIS_DSP/ControllerFunctions/arm_pid_init_q15.c ****   /* Run the below code for Cortex-M0 */
  95:../Dave/Generated/CMSIS_DSP/ControllerFunctions/arm_pid_init_q15.c **** 
  96:../Dave/Generated/CMSIS_DSP/ControllerFunctions/arm_pid_init_q15.c ****   q31_t temp;                                    /*to store the sum */
  97:../Dave/Generated/CMSIS_DSP/ControllerFunctions/arm_pid_init_q15.c **** 
  98:../Dave/Generated/CMSIS_DSP/ControllerFunctions/arm_pid_init_q15.c ****   /* Derived coefficient A0 */
  99:../Dave/Generated/CMSIS_DSP/ControllerFunctions/arm_pid_init_q15.c ****   temp = S->Kp + S->Ki + S->Kd;
 100:../Dave/Generated/CMSIS_DSP/ControllerFunctions/arm_pid_init_q15.c ****   S->A0 = (q15_t) __SSAT(temp, 16);
 101:../Dave/Generated/CMSIS_DSP/ControllerFunctions/arm_pid_init_q15.c **** 
 102:../Dave/Generated/CMSIS_DSP/ControllerFunctions/arm_pid_init_q15.c ****   /* Derived coefficients and pack into A1 */
 103:../Dave/Generated/CMSIS_DSP/ControllerFunctions/arm_pid_init_q15.c ****   temp = -(S->Kd + S->Kd + S->Kp);
 104:../Dave/Generated/CMSIS_DSP/ControllerFunctions/arm_pid_init_q15.c ****   S->A1 = (q15_t) __SSAT(temp, 16);
 105:../Dave/Generated/CMSIS_DSP/ControllerFunctions/arm_pid_init_q15.c ****   S->A2 = S->Kd;
 106:../Dave/Generated/CMSIS_DSP/ControllerFunctions/arm_pid_init_q15.c **** 
 107:../Dave/Generated/CMSIS_DSP/ControllerFunctions/arm_pid_init_q15.c **** 
 108:../Dave/Generated/CMSIS_DSP/ControllerFunctions/arm_pid_init_q15.c **** 
 109:../Dave/Generated/CMSIS_DSP/ControllerFunctions/arm_pid_init_q15.c ****   /* Check whether state needs reset or not */
 110:../Dave/Generated/CMSIS_DSP/ControllerFunctions/arm_pid_init_q15.c ****   if(resetStateFlag)
 111:../Dave/Generated/CMSIS_DSP/ControllerFunctions/arm_pid_init_q15.c ****   {
 112:../Dave/Generated/CMSIS_DSP/ControllerFunctions/arm_pid_init_q15.c ****     /* Clear the state buffer.  The size will be always 3 samples */
 113:../Dave/Generated/CMSIS_DSP/ControllerFunctions/arm_pid_init_q15.c ****     memset(S->state, 0, 3u * sizeof(q15_t));
 114:../Dave/Generated/CMSIS_DSP/ControllerFunctions/arm_pid_init_q15.c ****   }
 115:../Dave/Generated/CMSIS_DSP/ControllerFunctions/arm_pid_init_q15.c **** 
 116:../Dave/Generated/CMSIS_DSP/ControllerFunctions/arm_pid_init_q15.c **** #endif /* #ifndef ARM_MATH_CM0_FAMILY */
 117:../Dave/Generated/CMSIS_DSP/ControllerFunctions/arm_pid_init_q15.c **** 
 118:../Dave/Generated/CMSIS_DSP/ControllerFunctions/arm_pid_init_q15.c **** }
 167              	 .loc 1 118 0
 168 00a6 4837     	 adds r7,r7,#72
 169              	.LCFI3:
 170              	 .cfi_def_cfa_offset 8
 171 00a8 BD46     	 mov sp,r7
 172              	.LCFI4:
 173              	 .cfi_def_cfa_register 13
 174              	 
 175 00aa 80BD     	 pop {r7,pc}
 176              	 .cfi_endproc
 177              	.LFE139:
 179              	 .text
 180              	.Letext0:
 181              	 .file 3 "c:\\davev4-64bit\\dave-4.2.6\\eclipse\\arm-gcc-49\\arm-none-eabi\\include\\machine\\_default_types.h"
 182              	 .file 4 "c:\\davev4-64bit\\dave-4.2.6\\eclipse\\arm-gcc-49\\arm-none-eabi\\include\\stdint.h"
 183              	 .file 5 "C:\\Users\\Depes Crystalline\\Desktop\\school\\Active_Bike_Lighting_System\\Radar_Core\\Dave\\Generated/CMSIS_DSP/arm_math.h"
DEFINED SYMBOLS
                            *ABS*:00000000 arm_pid_init_q15.c
    {standard input}:19     .text.arm_pid_init_q15:00000000 $t
    {standard input}:24     .text.arm_pid_init_q15:00000000 arm_pid_init_q15
                     .debug_frame:00000010 $d

UNDEFINED SYMBOLS
memset
