   1              	 .syntax unified
   2              	 .cpu cortex-m4
   3              	 .fpu softvfp
   4              	 .eabi_attribute 20,1
   5              	 .eabi_attribute 21,1
   6              	 .eabi_attribute 23,3
   7              	 .eabi_attribute 24,1
   8              	 .eabi_attribute 25,1
   9              	 .eabi_attribute 26,1
  10              	 .eabi_attribute 30,6
  11              	 .eabi_attribute 34,1
  12              	 .eabi_attribute 18,4
  13              	 .thumb
  14              	 .file "clock_xmc4_conf.c"
  15              	 .text
  16              	.Ltext0:
  17              	 .cfi_sections .debug_frame
  18              	 .global CLOCK_XMC4_0_CONFIG
  19              	 .section .rodata.CLOCK_XMC4_0_CONFIG,"a",%progbits
  20              	 .align 2
  23              	CLOCK_XMC4_0_CONFIG:
  24 0000 50       	 .byte 80
  25 0001 02       	 .byte 2
  26 0002 06       	 .byte 6
  27 0003 01       	 .byte 1
  28 0004 0000     	 .short 0
  29 0006 01       	 .byte 1
  30 0007 00       	 .byte 0
  31 0008 00       	 .byte 0
  32 0009 00       	 .byte 0
  33 000a 0000     	 .space 2
  34 000c 00000100 	 .word 65536
  35 0010 01       	 .byte 1
  36 0011 01       	 .byte 1
  37 0012 01       	 .byte 1
  38 0013 01       	 .byte 1
  39              	 .section .text.SystemCoreClockSetup,"ax",%progbits
  40              	 .align 2
  41              	 .global SystemCoreClockSetup
  42              	 .thumb
  43              	 .thumb_func
  45              	SystemCoreClockSetup:
  46              	.LFB159:
  47              	 .file 1 "../Dave/Generated/CLOCK_XMC4/clock_xmc4_conf.c"
   1:../Dave/Generated/CLOCK_XMC4/clock_xmc4_conf.c **** /**************************************************************************************************
   2:../Dave/Generated/CLOCK_XMC4/clock_xmc4_conf.c **** * DAVE APP Name : CLOCK_XMC4       APP Version: 4.0.6
   3:../Dave/Generated/CLOCK_XMC4/clock_xmc4_conf.c **** *
   4:../Dave/Generated/CLOCK_XMC4/clock_xmc4_conf.c **** * NOTE:
   5:../Dave/Generated/CLOCK_XMC4/clock_xmc4_conf.c **** * This file is generated by DAVE. Any manual modification done to this file will be lost when the c
   6:../Dave/Generated/CLOCK_XMC4/clock_xmc4_conf.c **** ***************************************************************************************************
   7:../Dave/Generated/CLOCK_XMC4/clock_xmc4_conf.c **** 
   8:../Dave/Generated/CLOCK_XMC4/clock_xmc4_conf.c **** /**
   9:../Dave/Generated/CLOCK_XMC4/clock_xmc4_conf.c ****  * @cond
  10:../Dave/Generated/CLOCK_XMC4/clock_xmc4_conf.c ****  **************************************************************************************************
  11:../Dave/Generated/CLOCK_XMC4/clock_xmc4_conf.c ****  *
  12:../Dave/Generated/CLOCK_XMC4/clock_xmc4_conf.c ****  * Copyright (c) 2015, Infineon Technologies AG
  13:../Dave/Generated/CLOCK_XMC4/clock_xmc4_conf.c ****  * All rights reserved.                        
  14:../Dave/Generated/CLOCK_XMC4/clock_xmc4_conf.c ****  *                                             
  15:../Dave/Generated/CLOCK_XMC4/clock_xmc4_conf.c ****  * Redistribution and use in source and binary forms, with or without modification,are permitted pr
  16:../Dave/Generated/CLOCK_XMC4/clock_xmc4_conf.c ****  * following conditions are met:   
  17:../Dave/Generated/CLOCK_XMC4/clock_xmc4_conf.c ****  *                                                                              
  18:../Dave/Generated/CLOCK_XMC4/clock_xmc4_conf.c ****  *   Redistributions of source code must retain the above copyright notice, this list of conditions
  19:../Dave/Generated/CLOCK_XMC4/clock_xmc4_conf.c ****  *   disclaimer.                        
  20:../Dave/Generated/CLOCK_XMC4/clock_xmc4_conf.c ****  * 
  21:../Dave/Generated/CLOCK_XMC4/clock_xmc4_conf.c ****  *   Redistributions in binary form must reproduce the above copyright notice, this list of conditi
  22:../Dave/Generated/CLOCK_XMC4/clock_xmc4_conf.c ****  *   following disclaimer in the documentation and/or other materials provided with the distributio
  23:../Dave/Generated/CLOCK_XMC4/clock_xmc4_conf.c ****  *                         
  24:../Dave/Generated/CLOCK_XMC4/clock_xmc4_conf.c ****  *   Neither the name of the copyright holders nor the names of its contributors may be used to end
  25:../Dave/Generated/CLOCK_XMC4/clock_xmc4_conf.c ****  *   products derived from this software without specific prior written permission. 
  26:../Dave/Generated/CLOCK_XMC4/clock_xmc4_conf.c ****  *                                             
  27:../Dave/Generated/CLOCK_XMC4/clock_xmc4_conf.c ****  * THIS SOFTWARE IS PROVIDED BY THE COPYRIGHT HOLDERS AND CONTRIBUTORS "AS IS" AND ANY EXPRESS OR I
  28:../Dave/Generated/CLOCK_XMC4/clock_xmc4_conf.c ****  * INCLUDING, BUT NOT LIMITED TO, THE IMPLIED WARRANTIES OF MERCHANTABILITY AND FITNESS FOR A PARTI
  29:../Dave/Generated/CLOCK_XMC4/clock_xmc4_conf.c ****  * DISCLAIMED. IN NO EVENT SHALL THE COPYRIGHT HOLDER OR CONTRIBUTORS BE LIABLE  FOR ANY DIRECT, IN
  30:../Dave/Generated/CLOCK_XMC4/clock_xmc4_conf.c ****  * SPECIAL, EXEMPLARY, OR CONSEQUENTIAL DAMAGES (INCLUDING, BUT NOT LIMITED TO, PROCUREMENT OF SUBS
  31:../Dave/Generated/CLOCK_XMC4/clock_xmc4_conf.c ****  * SERVICES; LOSS OF USE, DATA, OR PROFITS; OR BUSINESS INTERRUPTION) HOWEVER CAUSED AND ON ANY THE
  32:../Dave/Generated/CLOCK_XMC4/clock_xmc4_conf.c ****  * WHETHER IN CONTRACT, STRICT LIABILITY,OR TORT (INCLUDING NEGLIGENCE OR OTHERWISE) ARISING IN ANY
  33:../Dave/Generated/CLOCK_XMC4/clock_xmc4_conf.c ****  * USE OF THIS SOFTWARE, EVEN IF ADVISED OF THE POSSIBILITY OF SUCH DAMAGE.    
  34:../Dave/Generated/CLOCK_XMC4/clock_xmc4_conf.c ****  *                                                                              
  35:../Dave/Generated/CLOCK_XMC4/clock_xmc4_conf.c ****  * To improve the quality of the software, users are encouraged to share modifications, enhancement
  36:../Dave/Generated/CLOCK_XMC4/clock_xmc4_conf.c ****  * with Infineon Technologies AG (dave@infineon.com).        
  37:../Dave/Generated/CLOCK_XMC4/clock_xmc4_conf.c ****  **************************************************************************************************
  38:../Dave/Generated/CLOCK_XMC4/clock_xmc4_conf.c ****  *
  39:../Dave/Generated/CLOCK_XMC4/clock_xmc4_conf.c ****  * Change History
  40:../Dave/Generated/CLOCK_XMC4/clock_xmc4_conf.c ****  * --------------
  41:../Dave/Generated/CLOCK_XMC4/clock_xmc4_conf.c ****  * 2015-02-16:
  42:../Dave/Generated/CLOCK_XMC4/clock_xmc4_conf.c ****  *     - Initial version for DAVEv4. <BR>
  43:../Dave/Generated/CLOCK_XMC4/clock_xmc4_conf.c ****  * 2015-05-08:
  44:../Dave/Generated/CLOCK_XMC4/clock_xmc4_conf.c ****  *     - No functional change; Updated to adhere latest guidelines <br>
  45:../Dave/Generated/CLOCK_XMC4/clock_xmc4_conf.c ****  * @endcond 
  46:../Dave/Generated/CLOCK_XMC4/clock_xmc4_conf.c ****  *
  47:../Dave/Generated/CLOCK_XMC4/clock_xmc4_conf.c ****  */
  48:../Dave/Generated/CLOCK_XMC4/clock_xmc4_conf.c **** 
  49:../Dave/Generated/CLOCK_XMC4/clock_xmc4_conf.c **** /**************************************************************************************************
  50:../Dave/Generated/CLOCK_XMC4/clock_xmc4_conf.c ****  * HEADER FILES                                                                                    
  51:../Dave/Generated/CLOCK_XMC4/clock_xmc4_conf.c ****  **************************************************************************************************
  52:../Dave/Generated/CLOCK_XMC4/clock_xmc4_conf.c **** #include "clock_xmc4.h"
  53:../Dave/Generated/CLOCK_XMC4/clock_xmc4_conf.c **** 
  54:../Dave/Generated/CLOCK_XMC4/clock_xmc4_conf.c **** const XMC_SCU_CLOCK_CONFIG_t CLOCK_XMC4_0_CONFIG =
  55:../Dave/Generated/CLOCK_XMC4/clock_xmc4_conf.c **** {
  56:../Dave/Generated/CLOCK_XMC4/clock_xmc4_conf.c ****   .syspll_config.n_div = 80U,
  57:../Dave/Generated/CLOCK_XMC4/clock_xmc4_conf.c ****   .syspll_config.p_div = 2U,
  58:../Dave/Generated/CLOCK_XMC4/clock_xmc4_conf.c **** 
  59:../Dave/Generated/CLOCK_XMC4/clock_xmc4_conf.c ****   .syspll_config.k_div = 6U,
  60:../Dave/Generated/CLOCK_XMC4/clock_xmc4_conf.c **** 
  61:../Dave/Generated/CLOCK_XMC4/clock_xmc4_conf.c ****   .syspll_config.mode = XMC_SCU_CLOCK_SYSPLL_MODE_NORMAL,
  62:../Dave/Generated/CLOCK_XMC4/clock_xmc4_conf.c ****   .syspll_config.clksrc = XMC_SCU_CLOCK_SYSPLLCLKSRC_OSCHP,
  63:../Dave/Generated/CLOCK_XMC4/clock_xmc4_conf.c ****   .enable_oschp = true,
  64:../Dave/Generated/CLOCK_XMC4/clock_xmc4_conf.c **** 
  65:../Dave/Generated/CLOCK_XMC4/clock_xmc4_conf.c ****   .enable_osculp = false, 
  66:../Dave/Generated/CLOCK_XMC4/clock_xmc4_conf.c **** 
  67:../Dave/Generated/CLOCK_XMC4/clock_xmc4_conf.c ****   .calibration_mode = XMC_SCU_CLOCK_FOFI_CALIBRATION_MODE_FACTORY,
  68:../Dave/Generated/CLOCK_XMC4/clock_xmc4_conf.c ****   .fstdby_clksrc = XMC_SCU_HIB_STDBYCLKSRC_OSI,
  69:../Dave/Generated/CLOCK_XMC4/clock_xmc4_conf.c ****   .fsys_clksrc = XMC_SCU_CLOCK_SYSCLKSRC_PLL,
  70:../Dave/Generated/CLOCK_XMC4/clock_xmc4_conf.c ****   .fsys_clkdiv = 1U,
  71:../Dave/Generated/CLOCK_XMC4/clock_xmc4_conf.c ****   .fcpu_clkdiv = 1U,
  72:../Dave/Generated/CLOCK_XMC4/clock_xmc4_conf.c ****   .fccu_clkdiv = 1U,
  73:../Dave/Generated/CLOCK_XMC4/clock_xmc4_conf.c ****   .fperipheral_clkdiv = 1U
  74:../Dave/Generated/CLOCK_XMC4/clock_xmc4_conf.c **** };
  75:../Dave/Generated/CLOCK_XMC4/clock_xmc4_conf.c **** 
  76:../Dave/Generated/CLOCK_XMC4/clock_xmc4_conf.c ****  /*************************************************************************************************
  77:../Dave/Generated/CLOCK_XMC4/clock_xmc4_conf.c ****  * API IMPLEMENTATION
  78:../Dave/Generated/CLOCK_XMC4/clock_xmc4_conf.c ****  **************************************************************************************************
  79:../Dave/Generated/CLOCK_XMC4/clock_xmc4_conf.c **** /**
  80:../Dave/Generated/CLOCK_XMC4/clock_xmc4_conf.c **** * @brief  Function to initialize the Clock Tree based on UI configuration
  81:../Dave/Generated/CLOCK_XMC4/clock_xmc4_conf.c **** * @note   -
  82:../Dave/Generated/CLOCK_XMC4/clock_xmc4_conf.c **** * @param  None
  83:../Dave/Generated/CLOCK_XMC4/clock_xmc4_conf.c **** * @retval None
  84:../Dave/Generated/CLOCK_XMC4/clock_xmc4_conf.c **** */
  85:../Dave/Generated/CLOCK_XMC4/clock_xmc4_conf.c **** void SystemCoreClockSetup(void)
  86:../Dave/Generated/CLOCK_XMC4/clock_xmc4_conf.c **** {
  48              	 .loc 1 86 0
  49              	 .cfi_startproc
  50              	 
  51              	 
  52 0000 80B5     	 push {r7,lr}
  53              	.LCFI0:
  54              	 .cfi_def_cfa_offset 8
  55              	 .cfi_offset 7,-8
  56              	 .cfi_offset 14,-4
  57 0002 00AF     	 add r7,sp,#0
  58              	.LCFI1:
  59              	 .cfi_def_cfa_register 7
  87:../Dave/Generated/CLOCK_XMC4/clock_xmc4_conf.c **** 
  88:../Dave/Generated/CLOCK_XMC4/clock_xmc4_conf.c ****   /* Initialize the SCU clock */
  89:../Dave/Generated/CLOCK_XMC4/clock_xmc4_conf.c ****   XMC_SCU_CLOCK_Init(&CLOCK_XMC4_0_CONFIG);
  60              	 .loc 1 89 0
  61 0004 0B48     	 ldr r0,.L2
  62 0006 FFF7FEFF 	 bl XMC_SCU_CLOCK_Init
  90:../Dave/Generated/CLOCK_XMC4/clock_xmc4_conf.c ****   /* RTC source clock*/
  91:../Dave/Generated/CLOCK_XMC4/clock_xmc4_conf.c ****   XMC_SCU_HIB_SetRtcClockSource(XMC_SCU_HIB_RTCCLKSRC_OSI);
  63              	 .loc 1 91 0
  64 000a 0020     	 movs r0,#0
  65 000c FFF7FEFF 	 bl XMC_SCU_HIB_SetRtcClockSource
  92:../Dave/Generated/CLOCK_XMC4/clock_xmc4_conf.c **** 
  93:../Dave/Generated/CLOCK_XMC4/clock_xmc4_conf.c ****   /* USB/SDMMC source clock*/
  94:../Dave/Generated/CLOCK_XMC4/clock_xmc4_conf.c ****   XMC_SCU_CLOCK_SetUsbClockSource(XMC_SCU_CLOCK_USBCLKSRC_USBPLL);
  66              	 .loc 1 94 0
  67 0010 0020     	 movs r0,#0
  68 0012 FFF7FEFF 	 bl XMC_SCU_CLOCK_SetUsbClockSource
  95:../Dave/Generated/CLOCK_XMC4/clock_xmc4_conf.c ****   XMC_SCU_CLOCK_SetUsbClockDivider(4U);
  69              	 .loc 1 95 0
  70 0016 0420     	 movs r0,#4
  71 0018 FFF7FEFF 	 bl XMC_SCU_CLOCK_SetUsbClockDivider
  96:../Dave/Generated/CLOCK_XMC4/clock_xmc4_conf.c **** 
  97:../Dave/Generated/CLOCK_XMC4/clock_xmc4_conf.c ****   XMC_SCU_CLOCK_StartUsbPll(2U, 64U);
  72              	 .loc 1 97 0
  73 001c 0220     	 movs r0,#2
  74 001e 4021     	 movs r1,#64
  75 0020 FFF7FEFF 	 bl XMC_SCU_CLOCK_StartUsbPll
  98:../Dave/Generated/CLOCK_XMC4/clock_xmc4_conf.c **** 
  99:../Dave/Generated/CLOCK_XMC4/clock_xmc4_conf.c ****   XMC_SCU_CLOCK_SetWdtClockSource(XMC_SCU_CLOCK_WDTCLKSRC_OFI);
  76              	 .loc 1 99 0
  77 0024 0020     	 movs r0,#0
  78 0026 FFF7FEFF 	 bl XMC_SCU_CLOCK_SetWdtClockSource
 100:../Dave/Generated/CLOCK_XMC4/clock_xmc4_conf.c ****   XMC_SCU_CLOCK_SetWdtClockDivider(1U);
  79              	 .loc 1 100 0
  80 002a 0120     	 movs r0,#1
  81 002c FFF7FEFF 	 bl XMC_SCU_CLOCK_SetWdtClockDivider
 101:../Dave/Generated/CLOCK_XMC4/clock_xmc4_conf.c **** 
 102:../Dave/Generated/CLOCK_XMC4/clock_xmc4_conf.c **** }
  82              	 .loc 1 102 0
  83 0030 80BD     	 pop {r7,pc}
  84              	.L3:
  85 0032 00BF     	 .align 2
  86              	.L2:
  87 0034 00000000 	 .word CLOCK_XMC4_0_CONFIG
  88              	 .cfi_endproc
  89              	.LFE159:
  91              	 .text
  92              	.Letext0:
  93              	 .file 2 "c:\\davev4-64bit\\dave-4.2.6\\eclipse\\arm-gcc-49\\arm-none-eabi\\include\\machine\\_default_types.h"
  94              	 .file 3 "c:\\davev4-64bit\\dave-4.2.6\\eclipse\\arm-gcc-49\\arm-none-eabi\\include\\stdint.h"
  95              	 .file 4 "C:\\Users\\Depes Crystalline\\Desktop\\school\\Active_Bike_Lighting_System\\Radar_Core\\Libraries\\XMCLib\\inc/xmc4_scu.h"
  96              	 .file 5 "C:\\Users\\Depes Crystalline\\Desktop\\school\\Active_Bike_Lighting_System\\Radar_Core/Libraries/CMSIS/Include/core_cm4.h"
  97              	 .file 6 "C:\\Users\\Depes Crystalline\\Desktop\\school\\Active_Bike_Lighting_System\\Radar_Core/Libraries/CMSIS/Infineon/XMC4200_series/Include/system_XMC4200.h"
DEFINED SYMBOLS
                            *ABS*:00000000 clock_xmc4_conf.c
    {standard input}:23     .rodata.CLOCK_XMC4_0_CONFIG:00000000 CLOCK_XMC4_0_CONFIG
    {standard input}:20     .rodata.CLOCK_XMC4_0_CONFIG:00000000 $d
    {standard input}:40     .text.SystemCoreClockSetup:00000000 $t
    {standard input}:45     .text.SystemCoreClockSetup:00000000 SystemCoreClockSetup
    {standard input}:87     .text.SystemCoreClockSetup:00000034 $d
                     .debug_frame:00000010 $d

UNDEFINED SYMBOLS
XMC_SCU_CLOCK_Init
XMC_SCU_HIB_SetRtcClockSource
XMC_SCU_CLOCK_SetUsbClockSource
XMC_SCU_CLOCK_SetUsbClockDivider
XMC_SCU_CLOCK_StartUsbPll
XMC_SCU_CLOCK_SetWdtClockSource
XMC_SCU_CLOCK_SetWdtClockDivider
