   1              	 .syntax unified
   2              	 .cpu cortex-m4
   3              	 .fpu softvfp
   4              	 .eabi_attribute 20,1
   5              	 .eabi_attribute 21,1
   6              	 .eabi_attribute 23,3
   7              	 .eabi_attribute 24,1
   8              	 .eabi_attribute 25,1
   9              	 .eabi_attribute 26,1
  10              	 .eabi_attribute 30,6
  11              	 .eabi_attribute 34,1
  12              	 .eabi_attribute 18,4
  13              	 .thumb
  14              	 .file "clock_xmc4.c"
  15              	 .text
  16              	.Ltext0:
  17              	 .cfi_sections .debug_frame
  18              	 .section .text.CLOCK_XMC4_GetAppVersion,"ax",%progbits
  19              	 .align 2
  20              	 .global CLOCK_XMC4_GetAppVersion
  21              	 .thumb
  22              	 .thumb_func
  24              	CLOCK_XMC4_GetAppVersion:
  25              	.LFB159:
  26              	 .file 1 "../Dave/Generated/CLOCK_XMC4/clock_xmc4.c"
   1:../Dave/Generated/CLOCK_XMC4/clock_xmc4.c **** /**
   2:../Dave/Generated/CLOCK_XMC4/clock_xmc4.c ****  * @file clock_xmc4.c
   3:../Dave/Generated/CLOCK_XMC4/clock_xmc4.c ****  * @date 2015-05-08 
   4:../Dave/Generated/CLOCK_XMC4/clock_xmc4.c ****  *
   5:../Dave/Generated/CLOCK_XMC4/clock_xmc4.c ****  * NOTE:
   6:../Dave/Generated/CLOCK_XMC4/clock_xmc4.c ****  * This file is generated by DAVE. Any manual modification done to this file will be lost when the 
   7:../Dave/Generated/CLOCK_XMC4/clock_xmc4.c ****  *
   8:../Dave/Generated/CLOCK_XMC4/clock_xmc4.c ****  * @cond
   9:../Dave/Generated/CLOCK_XMC4/clock_xmc4.c ****  **************************************************************************************************
  10:../Dave/Generated/CLOCK_XMC4/clock_xmc4.c ****  * CLOCK_XMC4 v4.0.6 - APP to configure System and Peripheral Clocks.
  11:../Dave/Generated/CLOCK_XMC4/clock_xmc4.c ****  *
  12:../Dave/Generated/CLOCK_XMC4/clock_xmc4.c ****  * Copyright (c) 2015, Infineon Technologies AG
  13:../Dave/Generated/CLOCK_XMC4/clock_xmc4.c ****  * All rights reserved.                        
  14:../Dave/Generated/CLOCK_XMC4/clock_xmc4.c ****  *                                             
  15:../Dave/Generated/CLOCK_XMC4/clock_xmc4.c ****  * Redistribution and use in source and binary forms, with or without modification,are permitted pr
  16:../Dave/Generated/CLOCK_XMC4/clock_xmc4.c ****  * following conditions are met:   
  17:../Dave/Generated/CLOCK_XMC4/clock_xmc4.c ****  *                                                                              
  18:../Dave/Generated/CLOCK_XMC4/clock_xmc4.c ****  *   Redistributions of source code must retain the above copyright notice, this list of conditions
  19:../Dave/Generated/CLOCK_XMC4/clock_xmc4.c ****  *   disclaimer.                        
  20:../Dave/Generated/CLOCK_XMC4/clock_xmc4.c ****  * 
  21:../Dave/Generated/CLOCK_XMC4/clock_xmc4.c ****  *   Redistributions in binary form must reproduce the above copyright notice, this list of conditi
  22:../Dave/Generated/CLOCK_XMC4/clock_xmc4.c ****  *   following disclaimer in the documentation and/or other materials provided with the distributio
  23:../Dave/Generated/CLOCK_XMC4/clock_xmc4.c ****  *                         
  24:../Dave/Generated/CLOCK_XMC4/clock_xmc4.c ****  *   Neither the name of the copyright holders nor the names of its contributors may be used to end
  25:../Dave/Generated/CLOCK_XMC4/clock_xmc4.c ****  *   products derived from this software without specific prior written permission. 
  26:../Dave/Generated/CLOCK_XMC4/clock_xmc4.c ****  *                                             
  27:../Dave/Generated/CLOCK_XMC4/clock_xmc4.c ****  * THIS SOFTWARE IS PROVIDED BY THE COPYRIGHT HOLDERS AND CONTRIBUTORS "AS IS" AND ANY EXPRESS OR I
  28:../Dave/Generated/CLOCK_XMC4/clock_xmc4.c ****  * INCLUDING, BUT NOT LIMITED TO, THE IMPLIED WARRANTIES OF MERCHANTABILITY AND FITNESS FOR A PARTI
  29:../Dave/Generated/CLOCK_XMC4/clock_xmc4.c ****  * DISCLAIMED. IN NO EVENT SHALL THE COPYRIGHT HOLDER OR CONTRIBUTORS BE LIABLE  FOR ANY DIRECT, IN
  30:../Dave/Generated/CLOCK_XMC4/clock_xmc4.c ****  * SPECIAL, EXEMPLARY, OR CONSEQUENTIAL DAMAGES (INCLUDING, BUT NOT LIMITED TO, PROCUREMENT OF SUBS
  31:../Dave/Generated/CLOCK_XMC4/clock_xmc4.c ****  * SERVICES; LOSS OF USE, DATA, OR PROFITS; OR BUSINESS INTERRUPTION) HOWEVER CAUSED AND ON ANY THE
  32:../Dave/Generated/CLOCK_XMC4/clock_xmc4.c ****  * WHETHER IN CONTRACT, STRICT LIABILITY,OR TORT (INCLUDING NEGLIGENCE OR OTHERWISE) ARISING IN ANY
  33:../Dave/Generated/CLOCK_XMC4/clock_xmc4.c ****  * USE OF THIS SOFTWARE, EVEN IF ADVISED OF THE POSSIBILITY OF SUCH DAMAGE.    
  34:../Dave/Generated/CLOCK_XMC4/clock_xmc4.c ****  *                                                                              
  35:../Dave/Generated/CLOCK_XMC4/clock_xmc4.c ****  * To improve the quality of the software, users are encouraged to share modifications, enhancement
  36:../Dave/Generated/CLOCK_XMC4/clock_xmc4.c ****  * with Infineon Technologies AG (dave@infineon.com).        
  37:../Dave/Generated/CLOCK_XMC4/clock_xmc4.c ****  **************************************************************************************************
  38:../Dave/Generated/CLOCK_XMC4/clock_xmc4.c ****  *
  39:../Dave/Generated/CLOCK_XMC4/clock_xmc4.c ****  * Change History
  40:../Dave/Generated/CLOCK_XMC4/clock_xmc4.c ****  * --------------
  41:../Dave/Generated/CLOCK_XMC4/clock_xmc4.c ****  * 2015-02-16:
  42:../Dave/Generated/CLOCK_XMC4/clock_xmc4.c ****  *     - Initial version for DAVEv4. <BR>
  43:../Dave/Generated/CLOCK_XMC4/clock_xmc4.c ****  * 2015-05-08:
  44:../Dave/Generated/CLOCK_XMC4/clock_xmc4.c ****  *     - Typo mistake corrected in _GetAppVersion(). <BR>
  45:../Dave/Generated/CLOCK_XMC4/clock_xmc4.c ****  * @endcond 
  46:../Dave/Generated/CLOCK_XMC4/clock_xmc4.c ****  *
  47:../Dave/Generated/CLOCK_XMC4/clock_xmc4.c ****  */
  48:../Dave/Generated/CLOCK_XMC4/clock_xmc4.c **** 
  49:../Dave/Generated/CLOCK_XMC4/clock_xmc4.c **** /**************************************************************************************************
  50:../Dave/Generated/CLOCK_XMC4/clock_xmc4.c ****  * HEADER FILES                                                                                    
  51:../Dave/Generated/CLOCK_XMC4/clock_xmc4.c ****  **************************************************************************************************
  52:../Dave/Generated/CLOCK_XMC4/clock_xmc4.c **** #include "clock_xmc4.h"
  53:../Dave/Generated/CLOCK_XMC4/clock_xmc4.c **** 
  54:../Dave/Generated/CLOCK_XMC4/clock_xmc4.c **** /**************************************************************************************************
  55:../Dave/Generated/CLOCK_XMC4/clock_xmc4.c ****  * MACROS
  56:../Dave/Generated/CLOCK_XMC4/clock_xmc4.c ****  **************************************************************************************************
  57:../Dave/Generated/CLOCK_XMC4/clock_xmc4.c **** 
  58:../Dave/Generated/CLOCK_XMC4/clock_xmc4.c **** /**************************************************************************************************
  59:../Dave/Generated/CLOCK_XMC4/clock_xmc4.c ****  * LOCAL DATA
  60:../Dave/Generated/CLOCK_XMC4/clock_xmc4.c ****  **************************************************************************************************
  61:../Dave/Generated/CLOCK_XMC4/clock_xmc4.c **** 
  62:../Dave/Generated/CLOCK_XMC4/clock_xmc4.c **** /**************************************************************************************************
  63:../Dave/Generated/CLOCK_XMC4/clock_xmc4.c ****  * LOCAL ROUTINES
  64:../Dave/Generated/CLOCK_XMC4/clock_xmc4.c ****  **************************************************************************************************
  65:../Dave/Generated/CLOCK_XMC4/clock_xmc4.c **** 
  66:../Dave/Generated/CLOCK_XMC4/clock_xmc4.c **** /**************************************************************************************************
  67:../Dave/Generated/CLOCK_XMC4/clock_xmc4.c **** * API IMPLEMENTATION
  68:../Dave/Generated/CLOCK_XMC4/clock_xmc4.c **** ***************************************************************************************************
  69:../Dave/Generated/CLOCK_XMC4/clock_xmc4.c **** /*  API to retrieve version of the APP */
  70:../Dave/Generated/CLOCK_XMC4/clock_xmc4.c **** DAVE_APP_VERSION_t CLOCK_XMC4_GetAppVersion(void)
  71:../Dave/Generated/CLOCK_XMC4/clock_xmc4.c **** {
  27              	 .loc 1 71 0
  28              	 .cfi_startproc
  29              	 
  30              	 
  31              	 
  32 0000 80B4     	 push {r7}
  33              	.LCFI0:
  34              	 .cfi_def_cfa_offset 4
  35              	 .cfi_offset 7,-4
  36 0002 83B0     	 sub sp,sp,#12
  37              	.LCFI1:
  38              	 .cfi_def_cfa_offset 16
  39 0004 00AF     	 add r7,sp,#0
  40              	.LCFI2:
  41              	 .cfi_def_cfa_register 7
  72:../Dave/Generated/CLOCK_XMC4/clock_xmc4.c ****   DAVE_APP_VERSION_t version;
  73:../Dave/Generated/CLOCK_XMC4/clock_xmc4.c ****   version.major = (uint8_t)CLOCK_XMC4_MAJOR_VERSION;
  42              	 .loc 1 73 0
  43 0006 0423     	 movs r3,#4
  44 0008 3B70     	 strb r3,[r7]
  74:../Dave/Generated/CLOCK_XMC4/clock_xmc4.c ****   version.minor = (uint8_t)CLOCK_XMC4_MINOR_VERSION;
  45              	 .loc 1 74 0
  46 000a 0023     	 movs r3,#0
  47 000c 7B70     	 strb r3,[r7,#1]
  75:../Dave/Generated/CLOCK_XMC4/clock_xmc4.c ****   version.patch = (uint8_t)CLOCK_XMC4_PATCH_VERSION;
  48              	 .loc 1 75 0
  49 000e 0623     	 movs r3,#6
  50 0010 BB70     	 strb r3,[r7,#2]
  76:../Dave/Generated/CLOCK_XMC4/clock_xmc4.c **** 
  77:../Dave/Generated/CLOCK_XMC4/clock_xmc4.c ****   return (version);
  51              	 .loc 1 77 0
  52 0012 3B1D     	 adds r3,r7,#4
  53 0014 3A46     	 mov r2,r7
  54 0016 1268     	 ldr r2,[r2]
  55 0018 1146     	 mov r1,r2
  56 001a 1980     	 strh r1,[r3]
  57 001c 0233     	 adds r3,r3,#2
  58 001e 120C     	 lsrs r2,r2,#16
  59 0020 1A70     	 strb r2,[r3]
  60 0022 0023     	 movs r3,#0
  61 0024 3A79     	 ldrb r2,[r7,#4]
  62 0026 62F30703 	 bfi r3,r2,#0,#8
  63 002a 7A79     	 ldrb r2,[r7,#5]
  64 002c 62F30F23 	 bfi r3,r2,#8,#8
  65 0030 BA79     	 ldrb r2,[r7,#6]
  66 0032 62F31743 	 bfi r3,r2,#16,#8
  78:../Dave/Generated/CLOCK_XMC4/clock_xmc4.c **** }
  67              	 .loc 1 78 0
  68 0036 1846     	 mov r0,r3
  69 0038 0C37     	 adds r7,r7,#12
  70              	.LCFI3:
  71              	 .cfi_def_cfa_offset 4
  72 003a BD46     	 mov sp,r7
  73              	.LCFI4:
  74              	 .cfi_def_cfa_register 13
  75              	 
  76 003c 5DF8047B 	 ldr r7,[sp],#4
  77              	.LCFI5:
  78              	 .cfi_restore 7
  79              	 .cfi_def_cfa_offset 0
  80 0040 7047     	 bx lr
  81              	 .cfi_endproc
  82              	.LFE159:
  84 0042 00BF     	 .section .text.OSCHP_GetFrequency,"ax",%progbits
  85              	 .align 2
  86              	 .global OSCHP_GetFrequency
  87              	 .thumb
  88              	 .thumb_func
  90              	OSCHP_GetFrequency:
  91              	.LFB160:
  79:../Dave/Generated/CLOCK_XMC4/clock_xmc4.c **** 
  80:../Dave/Generated/CLOCK_XMC4/clock_xmc4.c **** /*  API to retrieve high precision external oscillator frequency */
  81:../Dave/Generated/CLOCK_XMC4/clock_xmc4.c **** uint32_t OSCHP_GetFrequency(void)
  82:../Dave/Generated/CLOCK_XMC4/clock_xmc4.c **** {
  92              	 .loc 1 82 0
  93              	 .cfi_startproc
  94              	 
  95              	 
  96              	 
  97 0000 80B4     	 push {r7}
  98              	.LCFI6:
  99              	 .cfi_def_cfa_offset 4
 100              	 .cfi_offset 7,-4
 101 0002 00AF     	 add r7,sp,#0
 102              	.LCFI7:
 103              	 .cfi_def_cfa_register 7
  83:../Dave/Generated/CLOCK_XMC4/clock_xmc4.c ****   return (CLOCK_XMC4_OSCHP_FREQUENCY);
 104              	 .loc 1 83 0
 105 0004 024B     	 ldr r3,.L5
  84:../Dave/Generated/CLOCK_XMC4/clock_xmc4.c **** }
 106              	 .loc 1 84 0
 107 0006 1846     	 mov r0,r3
 108 0008 BD46     	 mov sp,r7
 109              	.LCFI8:
 110              	 .cfi_def_cfa_register 13
 111              	 
 112 000a 5DF8047B 	 ldr r7,[sp],#4
 113              	.LCFI9:
 114              	 .cfi_restore 7
 115              	 .cfi_def_cfa_offset 0
 116 000e 7047     	 bx lr
 117              	.L6:
 118              	 .align 2
 119              	.L5:
 120 0010 001BB700 	 .word 12000000
 121              	 .cfi_endproc
 122              	.LFE160:
 124              	 .text
 125              	.Letext0:
 126              	 .file 2 "c:\\davev4-64bit\\dave-4.2.6\\eclipse\\arm-gcc-49\\arm-none-eabi\\include\\machine\\_default_types.h"
 127              	 .file 3 "c:\\davev4-64bit\\dave-4.2.6\\eclipse\\arm-gcc-49\\arm-none-eabi\\include\\stdint.h"
 128              	 .file 4 "C:\\Users\\Depes Crystalline\\Desktop\\school\\Active_Bike_Lighting_System\\Radar_Core\\Dave\\Generated/DAVE_common.h"
 129              	 .file 5 "C:\\Users\\Depes Crystalline\\Desktop\\school\\Active_Bike_Lighting_System\\Radar_Core/Libraries/CMSIS/Include/core_cm4.h"
 130              	 .file 6 "C:\\Users\\Depes Crystalline\\Desktop\\school\\Active_Bike_Lighting_System\\Radar_Core/Libraries/CMSIS/Infineon/XMC4200_series/Include/system_XMC4200.h"
DEFINED SYMBOLS
                            *ABS*:00000000 clock_xmc4.c
    {standard input}:19     .text.CLOCK_XMC4_GetAppVersion:00000000 $t
    {standard input}:24     .text.CLOCK_XMC4_GetAppVersion:00000000 CLOCK_XMC4_GetAppVersion
    {standard input}:85     .text.OSCHP_GetFrequency:00000000 $t
    {standard input}:90     .text.OSCHP_GetFrequency:00000000 OSCHP_GetFrequency
    {standard input}:120    .text.OSCHP_GetFrequency:00000010 $d
                     .debug_frame:00000010 $d

NO UNDEFINED SYMBOLS
