   1              	 .syntax unified
   2              	 .cpu cortex-m4
   3              	 .fpu softvfp
   4              	 .eabi_attribute 20,1
   5              	 .eabi_attribute 21,1
   6              	 .eabi_attribute 23,3
   7              	 .eabi_attribute 24,1
   8              	 .eabi_attribute 25,1
   9              	 .eabi_attribute 26,1
  10              	 .eabi_attribute 30,6
  11              	 .eabi_attribute 34,1
  12              	 .eabi_attribute 18,4
  13              	 .thumb
  14              	 .file "xmc4_usic.c"
  15              	 .text
  16              	.Ltext0:
  17              	 .cfi_sections .debug_frame
  18              	 .section .text.XMC_USIC_Enable,"ax",%progbits
  19              	 .align 2
  20              	 .global XMC_USIC_Enable
  21              	 .thumb
  22              	 .thumb_func
  24              	XMC_USIC_Enable:
  25              	.LFB196:
  26              	 .file 1 "../Libraries/XMCLib/src/xmc4_usic.c"
   1:../Libraries/XMCLib/src/xmc4_usic.c **** /**
   2:../Libraries/XMCLib/src/xmc4_usic.c ****  * @file xmc4_usic.c
   3:../Libraries/XMCLib/src/xmc4_usic.c ****  * @date 2015-06-20 
   4:../Libraries/XMCLib/src/xmc4_usic.c ****  *
   5:../Libraries/XMCLib/src/xmc4_usic.c ****  * @cond
   6:../Libraries/XMCLib/src/xmc4_usic.c ****  **************************************************************************************************
   7:../Libraries/XMCLib/src/xmc4_usic.c ****  * XMClib v2.0.0 - XMC Peripheral Driver Library
   8:../Libraries/XMCLib/src/xmc4_usic.c ****  *
   9:../Libraries/XMCLib/src/xmc4_usic.c ****  * Copyright (c) 2015, Infineon Technologies AG
  10:../Libraries/XMCLib/src/xmc4_usic.c ****  * All rights reserved.                        
  11:../Libraries/XMCLib/src/xmc4_usic.c ****  *                                             
  12:../Libraries/XMCLib/src/xmc4_usic.c ****  * Redistribution and use in source and binary forms, with or without modification,are permitted pr
  13:../Libraries/XMCLib/src/xmc4_usic.c ****  * following conditions are met:   
  14:../Libraries/XMCLib/src/xmc4_usic.c ****  *                                                                              
  15:../Libraries/XMCLib/src/xmc4_usic.c ****  * Redistributions of source code must retain the above copyright notice, this list of conditions a
  16:../Libraries/XMCLib/src/xmc4_usic.c ****  * disclaimer.                        
  17:../Libraries/XMCLib/src/xmc4_usic.c ****  * 
  18:../Libraries/XMCLib/src/xmc4_usic.c ****  * Redistributions in binary form must reproduce the above copyright notice, this list of condition
  19:../Libraries/XMCLib/src/xmc4_usic.c ****  * disclaimer in the documentation and/or other materials provided with the distribution.          
  20:../Libraries/XMCLib/src/xmc4_usic.c ****  * 
  21:../Libraries/XMCLib/src/xmc4_usic.c ****  * Neither the name of the copyright holders nor the names of its contributors may be used to endor
  22:../Libraries/XMCLib/src/xmc4_usic.c ****  * products derived from this software without specific prior written permission.                  
  23:../Libraries/XMCLib/src/xmc4_usic.c ****  *                                                                              
  24:../Libraries/XMCLib/src/xmc4_usic.c ****  * THIS SOFTWARE IS PROVIDED BY THE COPYRIGHT HOLDERS AND CONTRIBUTORS "AS IS" AND ANY EXPRESS OR I
  25:../Libraries/XMCLib/src/xmc4_usic.c ****  * INCLUDING, BUT NOT LIMITED TO, THE IMPLIED WARRANTIES OF MERCHANTABILITY AND FITNESS FOR A PARTI
  26:../Libraries/XMCLib/src/xmc4_usic.c ****  * DISCLAIMED. IN NO EVENT SHALL THE COPYRIGHT HOLDER OR CONTRIBUTORS BE LIABLE  FOR ANY DIRECT, IN
  27:../Libraries/XMCLib/src/xmc4_usic.c ****  * SPECIAL, EXEMPLARY, OR CONSEQUENTIAL DAMAGES (INCLUDING, BUT NOT LIMITED TO, PROCUREMENT OF SUBS
  28:../Libraries/XMCLib/src/xmc4_usic.c ****  * SERVICES; LOSS OF USE, DATA, OR PROFITS; OR BUSINESS INTERRUPTION) HOWEVER CAUSED AND ON ANY THE
  29:../Libraries/XMCLib/src/xmc4_usic.c ****  * WHETHER IN CONTRACT, STRICT LIABILITY,OR TORT (INCLUDING NEGLIGENCE OR OTHERWISE) ARISING IN ANY
  30:../Libraries/XMCLib/src/xmc4_usic.c ****  * OF THIS SOFTWARE, EVEN IF ADVISED OF THE POSSIBILITY OF SUCH DAMAGE.                            
  31:../Libraries/XMCLib/src/xmc4_usic.c ****  *                                                                              
  32:../Libraries/XMCLib/src/xmc4_usic.c ****  * To improve the quality of the software, users are encouraged to share modifications, enhancement
  33:../Libraries/XMCLib/src/xmc4_usic.c ****  * Infineon Technologies AG dave@infineon.com).                                                    
  34:../Libraries/XMCLib/src/xmc4_usic.c ****  **************************************************************************************************
  35:../Libraries/XMCLib/src/xmc4_usic.c ****  *
  36:../Libraries/XMCLib/src/xmc4_usic.c ****  * Change History
  37:../Libraries/XMCLib/src/xmc4_usic.c ****  * --------------
  38:../Libraries/XMCLib/src/xmc4_usic.c ****  *
  39:../Libraries/XMCLib/src/xmc4_usic.c ****  * 2015-02-16:
  40:../Libraries/XMCLib/src/xmc4_usic.c ****  *     - Initial <br>
  41:../Libraries/XMCLib/src/xmc4_usic.c ****  *      
  42:../Libraries/XMCLib/src/xmc4_usic.c ****  * @endcond 
  43:../Libraries/XMCLib/src/xmc4_usic.c ****  *
  44:../Libraries/XMCLib/src/xmc4_usic.c ****  */
  45:../Libraries/XMCLib/src/xmc4_usic.c **** 
  46:../Libraries/XMCLib/src/xmc4_usic.c **** /**************************************************************************************************
  47:../Libraries/XMCLib/src/xmc4_usic.c ****  * HEADER FILES
  48:../Libraries/XMCLib/src/xmc4_usic.c ****  **************************************************************************************************
  49:../Libraries/XMCLib/src/xmc4_usic.c **** #include <xmc_usic.h>
  50:../Libraries/XMCLib/src/xmc4_usic.c **** 
  51:../Libraries/XMCLib/src/xmc4_usic.c **** /**************************************************************************************************
  52:../Libraries/XMCLib/src/xmc4_usic.c ****  * MACROS
  53:../Libraries/XMCLib/src/xmc4_usic.c ****  **************************************************************************************************
  54:../Libraries/XMCLib/src/xmc4_usic.c **** #if UC_FAMILY == XMC4
  55:../Libraries/XMCLib/src/xmc4_usic.c **** #include <xmc_scu.h>
  56:../Libraries/XMCLib/src/xmc4_usic.c **** 
  57:../Libraries/XMCLib/src/xmc4_usic.c **** /**************************************************************************************************
  58:../Libraries/XMCLib/src/xmc4_usic.c ****  * API IMPLEMENTATION
  59:../Libraries/XMCLib/src/xmc4_usic.c ****  **************************************************************************************************
  60:../Libraries/XMCLib/src/xmc4_usic.c **** /**
  61:../Libraries/XMCLib/src/xmc4_usic.c ****  * @brief API to enable the USIC driver
  62:../Libraries/XMCLib/src/xmc4_usic.c ****  * @retval void
  63:../Libraries/XMCLib/src/xmc4_usic.c ****  *
  64:../Libraries/XMCLib/src/xmc4_usic.c ****  */
  65:../Libraries/XMCLib/src/xmc4_usic.c **** void XMC_USIC_Enable(XMC_USIC_t *const usic)
  66:../Libraries/XMCLib/src/xmc4_usic.c **** {
  27              	 .loc 1 66 0
  28              	 .cfi_startproc
  29              	 
  30              	 
  31 0000 80B5     	 push {r7,lr}
  32              	.LCFI0:
  33              	 .cfi_def_cfa_offset 8
  34              	 .cfi_offset 7,-8
  35              	 .cfi_offset 14,-4
  36 0002 82B0     	 sub sp,sp,#8
  37              	.LCFI1:
  38              	 .cfi_def_cfa_offset 16
  39 0004 00AF     	 add r7,sp,#0
  40              	.LCFI2:
  41              	 .cfi_def_cfa_register 7
  42 0006 7860     	 str r0,[r7,#4]
  67:../Libraries/XMCLib/src/xmc4_usic.c ****   if (usic == USIC0)
  43              	 .loc 1 67 0
  44 0008 7B68     	 ldr r3,[r7,#4]
  45 000a 0C4A     	 ldr r2,.L4
  46 000c 9342     	 cmp r3,r2
  47 000e 08D1     	 bne .L2
  68:../Libraries/XMCLib/src/xmc4_usic.c ****   {
  69:../Libraries/XMCLib/src/xmc4_usic.c **** #if(UC_SERIES != XMC45)
  70:../Libraries/XMCLib/src/xmc4_usic.c ****     XMC_SCU_CLOCK_UngatePeripheralClock(XMC_SCU_PERIPHERAL_CLOCK_USIC0);
  48              	 .loc 1 70 0
  49 0010 4FF40060 	 mov r0,#2048
  50 0014 FFF7FEFF 	 bl XMC_SCU_CLOCK_UngatePeripheralClock
  71:../Libraries/XMCLib/src/xmc4_usic.c **** #endif
  72:../Libraries/XMCLib/src/xmc4_usic.c ****     XMC_SCU_RESET_DeassertPeripheralReset(XMC_SCU_PERIPHERAL_RESET_USIC0);
  51              	 .loc 1 72 0
  52 0018 4FF40060 	 mov r0,#2048
  53 001c FFF7FEFF 	 bl XMC_SCU_RESET_DeassertPeripheralReset
  54 0020 09E0     	 b .L1
  55              	.L2:
  73:../Libraries/XMCLib/src/xmc4_usic.c ****   }
  74:../Libraries/XMCLib/src/xmc4_usic.c **** #if defined(USIC1)  
  75:../Libraries/XMCLib/src/xmc4_usic.c ****   else if (usic == USIC1)
  56              	 .loc 1 75 0
  57 0022 7B68     	 ldr r3,[r7,#4]
  58 0024 064A     	 ldr r2,.L4+4
  59 0026 9342     	 cmp r3,r2
  60 0028 05D1     	 bne .L1
  76:../Libraries/XMCLib/src/xmc4_usic.c ****   {
  77:../Libraries/XMCLib/src/xmc4_usic.c **** #if(UC_SERIES != XMC45)
  78:../Libraries/XMCLib/src/xmc4_usic.c ****     XMC_SCU_CLOCK_UngatePeripheralClock(XMC_SCU_PERIPHERAL_CLOCK_USIC1);
  61              	 .loc 1 78 0
  62 002a 0648     	 ldr r0,.L4+8
  63 002c FFF7FEFF 	 bl XMC_SCU_CLOCK_UngatePeripheralClock
  79:../Libraries/XMCLib/src/xmc4_usic.c **** #endif	
  80:../Libraries/XMCLib/src/xmc4_usic.c ****     XMC_SCU_RESET_DeassertPeripheralReset(XMC_SCU_PERIPHERAL_RESET_USIC1);
  64              	 .loc 1 80 0
  65 0030 0448     	 ldr r0,.L4+8
  66 0032 FFF7FEFF 	 bl XMC_SCU_RESET_DeassertPeripheralReset
  67              	.L1:
  81:../Libraries/XMCLib/src/xmc4_usic.c ****   }
  82:../Libraries/XMCLib/src/xmc4_usic.c **** #endif  
  83:../Libraries/XMCLib/src/xmc4_usic.c **** #if defined(USIC2)  
  84:../Libraries/XMCLib/src/xmc4_usic.c ****   else if (usic == USIC2)
  85:../Libraries/XMCLib/src/xmc4_usic.c ****   {
  86:../Libraries/XMCLib/src/xmc4_usic.c **** #if(UC_SERIES != XMC45)  
  87:../Libraries/XMCLib/src/xmc4_usic.c ****     XMC_SCU_CLOCK_UngatePeripheralClock(XMC_SCU_CLOCK_USIC2);
  88:../Libraries/XMCLib/src/xmc4_usic.c **** #endif
  89:../Libraries/XMCLib/src/xmc4_usic.c ****     XMC_SCU_RESET_DeassertPeripheralReset(XMC_SCU_PERIPHERAL_RESET_USIC2);
  90:../Libraries/XMCLib/src/xmc4_usic.c ****   }
  91:../Libraries/XMCLib/src/xmc4_usic.c **** #endif  
  92:../Libraries/XMCLib/src/xmc4_usic.c ****   else
  93:../Libraries/XMCLib/src/xmc4_usic.c ****   {
  94:../Libraries/XMCLib/src/xmc4_usic.c ****     XMC_ASSERT("USIC module not available", 0/*Always*/);
  95:../Libraries/XMCLib/src/xmc4_usic.c ****   }
  96:../Libraries/XMCLib/src/xmc4_usic.c **** }
  68              	 .loc 1 96 0
  69 0036 0837     	 adds r7,r7,#8
  70              	.LCFI3:
  71              	 .cfi_def_cfa_offset 8
  72 0038 BD46     	 mov sp,r7
  73              	.LCFI4:
  74              	 .cfi_def_cfa_register 13
  75              	 
  76 003a 80BD     	 pop {r7,pc}
  77              	.L5:
  78              	 .align 2
  79              	.L4:
  80 003c 08000340 	 .word 1073938440
  81 0040 08000248 	 .word 1208090632
  82 0044 80000010 	 .word 268435584
  83              	 .cfi_endproc
  84              	.LFE196:
  86              	 .section .text.XMC_USIC_Disable,"ax",%progbits
  87              	 .align 2
  88              	 .global XMC_USIC_Disable
  89              	 .thumb
  90              	 .thumb_func
  92              	XMC_USIC_Disable:
  93              	.LFB197:
  97:../Libraries/XMCLib/src/xmc4_usic.c **** /**
  98:../Libraries/XMCLib/src/xmc4_usic.c ****  * @brief API to Disable the USIC driver
  99:../Libraries/XMCLib/src/xmc4_usic.c ****  * @retval void
 100:../Libraries/XMCLib/src/xmc4_usic.c ****  *
 101:../Libraries/XMCLib/src/xmc4_usic.c ****  */
 102:../Libraries/XMCLib/src/xmc4_usic.c **** void XMC_USIC_Disable(XMC_USIC_t *const usic)
 103:../Libraries/XMCLib/src/xmc4_usic.c **** {
  94              	 .loc 1 103 0
  95              	 .cfi_startproc
  96              	 
  97              	 
  98 0000 80B5     	 push {r7,lr}
  99              	.LCFI5:
 100              	 .cfi_def_cfa_offset 8
 101              	 .cfi_offset 7,-8
 102              	 .cfi_offset 14,-4
 103 0002 82B0     	 sub sp,sp,#8
 104              	.LCFI6:
 105              	 .cfi_def_cfa_offset 16
 106 0004 00AF     	 add r7,sp,#0
 107              	.LCFI7:
 108              	 .cfi_def_cfa_register 7
 109 0006 7860     	 str r0,[r7,#4]
 104:../Libraries/XMCLib/src/xmc4_usic.c ****   if (usic == (XMC_USIC_t *)USIC0)
 110              	 .loc 1 104 0
 111 0008 7B68     	 ldr r3,[r7,#4]
 112 000a 0C4A     	 ldr r2,.L9
 113 000c 9342     	 cmp r3,r2
 114 000e 08D1     	 bne .L7
 105:../Libraries/XMCLib/src/xmc4_usic.c ****   {
 106:../Libraries/XMCLib/src/xmc4_usic.c ****     XMC_SCU_RESET_AssertPeripheralReset(XMC_SCU_PERIPHERAL_RESET_USIC0);
 115              	 .loc 1 106 0
 116 0010 4FF40060 	 mov r0,#2048
 117 0014 FFF7FEFF 	 bl XMC_SCU_RESET_AssertPeripheralReset
 107:../Libraries/XMCLib/src/xmc4_usic.c **** #if(UC_SERIES != XMC45)
 108:../Libraries/XMCLib/src/xmc4_usic.c ****     XMC_SCU_CLOCK_GatePeripheralClock(XMC_SCU_PERIPHERAL_CLOCK_USIC0);
 118              	 .loc 1 108 0
 119 0018 4FF40060 	 mov r0,#2048
 120 001c FFF7FEFF 	 bl XMC_SCU_CLOCK_GatePeripheralClock
 121 0020 09E0     	 b .L6
 122              	.L7:
 109:../Libraries/XMCLib/src/xmc4_usic.c **** #endif
 110:../Libraries/XMCLib/src/xmc4_usic.c ****   }
 111:../Libraries/XMCLib/src/xmc4_usic.c **** #if defined(USIC1)  
 112:../Libraries/XMCLib/src/xmc4_usic.c ****   else if (usic == (XMC_USIC_t *)USIC1)
 123              	 .loc 1 112 0
 124 0022 7B68     	 ldr r3,[r7,#4]
 125 0024 064A     	 ldr r2,.L9+4
 126 0026 9342     	 cmp r3,r2
 127 0028 05D1     	 bne .L6
 113:../Libraries/XMCLib/src/xmc4_usic.c ****   {
 114:../Libraries/XMCLib/src/xmc4_usic.c ****     XMC_SCU_RESET_AssertPeripheralReset(XMC_SCU_PERIPHERAL_RESET_USIC1);
 128              	 .loc 1 114 0
 129 002a 0648     	 ldr r0,.L9+8
 130 002c FFF7FEFF 	 bl XMC_SCU_RESET_AssertPeripheralReset
 115:../Libraries/XMCLib/src/xmc4_usic.c **** #if(UC_SERIES != XMC45)
 116:../Libraries/XMCLib/src/xmc4_usic.c ****     XMC_SCU_CLOCK_GatePeripheralClock(XMC_SCU_PERIPHERAL_CLOCK_USIC1);
 131              	 .loc 1 116 0
 132 0030 0448     	 ldr r0,.L9+8
 133 0032 FFF7FEFF 	 bl XMC_SCU_CLOCK_GatePeripheralClock
 134              	.L6:
 117:../Libraries/XMCLib/src/xmc4_usic.c **** #endif
 118:../Libraries/XMCLib/src/xmc4_usic.c ****   }
 119:../Libraries/XMCLib/src/xmc4_usic.c **** #endif  
 120:../Libraries/XMCLib/src/xmc4_usic.c **** #if defined(USIC2)  
 121:../Libraries/XMCLib/src/xmc4_usic.c ****   else if (usic == (XMC_USIC_t *)USIC2)
 122:../Libraries/XMCLib/src/xmc4_usic.c ****   {
 123:../Libraries/XMCLib/src/xmc4_usic.c ****     XMC_SCU_RESET_AssertPeripheralReset(XMC_SCU_PERIPHERAL_RESET_USIC2);
 124:../Libraries/XMCLib/src/xmc4_usic.c **** #if(UC_SERIES != XMC45)
 125:../Libraries/XMCLib/src/xmc4_usic.c ****     XMC_SCU_CLOCK_GatePeripheralClock(XMC_SCU_CLOCK_USIC2);
 126:../Libraries/XMCLib/src/xmc4_usic.c **** #endif
 127:../Libraries/XMCLib/src/xmc4_usic.c ****   }
 128:../Libraries/XMCLib/src/xmc4_usic.c **** #endif  
 129:../Libraries/XMCLib/src/xmc4_usic.c ****   else
 130:../Libraries/XMCLib/src/xmc4_usic.c ****   {
 131:../Libraries/XMCLib/src/xmc4_usic.c **** 	  XMC_ASSERT("USIC module not available", 0/*Always*/);
 132:../Libraries/XMCLib/src/xmc4_usic.c ****   }
 133:../Libraries/XMCLib/src/xmc4_usic.c ****   
 134:../Libraries/XMCLib/src/xmc4_usic.c **** }
 135              	 .loc 1 134 0
 136 0036 0837     	 adds r7,r7,#8
 137              	.LCFI8:
 138              	 .cfi_def_cfa_offset 8
 139 0038 BD46     	 mov sp,r7
 140              	.LCFI9:
 141              	 .cfi_def_cfa_register 13
 142              	 
 143 003a 80BD     	 pop {r7,pc}
 144              	.L10:
 145              	 .align 2
 146              	.L9:
 147 003c 08000340 	 .word 1073938440
 148 0040 08000248 	 .word 1208090632
 149 0044 80000010 	 .word 268435584
 150              	 .cfi_endproc
 151              	.LFE197:
 153              	 .text
 154              	.Letext0:
 155              	 .file 2 "c:\\davev4-64bit\\dave-4.2.6\\eclipse\\arm-gcc-49\\arm-none-eabi\\include\\machine\\_default_types.h"
 156              	 .file 3 "c:\\davev4-64bit\\dave-4.2.6\\eclipse\\arm-gcc-49\\arm-none-eabi\\include\\stdint.h"
 157              	 .file 4 "C:\\Users\\Depes Crystalline\\Desktop\\school\\Active_Bike_Lighting_System\\Radar_Core/Libraries/CMSIS/Infineon/XMC4200_series/Include/XMC4200.h"
 158              	 .file 5 "C:\\Users\\Depes Crystalline\\Desktop\\school\\Active_Bike_Lighting_System\\Radar_Core\\Libraries\\XMCLib\\inc/xmc_usic.h"
 159              	 .file 6 "C:\\Users\\Depes Crystalline\\Desktop\\school\\Active_Bike_Lighting_System\\Radar_Core\\Libraries\\XMCLib\\inc/xmc4_scu.h"
 160              	 .file 7 "C:\\Users\\Depes Crystalline\\Desktop\\school\\Active_Bike_Lighting_System\\Radar_Core/Libraries/CMSIS/Include/core_cm4.h"
 161              	 .file 8 "C:\\Users\\Depes Crystalline\\Desktop\\school\\Active_Bike_Lighting_System\\Radar_Core/Libraries/CMSIS/Infineon/XMC4200_series/Include/system_XMC4200.h"
DEFINED SYMBOLS
                            *ABS*:00000000 xmc4_usic.c
    {standard input}:19     .text.XMC_USIC_Enable:00000000 $t
    {standard input}:24     .text.XMC_USIC_Enable:00000000 XMC_USIC_Enable
    {standard input}:80     .text.XMC_USIC_Enable:0000003c $d
    {standard input}:87     .text.XMC_USIC_Disable:00000000 $t
    {standard input}:92     .text.XMC_USIC_Disable:00000000 XMC_USIC_Disable
    {standard input}:147    .text.XMC_USIC_Disable:0000003c $d
                     .debug_frame:00000010 $d

UNDEFINED SYMBOLS
XMC_SCU_CLOCK_UngatePeripheralClock
XMC_SCU_RESET_DeassertPeripheralReset
XMC_SCU_RESET_AssertPeripheralReset
XMC_SCU_CLOCK_GatePeripheralClock
