   1              	 .syntax unified
   2              	 .cpu cortex-m4
   3              	 .fpu softvfp
   4              	 .eabi_attribute 20,1
   5              	 .eabi_attribute 21,1
   6              	 .eabi_attribute 23,3
   7              	 .eabi_attribute 24,1
   8              	 .eabi_attribute 25,1
   9              	 .eabi_attribute 26,1
  10              	 .eabi_attribute 30,6
  11              	 .eabi_attribute 34,1
  12              	 .eabi_attribute 18,4
  13              	 .thumb
  14              	 .file "xmc_ebu.c"
  15              	 .text
  16              	.Ltext0:
  17              	 .cfi_sections .debug_frame
  18              	.Letext0:
  19              	 .file 1 "c:\\davev4-64bit\\dave-4.2.6\\eclipse\\arm-gcc-49\\arm-none-eabi\\include\\machine\\_default_types.h"
  20              	 .file 2 "c:\\davev4-64bit\\dave-4.2.6\\eclipse\\arm-gcc-49\\arm-none-eabi\\include\\stdint.h"
  21              	 .file 3 "C:\\Users\\Depes Crystalline\\Desktop\\school\\Active_Bike_Lighting_System\\Radar_Core/Libraries/CMSIS/Include/core_cm4.h"
DEFINED SYMBOLS
                            *ABS*:00000000 xmc_ebu.c

NO UNDEFINED SYMBOLS
