   1              	 .syntax unified
   2              	 .cpu cortex-m4
   3              	 .fpu softvfp
   4              	 .eabi_attribute 20,1
   5              	 .eabi_attribute 21,1
   6              	 .eabi_attribute 23,3
   7              	 .eabi_attribute 24,1
   8              	 .eabi_attribute 25,1
   9              	 .eabi_attribute 26,1
  10              	 .eabi_attribute 30,6
  11              	 .eabi_attribute 34,1
  12              	 .eabi_attribute 18,4
  13              	 .thumb
  14              	 .file "arm_fir_interpolate_init_q15.c"
  15              	 .text
  16              	.Ltext0:
  17              	 .cfi_sections .debug_frame
  18              	 .section .text.arm_fir_interpolate_init_q15,"ax",%progbits
  19              	 .align 2
  20              	 .global arm_fir_interpolate_init_q15
  21              	 .thumb
  22              	 .thumb_func
  24              	arm_fir_interpolate_init_q15:
  25              	.LFB139:
  26              	 .file 1 "../Dave/Generated/CMSIS_DSP/FilteringFunctions/arm_fir_interpolate_init_q15.c"
   1:../Dave/Generated/CMSIS_DSP/FilteringFunctions/arm_fir_interpolate_init_q15.c **** /*-----------------------------------------------------------------------------    
   2:../Dave/Generated/CMSIS_DSP/FilteringFunctions/arm_fir_interpolate_init_q15.c **** * Copyright (C) 2010-2014 ARM Limited. All rights reserved.    
   3:../Dave/Generated/CMSIS_DSP/FilteringFunctions/arm_fir_interpolate_init_q15.c **** *    
   4:../Dave/Generated/CMSIS_DSP/FilteringFunctions/arm_fir_interpolate_init_q15.c **** * $Date:        12. March 2014
   5:../Dave/Generated/CMSIS_DSP/FilteringFunctions/arm_fir_interpolate_init_q15.c **** * $Revision: 	V1.4.4
   6:../Dave/Generated/CMSIS_DSP/FilteringFunctions/arm_fir_interpolate_init_q15.c **** *    
   7:../Dave/Generated/CMSIS_DSP/FilteringFunctions/arm_fir_interpolate_init_q15.c **** * Project: 	    CMSIS DSP Library    
   8:../Dave/Generated/CMSIS_DSP/FilteringFunctions/arm_fir_interpolate_init_q15.c **** * Title:        arm_fir_interpolate_init_q15.c    
   9:../Dave/Generated/CMSIS_DSP/FilteringFunctions/arm_fir_interpolate_init_q15.c **** *    
  10:../Dave/Generated/CMSIS_DSP/FilteringFunctions/arm_fir_interpolate_init_q15.c **** * Description:  Q15 FIR interpolator initialization function    
  11:../Dave/Generated/CMSIS_DSP/FilteringFunctions/arm_fir_interpolate_init_q15.c **** *    
  12:../Dave/Generated/CMSIS_DSP/FilteringFunctions/arm_fir_interpolate_init_q15.c **** * Target Processor: Cortex-M4/Cortex-M3/Cortex-M0
  13:../Dave/Generated/CMSIS_DSP/FilteringFunctions/arm_fir_interpolate_init_q15.c **** *  
  14:../Dave/Generated/CMSIS_DSP/FilteringFunctions/arm_fir_interpolate_init_q15.c **** * Redistribution and use in source and binary forms, with or without 
  15:../Dave/Generated/CMSIS_DSP/FilteringFunctions/arm_fir_interpolate_init_q15.c **** * modification, are permitted provided that the following conditions
  16:../Dave/Generated/CMSIS_DSP/FilteringFunctions/arm_fir_interpolate_init_q15.c **** * are met:
  17:../Dave/Generated/CMSIS_DSP/FilteringFunctions/arm_fir_interpolate_init_q15.c **** *   - Redistributions of source code must retain the above copyright
  18:../Dave/Generated/CMSIS_DSP/FilteringFunctions/arm_fir_interpolate_init_q15.c **** *     notice, this list of conditions and the following disclaimer.
  19:../Dave/Generated/CMSIS_DSP/FilteringFunctions/arm_fir_interpolate_init_q15.c **** *   - Redistributions in binary form must reproduce the above copyright
  20:../Dave/Generated/CMSIS_DSP/FilteringFunctions/arm_fir_interpolate_init_q15.c **** *     notice, this list of conditions and the following disclaimer in
  21:../Dave/Generated/CMSIS_DSP/FilteringFunctions/arm_fir_interpolate_init_q15.c **** *     the documentation and/or other materials provided with the 
  22:../Dave/Generated/CMSIS_DSP/FilteringFunctions/arm_fir_interpolate_init_q15.c **** *     distribution.
  23:../Dave/Generated/CMSIS_DSP/FilteringFunctions/arm_fir_interpolate_init_q15.c **** *   - Neither the name of ARM LIMITED nor the names of its contributors
  24:../Dave/Generated/CMSIS_DSP/FilteringFunctions/arm_fir_interpolate_init_q15.c **** *     may be used to endorse or promote products derived from this
  25:../Dave/Generated/CMSIS_DSP/FilteringFunctions/arm_fir_interpolate_init_q15.c **** *     software without specific prior written permission.
  26:../Dave/Generated/CMSIS_DSP/FilteringFunctions/arm_fir_interpolate_init_q15.c **** *
  27:../Dave/Generated/CMSIS_DSP/FilteringFunctions/arm_fir_interpolate_init_q15.c **** * THIS SOFTWARE IS PROVIDED BY THE COPYRIGHT HOLDERS AND CONTRIBUTORS
  28:../Dave/Generated/CMSIS_DSP/FilteringFunctions/arm_fir_interpolate_init_q15.c **** * "AS IS" AND ANY EXPRESS OR IMPLIED WARRANTIES, INCLUDING, BUT NOT
  29:../Dave/Generated/CMSIS_DSP/FilteringFunctions/arm_fir_interpolate_init_q15.c **** * LIMITED TO, THE IMPLIED WARRANTIES OF MERCHANTABILITY AND FITNESS
  30:../Dave/Generated/CMSIS_DSP/FilteringFunctions/arm_fir_interpolate_init_q15.c **** * FOR A PARTICULAR PURPOSE ARE DISCLAIMED. IN NO EVENT SHALL THE 
  31:../Dave/Generated/CMSIS_DSP/FilteringFunctions/arm_fir_interpolate_init_q15.c **** * COPYRIGHT OWNER OR CONTRIBUTORS BE LIABLE FOR ANY DIRECT, INDIRECT,
  32:../Dave/Generated/CMSIS_DSP/FilteringFunctions/arm_fir_interpolate_init_q15.c **** * INCIDENTAL, SPECIAL, EXEMPLARY, OR CONSEQUENTIAL DAMAGES (INCLUDING,
  33:../Dave/Generated/CMSIS_DSP/FilteringFunctions/arm_fir_interpolate_init_q15.c **** * BUT NOT LIMITED TO, PROCUREMENT OF SUBSTITUTE GOODS OR SERVICES;
  34:../Dave/Generated/CMSIS_DSP/FilteringFunctions/arm_fir_interpolate_init_q15.c **** * LOSS OF USE, DATA, OR PROFITS; OR BUSINESS INTERRUPTION) HOWEVER
  35:../Dave/Generated/CMSIS_DSP/FilteringFunctions/arm_fir_interpolate_init_q15.c **** * CAUSED AND ON ANY THEORY OF LIABILITY, WHETHER IN CONTRACT, STRICT
  36:../Dave/Generated/CMSIS_DSP/FilteringFunctions/arm_fir_interpolate_init_q15.c **** * LIABILITY, OR TORT (INCLUDING NEGLIGENCE OR OTHERWISE) ARISING IN
  37:../Dave/Generated/CMSIS_DSP/FilteringFunctions/arm_fir_interpolate_init_q15.c **** * ANY WAY OUT OF THE USE OF THIS SOFTWARE, EVEN IF ADVISED OF THE
  38:../Dave/Generated/CMSIS_DSP/FilteringFunctions/arm_fir_interpolate_init_q15.c **** * POSSIBILITY OF SUCH DAMAGE.  
  39:../Dave/Generated/CMSIS_DSP/FilteringFunctions/arm_fir_interpolate_init_q15.c **** * ---------------------------------------------------------------------------*/
  40:../Dave/Generated/CMSIS_DSP/FilteringFunctions/arm_fir_interpolate_init_q15.c **** 
  41:../Dave/Generated/CMSIS_DSP/FilteringFunctions/arm_fir_interpolate_init_q15.c **** #include "CMSIS_DSP/cmsis_dsp.h"
  42:../Dave/Generated/CMSIS_DSP/FilteringFunctions/arm_fir_interpolate_init_q15.c **** 
  43:../Dave/Generated/CMSIS_DSP/FilteringFunctions/arm_fir_interpolate_init_q15.c **** /**    
  44:../Dave/Generated/CMSIS_DSP/FilteringFunctions/arm_fir_interpolate_init_q15.c ****  * @ingroup groupFilters    
  45:../Dave/Generated/CMSIS_DSP/FilteringFunctions/arm_fir_interpolate_init_q15.c ****  */
  46:../Dave/Generated/CMSIS_DSP/FilteringFunctions/arm_fir_interpolate_init_q15.c **** 
  47:../Dave/Generated/CMSIS_DSP/FilteringFunctions/arm_fir_interpolate_init_q15.c **** /**    
  48:../Dave/Generated/CMSIS_DSP/FilteringFunctions/arm_fir_interpolate_init_q15.c ****  * @addtogroup FIR_Interpolate    
  49:../Dave/Generated/CMSIS_DSP/FilteringFunctions/arm_fir_interpolate_init_q15.c ****  * @{    
  50:../Dave/Generated/CMSIS_DSP/FilteringFunctions/arm_fir_interpolate_init_q15.c ****  */
  51:../Dave/Generated/CMSIS_DSP/FilteringFunctions/arm_fir_interpolate_init_q15.c **** 
  52:../Dave/Generated/CMSIS_DSP/FilteringFunctions/arm_fir_interpolate_init_q15.c **** /**    
  53:../Dave/Generated/CMSIS_DSP/FilteringFunctions/arm_fir_interpolate_init_q15.c ****  * @brief  Initialization function for the Q15 FIR interpolator.    
  54:../Dave/Generated/CMSIS_DSP/FilteringFunctions/arm_fir_interpolate_init_q15.c ****  * @param[in,out] *S        points to an instance of the Q15 FIR interpolator structure.    
  55:../Dave/Generated/CMSIS_DSP/FilteringFunctions/arm_fir_interpolate_init_q15.c ****  * @param[in]     L         upsample factor.    
  56:../Dave/Generated/CMSIS_DSP/FilteringFunctions/arm_fir_interpolate_init_q15.c ****  * @param[in]     numTaps   number of filter coefficients in the filter.    
  57:../Dave/Generated/CMSIS_DSP/FilteringFunctions/arm_fir_interpolate_init_q15.c ****  * @param[in]     *pCoeffs  points to the filter coefficient buffer.    
  58:../Dave/Generated/CMSIS_DSP/FilteringFunctions/arm_fir_interpolate_init_q15.c ****  * @param[in]     *pState   points to the state buffer.    
  59:../Dave/Generated/CMSIS_DSP/FilteringFunctions/arm_fir_interpolate_init_q15.c ****  * @param[in]     blockSize number of input samples to process per call.    
  60:../Dave/Generated/CMSIS_DSP/FilteringFunctions/arm_fir_interpolate_init_q15.c ****  * @return        The function returns ARM_MATH_SUCCESS if initialization was successful or ARM_MAT
  61:../Dave/Generated/CMSIS_DSP/FilteringFunctions/arm_fir_interpolate_init_q15.c ****  * the filter length <code>numTaps</code> is not a multiple of the interpolation factor <code>L</co
  62:../Dave/Generated/CMSIS_DSP/FilteringFunctions/arm_fir_interpolate_init_q15.c ****  *    
  63:../Dave/Generated/CMSIS_DSP/FilteringFunctions/arm_fir_interpolate_init_q15.c ****  * <b>Description:</b>    
  64:../Dave/Generated/CMSIS_DSP/FilteringFunctions/arm_fir_interpolate_init_q15.c ****  * \par    
  65:../Dave/Generated/CMSIS_DSP/FilteringFunctions/arm_fir_interpolate_init_q15.c ****  * <code>pCoeffs</code> points to the array of filter coefficients stored in time reversed order:  
  66:../Dave/Generated/CMSIS_DSP/FilteringFunctions/arm_fir_interpolate_init_q15.c ****  * <pre>    
  67:../Dave/Generated/CMSIS_DSP/FilteringFunctions/arm_fir_interpolate_init_q15.c ****  *    {b[numTaps-1], b[numTaps-2], b[numTaps-2], ..., b[1], b[0]}    
  68:../Dave/Generated/CMSIS_DSP/FilteringFunctions/arm_fir_interpolate_init_q15.c ****  * </pre>    
  69:../Dave/Generated/CMSIS_DSP/FilteringFunctions/arm_fir_interpolate_init_q15.c ****  * The length of the filter <code>numTaps</code> must be a multiple of the interpolation factor <co
  70:../Dave/Generated/CMSIS_DSP/FilteringFunctions/arm_fir_interpolate_init_q15.c ****  * \par    
  71:../Dave/Generated/CMSIS_DSP/FilteringFunctions/arm_fir_interpolate_init_q15.c ****  * <code>pState</code> points to the array of state variables.    
  72:../Dave/Generated/CMSIS_DSP/FilteringFunctions/arm_fir_interpolate_init_q15.c ****  * <code>pState</code> is of length <code>(numTaps/L)+blockSize-1</code> words    
  73:../Dave/Generated/CMSIS_DSP/FilteringFunctions/arm_fir_interpolate_init_q15.c ****  * where <code>blockSize</code> is the number of input samples processed by each call to <code>arm_
  74:../Dave/Generated/CMSIS_DSP/FilteringFunctions/arm_fir_interpolate_init_q15.c ****  */
  75:../Dave/Generated/CMSIS_DSP/FilteringFunctions/arm_fir_interpolate_init_q15.c **** 
  76:../Dave/Generated/CMSIS_DSP/FilteringFunctions/arm_fir_interpolate_init_q15.c **** arm_status arm_fir_interpolate_init_q15(
  77:../Dave/Generated/CMSIS_DSP/FilteringFunctions/arm_fir_interpolate_init_q15.c ****   arm_fir_interpolate_instance_q15 * S,
  78:../Dave/Generated/CMSIS_DSP/FilteringFunctions/arm_fir_interpolate_init_q15.c ****   uint8_t L,
  79:../Dave/Generated/CMSIS_DSP/FilteringFunctions/arm_fir_interpolate_init_q15.c ****   uint16_t numTaps,
  80:../Dave/Generated/CMSIS_DSP/FilteringFunctions/arm_fir_interpolate_init_q15.c ****   q15_t * pCoeffs,
  81:../Dave/Generated/CMSIS_DSP/FilteringFunctions/arm_fir_interpolate_init_q15.c ****   q15_t * pState,
  82:../Dave/Generated/CMSIS_DSP/FilteringFunctions/arm_fir_interpolate_init_q15.c ****   uint32_t blockSize)
  83:../Dave/Generated/CMSIS_DSP/FilteringFunctions/arm_fir_interpolate_init_q15.c **** {
  27              	 .loc 1 83 0
  28              	 .cfi_startproc
  29              	 
  30              	 
  31 0000 80B5     	 push {r7,lr}
  32              	.LCFI0:
  33              	 .cfi_def_cfa_offset 8
  34              	 .cfi_offset 7,-8
  35              	 .cfi_offset 14,-4
  36 0002 86B0     	 sub sp,sp,#24
  37              	.LCFI1:
  38              	 .cfi_def_cfa_offset 32
  39 0004 00AF     	 add r7,sp,#0
  40              	.LCFI2:
  41              	 .cfi_def_cfa_register 7
  42 0006 F860     	 str r0,[r7,#12]
  43 0008 7B60     	 str r3,[r7,#4]
  44 000a 0B46     	 mov r3,r1
  45 000c FB72     	 strb r3,[r7,#11]
  46 000e 1346     	 mov r3,r2
  47 0010 3B81     	 strh r3,[r7,#8]
  84:../Dave/Generated/CMSIS_DSP/FilteringFunctions/arm_fir_interpolate_init_q15.c ****   arm_status status;
  85:../Dave/Generated/CMSIS_DSP/FilteringFunctions/arm_fir_interpolate_init_q15.c **** 
  86:../Dave/Generated/CMSIS_DSP/FilteringFunctions/arm_fir_interpolate_init_q15.c ****   /* The filter length must be a multiple of the interpolation factor */
  87:../Dave/Generated/CMSIS_DSP/FilteringFunctions/arm_fir_interpolate_init_q15.c ****   if((numTaps % L) != 0u)
  48              	 .loc 1 87 0
  49 0012 3B89     	 ldrh r3,[r7,#8]
  50 0014 FA7A     	 ldrb r2,[r7,#11]
  51 0016 93FBF2F1 	 sdiv r1,r3,r2
  52 001a 02FB01F2 	 mul r2,r2,r1
  53 001e 9B1A     	 subs r3,r3,r2
  54 0020 002B     	 cmp r3,#0
  55 0022 02D0     	 beq .L2
  88:../Dave/Generated/CMSIS_DSP/FilteringFunctions/arm_fir_interpolate_init_q15.c ****   {
  89:../Dave/Generated/CMSIS_DSP/FilteringFunctions/arm_fir_interpolate_init_q15.c ****     /* Set status as ARM_MATH_LENGTH_ERROR */
  90:../Dave/Generated/CMSIS_DSP/FilteringFunctions/arm_fir_interpolate_init_q15.c ****     status = ARM_MATH_LENGTH_ERROR;
  56              	 .loc 1 90 0
  57 0024 FE23     	 movs r3,#254
  58 0026 FB75     	 strb r3,[r7,#23]
  59 0028 1FE0     	 b .L3
  60              	.L2:
  91:../Dave/Generated/CMSIS_DSP/FilteringFunctions/arm_fir_interpolate_init_q15.c ****   }
  92:../Dave/Generated/CMSIS_DSP/FilteringFunctions/arm_fir_interpolate_init_q15.c ****   else
  93:../Dave/Generated/CMSIS_DSP/FilteringFunctions/arm_fir_interpolate_init_q15.c ****   {
  94:../Dave/Generated/CMSIS_DSP/FilteringFunctions/arm_fir_interpolate_init_q15.c **** 
  95:../Dave/Generated/CMSIS_DSP/FilteringFunctions/arm_fir_interpolate_init_q15.c ****     /* Assign coefficient pointer */
  96:../Dave/Generated/CMSIS_DSP/FilteringFunctions/arm_fir_interpolate_init_q15.c ****     S->pCoeffs = pCoeffs;
  61              	 .loc 1 96 0
  62 002a FB68     	 ldr r3,[r7,#12]
  63 002c 7A68     	 ldr r2,[r7,#4]
  64 002e 5A60     	 str r2,[r3,#4]
  97:../Dave/Generated/CMSIS_DSP/FilteringFunctions/arm_fir_interpolate_init_q15.c **** 
  98:../Dave/Generated/CMSIS_DSP/FilteringFunctions/arm_fir_interpolate_init_q15.c ****     /* Assign Interpolation factor */
  99:../Dave/Generated/CMSIS_DSP/FilteringFunctions/arm_fir_interpolate_init_q15.c ****     S->L = L;
  65              	 .loc 1 99 0
  66 0030 FB68     	 ldr r3,[r7,#12]
  67 0032 FA7A     	 ldrb r2,[r7,#11]
  68 0034 1A70     	 strb r2,[r3]
 100:../Dave/Generated/CMSIS_DSP/FilteringFunctions/arm_fir_interpolate_init_q15.c **** 
 101:../Dave/Generated/CMSIS_DSP/FilteringFunctions/arm_fir_interpolate_init_q15.c ****     /* Assign polyPhaseLength */
 102:../Dave/Generated/CMSIS_DSP/FilteringFunctions/arm_fir_interpolate_init_q15.c ****     S->phaseLength = numTaps / L;
  69              	 .loc 1 102 0
  70 0036 3A89     	 ldrh r2,[r7,#8]
  71 0038 FB7A     	 ldrb r3,[r7,#11]
  72 003a 92FBF3F3 	 sdiv r3,r2,r3
  73 003e 9AB2     	 uxth r2,r3
  74 0040 FB68     	 ldr r3,[r7,#12]
  75 0042 5A80     	 strh r2,[r3,#2]
 103:../Dave/Generated/CMSIS_DSP/FilteringFunctions/arm_fir_interpolate_init_q15.c **** 
 104:../Dave/Generated/CMSIS_DSP/FilteringFunctions/arm_fir_interpolate_init_q15.c ****     /* Clear state buffer and size of buffer is always phaseLength + blockSize - 1 */
 105:../Dave/Generated/CMSIS_DSP/FilteringFunctions/arm_fir_interpolate_init_q15.c ****     memset(pState, 0,
 106:../Dave/Generated/CMSIS_DSP/FilteringFunctions/arm_fir_interpolate_init_q15.c ****            (blockSize + ((uint32_t) S->phaseLength - 1u)) * sizeof(q15_t));
  76              	 .loc 1 106 0
  77 0044 FB68     	 ldr r3,[r7,#12]
  78 0046 5B88     	 ldrh r3,[r3,#2]
  79 0048 1A46     	 mov r2,r3
  80 004a 7B6A     	 ldr r3,[r7,#36]
  81 004c 1344     	 add r3,r3,r2
 105:../Dave/Generated/CMSIS_DSP/FilteringFunctions/arm_fir_interpolate_init_q15.c ****            (blockSize + ((uint32_t) S->phaseLength - 1u)) * sizeof(q15_t));
  82              	 .loc 1 105 0
  83 004e 03F10043 	 add r3,r3,#-2147483648
  84 0052 013B     	 subs r3,r3,#1
  85              	 .loc 1 106 0
  86 0054 5B00     	 lsls r3,r3,#1
 105:../Dave/Generated/CMSIS_DSP/FilteringFunctions/arm_fir_interpolate_init_q15.c ****            (blockSize + ((uint32_t) S->phaseLength - 1u)) * sizeof(q15_t));
  87              	 .loc 1 105 0
  88 0056 386A     	 ldr r0,[r7,#32]
  89 0058 0021     	 movs r1,#0
  90 005a 1A46     	 mov r2,r3
  91 005c FFF7FEFF 	 bl memset
 107:../Dave/Generated/CMSIS_DSP/FilteringFunctions/arm_fir_interpolate_init_q15.c **** 
 108:../Dave/Generated/CMSIS_DSP/FilteringFunctions/arm_fir_interpolate_init_q15.c ****     /* Assign state pointer */
 109:../Dave/Generated/CMSIS_DSP/FilteringFunctions/arm_fir_interpolate_init_q15.c ****     S->pState = pState;
  92              	 .loc 1 109 0
  93 0060 FB68     	 ldr r3,[r7,#12]
  94 0062 3A6A     	 ldr r2,[r7,#32]
  95 0064 9A60     	 str r2,[r3,#8]
 110:../Dave/Generated/CMSIS_DSP/FilteringFunctions/arm_fir_interpolate_init_q15.c **** 
 111:../Dave/Generated/CMSIS_DSP/FilteringFunctions/arm_fir_interpolate_init_q15.c ****     status = ARM_MATH_SUCCESS;
  96              	 .loc 1 111 0
  97 0066 0023     	 movs r3,#0
  98 0068 FB75     	 strb r3,[r7,#23]
  99              	.L3:
 112:../Dave/Generated/CMSIS_DSP/FilteringFunctions/arm_fir_interpolate_init_q15.c ****   }
 113:../Dave/Generated/CMSIS_DSP/FilteringFunctions/arm_fir_interpolate_init_q15.c **** 
 114:../Dave/Generated/CMSIS_DSP/FilteringFunctions/arm_fir_interpolate_init_q15.c ****   return (status);
 100              	 .loc 1 114 0
 101 006a FB7D     	 ldrb r3,[r7,#23]
 102 006c 5BB2     	 sxtb r3,r3
 115:../Dave/Generated/CMSIS_DSP/FilteringFunctions/arm_fir_interpolate_init_q15.c **** 
 116:../Dave/Generated/CMSIS_DSP/FilteringFunctions/arm_fir_interpolate_init_q15.c **** }
 103              	 .loc 1 116 0
 104 006e 1846     	 mov r0,r3
 105 0070 1837     	 adds r7,r7,#24
 106              	.LCFI3:
 107              	 .cfi_def_cfa_offset 8
 108 0072 BD46     	 mov sp,r7
 109              	.LCFI4:
 110              	 .cfi_def_cfa_register 13
 111              	 
 112 0074 80BD     	 pop {r7,pc}
 113              	 .cfi_endproc
 114              	.LFE139:
 116 0076 00BF     	 .text
 117              	.Letext0:
 118              	 .file 2 "c:\\davev4-64bit\\dave-4.2.6\\eclipse\\arm-gcc-49\\arm-none-eabi\\include\\machine\\_default_types.h"
 119              	 .file 3 "c:\\davev4-64bit\\dave-4.2.6\\eclipse\\arm-gcc-49\\arm-none-eabi\\include\\stdint.h"
 120              	 .file 4 "C:\\Users\\Depes Crystalline\\Desktop\\school\\Active_Bike_Lighting_System\\Radar_Core\\Dave\\Generated/CMSIS_DSP/arm_math.h"
DEFINED SYMBOLS
                            *ABS*:00000000 arm_fir_interpolate_init_q15.c
    {standard input}:19     .text.arm_fir_interpolate_init_q15:00000000 $t
    {standard input}:24     .text.arm_fir_interpolate_init_q15:00000000 arm_fir_interpolate_init_q15
                     .debug_frame:00000010 $d

UNDEFINED SYMBOLS
memset
