   1              	 .syntax unified
   2              	 .cpu cortex-m4
   3              	 .fpu softvfp
   4              	 .eabi_attribute 20,1
   5              	 .eabi_attribute 21,1
   6              	 .eabi_attribute 23,3
   7              	 .eabi_attribute 24,1
   8              	 .eabi_attribute 25,1
   9              	 .eabi_attribute 26,1
  10              	 .eabi_attribute 30,6
  11              	 .eabi_attribute 34,1
  12              	 .eabi_attribute 18,4
  13              	 .thumb
  14              	 .file "arm_lms_norm_init_q15.c"
  15              	 .text
  16              	.Ltext0:
  17              	 .cfi_sections .debug_frame
  18              	 .section .text.arm_lms_norm_init_q15,"ax",%progbits
  19              	 .align 2
  20              	 .global arm_lms_norm_init_q15
  21              	 .thumb
  22              	 .thumb_func
  24              	arm_lms_norm_init_q15:
  25              	.LFB139:
  26              	 .file 1 "../Dave/Generated/CMSIS_DSP/FilteringFunctions/arm_lms_norm_init_q15.c"
   1:../Dave/Generated/CMSIS_DSP/FilteringFunctions/arm_lms_norm_init_q15.c **** /*-----------------------------------------------------------------------------    
   2:../Dave/Generated/CMSIS_DSP/FilteringFunctions/arm_lms_norm_init_q15.c **** * Copyright (C) 2010-2014 ARM Limited. All rights reserved.    
   3:../Dave/Generated/CMSIS_DSP/FilteringFunctions/arm_lms_norm_init_q15.c **** *    
   4:../Dave/Generated/CMSIS_DSP/FilteringFunctions/arm_lms_norm_init_q15.c **** * $Date:        12. March 2014
   5:../Dave/Generated/CMSIS_DSP/FilteringFunctions/arm_lms_norm_init_q15.c **** * $Revision: 	V1.4.4
   6:../Dave/Generated/CMSIS_DSP/FilteringFunctions/arm_lms_norm_init_q15.c **** *    
   7:../Dave/Generated/CMSIS_DSP/FilteringFunctions/arm_lms_norm_init_q15.c **** * Project: 	    CMSIS DSP Library    
   8:../Dave/Generated/CMSIS_DSP/FilteringFunctions/arm_lms_norm_init_q15.c **** * Title:        arm_lms_norm_init_q15.c    
   9:../Dave/Generated/CMSIS_DSP/FilteringFunctions/arm_lms_norm_init_q15.c **** *    
  10:../Dave/Generated/CMSIS_DSP/FilteringFunctions/arm_lms_norm_init_q15.c **** * Description:  Q15 NLMS initialization function.    
  11:../Dave/Generated/CMSIS_DSP/FilteringFunctions/arm_lms_norm_init_q15.c **** *    
  12:../Dave/Generated/CMSIS_DSP/FilteringFunctions/arm_lms_norm_init_q15.c **** * Target Processor: Cortex-M4/Cortex-M3/Cortex-M0
  13:../Dave/Generated/CMSIS_DSP/FilteringFunctions/arm_lms_norm_init_q15.c **** *  
  14:../Dave/Generated/CMSIS_DSP/FilteringFunctions/arm_lms_norm_init_q15.c **** * Redistribution and use in source and binary forms, with or without 
  15:../Dave/Generated/CMSIS_DSP/FilteringFunctions/arm_lms_norm_init_q15.c **** * modification, are permitted provided that the following conditions
  16:../Dave/Generated/CMSIS_DSP/FilteringFunctions/arm_lms_norm_init_q15.c **** * are met:
  17:../Dave/Generated/CMSIS_DSP/FilteringFunctions/arm_lms_norm_init_q15.c **** *   - Redistributions of source code must retain the above copyright
  18:../Dave/Generated/CMSIS_DSP/FilteringFunctions/arm_lms_norm_init_q15.c **** *     notice, this list of conditions and the following disclaimer.
  19:../Dave/Generated/CMSIS_DSP/FilteringFunctions/arm_lms_norm_init_q15.c **** *   - Redistributions in binary form must reproduce the above copyright
  20:../Dave/Generated/CMSIS_DSP/FilteringFunctions/arm_lms_norm_init_q15.c **** *     notice, this list of conditions and the following disclaimer in
  21:../Dave/Generated/CMSIS_DSP/FilteringFunctions/arm_lms_norm_init_q15.c **** *     the documentation and/or other materials provided with the 
  22:../Dave/Generated/CMSIS_DSP/FilteringFunctions/arm_lms_norm_init_q15.c **** *     distribution.
  23:../Dave/Generated/CMSIS_DSP/FilteringFunctions/arm_lms_norm_init_q15.c **** *   - Neither the name of ARM LIMITED nor the names of its contributors
  24:../Dave/Generated/CMSIS_DSP/FilteringFunctions/arm_lms_norm_init_q15.c **** *     may be used to endorse or promote products derived from this
  25:../Dave/Generated/CMSIS_DSP/FilteringFunctions/arm_lms_norm_init_q15.c **** *     software without specific prior written permission.
  26:../Dave/Generated/CMSIS_DSP/FilteringFunctions/arm_lms_norm_init_q15.c **** *
  27:../Dave/Generated/CMSIS_DSP/FilteringFunctions/arm_lms_norm_init_q15.c **** * THIS SOFTWARE IS PROVIDED BY THE COPYRIGHT HOLDERS AND CONTRIBUTORS
  28:../Dave/Generated/CMSIS_DSP/FilteringFunctions/arm_lms_norm_init_q15.c **** * "AS IS" AND ANY EXPRESS OR IMPLIED WARRANTIES, INCLUDING, BUT NOT
  29:../Dave/Generated/CMSIS_DSP/FilteringFunctions/arm_lms_norm_init_q15.c **** * LIMITED TO, THE IMPLIED WARRANTIES OF MERCHANTABILITY AND FITNESS
  30:../Dave/Generated/CMSIS_DSP/FilteringFunctions/arm_lms_norm_init_q15.c **** * FOR A PARTICULAR PURPOSE ARE DISCLAIMED. IN NO EVENT SHALL THE 
  31:../Dave/Generated/CMSIS_DSP/FilteringFunctions/arm_lms_norm_init_q15.c **** * COPYRIGHT OWNER OR CONTRIBUTORS BE LIABLE FOR ANY DIRECT, INDIRECT,
  32:../Dave/Generated/CMSIS_DSP/FilteringFunctions/arm_lms_norm_init_q15.c **** * INCIDENTAL, SPECIAL, EXEMPLARY, OR CONSEQUENTIAL DAMAGES (INCLUDING,
  33:../Dave/Generated/CMSIS_DSP/FilteringFunctions/arm_lms_norm_init_q15.c **** * BUT NOT LIMITED TO, PROCUREMENT OF SUBSTITUTE GOODS OR SERVICES;
  34:../Dave/Generated/CMSIS_DSP/FilteringFunctions/arm_lms_norm_init_q15.c **** * LOSS OF USE, DATA, OR PROFITS; OR BUSINESS INTERRUPTION) HOWEVER
  35:../Dave/Generated/CMSIS_DSP/FilteringFunctions/arm_lms_norm_init_q15.c **** * CAUSED AND ON ANY THEORY OF LIABILITY, WHETHER IN CONTRACT, STRICT
  36:../Dave/Generated/CMSIS_DSP/FilteringFunctions/arm_lms_norm_init_q15.c **** * LIABILITY, OR TORT (INCLUDING NEGLIGENCE OR OTHERWISE) ARISING IN
  37:../Dave/Generated/CMSIS_DSP/FilteringFunctions/arm_lms_norm_init_q15.c **** * ANY WAY OUT OF THE USE OF THIS SOFTWARE, EVEN IF ADVISED OF THE
  38:../Dave/Generated/CMSIS_DSP/FilteringFunctions/arm_lms_norm_init_q15.c **** * POSSIBILITY OF SUCH DAMAGE.   
  39:../Dave/Generated/CMSIS_DSP/FilteringFunctions/arm_lms_norm_init_q15.c **** * ---------------------------------------------------------------------------*/
  40:../Dave/Generated/CMSIS_DSP/FilteringFunctions/arm_lms_norm_init_q15.c **** 
  41:../Dave/Generated/CMSIS_DSP/FilteringFunctions/arm_lms_norm_init_q15.c **** #include "CMSIS_DSP/cmsis_dsp.h"
  42:../Dave/Generated/CMSIS_DSP/FilteringFunctions/arm_lms_norm_init_q15.c **** #include "CMSIS_DSP/arm_common_tables.h"
  43:../Dave/Generated/CMSIS_DSP/FilteringFunctions/arm_lms_norm_init_q15.c **** 
  44:../Dave/Generated/CMSIS_DSP/FilteringFunctions/arm_lms_norm_init_q15.c **** /**    
  45:../Dave/Generated/CMSIS_DSP/FilteringFunctions/arm_lms_norm_init_q15.c ****  * @addtogroup LMS_NORM    
  46:../Dave/Generated/CMSIS_DSP/FilteringFunctions/arm_lms_norm_init_q15.c ****  * @{    
  47:../Dave/Generated/CMSIS_DSP/FilteringFunctions/arm_lms_norm_init_q15.c ****  */
  48:../Dave/Generated/CMSIS_DSP/FilteringFunctions/arm_lms_norm_init_q15.c **** 
  49:../Dave/Generated/CMSIS_DSP/FilteringFunctions/arm_lms_norm_init_q15.c ****   /**    
  50:../Dave/Generated/CMSIS_DSP/FilteringFunctions/arm_lms_norm_init_q15.c ****    * @brief Initialization function for Q15 normalized LMS filter.    
  51:../Dave/Generated/CMSIS_DSP/FilteringFunctions/arm_lms_norm_init_q15.c ****    * @param[in] *S points to an instance of the Q15 normalized LMS filter structure.    
  52:../Dave/Generated/CMSIS_DSP/FilteringFunctions/arm_lms_norm_init_q15.c ****    * @param[in] numTaps  number of filter coefficients.    
  53:../Dave/Generated/CMSIS_DSP/FilteringFunctions/arm_lms_norm_init_q15.c ****    * @param[in] *pCoeffs points to coefficient buffer.    
  54:../Dave/Generated/CMSIS_DSP/FilteringFunctions/arm_lms_norm_init_q15.c ****    * @param[in] *pState points to state buffer.    
  55:../Dave/Generated/CMSIS_DSP/FilteringFunctions/arm_lms_norm_init_q15.c ****    * @param[in] mu step size that controls filter coefficient updates.    
  56:../Dave/Generated/CMSIS_DSP/FilteringFunctions/arm_lms_norm_init_q15.c ****    * @param[in] blockSize number of samples to process.    
  57:../Dave/Generated/CMSIS_DSP/FilteringFunctions/arm_lms_norm_init_q15.c ****    * @param[in] postShift bit shift applied to coefficients.    
  58:../Dave/Generated/CMSIS_DSP/FilteringFunctions/arm_lms_norm_init_q15.c ****    * @return none.    
  59:../Dave/Generated/CMSIS_DSP/FilteringFunctions/arm_lms_norm_init_q15.c ****  *    
  60:../Dave/Generated/CMSIS_DSP/FilteringFunctions/arm_lms_norm_init_q15.c ****  * <b>Description:</b>    
  61:../Dave/Generated/CMSIS_DSP/FilteringFunctions/arm_lms_norm_init_q15.c ****  * \par    
  62:../Dave/Generated/CMSIS_DSP/FilteringFunctions/arm_lms_norm_init_q15.c ****  * <code>pCoeffs</code> points to the array of filter coefficients stored in time reversed order:  
  63:../Dave/Generated/CMSIS_DSP/FilteringFunctions/arm_lms_norm_init_q15.c ****  * <pre>    
  64:../Dave/Generated/CMSIS_DSP/FilteringFunctions/arm_lms_norm_init_q15.c ****  *    {b[numTaps-1], b[numTaps-2], b[N-2], ..., b[1], b[0]}    
  65:../Dave/Generated/CMSIS_DSP/FilteringFunctions/arm_lms_norm_init_q15.c ****  * </pre>    
  66:../Dave/Generated/CMSIS_DSP/FilteringFunctions/arm_lms_norm_init_q15.c ****  * The initial filter coefficients serve as a starting point for the adaptive filter.    
  67:../Dave/Generated/CMSIS_DSP/FilteringFunctions/arm_lms_norm_init_q15.c ****  * <code>pState</code> points to the array of state variables and size of array is    
  68:../Dave/Generated/CMSIS_DSP/FilteringFunctions/arm_lms_norm_init_q15.c ****  * <code>numTaps+blockSize-1</code> samples, where <code>blockSize</code> is the number of input sa
  69:../Dave/Generated/CMSIS_DSP/FilteringFunctions/arm_lms_norm_init_q15.c ****  * by each call to <code>arm_lms_norm_q15()</code>.    
  70:../Dave/Generated/CMSIS_DSP/FilteringFunctions/arm_lms_norm_init_q15.c ****  */
  71:../Dave/Generated/CMSIS_DSP/FilteringFunctions/arm_lms_norm_init_q15.c **** 
  72:../Dave/Generated/CMSIS_DSP/FilteringFunctions/arm_lms_norm_init_q15.c **** void arm_lms_norm_init_q15(
  73:../Dave/Generated/CMSIS_DSP/FilteringFunctions/arm_lms_norm_init_q15.c ****   arm_lms_norm_instance_q15 * S,
  74:../Dave/Generated/CMSIS_DSP/FilteringFunctions/arm_lms_norm_init_q15.c ****   uint16_t numTaps,
  75:../Dave/Generated/CMSIS_DSP/FilteringFunctions/arm_lms_norm_init_q15.c ****   q15_t * pCoeffs,
  76:../Dave/Generated/CMSIS_DSP/FilteringFunctions/arm_lms_norm_init_q15.c ****   q15_t * pState,
  77:../Dave/Generated/CMSIS_DSP/FilteringFunctions/arm_lms_norm_init_q15.c ****   q15_t mu,
  78:../Dave/Generated/CMSIS_DSP/FilteringFunctions/arm_lms_norm_init_q15.c ****   uint32_t blockSize,
  79:../Dave/Generated/CMSIS_DSP/FilteringFunctions/arm_lms_norm_init_q15.c ****   uint8_t postShift)
  80:../Dave/Generated/CMSIS_DSP/FilteringFunctions/arm_lms_norm_init_q15.c **** {
  27              	 .loc 1 80 0
  28              	 .cfi_startproc
  29              	 
  30              	 
  31 0000 80B5     	 push {r7,lr}
  32              	.LCFI0:
  33              	 .cfi_def_cfa_offset 8
  34              	 .cfi_offset 7,-8
  35              	 .cfi_offset 14,-4
  36 0002 84B0     	 sub sp,sp,#16
  37              	.LCFI1:
  38              	 .cfi_def_cfa_offset 24
  39 0004 00AF     	 add r7,sp,#0
  40              	.LCFI2:
  41              	 .cfi_def_cfa_register 7
  42 0006 F860     	 str r0,[r7,#12]
  43 0008 7A60     	 str r2,[r7,#4]
  44 000a 3B60     	 str r3,[r7]
  45 000c 0B46     	 mov r3,r1
  46 000e 7B81     	 strh r3,[r7,#10]
  81:../Dave/Generated/CMSIS_DSP/FilteringFunctions/arm_lms_norm_init_q15.c ****   /* Assign filter taps */
  82:../Dave/Generated/CMSIS_DSP/FilteringFunctions/arm_lms_norm_init_q15.c ****   S->numTaps = numTaps;
  47              	 .loc 1 82 0
  48 0010 FB68     	 ldr r3,[r7,#12]
  49 0012 7A89     	 ldrh r2,[r7,#10]
  50 0014 1A80     	 strh r2,[r3]
  83:../Dave/Generated/CMSIS_DSP/FilteringFunctions/arm_lms_norm_init_q15.c **** 
  84:../Dave/Generated/CMSIS_DSP/FilteringFunctions/arm_lms_norm_init_q15.c ****   /* Assign coefficient pointer */
  85:../Dave/Generated/CMSIS_DSP/FilteringFunctions/arm_lms_norm_init_q15.c ****   S->pCoeffs = pCoeffs;
  51              	 .loc 1 85 0
  52 0016 FB68     	 ldr r3,[r7,#12]
  53 0018 7A68     	 ldr r2,[r7,#4]
  54 001a 9A60     	 str r2,[r3,#8]
  86:../Dave/Generated/CMSIS_DSP/FilteringFunctions/arm_lms_norm_init_q15.c **** 
  87:../Dave/Generated/CMSIS_DSP/FilteringFunctions/arm_lms_norm_init_q15.c ****   /* Clear state buffer and size is always blockSize + numTaps - 1 */
  88:../Dave/Generated/CMSIS_DSP/FilteringFunctions/arm_lms_norm_init_q15.c ****   memset(pState, 0, (numTaps + (blockSize - 1u)) * sizeof(q15_t));
  55              	 .loc 1 88 0
  56 001c 7A89     	 ldrh r2,[r7,#10]
  57 001e FB69     	 ldr r3,[r7,#28]
  58 0020 1344     	 add r3,r3,r2
  59 0022 03F10043 	 add r3,r3,#-2147483648
  60 0026 013B     	 subs r3,r3,#1
  61 0028 5B00     	 lsls r3,r3,#1
  62 002a 3868     	 ldr r0,[r7]
  63 002c 0021     	 movs r1,#0
  64 002e 1A46     	 mov r2,r3
  65 0030 FFF7FEFF 	 bl memset
  89:../Dave/Generated/CMSIS_DSP/FilteringFunctions/arm_lms_norm_init_q15.c **** 
  90:../Dave/Generated/CMSIS_DSP/FilteringFunctions/arm_lms_norm_init_q15.c ****   /* Assign post Shift value applied to coefficients */
  91:../Dave/Generated/CMSIS_DSP/FilteringFunctions/arm_lms_norm_init_q15.c ****   S->postShift = postShift;
  66              	 .loc 1 91 0
  67 0034 FB68     	 ldr r3,[r7,#12]
  68 0036 97F82020 	 ldrb r2,[r7,#32]
  69 003a 9A73     	 strb r2,[r3,#14]
  92:../Dave/Generated/CMSIS_DSP/FilteringFunctions/arm_lms_norm_init_q15.c **** 
  93:../Dave/Generated/CMSIS_DSP/FilteringFunctions/arm_lms_norm_init_q15.c ****   /* Assign state pointer */
  94:../Dave/Generated/CMSIS_DSP/FilteringFunctions/arm_lms_norm_init_q15.c ****   S->pState = pState;
  70              	 .loc 1 94 0
  71 003c FB68     	 ldr r3,[r7,#12]
  72 003e 3A68     	 ldr r2,[r7]
  73 0040 5A60     	 str r2,[r3,#4]
  95:../Dave/Generated/CMSIS_DSP/FilteringFunctions/arm_lms_norm_init_q15.c **** 
  96:../Dave/Generated/CMSIS_DSP/FilteringFunctions/arm_lms_norm_init_q15.c ****   /* Assign Step size value */
  97:../Dave/Generated/CMSIS_DSP/FilteringFunctions/arm_lms_norm_init_q15.c ****   S->mu = mu;
  74              	 .loc 1 97 0
  75 0042 FB68     	 ldr r3,[r7,#12]
  76 0044 3A8B     	 ldrh r2,[r7,#24]
  77 0046 9A81     	 strh r2,[r3,#12]
  98:../Dave/Generated/CMSIS_DSP/FilteringFunctions/arm_lms_norm_init_q15.c **** 
  99:../Dave/Generated/CMSIS_DSP/FilteringFunctions/arm_lms_norm_init_q15.c ****   /* Initialize reciprocal pointer table */
 100:../Dave/Generated/CMSIS_DSP/FilteringFunctions/arm_lms_norm_init_q15.c ****   S->recipTable = (q15_t *) armRecipTableQ15;
  78              	 .loc 1 100 0
  79 0048 FB68     	 ldr r3,[r7,#12]
  80 004a 054A     	 ldr r2,.L2
  81 004c 1A61     	 str r2,[r3,#16]
 101:../Dave/Generated/CMSIS_DSP/FilteringFunctions/arm_lms_norm_init_q15.c **** 
 102:../Dave/Generated/CMSIS_DSP/FilteringFunctions/arm_lms_norm_init_q15.c ****   /* Initialise Energy to zero */
 103:../Dave/Generated/CMSIS_DSP/FilteringFunctions/arm_lms_norm_init_q15.c ****   S->energy = 0;
  82              	 .loc 1 103 0
  83 004e FB68     	 ldr r3,[r7,#12]
  84 0050 0022     	 movs r2,#0
  85 0052 9A82     	 strh r2,[r3,#20]
 104:../Dave/Generated/CMSIS_DSP/FilteringFunctions/arm_lms_norm_init_q15.c **** 
 105:../Dave/Generated/CMSIS_DSP/FilteringFunctions/arm_lms_norm_init_q15.c ****   /* Initialise x0 to zero */
 106:../Dave/Generated/CMSIS_DSP/FilteringFunctions/arm_lms_norm_init_q15.c ****   S->x0 = 0;
  86              	 .loc 1 106 0
  87 0054 FB68     	 ldr r3,[r7,#12]
  88 0056 0022     	 movs r2,#0
  89 0058 DA82     	 strh r2,[r3,#22]
 107:../Dave/Generated/CMSIS_DSP/FilteringFunctions/arm_lms_norm_init_q15.c **** 
 108:../Dave/Generated/CMSIS_DSP/FilteringFunctions/arm_lms_norm_init_q15.c **** }
  90              	 .loc 1 108 0
  91 005a 1037     	 adds r7,r7,#16
  92              	.LCFI3:
  93              	 .cfi_def_cfa_offset 8
  94 005c BD46     	 mov sp,r7
  95              	.LCFI4:
  96              	 .cfi_def_cfa_register 13
  97              	 
  98 005e 80BD     	 pop {r7,pc}
  99              	.L3:
 100              	 .align 2
 101              	.L2:
 102 0060 00000000 	 .word armRecipTableQ15
 103              	 .cfi_endproc
 104              	.LFE139:
 106              	 .text
 107              	.Letext0:
 108              	 .file 2 "c:\\davev4-64bit\\dave-4.2.6\\eclipse\\arm-gcc-49\\arm-none-eabi\\include\\machine\\_default_types.h"
 109              	 .file 3 "c:\\davev4-64bit\\dave-4.2.6\\eclipse\\arm-gcc-49\\arm-none-eabi\\include\\stdint.h"
 110              	 .file 4 "C:\\Users\\Depes Crystalline\\Desktop\\school\\Active_Bike_Lighting_System\\Radar_Core\\Dave\\Generated/CMSIS_DSP/arm_math.h"
 111              	 .file 5 "C:\\Users\\Depes Crystalline\\Desktop\\school\\Active_Bike_Lighting_System\\Radar_Core\\Dave\\Generated/CMSIS_DSP/arm_common_tables.h"
DEFINED SYMBOLS
                            *ABS*:00000000 arm_lms_norm_init_q15.c
    {standard input}:19     .text.arm_lms_norm_init_q15:00000000 $t
    {standard input}:24     .text.arm_lms_norm_init_q15:00000000 arm_lms_norm_init_q15
    {standard input}:102    .text.arm_lms_norm_init_q15:00000060 $d
                     .debug_frame:00000010 $d

UNDEFINED SYMBOLS
memset
armRecipTableQ15
