   1              	 .syntax unified
   2              	 .cpu cortex-m4
   3              	 .fpu softvfp
   4              	 .eabi_attribute 20,1
   5              	 .eabi_attribute 21,1
   6              	 .eabi_attribute 23,3
   7              	 .eabi_attribute 24,1
   8              	 .eabi_attribute 25,1
   9              	 .eabi_attribute 26,1
  10              	 .eabi_attribute 30,6
  11              	 .eabi_attribute 34,1
  12              	 .eabi_attribute 18,4
  13              	 .thumb
  14              	 .file "arm_fir_interpolate_q15.c"
  15              	 .text
  16              	.Ltext0:
  17              	 .cfi_sections .debug_frame
  18              	 .section .text.arm_fir_interpolate_q15,"ax",%progbits
  19              	 .align 2
  20              	 .global arm_fir_interpolate_q15
  21              	 .thumb
  22              	 .thumb_func
  24              	arm_fir_interpolate_q15:
  25              	.LFB139:
  26              	 .file 1 "../Dave/Generated/CMSIS_DSP/FilteringFunctions/arm_fir_interpolate_q15.c"
   1:../Dave/Generated/CMSIS_DSP/FilteringFunctions/arm_fir_interpolate_q15.c **** /*-----------------------------------------------------------------------------    
   2:../Dave/Generated/CMSIS_DSP/FilteringFunctions/arm_fir_interpolate_q15.c **** * Copyright (C) 2010-2014 ARM Limited. All rights reserved.    
   3:../Dave/Generated/CMSIS_DSP/FilteringFunctions/arm_fir_interpolate_q15.c **** *    
   4:../Dave/Generated/CMSIS_DSP/FilteringFunctions/arm_fir_interpolate_q15.c **** * $Date:        12. March 2014
   5:../Dave/Generated/CMSIS_DSP/FilteringFunctions/arm_fir_interpolate_q15.c **** * $Revision: 	V1.4.4
   6:../Dave/Generated/CMSIS_DSP/FilteringFunctions/arm_fir_interpolate_q15.c **** *    
   7:../Dave/Generated/CMSIS_DSP/FilteringFunctions/arm_fir_interpolate_q15.c **** * Project: 	    CMSIS DSP Library    
   8:../Dave/Generated/CMSIS_DSP/FilteringFunctions/arm_fir_interpolate_q15.c **** * Title:		arm_fir_interpolate_q15.c    
   9:../Dave/Generated/CMSIS_DSP/FilteringFunctions/arm_fir_interpolate_q15.c **** *    
  10:../Dave/Generated/CMSIS_DSP/FilteringFunctions/arm_fir_interpolate_q15.c **** * Description:	Q15 FIR interpolation.    
  11:../Dave/Generated/CMSIS_DSP/FilteringFunctions/arm_fir_interpolate_q15.c **** *    
  12:../Dave/Generated/CMSIS_DSP/FilteringFunctions/arm_fir_interpolate_q15.c **** * Target Processor: Cortex-M4/Cortex-M3/Cortex-M0
  13:../Dave/Generated/CMSIS_DSP/FilteringFunctions/arm_fir_interpolate_q15.c **** *  
  14:../Dave/Generated/CMSIS_DSP/FilteringFunctions/arm_fir_interpolate_q15.c **** * Redistribution and use in source and binary forms, with or without 
  15:../Dave/Generated/CMSIS_DSP/FilteringFunctions/arm_fir_interpolate_q15.c **** * modification, are permitted provided that the following conditions
  16:../Dave/Generated/CMSIS_DSP/FilteringFunctions/arm_fir_interpolate_q15.c **** * are met:
  17:../Dave/Generated/CMSIS_DSP/FilteringFunctions/arm_fir_interpolate_q15.c **** *   - Redistributions of source code must retain the above copyright
  18:../Dave/Generated/CMSIS_DSP/FilteringFunctions/arm_fir_interpolate_q15.c **** *     notice, this list of conditions and the following disclaimer.
  19:../Dave/Generated/CMSIS_DSP/FilteringFunctions/arm_fir_interpolate_q15.c **** *   - Redistributions in binary form must reproduce the above copyright
  20:../Dave/Generated/CMSIS_DSP/FilteringFunctions/arm_fir_interpolate_q15.c **** *     notice, this list of conditions and the following disclaimer in
  21:../Dave/Generated/CMSIS_DSP/FilteringFunctions/arm_fir_interpolate_q15.c **** *     the documentation and/or other materials provided with the 
  22:../Dave/Generated/CMSIS_DSP/FilteringFunctions/arm_fir_interpolate_q15.c **** *     distribution.
  23:../Dave/Generated/CMSIS_DSP/FilteringFunctions/arm_fir_interpolate_q15.c **** *   - Neither the name of ARM LIMITED nor the names of its contributors
  24:../Dave/Generated/CMSIS_DSP/FilteringFunctions/arm_fir_interpolate_q15.c **** *     may be used to endorse or promote products derived from this
  25:../Dave/Generated/CMSIS_DSP/FilteringFunctions/arm_fir_interpolate_q15.c **** *     software without specific prior written permission.
  26:../Dave/Generated/CMSIS_DSP/FilteringFunctions/arm_fir_interpolate_q15.c **** *
  27:../Dave/Generated/CMSIS_DSP/FilteringFunctions/arm_fir_interpolate_q15.c **** * THIS SOFTWARE IS PROVIDED BY THE COPYRIGHT HOLDERS AND CONTRIBUTORS
  28:../Dave/Generated/CMSIS_DSP/FilteringFunctions/arm_fir_interpolate_q15.c **** * "AS IS" AND ANY EXPRESS OR IMPLIED WARRANTIES, INCLUDING, BUT NOT
  29:../Dave/Generated/CMSIS_DSP/FilteringFunctions/arm_fir_interpolate_q15.c **** * LIMITED TO, THE IMPLIED WARRANTIES OF MERCHANTABILITY AND FITNESS
  30:../Dave/Generated/CMSIS_DSP/FilteringFunctions/arm_fir_interpolate_q15.c **** * FOR A PARTICULAR PURPOSE ARE DISCLAIMED. IN NO EVENT SHALL THE 
  31:../Dave/Generated/CMSIS_DSP/FilteringFunctions/arm_fir_interpolate_q15.c **** * COPYRIGHT OWNER OR CONTRIBUTORS BE LIABLE FOR ANY DIRECT, INDIRECT,
  32:../Dave/Generated/CMSIS_DSP/FilteringFunctions/arm_fir_interpolate_q15.c **** * INCIDENTAL, SPECIAL, EXEMPLARY, OR CONSEQUENTIAL DAMAGES (INCLUDING,
  33:../Dave/Generated/CMSIS_DSP/FilteringFunctions/arm_fir_interpolate_q15.c **** * BUT NOT LIMITED TO, PROCUREMENT OF SUBSTITUTE GOODS OR SERVICES;
  34:../Dave/Generated/CMSIS_DSP/FilteringFunctions/arm_fir_interpolate_q15.c **** * LOSS OF USE, DATA, OR PROFITS; OR BUSINESS INTERRUPTION) HOWEVER
  35:../Dave/Generated/CMSIS_DSP/FilteringFunctions/arm_fir_interpolate_q15.c **** * CAUSED AND ON ANY THEORY OF LIABILITY, WHETHER IN CONTRACT, STRICT
  36:../Dave/Generated/CMSIS_DSP/FilteringFunctions/arm_fir_interpolate_q15.c **** * LIABILITY, OR TORT (INCLUDING NEGLIGENCE OR OTHERWISE) ARISING IN
  37:../Dave/Generated/CMSIS_DSP/FilteringFunctions/arm_fir_interpolate_q15.c **** * ANY WAY OUT OF THE USE OF THIS SOFTWARE, EVEN IF ADVISED OF THE
  38:../Dave/Generated/CMSIS_DSP/FilteringFunctions/arm_fir_interpolate_q15.c **** * POSSIBILITY OF SUCH DAMAGE.    
  39:../Dave/Generated/CMSIS_DSP/FilteringFunctions/arm_fir_interpolate_q15.c **** * ---------------------------------------------------------------------------*/
  40:../Dave/Generated/CMSIS_DSP/FilteringFunctions/arm_fir_interpolate_q15.c **** 
  41:../Dave/Generated/CMSIS_DSP/FilteringFunctions/arm_fir_interpolate_q15.c **** #include "CMSIS_DSP/cmsis_dsp.h"
  42:../Dave/Generated/CMSIS_DSP/FilteringFunctions/arm_fir_interpolate_q15.c **** 
  43:../Dave/Generated/CMSIS_DSP/FilteringFunctions/arm_fir_interpolate_q15.c **** /**    
  44:../Dave/Generated/CMSIS_DSP/FilteringFunctions/arm_fir_interpolate_q15.c ****  * @ingroup groupFilters    
  45:../Dave/Generated/CMSIS_DSP/FilteringFunctions/arm_fir_interpolate_q15.c ****  */
  46:../Dave/Generated/CMSIS_DSP/FilteringFunctions/arm_fir_interpolate_q15.c **** 
  47:../Dave/Generated/CMSIS_DSP/FilteringFunctions/arm_fir_interpolate_q15.c **** /**    
  48:../Dave/Generated/CMSIS_DSP/FilteringFunctions/arm_fir_interpolate_q15.c ****  * @addtogroup FIR_Interpolate    
  49:../Dave/Generated/CMSIS_DSP/FilteringFunctions/arm_fir_interpolate_q15.c ****  * @{    
  50:../Dave/Generated/CMSIS_DSP/FilteringFunctions/arm_fir_interpolate_q15.c ****  */
  51:../Dave/Generated/CMSIS_DSP/FilteringFunctions/arm_fir_interpolate_q15.c **** 
  52:../Dave/Generated/CMSIS_DSP/FilteringFunctions/arm_fir_interpolate_q15.c **** /**    
  53:../Dave/Generated/CMSIS_DSP/FilteringFunctions/arm_fir_interpolate_q15.c ****  * @brief Processing function for the Q15 FIR interpolator.    
  54:../Dave/Generated/CMSIS_DSP/FilteringFunctions/arm_fir_interpolate_q15.c ****  * @param[in] *S        points to an instance of the Q15 FIR interpolator structure.    
  55:../Dave/Generated/CMSIS_DSP/FilteringFunctions/arm_fir_interpolate_q15.c ****  * @param[in] *pSrc     points to the block of input data.    
  56:../Dave/Generated/CMSIS_DSP/FilteringFunctions/arm_fir_interpolate_q15.c ****  * @param[out] *pDst    points to the block of output data.    
  57:../Dave/Generated/CMSIS_DSP/FilteringFunctions/arm_fir_interpolate_q15.c ****  * @param[in] blockSize number of input samples to process per call.    
  58:../Dave/Generated/CMSIS_DSP/FilteringFunctions/arm_fir_interpolate_q15.c ****  * @return none.    
  59:../Dave/Generated/CMSIS_DSP/FilteringFunctions/arm_fir_interpolate_q15.c ****  *    
  60:../Dave/Generated/CMSIS_DSP/FilteringFunctions/arm_fir_interpolate_q15.c ****  * <b>Scaling and Overflow Behavior:</b>    
  61:../Dave/Generated/CMSIS_DSP/FilteringFunctions/arm_fir_interpolate_q15.c ****  * \par    
  62:../Dave/Generated/CMSIS_DSP/FilteringFunctions/arm_fir_interpolate_q15.c ****  * The function is implemented using a 64-bit internal accumulator.    
  63:../Dave/Generated/CMSIS_DSP/FilteringFunctions/arm_fir_interpolate_q15.c ****  * Both coefficients and state variables are represented in 1.15 format and multiplications yield a
  64:../Dave/Generated/CMSIS_DSP/FilteringFunctions/arm_fir_interpolate_q15.c ****  * The 2.30 intermediate results are accumulated in a 64-bit accumulator in 34.30 format.    
  65:../Dave/Generated/CMSIS_DSP/FilteringFunctions/arm_fir_interpolate_q15.c ****  * There is no risk of internal overflow with this approach and the full precision of intermediate 
  66:../Dave/Generated/CMSIS_DSP/FilteringFunctions/arm_fir_interpolate_q15.c ****  * After all additions have been performed, the accumulator is truncated to 34.15 format by discard
  67:../Dave/Generated/CMSIS_DSP/FilteringFunctions/arm_fir_interpolate_q15.c ****  * Lastly, the accumulator is saturated to yield a result in 1.15 format.    
  68:../Dave/Generated/CMSIS_DSP/FilteringFunctions/arm_fir_interpolate_q15.c ****  */
  69:../Dave/Generated/CMSIS_DSP/FilteringFunctions/arm_fir_interpolate_q15.c **** 
  70:../Dave/Generated/CMSIS_DSP/FilteringFunctions/arm_fir_interpolate_q15.c **** #ifndef ARM_MATH_CM0_FAMILY
  71:../Dave/Generated/CMSIS_DSP/FilteringFunctions/arm_fir_interpolate_q15.c **** 
  72:../Dave/Generated/CMSIS_DSP/FilteringFunctions/arm_fir_interpolate_q15.c ****   /* Run the below code for Cortex-M4 and Cortex-M3 */
  73:../Dave/Generated/CMSIS_DSP/FilteringFunctions/arm_fir_interpolate_q15.c **** 
  74:../Dave/Generated/CMSIS_DSP/FilteringFunctions/arm_fir_interpolate_q15.c **** void arm_fir_interpolate_q15(
  75:../Dave/Generated/CMSIS_DSP/FilteringFunctions/arm_fir_interpolate_q15.c ****   const arm_fir_interpolate_instance_q15 * S,
  76:../Dave/Generated/CMSIS_DSP/FilteringFunctions/arm_fir_interpolate_q15.c ****   q15_t * pSrc,
  77:../Dave/Generated/CMSIS_DSP/FilteringFunctions/arm_fir_interpolate_q15.c ****   q15_t * pDst,
  78:../Dave/Generated/CMSIS_DSP/FilteringFunctions/arm_fir_interpolate_q15.c ****   uint32_t blockSize)
  79:../Dave/Generated/CMSIS_DSP/FilteringFunctions/arm_fir_interpolate_q15.c **** {
  27              	 .loc 1 79 0
  28              	 .cfi_startproc
  29              	 
  30              	 
  31 0000 2DE9F04F 	 push {r4,r5,r6,r7,r8,r9,r10,fp,lr}
  32              	.LCFI0:
  33              	 .cfi_def_cfa_offset 36
  34              	 .cfi_offset 4,-36
  35              	 .cfi_offset 5,-32
  36              	 .cfi_offset 6,-28
  37              	 .cfi_offset 7,-24
  38              	 .cfi_offset 8,-20
  39              	 .cfi_offset 9,-16
  40              	 .cfi_offset 10,-12
  41              	 .cfi_offset 11,-8
  42              	 .cfi_offset 14,-4
  43 0004 9FB0     	 sub sp,sp,#124
  44              	.LCFI1:
  45              	 .cfi_def_cfa_offset 160
  46 0006 00AF     	 add r7,sp,#0
  47              	.LCFI2:
  48              	 .cfi_def_cfa_register 7
  49 0008 F860     	 str r0,[r7,#12]
  50 000a B960     	 str r1,[r7,#8]
  51 000c 7A60     	 str r2,[r7,#4]
  52 000e 3B60     	 str r3,[r7]
  80:../Dave/Generated/CMSIS_DSP/FilteringFunctions/arm_fir_interpolate_q15.c ****   q15_t *pState = S->pState;                     /* State pointer                                  
  53              	 .loc 1 80 0
  54 0010 FB68     	 ldr r3,[r7,#12]
  55 0012 9B68     	 ldr r3,[r3,#8]
  56 0014 7B61     	 str r3,[r7,#20]
  81:../Dave/Generated/CMSIS_DSP/FilteringFunctions/arm_fir_interpolate_q15.c ****   q15_t *pCoeffs = S->pCoeffs;                   /* Coefficient pointer                            
  57              	 .loc 1 81 0
  58 0016 FB68     	 ldr r3,[r7,#12]
  59 0018 5B68     	 ldr r3,[r3,#4]
  60 001a FB63     	 str r3,[r7,#60]
  82:../Dave/Generated/CMSIS_DSP/FilteringFunctions/arm_fir_interpolate_q15.c ****   q15_t *pStateCurnt;                            /* Points to the current sample of the state      
  83:../Dave/Generated/CMSIS_DSP/FilteringFunctions/arm_fir_interpolate_q15.c ****   q15_t *ptr1, *ptr2;                            /* Temporary pointers for state and coefficient bu
  84:../Dave/Generated/CMSIS_DSP/FilteringFunctions/arm_fir_interpolate_q15.c ****   q63_t sum0;                                    /* Accumulators                                   
  85:../Dave/Generated/CMSIS_DSP/FilteringFunctions/arm_fir_interpolate_q15.c ****   q15_t x0, c0;                                  /* Temporary variables to hold state and coefficie
  86:../Dave/Generated/CMSIS_DSP/FilteringFunctions/arm_fir_interpolate_q15.c ****   uint32_t i, blkCnt, j, tapCnt;                 /* Loop counters                                  
  87:../Dave/Generated/CMSIS_DSP/FilteringFunctions/arm_fir_interpolate_q15.c ****   uint16_t phaseLen = S->phaseLength;            /* Length of each polyphase filter component */
  61              	 .loc 1 87 0
  62 001c FB68     	 ldr r3,[r7,#12]
  63 001e 5B88     	 ldrh r3,[r3,#2]
  64 0020 7B87     	 strh r3,[r7,#58]
  88:../Dave/Generated/CMSIS_DSP/FilteringFunctions/arm_fir_interpolate_q15.c ****   uint32_t blkCntN2;
  89:../Dave/Generated/CMSIS_DSP/FilteringFunctions/arm_fir_interpolate_q15.c ****   q63_t acc0, acc1;
  90:../Dave/Generated/CMSIS_DSP/FilteringFunctions/arm_fir_interpolate_q15.c ****   q15_t x1;
  91:../Dave/Generated/CMSIS_DSP/FilteringFunctions/arm_fir_interpolate_q15.c **** 
  92:../Dave/Generated/CMSIS_DSP/FilteringFunctions/arm_fir_interpolate_q15.c ****   /* S->pState buffer contains previous frame (phaseLen - 1) samples */
  93:../Dave/Generated/CMSIS_DSP/FilteringFunctions/arm_fir_interpolate_q15.c ****   /* pStateCurnt points to the location where the new input data should be written */
  94:../Dave/Generated/CMSIS_DSP/FilteringFunctions/arm_fir_interpolate_q15.c ****   pStateCurnt = S->pState + ((q31_t) phaseLen - 1);
  65              	 .loc 1 94 0
  66 0022 FB68     	 ldr r3,[r7,#12]
  67 0024 9A68     	 ldr r2,[r3,#8]
  68 0026 7B8F     	 ldrh r3,[r7,#58]
  69 0028 03F10043 	 add r3,r3,#-2147483648
  70 002c 013B     	 subs r3,r3,#1
  71 002e 5B00     	 lsls r3,r3,#1
  72 0030 1344     	 add r3,r3,r2
  73 0032 3B61     	 str r3,[r7,#16]
  95:../Dave/Generated/CMSIS_DSP/FilteringFunctions/arm_fir_interpolate_q15.c **** 
  96:../Dave/Generated/CMSIS_DSP/FilteringFunctions/arm_fir_interpolate_q15.c ****   /* Initialise  blkCnt */
  97:../Dave/Generated/CMSIS_DSP/FilteringFunctions/arm_fir_interpolate_q15.c ****   blkCnt = blockSize / 2;
  74              	 .loc 1 97 0
  75 0034 3B68     	 ldr r3,[r7]
  76 0036 5B08     	 lsrs r3,r3,#1
  77 0038 FB65     	 str r3,[r7,#92]
  98:../Dave/Generated/CMSIS_DSP/FilteringFunctions/arm_fir_interpolate_q15.c ****   blkCntN2 = blockSize - (2 * blkCnt);
  78              	 .loc 1 98 0
  79 003a FB6D     	 ldr r3,[r7,#92]
  80 003c 5B00     	 lsls r3,r3,#1
  81 003e 3A68     	 ldr r2,[r7]
  82 0040 D31A     	 subs r3,r2,r3
  83 0042 7B63     	 str r3,[r7,#52]
  99:../Dave/Generated/CMSIS_DSP/FilteringFunctions/arm_fir_interpolate_q15.c **** 
 100:../Dave/Generated/CMSIS_DSP/FilteringFunctions/arm_fir_interpolate_q15.c ****   /* Samples loop unrolled by 2 */
 101:../Dave/Generated/CMSIS_DSP/FilteringFunctions/arm_fir_interpolate_q15.c ****   while(blkCnt > 0u)
  84              	 .loc 1 101 0
  85 0044 C6E1     	 b .L2
  86              	.L9:
 102:../Dave/Generated/CMSIS_DSP/FilteringFunctions/arm_fir_interpolate_q15.c ****   {
 103:../Dave/Generated/CMSIS_DSP/FilteringFunctions/arm_fir_interpolate_q15.c ****     /* Copy new input sample into the state buffer */
 104:../Dave/Generated/CMSIS_DSP/FilteringFunctions/arm_fir_interpolate_q15.c ****     *pStateCurnt++ = *pSrc++;
  87              	 .loc 1 104 0
  88 0046 3B69     	 ldr r3,[r7,#16]
  89 0048 9A1C     	 adds r2,r3,#2
  90 004a 3A61     	 str r2,[r7,#16]
  91 004c BA68     	 ldr r2,[r7,#8]
  92 004e 911C     	 adds r1,r2,#2
  93 0050 B960     	 str r1,[r7,#8]
  94 0052 1288     	 ldrh r2,[r2]
  95 0054 1A80     	 strh r2,[r3]
 105:../Dave/Generated/CMSIS_DSP/FilteringFunctions/arm_fir_interpolate_q15.c ****     *pStateCurnt++ = *pSrc++;
  96              	 .loc 1 105 0
  97 0056 3B69     	 ldr r3,[r7,#16]
  98 0058 9A1C     	 adds r2,r3,#2
  99 005a 3A61     	 str r2,[r7,#16]
 100 005c BA68     	 ldr r2,[r7,#8]
 101 005e 911C     	 adds r1,r2,#2
 102 0060 B960     	 str r1,[r7,#8]
 103 0062 1288     	 ldrh r2,[r2]
 104 0064 1A80     	 strh r2,[r3]
 106:../Dave/Generated/CMSIS_DSP/FilteringFunctions/arm_fir_interpolate_q15.c **** 
 107:../Dave/Generated/CMSIS_DSP/FilteringFunctions/arm_fir_interpolate_q15.c ****     /* Address modifier index of coefficient buffer */
 108:../Dave/Generated/CMSIS_DSP/FilteringFunctions/arm_fir_interpolate_q15.c ****     j = 1u;
 105              	 .loc 1 108 0
 106 0066 0123     	 movs r3,#1
 107 0068 BB65     	 str r3,[r7,#88]
 109:../Dave/Generated/CMSIS_DSP/FilteringFunctions/arm_fir_interpolate_q15.c **** 
 110:../Dave/Generated/CMSIS_DSP/FilteringFunctions/arm_fir_interpolate_q15.c ****     /* Loop over the Interpolation factor. */
 111:../Dave/Generated/CMSIS_DSP/FilteringFunctions/arm_fir_interpolate_q15.c ****     i = (S->L);
 108              	 .loc 1 111 0
 109 006a FB68     	 ldr r3,[r7,#12]
 110 006c 1B78     	 ldrb r3,[r3]
 111 006e 3B66     	 str r3,[r7,#96]
 112:../Dave/Generated/CMSIS_DSP/FilteringFunctions/arm_fir_interpolate_q15.c **** 
 113:../Dave/Generated/CMSIS_DSP/FilteringFunctions/arm_fir_interpolate_q15.c ****     while(i > 0u)
 112              	 .loc 1 113 0
 113 0070 A0E1     	 b .L3
 114              	.L8:
 114:../Dave/Generated/CMSIS_DSP/FilteringFunctions/arm_fir_interpolate_q15.c ****     {
 115:../Dave/Generated/CMSIS_DSP/FilteringFunctions/arm_fir_interpolate_q15.c ****       /* Set accumulator to zero */
 116:../Dave/Generated/CMSIS_DSP/FilteringFunctions/arm_fir_interpolate_q15.c ****       acc0 = 0;
 115              	 .loc 1 116 0
 116 0072 4FF00002 	 mov r2,#0
 117 0076 4FF00003 	 mov r3,#0
 118 007a C7E91223 	 strd r2,[r7,#72]
 117:../Dave/Generated/CMSIS_DSP/FilteringFunctions/arm_fir_interpolate_q15.c ****       acc1 = 0;
 119              	 .loc 1 117 0
 120 007e 4FF00002 	 mov r2,#0
 121 0082 4FF00003 	 mov r3,#0
 122 0086 C7E91023 	 strd r2,[r7,#64]
 118:../Dave/Generated/CMSIS_DSP/FilteringFunctions/arm_fir_interpolate_q15.c **** 
 119:../Dave/Generated/CMSIS_DSP/FilteringFunctions/arm_fir_interpolate_q15.c ****       /* Initialize state pointer */
 120:../Dave/Generated/CMSIS_DSP/FilteringFunctions/arm_fir_interpolate_q15.c ****       ptr1 = pState;
 123              	 .loc 1 120 0
 124 008a 7B69     	 ldr r3,[r7,#20]
 125 008c 7B67     	 str r3,[r7,#116]
 121:../Dave/Generated/CMSIS_DSP/FilteringFunctions/arm_fir_interpolate_q15.c **** 
 122:../Dave/Generated/CMSIS_DSP/FilteringFunctions/arm_fir_interpolate_q15.c ****       /* Initialize coefficient pointer */
 123:../Dave/Generated/CMSIS_DSP/FilteringFunctions/arm_fir_interpolate_q15.c ****       ptr2 = pCoeffs + (S->L - j);
 126              	 .loc 1 123 0
 127 008e FB68     	 ldr r3,[r7,#12]
 128 0090 1B78     	 ldrb r3,[r3]
 129 0092 1A46     	 mov r2,r3
 130 0094 BB6D     	 ldr r3,[r7,#88]
 131 0096 D31A     	 subs r3,r2,r3
 132 0098 5B00     	 lsls r3,r3,#1
 133 009a FA6B     	 ldr r2,[r7,#60]
 134 009c 1344     	 add r3,r3,r2
 135 009e 3B67     	 str r3,[r7,#112]
 124:../Dave/Generated/CMSIS_DSP/FilteringFunctions/arm_fir_interpolate_q15.c **** 
 125:../Dave/Generated/CMSIS_DSP/FilteringFunctions/arm_fir_interpolate_q15.c ****       /* Loop over the polyPhase length. Unroll by a factor of 4.        
 126:../Dave/Generated/CMSIS_DSP/FilteringFunctions/arm_fir_interpolate_q15.c ****        ** Repeat until we've computed numTaps-(4*S->L) coefficients. */
 127:../Dave/Generated/CMSIS_DSP/FilteringFunctions/arm_fir_interpolate_q15.c ****       tapCnt = phaseLen >> 2u;
 136              	 .loc 1 127 0
 137 00a0 7B8F     	 ldrh r3,[r7,#58]
 138 00a2 9B08     	 lsrs r3,r3,#2
 139 00a4 9BB2     	 uxth r3,r3
 140 00a6 7B65     	 str r3,[r7,#84]
 128:../Dave/Generated/CMSIS_DSP/FilteringFunctions/arm_fir_interpolate_q15.c **** 
 129:../Dave/Generated/CMSIS_DSP/FilteringFunctions/arm_fir_interpolate_q15.c ****       x0 = *(ptr1++);
 141              	 .loc 1 129 0
 142 00a8 7B6F     	 ldr r3,[r7,#116]
 143 00aa 9A1C     	 adds r2,r3,#2
 144 00ac 7A67     	 str r2,[r7,#116]
 145 00ae 1B88     	 ldrh r3,[r3]
 146 00b0 A7F86630 	 strh r3,[r7,#102]
 130:../Dave/Generated/CMSIS_DSP/FilteringFunctions/arm_fir_interpolate_q15.c **** 
 131:../Dave/Generated/CMSIS_DSP/FilteringFunctions/arm_fir_interpolate_q15.c ****       while(tapCnt > 0u)
 147              	 .loc 1 131 0
 148 00b4 FDE0     	 b .L4
 149              	.L5:
 132:../Dave/Generated/CMSIS_DSP/FilteringFunctions/arm_fir_interpolate_q15.c ****       {
 133:../Dave/Generated/CMSIS_DSP/FilteringFunctions/arm_fir_interpolate_q15.c **** 
 134:../Dave/Generated/CMSIS_DSP/FilteringFunctions/arm_fir_interpolate_q15.c ****         /* Read the input sample */
 135:../Dave/Generated/CMSIS_DSP/FilteringFunctions/arm_fir_interpolate_q15.c ****         x1 = *(ptr1++);
 150              	 .loc 1 135 0
 151 00b6 7B6F     	 ldr r3,[r7,#116]
 152 00b8 9A1C     	 adds r2,r3,#2
 153 00ba 7A67     	 str r2,[r7,#116]
 154 00bc 1B88     	 ldrh r3,[r3]
 155 00be 7B86     	 strh r3,[r7,#50]
 136:../Dave/Generated/CMSIS_DSP/FilteringFunctions/arm_fir_interpolate_q15.c **** 
 137:../Dave/Generated/CMSIS_DSP/FilteringFunctions/arm_fir_interpolate_q15.c ****         /* Read the coefficient */
 138:../Dave/Generated/CMSIS_DSP/FilteringFunctions/arm_fir_interpolate_q15.c ****         c0 = *(ptr2);
 156              	 .loc 1 138 0
 157 00c0 3B6F     	 ldr r3,[r7,#112]
 158 00c2 1B88     	 ldrh r3,[r3]
 159 00c4 3B86     	 strh r3,[r7,#48]
 139:../Dave/Generated/CMSIS_DSP/FilteringFunctions/arm_fir_interpolate_q15.c **** 
 140:../Dave/Generated/CMSIS_DSP/FilteringFunctions/arm_fir_interpolate_q15.c ****         /* Perform the multiply-accumulate */
 141:../Dave/Generated/CMSIS_DSP/FilteringFunctions/arm_fir_interpolate_q15.c ****         acc0 += (q63_t) x0 *c0;
 160              	 .loc 1 141 0
 161 00c6 B7F96600 	 ldrsh r0,[r7,#102]
 162 00ca 4FEAE071 	 asr r1,r0,#31
 163 00ce B7F93020 	 ldrsh r2,[r7,#48]
 164 00d2 4FEAE273 	 asr r3,r2,#31
 165 00d6 02FB01FE 	 mul lr,r2,r1
 166 00da 00FB03F6 	 mul r6,r0,r3
 167 00de 7644     	 add r6,r6,lr
 168 00e0 A0FB0223 	 umull r2,r3,r0,r2
 169 00e4 F118     	 adds r1,r6,r3
 170 00e6 0B46     	 mov r3,r1
 171 00e8 D7E91201 	 ldrd r0,[r7,#72]
 172 00ec 1218     	 adds r2,r2,r0
 173 00ee 43EB0103 	 adc r3,r3,r1
 174 00f2 C7E91223 	 strd r2,[r7,#72]
 142:../Dave/Generated/CMSIS_DSP/FilteringFunctions/arm_fir_interpolate_q15.c ****         acc1 += (q63_t) x1 *c0;
 175              	 .loc 1 142 0
 176 00f6 B7F93200 	 ldrsh r0,[r7,#50]
 177 00fa 4FEAE071 	 asr r1,r0,#31
 178 00fe B7F93020 	 ldrsh r2,[r7,#48]
 179 0102 4FEAE273 	 asr r3,r2,#31
 180 0106 02FB01FE 	 mul lr,r2,r1
 181 010a 00FB03F6 	 mul r6,r0,r3
 182 010e 7644     	 add r6,r6,lr
 183 0110 A0FB0223 	 umull r2,r3,r0,r2
 184 0114 F118     	 adds r1,r6,r3
 185 0116 0B46     	 mov r3,r1
 186 0118 D7E91001 	 ldrd r0,[r7,#64]
 187 011c 1218     	 adds r2,r2,r0
 188 011e 43EB0103 	 adc r3,r3,r1
 189 0122 C7E91023 	 strd r2,[r7,#64]
 143:../Dave/Generated/CMSIS_DSP/FilteringFunctions/arm_fir_interpolate_q15.c **** 
 144:../Dave/Generated/CMSIS_DSP/FilteringFunctions/arm_fir_interpolate_q15.c **** 
 145:../Dave/Generated/CMSIS_DSP/FilteringFunctions/arm_fir_interpolate_q15.c ****         /* Read the coefficient */
 146:../Dave/Generated/CMSIS_DSP/FilteringFunctions/arm_fir_interpolate_q15.c ****         c0 = *(ptr2 + S->L);
 190              	 .loc 1 146 0
 191 0126 FB68     	 ldr r3,[r7,#12]
 192 0128 1B78     	 ldrb r3,[r3]
 193 012a 5B00     	 lsls r3,r3,#1
 194 012c 3A6F     	 ldr r2,[r7,#112]
 195 012e 1344     	 add r3,r3,r2
 196 0130 1B88     	 ldrh r3,[r3]
 197 0132 3B86     	 strh r3,[r7,#48]
 147:../Dave/Generated/CMSIS_DSP/FilteringFunctions/arm_fir_interpolate_q15.c **** 
 148:../Dave/Generated/CMSIS_DSP/FilteringFunctions/arm_fir_interpolate_q15.c ****         /* Read the input sample */
 149:../Dave/Generated/CMSIS_DSP/FilteringFunctions/arm_fir_interpolate_q15.c ****         x0 = *(ptr1++);
 198              	 .loc 1 149 0
 199 0134 7B6F     	 ldr r3,[r7,#116]
 200 0136 9A1C     	 adds r2,r3,#2
 201 0138 7A67     	 str r2,[r7,#116]
 202 013a 1B88     	 ldrh r3,[r3]
 203 013c A7F86630 	 strh r3,[r7,#102]
 150:../Dave/Generated/CMSIS_DSP/FilteringFunctions/arm_fir_interpolate_q15.c **** 
 151:../Dave/Generated/CMSIS_DSP/FilteringFunctions/arm_fir_interpolate_q15.c ****         /* Perform the multiply-accumulate */
 152:../Dave/Generated/CMSIS_DSP/FilteringFunctions/arm_fir_interpolate_q15.c ****         acc0 += (q63_t) x1 *c0;
 204              	 .loc 1 152 0
 205 0140 B7F93200 	 ldrsh r0,[r7,#50]
 206 0144 4FEAE071 	 asr r1,r0,#31
 207 0148 B7F93020 	 ldrsh r2,[r7,#48]
 208 014c 4FEAE273 	 asr r3,r2,#31
 209 0150 02FB01FE 	 mul lr,r2,r1
 210 0154 00FB03F6 	 mul r6,r0,r3
 211 0158 7644     	 add r6,r6,lr
 212 015a A0FB0223 	 umull r2,r3,r0,r2
 213 015e F118     	 adds r1,r6,r3
 214 0160 0B46     	 mov r3,r1
 215 0162 D7E91201 	 ldrd r0,[r7,#72]
 216 0166 1218     	 adds r2,r2,r0
 217 0168 43EB0103 	 adc r3,r3,r1
 218 016c C7E91223 	 strd r2,[r7,#72]
 153:../Dave/Generated/CMSIS_DSP/FilteringFunctions/arm_fir_interpolate_q15.c ****         acc1 += (q63_t) x0 *c0;
 219              	 .loc 1 153 0
 220 0170 B7F96600 	 ldrsh r0,[r7,#102]
 221 0174 4FEAE071 	 asr r1,r0,#31
 222 0178 B7F93020 	 ldrsh r2,[r7,#48]
 223 017c 4FEAE273 	 asr r3,r2,#31
 224 0180 02FB01FE 	 mul lr,r2,r1
 225 0184 00FB03F6 	 mul r6,r0,r3
 226 0188 7644     	 add r6,r6,lr
 227 018a A0FB0223 	 umull r2,r3,r0,r2
 228 018e F118     	 adds r1,r6,r3
 229 0190 0B46     	 mov r3,r1
 230 0192 D7E91001 	 ldrd r0,[r7,#64]
 231 0196 1218     	 adds r2,r2,r0
 232 0198 43EB0103 	 adc r3,r3,r1
 233 019c C7E91023 	 strd r2,[r7,#64]
 154:../Dave/Generated/CMSIS_DSP/FilteringFunctions/arm_fir_interpolate_q15.c **** 
 155:../Dave/Generated/CMSIS_DSP/FilteringFunctions/arm_fir_interpolate_q15.c **** 
 156:../Dave/Generated/CMSIS_DSP/FilteringFunctions/arm_fir_interpolate_q15.c ****         /* Read the coefficient */
 157:../Dave/Generated/CMSIS_DSP/FilteringFunctions/arm_fir_interpolate_q15.c ****         c0 = *(ptr2 + S->L * 2);
 234              	 .loc 1 157 0
 235 01a0 FB68     	 ldr r3,[r7,#12]
 236 01a2 1B78     	 ldrb r3,[r3]
 237 01a4 9B00     	 lsls r3,r3,#2
 238 01a6 1A46     	 mov r2,r3
 239 01a8 3B6F     	 ldr r3,[r7,#112]
 240 01aa 1344     	 add r3,r3,r2
 241 01ac 1B88     	 ldrh r3,[r3]
 242 01ae 3B86     	 strh r3,[r7,#48]
 158:../Dave/Generated/CMSIS_DSP/FilteringFunctions/arm_fir_interpolate_q15.c **** 
 159:../Dave/Generated/CMSIS_DSP/FilteringFunctions/arm_fir_interpolate_q15.c ****         /* Read the input sample */
 160:../Dave/Generated/CMSIS_DSP/FilteringFunctions/arm_fir_interpolate_q15.c ****         x1 = *(ptr1++);
 243              	 .loc 1 160 0
 244 01b0 7B6F     	 ldr r3,[r7,#116]
 245 01b2 9A1C     	 adds r2,r3,#2
 246 01b4 7A67     	 str r2,[r7,#116]
 247 01b6 1B88     	 ldrh r3,[r3]
 248 01b8 7B86     	 strh r3,[r7,#50]
 161:../Dave/Generated/CMSIS_DSP/FilteringFunctions/arm_fir_interpolate_q15.c **** 
 162:../Dave/Generated/CMSIS_DSP/FilteringFunctions/arm_fir_interpolate_q15.c ****         /* Perform the multiply-accumulate */
 163:../Dave/Generated/CMSIS_DSP/FilteringFunctions/arm_fir_interpolate_q15.c ****         acc0 += (q63_t) x0 *c0;
 249              	 .loc 1 163 0
 250 01ba B7F96600 	 ldrsh r0,[r7,#102]
 251 01be 4FEAE071 	 asr r1,r0,#31
 252 01c2 B7F93020 	 ldrsh r2,[r7,#48]
 253 01c6 4FEAE273 	 asr r3,r2,#31
 254 01ca 02FB01FE 	 mul lr,r2,r1
 255 01ce 00FB03F6 	 mul r6,r0,r3
 256 01d2 7644     	 add r6,r6,lr
 257 01d4 A0FB0223 	 umull r2,r3,r0,r2
 258 01d8 F118     	 adds r1,r6,r3
 259 01da 0B46     	 mov r3,r1
 260 01dc D7E91201 	 ldrd r0,[r7,#72]
 261 01e0 1218     	 adds r2,r2,r0
 262 01e2 43EB0103 	 adc r3,r3,r1
 263 01e6 C7E91223 	 strd r2,[r7,#72]
 164:../Dave/Generated/CMSIS_DSP/FilteringFunctions/arm_fir_interpolate_q15.c ****         acc1 += (q63_t) x1 *c0;
 264              	 .loc 1 164 0
 265 01ea B7F93200 	 ldrsh r0,[r7,#50]
 266 01ee 4FEAE071 	 asr r1,r0,#31
 267 01f2 B7F93020 	 ldrsh r2,[r7,#48]
 268 01f6 4FEAE273 	 asr r3,r2,#31
 269 01fa 02FB01FE 	 mul lr,r2,r1
 270 01fe 00FB03F6 	 mul r6,r0,r3
 271 0202 7644     	 add r6,r6,lr
 272 0204 A0FB0223 	 umull r2,r3,r0,r2
 273 0208 F118     	 adds r1,r6,r3
 274 020a 0B46     	 mov r3,r1
 275 020c D7E91001 	 ldrd r0,[r7,#64]
 276 0210 1218     	 adds r2,r2,r0
 277 0212 43EB0103 	 adc r3,r3,r1
 278 0216 C7E91023 	 strd r2,[r7,#64]
 165:../Dave/Generated/CMSIS_DSP/FilteringFunctions/arm_fir_interpolate_q15.c **** 
 166:../Dave/Generated/CMSIS_DSP/FilteringFunctions/arm_fir_interpolate_q15.c ****         /* Read the coefficient */
 167:../Dave/Generated/CMSIS_DSP/FilteringFunctions/arm_fir_interpolate_q15.c ****         c0 = *(ptr2 + S->L * 3);
 279              	 .loc 1 167 0
 280 021a FB68     	 ldr r3,[r7,#12]
 281 021c 1B78     	 ldrb r3,[r3]
 282 021e 1A46     	 mov r2,r3
 283 0220 1346     	 mov r3,r2
 284 0222 5B00     	 lsls r3,r3,#1
 285 0224 1344     	 add r3,r3,r2
 286 0226 5B00     	 lsls r3,r3,#1
 287 0228 1A46     	 mov r2,r3
 288 022a 3B6F     	 ldr r3,[r7,#112]
 289 022c 1344     	 add r3,r3,r2
 290 022e 1B88     	 ldrh r3,[r3]
 291 0230 3B86     	 strh r3,[r7,#48]
 168:../Dave/Generated/CMSIS_DSP/FilteringFunctions/arm_fir_interpolate_q15.c **** 
 169:../Dave/Generated/CMSIS_DSP/FilteringFunctions/arm_fir_interpolate_q15.c ****         /* Read the input sample */
 170:../Dave/Generated/CMSIS_DSP/FilteringFunctions/arm_fir_interpolate_q15.c ****         x0 = *(ptr1++);
 292              	 .loc 1 170 0
 293 0232 7B6F     	 ldr r3,[r7,#116]
 294 0234 9A1C     	 adds r2,r3,#2
 295 0236 7A67     	 str r2,[r7,#116]
 296 0238 1B88     	 ldrh r3,[r3]
 297 023a A7F86630 	 strh r3,[r7,#102]
 171:../Dave/Generated/CMSIS_DSP/FilteringFunctions/arm_fir_interpolate_q15.c **** 
 172:../Dave/Generated/CMSIS_DSP/FilteringFunctions/arm_fir_interpolate_q15.c ****         /* Perform the multiply-accumulate */
 173:../Dave/Generated/CMSIS_DSP/FilteringFunctions/arm_fir_interpolate_q15.c ****         acc0 += (q63_t) x1 *c0;
 298              	 .loc 1 173 0
 299 023e B7F93200 	 ldrsh r0,[r7,#50]
 300 0242 4FEAE071 	 asr r1,r0,#31
 301 0246 B7F93020 	 ldrsh r2,[r7,#48]
 302 024a 4FEAE273 	 asr r3,r2,#31
 303 024e 02FB01FE 	 mul lr,r2,r1
 304 0252 00FB03F6 	 mul r6,r0,r3
 305 0256 7644     	 add r6,r6,lr
 306 0258 A0FB0223 	 umull r2,r3,r0,r2
 307 025c F118     	 adds r1,r6,r3
 308 025e 0B46     	 mov r3,r1
 309 0260 D7E91201 	 ldrd r0,[r7,#72]
 310 0264 1218     	 adds r2,r2,r0
 311 0266 43EB0103 	 adc r3,r3,r1
 312 026a C7E91223 	 strd r2,[r7,#72]
 174:../Dave/Generated/CMSIS_DSP/FilteringFunctions/arm_fir_interpolate_q15.c ****         acc1 += (q63_t) x0 *c0;
 313              	 .loc 1 174 0
 314 026e B7F96600 	 ldrsh r0,[r7,#102]
 315 0272 4FEAE071 	 asr r1,r0,#31
 316 0276 B7F93020 	 ldrsh r2,[r7,#48]
 317 027a 4FEAE273 	 asr r3,r2,#31
 318 027e 02FB01FE 	 mul lr,r2,r1
 319 0282 00FB03F6 	 mul r6,r0,r3
 320 0286 7644     	 add r6,r6,lr
 321 0288 A0FB0223 	 umull r2,r3,r0,r2
 322 028c F118     	 adds r1,r6,r3
 323 028e 0B46     	 mov r3,r1
 324 0290 D7E91001 	 ldrd r0,[r7,#64]
 325 0294 1218     	 adds r2,r2,r0
 326 0296 43EB0103 	 adc r3,r3,r1
 327 029a C7E91023 	 strd r2,[r7,#64]
 175:../Dave/Generated/CMSIS_DSP/FilteringFunctions/arm_fir_interpolate_q15.c **** 
 176:../Dave/Generated/CMSIS_DSP/FilteringFunctions/arm_fir_interpolate_q15.c **** 
 177:../Dave/Generated/CMSIS_DSP/FilteringFunctions/arm_fir_interpolate_q15.c ****         /* Upsampling is done by stuffing L-1 zeros between each sample.        
 178:../Dave/Generated/CMSIS_DSP/FilteringFunctions/arm_fir_interpolate_q15.c ****          * So instead of multiplying zeros with coefficients,        
 179:../Dave/Generated/CMSIS_DSP/FilteringFunctions/arm_fir_interpolate_q15.c ****          * Increment the coefficient pointer by interpolation factor times. */
 180:../Dave/Generated/CMSIS_DSP/FilteringFunctions/arm_fir_interpolate_q15.c ****         ptr2 += 4 * S->L;
 328              	 .loc 1 180 0
 329 029e FB68     	 ldr r3,[r7,#12]
 330 02a0 1B78     	 ldrb r3,[r3]
 331 02a2 DB00     	 lsls r3,r3,#3
 332 02a4 1A46     	 mov r2,r3
 333 02a6 3B6F     	 ldr r3,[r7,#112]
 334 02a8 1344     	 add r3,r3,r2
 335 02aa 3B67     	 str r3,[r7,#112]
 181:../Dave/Generated/CMSIS_DSP/FilteringFunctions/arm_fir_interpolate_q15.c **** 
 182:../Dave/Generated/CMSIS_DSP/FilteringFunctions/arm_fir_interpolate_q15.c ****         /* Decrement the loop counter */
 183:../Dave/Generated/CMSIS_DSP/FilteringFunctions/arm_fir_interpolate_q15.c ****         tapCnt--;
 336              	 .loc 1 183 0
 337 02ac 7B6D     	 ldr r3,[r7,#84]
 338 02ae 013B     	 subs r3,r3,#1
 339 02b0 7B65     	 str r3,[r7,#84]
 340              	.L4:
 131:../Dave/Generated/CMSIS_DSP/FilteringFunctions/arm_fir_interpolate_q15.c ****       {
 341              	 .loc 1 131 0
 342 02b2 7B6D     	 ldr r3,[r7,#84]
 343 02b4 002B     	 cmp r3,#0
 344 02b6 7FF4FEAE 	 bne .L5
 184:../Dave/Generated/CMSIS_DSP/FilteringFunctions/arm_fir_interpolate_q15.c ****       }
 185:../Dave/Generated/CMSIS_DSP/FilteringFunctions/arm_fir_interpolate_q15.c **** 
 186:../Dave/Generated/CMSIS_DSP/FilteringFunctions/arm_fir_interpolate_q15.c ****       /* If the polyPhase length is not a multiple of 4, compute the remaining filter taps */
 187:../Dave/Generated/CMSIS_DSP/FilteringFunctions/arm_fir_interpolate_q15.c ****       tapCnt = phaseLen % 0x4u;
 345              	 .loc 1 187 0
 346 02ba 7B8F     	 ldrh r3,[r7,#58]
 347 02bc 03F00303 	 and r3,r3,#3
 348 02c0 7B65     	 str r3,[r7,#84]
 188:../Dave/Generated/CMSIS_DSP/FilteringFunctions/arm_fir_interpolate_q15.c **** 
 189:../Dave/Generated/CMSIS_DSP/FilteringFunctions/arm_fir_interpolate_q15.c ****       while(tapCnt > 0u)
 349              	 .loc 1 189 0
 350 02c2 43E0     	 b .L6
 351              	.L7:
 190:../Dave/Generated/CMSIS_DSP/FilteringFunctions/arm_fir_interpolate_q15.c ****       {
 191:../Dave/Generated/CMSIS_DSP/FilteringFunctions/arm_fir_interpolate_q15.c **** 
 192:../Dave/Generated/CMSIS_DSP/FilteringFunctions/arm_fir_interpolate_q15.c ****         /* Read the input sample */
 193:../Dave/Generated/CMSIS_DSP/FilteringFunctions/arm_fir_interpolate_q15.c ****         x1 = *(ptr1++);
 352              	 .loc 1 193 0
 353 02c4 7B6F     	 ldr r3,[r7,#116]
 354 02c6 9A1C     	 adds r2,r3,#2
 355 02c8 7A67     	 str r2,[r7,#116]
 356 02ca 1B88     	 ldrh r3,[r3]
 357 02cc 7B86     	 strh r3,[r7,#50]
 194:../Dave/Generated/CMSIS_DSP/FilteringFunctions/arm_fir_interpolate_q15.c **** 
 195:../Dave/Generated/CMSIS_DSP/FilteringFunctions/arm_fir_interpolate_q15.c ****         /* Read the coefficient */
 196:../Dave/Generated/CMSIS_DSP/FilteringFunctions/arm_fir_interpolate_q15.c ****         c0 = *(ptr2);
 358              	 .loc 1 196 0
 359 02ce 3B6F     	 ldr r3,[r7,#112]
 360 02d0 1B88     	 ldrh r3,[r3]
 361 02d2 3B86     	 strh r3,[r7,#48]
 197:../Dave/Generated/CMSIS_DSP/FilteringFunctions/arm_fir_interpolate_q15.c **** 
 198:../Dave/Generated/CMSIS_DSP/FilteringFunctions/arm_fir_interpolate_q15.c ****         /* Perform the multiply-accumulate */
 199:../Dave/Generated/CMSIS_DSP/FilteringFunctions/arm_fir_interpolate_q15.c ****         acc0 += (q63_t) x0 *c0;
 362              	 .loc 1 199 0
 363 02d4 B7F96600 	 ldrsh r0,[r7,#102]
 364 02d8 4FEAE071 	 asr r1,r0,#31
 365 02dc B7F93020 	 ldrsh r2,[r7,#48]
 366 02e0 4FEAE273 	 asr r3,r2,#31
 367 02e4 02FB01FE 	 mul lr,r2,r1
 368 02e8 00FB03F6 	 mul r6,r0,r3
 369 02ec 7644     	 add r6,r6,lr
 370 02ee A0FB0223 	 umull r2,r3,r0,r2
 371 02f2 F118     	 adds r1,r6,r3
 372 02f4 0B46     	 mov r3,r1
 373 02f6 D7E91201 	 ldrd r0,[r7,#72]
 374 02fa 1218     	 adds r2,r2,r0
 375 02fc 43EB0103 	 adc r3,r3,r1
 376 0300 C7E91223 	 strd r2,[r7,#72]
 200:../Dave/Generated/CMSIS_DSP/FilteringFunctions/arm_fir_interpolate_q15.c ****         acc1 += (q63_t) x1 *c0;
 377              	 .loc 1 200 0
 378 0304 B7F93200 	 ldrsh r0,[r7,#50]
 379 0308 4FEAE071 	 asr r1,r0,#31
 380 030c B7F93020 	 ldrsh r2,[r7,#48]
 381 0310 4FEAE273 	 asr r3,r2,#31
 382 0314 02FB01FE 	 mul lr,r2,r1
 383 0318 00FB03F6 	 mul r6,r0,r3
 384 031c 7644     	 add r6,r6,lr
 385 031e A0FB0223 	 umull r2,r3,r0,r2
 386 0322 F118     	 adds r1,r6,r3
 387 0324 0B46     	 mov r3,r1
 388 0326 D7E91001 	 ldrd r0,[r7,#64]
 389 032a 1218     	 adds r2,r2,r0
 390 032c 43EB0103 	 adc r3,r3,r1
 391 0330 C7E91023 	 strd r2,[r7,#64]
 201:../Dave/Generated/CMSIS_DSP/FilteringFunctions/arm_fir_interpolate_q15.c **** 
 202:../Dave/Generated/CMSIS_DSP/FilteringFunctions/arm_fir_interpolate_q15.c ****         /* Increment the coefficient pointer by interpolation factor times. */
 203:../Dave/Generated/CMSIS_DSP/FilteringFunctions/arm_fir_interpolate_q15.c ****         ptr2 += S->L;
 392              	 .loc 1 203 0
 393 0334 FB68     	 ldr r3,[r7,#12]
 394 0336 1B78     	 ldrb r3,[r3]
 395 0338 5B00     	 lsls r3,r3,#1
 396 033a 3A6F     	 ldr r2,[r7,#112]
 397 033c 1344     	 add r3,r3,r2
 398 033e 3B67     	 str r3,[r7,#112]
 204:../Dave/Generated/CMSIS_DSP/FilteringFunctions/arm_fir_interpolate_q15.c **** 
 205:../Dave/Generated/CMSIS_DSP/FilteringFunctions/arm_fir_interpolate_q15.c ****         /* update states for next sample processing */
 206:../Dave/Generated/CMSIS_DSP/FilteringFunctions/arm_fir_interpolate_q15.c ****         x0 = x1;
 399              	 .loc 1 206 0
 400 0340 7B8E     	 ldrh r3,[r7,#50]
 401 0342 A7F86630 	 strh r3,[r7,#102]
 207:../Dave/Generated/CMSIS_DSP/FilteringFunctions/arm_fir_interpolate_q15.c **** 
 208:../Dave/Generated/CMSIS_DSP/FilteringFunctions/arm_fir_interpolate_q15.c ****         /* Decrement the loop counter */
 209:../Dave/Generated/CMSIS_DSP/FilteringFunctions/arm_fir_interpolate_q15.c ****         tapCnt--;
 402              	 .loc 1 209 0
 403 0346 7B6D     	 ldr r3,[r7,#84]
 404 0348 013B     	 subs r3,r3,#1
 405 034a 7B65     	 str r3,[r7,#84]
 406              	.L6:
 189:../Dave/Generated/CMSIS_DSP/FilteringFunctions/arm_fir_interpolate_q15.c ****       {
 407              	 .loc 1 189 0
 408 034c 7B6D     	 ldr r3,[r7,#84]
 409 034e 002B     	 cmp r3,#0
 410 0350 B8D1     	 bne .L7
 411              	.LBB2:
 210:../Dave/Generated/CMSIS_DSP/FilteringFunctions/arm_fir_interpolate_q15.c ****       }
 211:../Dave/Generated/CMSIS_DSP/FilteringFunctions/arm_fir_interpolate_q15.c **** 
 212:../Dave/Generated/CMSIS_DSP/FilteringFunctions/arm_fir_interpolate_q15.c ****       /* The result is in the accumulator, store in the destination buffer. */
 213:../Dave/Generated/CMSIS_DSP/FilteringFunctions/arm_fir_interpolate_q15.c ****       *pDst = (q15_t) (__SSAT((acc0 >> 15), 16));
 412              	 .loc 1 213 0
 413 0352 D7E91223 	 ldrd r2,[r7,#72]
 414 0356 4FEAD238 	 lsr r8,r2,#15
 415 035a 48EA4348 	 orr r8,r8,r3,lsl#17
 416 035e 4FEAE339 	 asr r9,r3,#15
 417 0362 4346     	 mov r3,r8
 418 0364 FB62     	 str r3,[r7,#44]
 419 0366 FB6A     	 ldr r3,[r7,#44]
 420              	
 421 0368 03F30F03 	 ssat r3,#16,r3
 422              	
 423              	 .thumb
 424 036c BB62     	 str r3,[r7,#40]
 425 036e BB6A     	 ldr r3,[r7,#40]
 426              	.LBE2:
 427 0370 9AB2     	 uxth r2,r3
 428 0372 7B68     	 ldr r3,[r7,#4]
 429 0374 1A80     	 strh r2,[r3]
 214:../Dave/Generated/CMSIS_DSP/FilteringFunctions/arm_fir_interpolate_q15.c ****       *(pDst + S->L) = (q15_t) (__SSAT((acc1 >> 15), 16));
 430              	 .loc 1 214 0
 431 0376 FB68     	 ldr r3,[r7,#12]
 432 0378 1B78     	 ldrb r3,[r3]
 433 037a 5B00     	 lsls r3,r3,#1
 434 037c 7A68     	 ldr r2,[r7,#4]
 435 037e D118     	 adds r1,r2,r3
 436              	.LBB3:
 437 0380 D7E91023 	 ldrd r2,[r7,#64]
 438 0384 4FEAD23A 	 lsr r10,r2,#15
 439 0388 4AEA434A 	 orr r10,r10,r3,lsl#17
 440 038c 4FEAE33B 	 asr fp,r3,#15
 441 0390 5346     	 mov r3,r10
 442 0392 7B62     	 str r3,[r7,#36]
 443 0394 7B6A     	 ldr r3,[r7,#36]
 444              	
 445 0396 03F30F03 	 ssat r3,#16,r3
 446              	
 447              	 .thumb
 448 039a 3B62     	 str r3,[r7,#32]
 449 039c 3B6A     	 ldr r3,[r7,#32]
 450              	.LBE3:
 451 039e 9BB2     	 uxth r3,r3
 452 03a0 0B80     	 strh r3,[r1]
 215:../Dave/Generated/CMSIS_DSP/FilteringFunctions/arm_fir_interpolate_q15.c **** 
 216:../Dave/Generated/CMSIS_DSP/FilteringFunctions/arm_fir_interpolate_q15.c ****       pDst++;
 453              	 .loc 1 216 0
 454 03a2 7B68     	 ldr r3,[r7,#4]
 455 03a4 0233     	 adds r3,r3,#2
 456 03a6 7B60     	 str r3,[r7,#4]
 217:../Dave/Generated/CMSIS_DSP/FilteringFunctions/arm_fir_interpolate_q15.c **** 
 218:../Dave/Generated/CMSIS_DSP/FilteringFunctions/arm_fir_interpolate_q15.c ****       /* Increment the address modifier index of coefficient buffer */
 219:../Dave/Generated/CMSIS_DSP/FilteringFunctions/arm_fir_interpolate_q15.c ****       j++;
 457              	 .loc 1 219 0
 458 03a8 BB6D     	 ldr r3,[r7,#88]
 459 03aa 0133     	 adds r3,r3,#1
 460 03ac BB65     	 str r3,[r7,#88]
 220:../Dave/Generated/CMSIS_DSP/FilteringFunctions/arm_fir_interpolate_q15.c **** 
 221:../Dave/Generated/CMSIS_DSP/FilteringFunctions/arm_fir_interpolate_q15.c ****       /* Decrement the loop counter */
 222:../Dave/Generated/CMSIS_DSP/FilteringFunctions/arm_fir_interpolate_q15.c ****       i--;
 461              	 .loc 1 222 0
 462 03ae 3B6E     	 ldr r3,[r7,#96]
 463 03b0 013B     	 subs r3,r3,#1
 464 03b2 3B66     	 str r3,[r7,#96]
 465              	.L3:
 113:../Dave/Generated/CMSIS_DSP/FilteringFunctions/arm_fir_interpolate_q15.c ****     {
 466              	 .loc 1 113 0
 467 03b4 3B6E     	 ldr r3,[r7,#96]
 468 03b6 002B     	 cmp r3,#0
 469 03b8 7FF45BAE 	 bne .L8
 223:../Dave/Generated/CMSIS_DSP/FilteringFunctions/arm_fir_interpolate_q15.c ****     }
 224:../Dave/Generated/CMSIS_DSP/FilteringFunctions/arm_fir_interpolate_q15.c **** 
 225:../Dave/Generated/CMSIS_DSP/FilteringFunctions/arm_fir_interpolate_q15.c ****     /* Advance the state pointer by 1        
 226:../Dave/Generated/CMSIS_DSP/FilteringFunctions/arm_fir_interpolate_q15.c ****      * to process the next group of interpolation factor number samples */
 227:../Dave/Generated/CMSIS_DSP/FilteringFunctions/arm_fir_interpolate_q15.c ****     pState = pState + 2;
 470              	 .loc 1 227 0
 471 03bc 7B69     	 ldr r3,[r7,#20]
 472 03be 0433     	 adds r3,r3,#4
 473 03c0 7B61     	 str r3,[r7,#20]
 228:../Dave/Generated/CMSIS_DSP/FilteringFunctions/arm_fir_interpolate_q15.c **** 
 229:../Dave/Generated/CMSIS_DSP/FilteringFunctions/arm_fir_interpolate_q15.c ****     pDst += S->L;
 474              	 .loc 1 229 0
 475 03c2 FB68     	 ldr r3,[r7,#12]
 476 03c4 1B78     	 ldrb r3,[r3]
 477 03c6 5B00     	 lsls r3,r3,#1
 478 03c8 7A68     	 ldr r2,[r7,#4]
 479 03ca 1344     	 add r3,r3,r2
 480 03cc 7B60     	 str r3,[r7,#4]
 230:../Dave/Generated/CMSIS_DSP/FilteringFunctions/arm_fir_interpolate_q15.c **** 
 231:../Dave/Generated/CMSIS_DSP/FilteringFunctions/arm_fir_interpolate_q15.c ****     /* Decrement the loop counter */
 232:../Dave/Generated/CMSIS_DSP/FilteringFunctions/arm_fir_interpolate_q15.c ****     blkCnt--;
 481              	 .loc 1 232 0
 482 03ce FB6D     	 ldr r3,[r7,#92]
 483 03d0 013B     	 subs r3,r3,#1
 484 03d2 FB65     	 str r3,[r7,#92]
 485              	.L2:
 101:../Dave/Generated/CMSIS_DSP/FilteringFunctions/arm_fir_interpolate_q15.c ****   {
 486              	 .loc 1 101 0
 487 03d4 FB6D     	 ldr r3,[r7,#92]
 488 03d6 002B     	 cmp r3,#0
 489 03d8 7FF435AE 	 bne .L9
 233:../Dave/Generated/CMSIS_DSP/FilteringFunctions/arm_fir_interpolate_q15.c ****   }
 234:../Dave/Generated/CMSIS_DSP/FilteringFunctions/arm_fir_interpolate_q15.c **** 
 235:../Dave/Generated/CMSIS_DSP/FilteringFunctions/arm_fir_interpolate_q15.c ****   /* If the blockSize is not a multiple of 2, compute any remaining output samples here.        
 236:../Dave/Generated/CMSIS_DSP/FilteringFunctions/arm_fir_interpolate_q15.c ****    ** No loop unrolling is used. */
 237:../Dave/Generated/CMSIS_DSP/FilteringFunctions/arm_fir_interpolate_q15.c ****   blkCnt = blkCntN2;
 490              	 .loc 1 237 0
 491 03dc 7B6B     	 ldr r3,[r7,#52]
 492 03de FB65     	 str r3,[r7,#92]
 238:../Dave/Generated/CMSIS_DSP/FilteringFunctions/arm_fir_interpolate_q15.c **** 
 239:../Dave/Generated/CMSIS_DSP/FilteringFunctions/arm_fir_interpolate_q15.c ****   /* Loop over the blockSize. */
 240:../Dave/Generated/CMSIS_DSP/FilteringFunctions/arm_fir_interpolate_q15.c ****   while(blkCnt > 0u)
 493              	 .loc 1 240 0
 494 03e0 1AE1     	 b .L10
 495              	.L17:
 241:../Dave/Generated/CMSIS_DSP/FilteringFunctions/arm_fir_interpolate_q15.c ****   {
 242:../Dave/Generated/CMSIS_DSP/FilteringFunctions/arm_fir_interpolate_q15.c ****     /* Copy new input sample into the state buffer */
 243:../Dave/Generated/CMSIS_DSP/FilteringFunctions/arm_fir_interpolate_q15.c ****     *pStateCurnt++ = *pSrc++;
 496              	 .loc 1 243 0
 497 03e2 3B69     	 ldr r3,[r7,#16]
 498 03e4 9A1C     	 adds r2,r3,#2
 499 03e6 3A61     	 str r2,[r7,#16]
 500 03e8 BA68     	 ldr r2,[r7,#8]
 501 03ea 911C     	 adds r1,r2,#2
 502 03ec B960     	 str r1,[r7,#8]
 503 03ee 1288     	 ldrh r2,[r2]
 504 03f0 1A80     	 strh r2,[r3]
 244:../Dave/Generated/CMSIS_DSP/FilteringFunctions/arm_fir_interpolate_q15.c **** 
 245:../Dave/Generated/CMSIS_DSP/FilteringFunctions/arm_fir_interpolate_q15.c ****     /* Address modifier index of coefficient buffer */
 246:../Dave/Generated/CMSIS_DSP/FilteringFunctions/arm_fir_interpolate_q15.c ****     j = 1u;
 505              	 .loc 1 246 0
 506 03f2 0123     	 movs r3,#1
 507 03f4 BB65     	 str r3,[r7,#88]
 247:../Dave/Generated/CMSIS_DSP/FilteringFunctions/arm_fir_interpolate_q15.c **** 
 248:../Dave/Generated/CMSIS_DSP/FilteringFunctions/arm_fir_interpolate_q15.c ****     /* Loop over the Interpolation factor. */
 249:../Dave/Generated/CMSIS_DSP/FilteringFunctions/arm_fir_interpolate_q15.c ****     i = S->L;
 508              	 .loc 1 249 0
 509 03f6 FB68     	 ldr r3,[r7,#12]
 510 03f8 1B78     	 ldrb r3,[r3]
 511 03fa 3B66     	 str r3,[r7,#96]
 250:../Dave/Generated/CMSIS_DSP/FilteringFunctions/arm_fir_interpolate_q15.c ****     while(i > 0u)
 512              	 .loc 1 250 0
 513 03fc 02E1     	 b .L11
 514              	.L16:
 251:../Dave/Generated/CMSIS_DSP/FilteringFunctions/arm_fir_interpolate_q15.c ****     {
 252:../Dave/Generated/CMSIS_DSP/FilteringFunctions/arm_fir_interpolate_q15.c ****       /* Set accumulator to zero */
 253:../Dave/Generated/CMSIS_DSP/FilteringFunctions/arm_fir_interpolate_q15.c ****       sum0 = 0;
 515              	 .loc 1 253 0
 516 03fe 4FF00002 	 mov r2,#0
 517 0402 4FF00003 	 mov r3,#0
 518 0406 C7E91A23 	 strd r2,[r7,#104]
 254:../Dave/Generated/CMSIS_DSP/FilteringFunctions/arm_fir_interpolate_q15.c **** 
 255:../Dave/Generated/CMSIS_DSP/FilteringFunctions/arm_fir_interpolate_q15.c ****       /* Initialize state pointer */
 256:../Dave/Generated/CMSIS_DSP/FilteringFunctions/arm_fir_interpolate_q15.c ****       ptr1 = pState;
 519              	 .loc 1 256 0
 520 040a 7B69     	 ldr r3,[r7,#20]
 521 040c 7B67     	 str r3,[r7,#116]
 257:../Dave/Generated/CMSIS_DSP/FilteringFunctions/arm_fir_interpolate_q15.c **** 
 258:../Dave/Generated/CMSIS_DSP/FilteringFunctions/arm_fir_interpolate_q15.c ****       /* Initialize coefficient pointer */
 259:../Dave/Generated/CMSIS_DSP/FilteringFunctions/arm_fir_interpolate_q15.c ****       ptr2 = pCoeffs + (S->L - j);
 522              	 .loc 1 259 0
 523 040e FB68     	 ldr r3,[r7,#12]
 524 0410 1B78     	 ldrb r3,[r3]
 525 0412 1A46     	 mov r2,r3
 526 0414 BB6D     	 ldr r3,[r7,#88]
 527 0416 D31A     	 subs r3,r2,r3
 528 0418 5B00     	 lsls r3,r3,#1
 529 041a FA6B     	 ldr r2,[r7,#60]
 530 041c 1344     	 add r3,r3,r2
 531 041e 3B67     	 str r3,[r7,#112]
 260:../Dave/Generated/CMSIS_DSP/FilteringFunctions/arm_fir_interpolate_q15.c **** 
 261:../Dave/Generated/CMSIS_DSP/FilteringFunctions/arm_fir_interpolate_q15.c ****       /* Loop over the polyPhase length. Unroll by a factor of 4.        
 262:../Dave/Generated/CMSIS_DSP/FilteringFunctions/arm_fir_interpolate_q15.c ****        ** Repeat until we've computed numTaps-(4*S->L) coefficients. */
 263:../Dave/Generated/CMSIS_DSP/FilteringFunctions/arm_fir_interpolate_q15.c ****       tapCnt = phaseLen >> 2;
 532              	 .loc 1 263 0
 533 0420 7B8F     	 ldrh r3,[r7,#58]
 534 0422 9B08     	 lsrs r3,r3,#2
 535 0424 9BB2     	 uxth r3,r3
 536 0426 7B65     	 str r3,[r7,#84]
 264:../Dave/Generated/CMSIS_DSP/FilteringFunctions/arm_fir_interpolate_q15.c ****       while(tapCnt > 0u)
 537              	 .loc 1 264 0
 538 0428 9EE0     	 b .L12
 539              	.L13:
 265:../Dave/Generated/CMSIS_DSP/FilteringFunctions/arm_fir_interpolate_q15.c ****       {
 266:../Dave/Generated/CMSIS_DSP/FilteringFunctions/arm_fir_interpolate_q15.c **** 
 267:../Dave/Generated/CMSIS_DSP/FilteringFunctions/arm_fir_interpolate_q15.c ****         /* Read the coefficient */
 268:../Dave/Generated/CMSIS_DSP/FilteringFunctions/arm_fir_interpolate_q15.c ****         c0 = *(ptr2);
 540              	 .loc 1 268 0
 541 042a 3B6F     	 ldr r3,[r7,#112]
 542 042c 1B88     	 ldrh r3,[r3]
 543 042e 3B86     	 strh r3,[r7,#48]
 269:../Dave/Generated/CMSIS_DSP/FilteringFunctions/arm_fir_interpolate_q15.c **** 
 270:../Dave/Generated/CMSIS_DSP/FilteringFunctions/arm_fir_interpolate_q15.c ****         /* Upsampling is done by stuffing L-1 zeros between each sample.        
 271:../Dave/Generated/CMSIS_DSP/FilteringFunctions/arm_fir_interpolate_q15.c ****          * So instead of multiplying zeros with coefficients,        
 272:../Dave/Generated/CMSIS_DSP/FilteringFunctions/arm_fir_interpolate_q15.c ****          * Increment the coefficient pointer by interpolation factor times. */
 273:../Dave/Generated/CMSIS_DSP/FilteringFunctions/arm_fir_interpolate_q15.c ****         ptr2 += S->L;
 544              	 .loc 1 273 0
 545 0430 FB68     	 ldr r3,[r7,#12]
 546 0432 1B78     	 ldrb r3,[r3]
 547 0434 5B00     	 lsls r3,r3,#1
 548 0436 3A6F     	 ldr r2,[r7,#112]
 549 0438 1344     	 add r3,r3,r2
 550 043a 3B67     	 str r3,[r7,#112]
 274:../Dave/Generated/CMSIS_DSP/FilteringFunctions/arm_fir_interpolate_q15.c **** 
 275:../Dave/Generated/CMSIS_DSP/FilteringFunctions/arm_fir_interpolate_q15.c ****         /* Read the input sample */
 276:../Dave/Generated/CMSIS_DSP/FilteringFunctions/arm_fir_interpolate_q15.c ****         x0 = *(ptr1++);
 551              	 .loc 1 276 0
 552 043c 7B6F     	 ldr r3,[r7,#116]
 553 043e 9A1C     	 adds r2,r3,#2
 554 0440 7A67     	 str r2,[r7,#116]
 555 0442 1B88     	 ldrh r3,[r3]
 556 0444 A7F86630 	 strh r3,[r7,#102]
 277:../Dave/Generated/CMSIS_DSP/FilteringFunctions/arm_fir_interpolate_q15.c **** 
 278:../Dave/Generated/CMSIS_DSP/FilteringFunctions/arm_fir_interpolate_q15.c ****         /* Perform the multiply-accumulate */
 279:../Dave/Generated/CMSIS_DSP/FilteringFunctions/arm_fir_interpolate_q15.c ****         sum0 += (q63_t) x0 *c0;
 557              	 .loc 1 279 0
 558 0448 B7F96600 	 ldrsh r0,[r7,#102]
 559 044c 4FEAE071 	 asr r1,r0,#31
 560 0450 B7F93020 	 ldrsh r2,[r7,#48]
 561 0454 4FEAE273 	 asr r3,r2,#31
 562 0458 02FB01FE 	 mul lr,r2,r1
 563 045c 00FB03F6 	 mul r6,r0,r3
 564 0460 7644     	 add r6,r6,lr
 565 0462 A0FB0223 	 umull r2,r3,r0,r2
 566 0466 F118     	 adds r1,r6,r3
 567 0468 0B46     	 mov r3,r1
 568 046a D7E91A01 	 ldrd r0,[r7,#104]
 569 046e 1218     	 adds r2,r2,r0
 570 0470 43EB0103 	 adc r3,r3,r1
 571 0474 C7E91A23 	 strd r2,[r7,#104]
 280:../Dave/Generated/CMSIS_DSP/FilteringFunctions/arm_fir_interpolate_q15.c **** 
 281:../Dave/Generated/CMSIS_DSP/FilteringFunctions/arm_fir_interpolate_q15.c ****         /* Read the coefficient */
 282:../Dave/Generated/CMSIS_DSP/FilteringFunctions/arm_fir_interpolate_q15.c ****         c0 = *(ptr2);
 572              	 .loc 1 282 0
 573 0478 3B6F     	 ldr r3,[r7,#112]
 574 047a 1B88     	 ldrh r3,[r3]
 575 047c 3B86     	 strh r3,[r7,#48]
 283:../Dave/Generated/CMSIS_DSP/FilteringFunctions/arm_fir_interpolate_q15.c **** 
 284:../Dave/Generated/CMSIS_DSP/FilteringFunctions/arm_fir_interpolate_q15.c ****         /* Increment the coefficient pointer by interpolation factor times. */
 285:../Dave/Generated/CMSIS_DSP/FilteringFunctions/arm_fir_interpolate_q15.c ****         ptr2 += S->L;
 576              	 .loc 1 285 0
 577 047e FB68     	 ldr r3,[r7,#12]
 578 0480 1B78     	 ldrb r3,[r3]
 579 0482 5B00     	 lsls r3,r3,#1
 580 0484 3A6F     	 ldr r2,[r7,#112]
 581 0486 1344     	 add r3,r3,r2
 582 0488 3B67     	 str r3,[r7,#112]
 286:../Dave/Generated/CMSIS_DSP/FilteringFunctions/arm_fir_interpolate_q15.c **** 
 287:../Dave/Generated/CMSIS_DSP/FilteringFunctions/arm_fir_interpolate_q15.c ****         /* Read the input sample */
 288:../Dave/Generated/CMSIS_DSP/FilteringFunctions/arm_fir_interpolate_q15.c ****         x0 = *(ptr1++);
 583              	 .loc 1 288 0
 584 048a 7B6F     	 ldr r3,[r7,#116]
 585 048c 9A1C     	 adds r2,r3,#2
 586 048e 7A67     	 str r2,[r7,#116]
 587 0490 1B88     	 ldrh r3,[r3]
 588 0492 A7F86630 	 strh r3,[r7,#102]
 289:../Dave/Generated/CMSIS_DSP/FilteringFunctions/arm_fir_interpolate_q15.c **** 
 290:../Dave/Generated/CMSIS_DSP/FilteringFunctions/arm_fir_interpolate_q15.c ****         /* Perform the multiply-accumulate */
 291:../Dave/Generated/CMSIS_DSP/FilteringFunctions/arm_fir_interpolate_q15.c ****         sum0 += (q63_t) x0 *c0;
 589              	 .loc 1 291 0
 590 0496 B7F96600 	 ldrsh r0,[r7,#102]
 591 049a 4FEAE071 	 asr r1,r0,#31
 592 049e B7F93020 	 ldrsh r2,[r7,#48]
 593 04a2 4FEAE273 	 asr r3,r2,#31
 594 04a6 02FB01FE 	 mul lr,r2,r1
 595 04aa 00FB03F6 	 mul r6,r0,r3
 596 04ae 7644     	 add r6,r6,lr
 597 04b0 A0FB0223 	 umull r2,r3,r0,r2
 598 04b4 F118     	 adds r1,r6,r3
 599 04b6 0B46     	 mov r3,r1
 600 04b8 D7E91A01 	 ldrd r0,[r7,#104]
 601 04bc 1218     	 adds r2,r2,r0
 602 04be 43EB0103 	 adc r3,r3,r1
 603 04c2 C7E91A23 	 strd r2,[r7,#104]
 292:../Dave/Generated/CMSIS_DSP/FilteringFunctions/arm_fir_interpolate_q15.c **** 
 293:../Dave/Generated/CMSIS_DSP/FilteringFunctions/arm_fir_interpolate_q15.c ****         /* Read the coefficient */
 294:../Dave/Generated/CMSIS_DSP/FilteringFunctions/arm_fir_interpolate_q15.c ****         c0 = *(ptr2);
 604              	 .loc 1 294 0
 605 04c6 3B6F     	 ldr r3,[r7,#112]
 606 04c8 1B88     	 ldrh r3,[r3]
 607 04ca 3B86     	 strh r3,[r7,#48]
 295:../Dave/Generated/CMSIS_DSP/FilteringFunctions/arm_fir_interpolate_q15.c **** 
 296:../Dave/Generated/CMSIS_DSP/FilteringFunctions/arm_fir_interpolate_q15.c ****         /* Increment the coefficient pointer by interpolation factor times. */
 297:../Dave/Generated/CMSIS_DSP/FilteringFunctions/arm_fir_interpolate_q15.c ****         ptr2 += S->L;
 608              	 .loc 1 297 0
 609 04cc FB68     	 ldr r3,[r7,#12]
 610 04ce 1B78     	 ldrb r3,[r3]
 611 04d0 5B00     	 lsls r3,r3,#1
 612 04d2 3A6F     	 ldr r2,[r7,#112]
 613 04d4 1344     	 add r3,r3,r2
 614 04d6 3B67     	 str r3,[r7,#112]
 298:../Dave/Generated/CMSIS_DSP/FilteringFunctions/arm_fir_interpolate_q15.c **** 
 299:../Dave/Generated/CMSIS_DSP/FilteringFunctions/arm_fir_interpolate_q15.c ****         /* Read the input sample */
 300:../Dave/Generated/CMSIS_DSP/FilteringFunctions/arm_fir_interpolate_q15.c ****         x0 = *(ptr1++);
 615              	 .loc 1 300 0
 616 04d8 7B6F     	 ldr r3,[r7,#116]
 617 04da 9A1C     	 adds r2,r3,#2
 618 04dc 7A67     	 str r2,[r7,#116]
 619 04de 1B88     	 ldrh r3,[r3]
 620 04e0 A7F86630 	 strh r3,[r7,#102]
 301:../Dave/Generated/CMSIS_DSP/FilteringFunctions/arm_fir_interpolate_q15.c **** 
 302:../Dave/Generated/CMSIS_DSP/FilteringFunctions/arm_fir_interpolate_q15.c ****         /* Perform the multiply-accumulate */
 303:../Dave/Generated/CMSIS_DSP/FilteringFunctions/arm_fir_interpolate_q15.c ****         sum0 += (q63_t) x0 *c0;
 621              	 .loc 1 303 0
 622 04e4 B7F96600 	 ldrsh r0,[r7,#102]
 623 04e8 4FEAE071 	 asr r1,r0,#31
 624 04ec B7F93020 	 ldrsh r2,[r7,#48]
 625 04f0 4FEAE273 	 asr r3,r2,#31
 626 04f4 02FB01FE 	 mul lr,r2,r1
 627 04f8 00FB03F6 	 mul r6,r0,r3
 628 04fc 7644     	 add r6,r6,lr
 629 04fe A0FB0223 	 umull r2,r3,r0,r2
 630 0502 F118     	 adds r1,r6,r3
 631 0504 0B46     	 mov r3,r1
 632 0506 D7E91A01 	 ldrd r0,[r7,#104]
 633 050a 1218     	 adds r2,r2,r0
 634 050c 43EB0103 	 adc r3,r3,r1
 635 0510 C7E91A23 	 strd r2,[r7,#104]
 304:../Dave/Generated/CMSIS_DSP/FilteringFunctions/arm_fir_interpolate_q15.c **** 
 305:../Dave/Generated/CMSIS_DSP/FilteringFunctions/arm_fir_interpolate_q15.c ****         /* Read the coefficient */
 306:../Dave/Generated/CMSIS_DSP/FilteringFunctions/arm_fir_interpolate_q15.c ****         c0 = *(ptr2);
 636              	 .loc 1 306 0
 637 0514 3B6F     	 ldr r3,[r7,#112]
 638 0516 1B88     	 ldrh r3,[r3]
 639 0518 3B86     	 strh r3,[r7,#48]
 307:../Dave/Generated/CMSIS_DSP/FilteringFunctions/arm_fir_interpolate_q15.c **** 
 308:../Dave/Generated/CMSIS_DSP/FilteringFunctions/arm_fir_interpolate_q15.c ****         /* Increment the coefficient pointer by interpolation factor times. */
 309:../Dave/Generated/CMSIS_DSP/FilteringFunctions/arm_fir_interpolate_q15.c ****         ptr2 += S->L;
 640              	 .loc 1 309 0
 641 051a FB68     	 ldr r3,[r7,#12]
 642 051c 1B78     	 ldrb r3,[r3]
 643 051e 5B00     	 lsls r3,r3,#1
 644 0520 3A6F     	 ldr r2,[r7,#112]
 645 0522 1344     	 add r3,r3,r2
 646 0524 3B67     	 str r3,[r7,#112]
 310:../Dave/Generated/CMSIS_DSP/FilteringFunctions/arm_fir_interpolate_q15.c **** 
 311:../Dave/Generated/CMSIS_DSP/FilteringFunctions/arm_fir_interpolate_q15.c ****         /* Read the input sample */
 312:../Dave/Generated/CMSIS_DSP/FilteringFunctions/arm_fir_interpolate_q15.c ****         x0 = *(ptr1++);
 647              	 .loc 1 312 0
 648 0526 7B6F     	 ldr r3,[r7,#116]
 649 0528 9A1C     	 adds r2,r3,#2
 650 052a 7A67     	 str r2,[r7,#116]
 651 052c 1B88     	 ldrh r3,[r3]
 652 052e A7F86630 	 strh r3,[r7,#102]
 313:../Dave/Generated/CMSIS_DSP/FilteringFunctions/arm_fir_interpolate_q15.c **** 
 314:../Dave/Generated/CMSIS_DSP/FilteringFunctions/arm_fir_interpolate_q15.c ****         /* Perform the multiply-accumulate */
 315:../Dave/Generated/CMSIS_DSP/FilteringFunctions/arm_fir_interpolate_q15.c ****         sum0 += (q63_t) x0 *c0;
 653              	 .loc 1 315 0
 654 0532 B7F96600 	 ldrsh r0,[r7,#102]
 655 0536 4FEAE071 	 asr r1,r0,#31
 656 053a B7F93020 	 ldrsh r2,[r7,#48]
 657 053e 4FEAE273 	 asr r3,r2,#31
 658 0542 02FB01FE 	 mul lr,r2,r1
 659 0546 00FB03F6 	 mul r6,r0,r3
 660 054a 7644     	 add r6,r6,lr
 661 054c A0FB0223 	 umull r2,r3,r0,r2
 662 0550 F118     	 adds r1,r6,r3
 663 0552 0B46     	 mov r3,r1
 664 0554 D7E91A01 	 ldrd r0,[r7,#104]
 665 0558 1218     	 adds r2,r2,r0
 666 055a 43EB0103 	 adc r3,r3,r1
 667 055e C7E91A23 	 strd r2,[r7,#104]
 316:../Dave/Generated/CMSIS_DSP/FilteringFunctions/arm_fir_interpolate_q15.c **** 
 317:../Dave/Generated/CMSIS_DSP/FilteringFunctions/arm_fir_interpolate_q15.c ****         /* Decrement the loop counter */
 318:../Dave/Generated/CMSIS_DSP/FilteringFunctions/arm_fir_interpolate_q15.c ****         tapCnt--;
 668              	 .loc 1 318 0
 669 0562 7B6D     	 ldr r3,[r7,#84]
 670 0564 013B     	 subs r3,r3,#1
 671 0566 7B65     	 str r3,[r7,#84]
 672              	.L12:
 264:../Dave/Generated/CMSIS_DSP/FilteringFunctions/arm_fir_interpolate_q15.c ****       {
 673              	 .loc 1 264 0
 674 0568 7B6D     	 ldr r3,[r7,#84]
 675 056a 002B     	 cmp r3,#0
 676 056c 7FF45DAF 	 bne .L13
 319:../Dave/Generated/CMSIS_DSP/FilteringFunctions/arm_fir_interpolate_q15.c ****       }
 320:../Dave/Generated/CMSIS_DSP/FilteringFunctions/arm_fir_interpolate_q15.c **** 
 321:../Dave/Generated/CMSIS_DSP/FilteringFunctions/arm_fir_interpolate_q15.c ****       /* If the polyPhase length is not a multiple of 4, compute the remaining filter taps */
 322:../Dave/Generated/CMSIS_DSP/FilteringFunctions/arm_fir_interpolate_q15.c ****       tapCnt = phaseLen & 0x3u;
 677              	 .loc 1 322 0
 678 0570 7B8F     	 ldrh r3,[r7,#58]
 679 0572 03F00303 	 and r3,r3,#3
 680 0576 7B65     	 str r3,[r7,#84]
 323:../Dave/Generated/CMSIS_DSP/FilteringFunctions/arm_fir_interpolate_q15.c **** 
 324:../Dave/Generated/CMSIS_DSP/FilteringFunctions/arm_fir_interpolate_q15.c ****       while(tapCnt > 0u)
 681              	 .loc 1 324 0
 682 0578 29E0     	 b .L14
 683              	.L15:
 325:../Dave/Generated/CMSIS_DSP/FilteringFunctions/arm_fir_interpolate_q15.c ****       {
 326:../Dave/Generated/CMSIS_DSP/FilteringFunctions/arm_fir_interpolate_q15.c ****         /* Read the coefficient */
 327:../Dave/Generated/CMSIS_DSP/FilteringFunctions/arm_fir_interpolate_q15.c ****         c0 = *(ptr2);
 684              	 .loc 1 327 0
 685 057a 3B6F     	 ldr r3,[r7,#112]
 686 057c 1B88     	 ldrh r3,[r3]
 687 057e 3B86     	 strh r3,[r7,#48]
 328:../Dave/Generated/CMSIS_DSP/FilteringFunctions/arm_fir_interpolate_q15.c **** 
 329:../Dave/Generated/CMSIS_DSP/FilteringFunctions/arm_fir_interpolate_q15.c ****         /* Increment the coefficient pointer by interpolation factor times. */
 330:../Dave/Generated/CMSIS_DSP/FilteringFunctions/arm_fir_interpolate_q15.c ****         ptr2 += S->L;
 688              	 .loc 1 330 0
 689 0580 FB68     	 ldr r3,[r7,#12]
 690 0582 1B78     	 ldrb r3,[r3]
 691 0584 5B00     	 lsls r3,r3,#1
 692 0586 3A6F     	 ldr r2,[r7,#112]
 693 0588 1344     	 add r3,r3,r2
 694 058a 3B67     	 str r3,[r7,#112]
 331:../Dave/Generated/CMSIS_DSP/FilteringFunctions/arm_fir_interpolate_q15.c **** 
 332:../Dave/Generated/CMSIS_DSP/FilteringFunctions/arm_fir_interpolate_q15.c ****         /* Read the input sample */
 333:../Dave/Generated/CMSIS_DSP/FilteringFunctions/arm_fir_interpolate_q15.c ****         x0 = *(ptr1++);
 695              	 .loc 1 333 0
 696 058c 7B6F     	 ldr r3,[r7,#116]
 697 058e 9A1C     	 adds r2,r3,#2
 698 0590 7A67     	 str r2,[r7,#116]
 699 0592 1B88     	 ldrh r3,[r3]
 700 0594 A7F86630 	 strh r3,[r7,#102]
 334:../Dave/Generated/CMSIS_DSP/FilteringFunctions/arm_fir_interpolate_q15.c **** 
 335:../Dave/Generated/CMSIS_DSP/FilteringFunctions/arm_fir_interpolate_q15.c ****         /* Perform the multiply-accumulate */
 336:../Dave/Generated/CMSIS_DSP/FilteringFunctions/arm_fir_interpolate_q15.c ****         sum0 += (q63_t) x0 *c0;
 701              	 .loc 1 336 0
 702 0598 B7F96600 	 ldrsh r0,[r7,#102]
 703 059c 4FEAE071 	 asr r1,r0,#31
 704 05a0 B7F93020 	 ldrsh r2,[r7,#48]
 705 05a4 4FEAE273 	 asr r3,r2,#31
 706 05a8 02FB01FE 	 mul lr,r2,r1
 707 05ac 00FB03F6 	 mul r6,r0,r3
 708 05b0 7644     	 add r6,r6,lr
 709 05b2 A0FB0223 	 umull r2,r3,r0,r2
 710 05b6 F118     	 adds r1,r6,r3
 711 05b8 0B46     	 mov r3,r1
 712 05ba D7E91A01 	 ldrd r0,[r7,#104]
 713 05be 1218     	 adds r2,r2,r0
 714 05c0 43EB0103 	 adc r3,r3,r1
 715 05c4 C7E91A23 	 strd r2,[r7,#104]
 337:../Dave/Generated/CMSIS_DSP/FilteringFunctions/arm_fir_interpolate_q15.c **** 
 338:../Dave/Generated/CMSIS_DSP/FilteringFunctions/arm_fir_interpolate_q15.c ****         /* Decrement the loop counter */
 339:../Dave/Generated/CMSIS_DSP/FilteringFunctions/arm_fir_interpolate_q15.c ****         tapCnt--;
 716              	 .loc 1 339 0
 717 05c8 7B6D     	 ldr r3,[r7,#84]
 718 05ca 013B     	 subs r3,r3,#1
 719 05cc 7B65     	 str r3,[r7,#84]
 720              	.L14:
 324:../Dave/Generated/CMSIS_DSP/FilteringFunctions/arm_fir_interpolate_q15.c ****       {
 721              	 .loc 1 324 0
 722 05ce 7B6D     	 ldr r3,[r7,#84]
 723 05d0 002B     	 cmp r3,#0
 724 05d2 D2D1     	 bne .L15
 340:../Dave/Generated/CMSIS_DSP/FilteringFunctions/arm_fir_interpolate_q15.c ****       }
 341:../Dave/Generated/CMSIS_DSP/FilteringFunctions/arm_fir_interpolate_q15.c **** 
 342:../Dave/Generated/CMSIS_DSP/FilteringFunctions/arm_fir_interpolate_q15.c ****       /* The result is in the accumulator, store in the destination buffer. */
 343:../Dave/Generated/CMSIS_DSP/FilteringFunctions/arm_fir_interpolate_q15.c ****       *pDst++ = (q15_t) (__SSAT((sum0 >> 15), 16));
 725              	 .loc 1 343 0
 726 05d4 7968     	 ldr r1,[r7,#4]
 727 05d6 8B1C     	 adds r3,r1,#2
 728 05d8 7B60     	 str r3,[r7,#4]
 729              	.LBB4:
 730 05da D7E91A23 	 ldrd r2,[r7,#104]
 731 05de D40B     	 lsrs r4,r2,#15
 732 05e0 44EA4344 	 orr r4,r4,r3,lsl#17
 733 05e4 DD13     	 asrs r5,r3,#15
 734 05e6 2346     	 mov r3,r4
 735 05e8 FB61     	 str r3,[r7,#28]
 736 05ea FB69     	 ldr r3,[r7,#28]
 737              	
 738 05ec 03F30F03 	 ssat r3,#16,r3
 739              	
 740              	 .thumb
 741 05f0 BB61     	 str r3,[r7,#24]
 742 05f2 BB69     	 ldr r3,[r7,#24]
 743              	.LBE4:
 744 05f4 9BB2     	 uxth r3,r3
 745 05f6 0B80     	 strh r3,[r1]
 344:../Dave/Generated/CMSIS_DSP/FilteringFunctions/arm_fir_interpolate_q15.c **** 
 345:../Dave/Generated/CMSIS_DSP/FilteringFunctions/arm_fir_interpolate_q15.c ****       j++;
 746              	 .loc 1 345 0
 747 05f8 BB6D     	 ldr r3,[r7,#88]
 748 05fa 0133     	 adds r3,r3,#1
 749 05fc BB65     	 str r3,[r7,#88]
 346:../Dave/Generated/CMSIS_DSP/FilteringFunctions/arm_fir_interpolate_q15.c **** 
 347:../Dave/Generated/CMSIS_DSP/FilteringFunctions/arm_fir_interpolate_q15.c ****       /* Decrement the loop counter */
 348:../Dave/Generated/CMSIS_DSP/FilteringFunctions/arm_fir_interpolate_q15.c ****       i--;
 750              	 .loc 1 348 0
 751 05fe 3B6E     	 ldr r3,[r7,#96]
 752 0600 013B     	 subs r3,r3,#1
 753 0602 3B66     	 str r3,[r7,#96]
 754              	.L11:
 250:../Dave/Generated/CMSIS_DSP/FilteringFunctions/arm_fir_interpolate_q15.c ****     {
 755              	 .loc 1 250 0
 756 0604 3B6E     	 ldr r3,[r7,#96]
 757 0606 002B     	 cmp r3,#0
 758 0608 7FF4F9AE 	 bne .L16
 349:../Dave/Generated/CMSIS_DSP/FilteringFunctions/arm_fir_interpolate_q15.c ****     }
 350:../Dave/Generated/CMSIS_DSP/FilteringFunctions/arm_fir_interpolate_q15.c **** 
 351:../Dave/Generated/CMSIS_DSP/FilteringFunctions/arm_fir_interpolate_q15.c ****     /* Advance the state pointer by 1        
 352:../Dave/Generated/CMSIS_DSP/FilteringFunctions/arm_fir_interpolate_q15.c ****      * to process the next group of interpolation factor number samples */
 353:../Dave/Generated/CMSIS_DSP/FilteringFunctions/arm_fir_interpolate_q15.c ****     pState = pState + 1;
 759              	 .loc 1 353 0
 760 060c 7B69     	 ldr r3,[r7,#20]
 761 060e 0233     	 adds r3,r3,#2
 762 0610 7B61     	 str r3,[r7,#20]
 354:../Dave/Generated/CMSIS_DSP/FilteringFunctions/arm_fir_interpolate_q15.c **** 
 355:../Dave/Generated/CMSIS_DSP/FilteringFunctions/arm_fir_interpolate_q15.c ****     /* Decrement the loop counter */
 356:../Dave/Generated/CMSIS_DSP/FilteringFunctions/arm_fir_interpolate_q15.c ****     blkCnt--;
 763              	 .loc 1 356 0
 764 0612 FB6D     	 ldr r3,[r7,#92]
 765 0614 013B     	 subs r3,r3,#1
 766 0616 FB65     	 str r3,[r7,#92]
 767              	.L10:
 240:../Dave/Generated/CMSIS_DSP/FilteringFunctions/arm_fir_interpolate_q15.c ****   {
 768              	 .loc 1 240 0
 769 0618 FB6D     	 ldr r3,[r7,#92]
 770 061a 002B     	 cmp r3,#0
 771 061c 7FF4E1AE 	 bne .L17
 357:../Dave/Generated/CMSIS_DSP/FilteringFunctions/arm_fir_interpolate_q15.c ****   }
 358:../Dave/Generated/CMSIS_DSP/FilteringFunctions/arm_fir_interpolate_q15.c **** 
 359:../Dave/Generated/CMSIS_DSP/FilteringFunctions/arm_fir_interpolate_q15.c **** 
 360:../Dave/Generated/CMSIS_DSP/FilteringFunctions/arm_fir_interpolate_q15.c ****   /* Processing is complete.    
 361:../Dave/Generated/CMSIS_DSP/FilteringFunctions/arm_fir_interpolate_q15.c ****    ** Now copy the last phaseLen - 1 samples to the satrt of the state buffer.    
 362:../Dave/Generated/CMSIS_DSP/FilteringFunctions/arm_fir_interpolate_q15.c ****    ** This prepares the state buffer for the next function call. */
 363:../Dave/Generated/CMSIS_DSP/FilteringFunctions/arm_fir_interpolate_q15.c **** 
 364:../Dave/Generated/CMSIS_DSP/FilteringFunctions/arm_fir_interpolate_q15.c ****   /* Points to the start of the state buffer */
 365:../Dave/Generated/CMSIS_DSP/FilteringFunctions/arm_fir_interpolate_q15.c ****   pStateCurnt = S->pState;
 772              	 .loc 1 365 0
 773 0620 FB68     	 ldr r3,[r7,#12]
 774 0622 9B68     	 ldr r3,[r3,#8]
 775 0624 3B61     	 str r3,[r7,#16]
 366:../Dave/Generated/CMSIS_DSP/FilteringFunctions/arm_fir_interpolate_q15.c **** 
 367:../Dave/Generated/CMSIS_DSP/FilteringFunctions/arm_fir_interpolate_q15.c ****   i = ((uint32_t) phaseLen - 1u) >> 2u;
 776              	 .loc 1 367 0
 777 0626 7B8F     	 ldrh r3,[r7,#58]
 778 0628 013B     	 subs r3,r3,#1
 779 062a 9B08     	 lsrs r3,r3,#2
 780 062c 3B66     	 str r3,[r7,#96]
 368:../Dave/Generated/CMSIS_DSP/FilteringFunctions/arm_fir_interpolate_q15.c **** 
 369:../Dave/Generated/CMSIS_DSP/FilteringFunctions/arm_fir_interpolate_q15.c ****   /* copy data */
 370:../Dave/Generated/CMSIS_DSP/FilteringFunctions/arm_fir_interpolate_q15.c ****   while(i > 0u)
 781              	 .loc 1 370 0
 782 062e 1AE0     	 b .L18
 783              	.L19:
 371:../Dave/Generated/CMSIS_DSP/FilteringFunctions/arm_fir_interpolate_q15.c ****   {
 372:../Dave/Generated/CMSIS_DSP/FilteringFunctions/arm_fir_interpolate_q15.c **** #ifndef UNALIGNED_SUPPORT_DISABLE
 373:../Dave/Generated/CMSIS_DSP/FilteringFunctions/arm_fir_interpolate_q15.c **** 
 374:../Dave/Generated/CMSIS_DSP/FilteringFunctions/arm_fir_interpolate_q15.c ****     *__SIMD32(pStateCurnt)++ = *__SIMD32(pState)++;
 784              	 .loc 1 374 0
 785 0630 07F11002 	 add r2,r7,#16
 786 0634 1368     	 ldr r3,[r2]
 787 0636 191D     	 adds r1,r3,#4
 788 0638 1160     	 str r1,[r2]
 789 063a 07F11401 	 add r1,r7,#20
 790 063e 0A68     	 ldr r2,[r1]
 791 0640 101D     	 adds r0,r2,#4
 792 0642 0860     	 str r0,[r1]
 793 0644 1268     	 ldr r2,[r2]
 794 0646 1A60     	 str r2,[r3]
 375:../Dave/Generated/CMSIS_DSP/FilteringFunctions/arm_fir_interpolate_q15.c ****     *__SIMD32(pStateCurnt)++ = *__SIMD32(pState)++;
 795              	 .loc 1 375 0
 796 0648 07F11002 	 add r2,r7,#16
 797 064c 1368     	 ldr r3,[r2]
 798 064e 191D     	 adds r1,r3,#4
 799 0650 1160     	 str r1,[r2]
 800 0652 07F11401 	 add r1,r7,#20
 801 0656 0A68     	 ldr r2,[r1]
 802 0658 101D     	 adds r0,r2,#4
 803 065a 0860     	 str r0,[r1]
 804 065c 1268     	 ldr r2,[r2]
 805 065e 1A60     	 str r2,[r3]
 376:../Dave/Generated/CMSIS_DSP/FilteringFunctions/arm_fir_interpolate_q15.c **** 
 377:../Dave/Generated/CMSIS_DSP/FilteringFunctions/arm_fir_interpolate_q15.c **** #else
 378:../Dave/Generated/CMSIS_DSP/FilteringFunctions/arm_fir_interpolate_q15.c **** 
 379:../Dave/Generated/CMSIS_DSP/FilteringFunctions/arm_fir_interpolate_q15.c ****     *pStateCurnt++ = *pState++;
 380:../Dave/Generated/CMSIS_DSP/FilteringFunctions/arm_fir_interpolate_q15.c **** 	*pStateCurnt++ = *pState++;
 381:../Dave/Generated/CMSIS_DSP/FilteringFunctions/arm_fir_interpolate_q15.c **** 	*pStateCurnt++ = *pState++;
 382:../Dave/Generated/CMSIS_DSP/FilteringFunctions/arm_fir_interpolate_q15.c **** 	*pStateCurnt++ = *pState++;
 383:../Dave/Generated/CMSIS_DSP/FilteringFunctions/arm_fir_interpolate_q15.c **** 	
 384:../Dave/Generated/CMSIS_DSP/FilteringFunctions/arm_fir_interpolate_q15.c **** #endif	/*	#ifndef UNALIGNED_SUPPORT_DISABLE	*/
 385:../Dave/Generated/CMSIS_DSP/FilteringFunctions/arm_fir_interpolate_q15.c **** 	
 386:../Dave/Generated/CMSIS_DSP/FilteringFunctions/arm_fir_interpolate_q15.c **** 	/* Decrement the loop counter */
 387:../Dave/Generated/CMSIS_DSP/FilteringFunctions/arm_fir_interpolate_q15.c ****     i--;
 806              	 .loc 1 387 0
 807 0660 3B6E     	 ldr r3,[r7,#96]
 808 0662 013B     	 subs r3,r3,#1
 809 0664 3B66     	 str r3,[r7,#96]
 810              	.L18:
 370:../Dave/Generated/CMSIS_DSP/FilteringFunctions/arm_fir_interpolate_q15.c ****   {
 811              	 .loc 1 370 0
 812 0666 3B6E     	 ldr r3,[r7,#96]
 813 0668 002B     	 cmp r3,#0
 814 066a E1D1     	 bne .L19
 388:../Dave/Generated/CMSIS_DSP/FilteringFunctions/arm_fir_interpolate_q15.c ****   }
 389:../Dave/Generated/CMSIS_DSP/FilteringFunctions/arm_fir_interpolate_q15.c **** 
 390:../Dave/Generated/CMSIS_DSP/FilteringFunctions/arm_fir_interpolate_q15.c ****   i = ((uint32_t) phaseLen - 1u) % 0x04u;
 815              	 .loc 1 390 0
 816 066c 7B8F     	 ldrh r3,[r7,#58]
 817 066e 013B     	 subs r3,r3,#1
 818 0670 03F00303 	 and r3,r3,#3
 819 0674 3B66     	 str r3,[r7,#96]
 391:../Dave/Generated/CMSIS_DSP/FilteringFunctions/arm_fir_interpolate_q15.c **** 
 392:../Dave/Generated/CMSIS_DSP/FilteringFunctions/arm_fir_interpolate_q15.c ****   while(i > 0u)
 820              	 .loc 1 392 0
 821 0676 0AE0     	 b .L20
 822              	.L21:
 393:../Dave/Generated/CMSIS_DSP/FilteringFunctions/arm_fir_interpolate_q15.c ****   {
 394:../Dave/Generated/CMSIS_DSP/FilteringFunctions/arm_fir_interpolate_q15.c ****     *pStateCurnt++ = *pState++;
 823              	 .loc 1 394 0
 824 0678 3B69     	 ldr r3,[r7,#16]
 825 067a 9A1C     	 adds r2,r3,#2
 826 067c 3A61     	 str r2,[r7,#16]
 827 067e 7A69     	 ldr r2,[r7,#20]
 828 0680 911C     	 adds r1,r2,#2
 829 0682 7961     	 str r1,[r7,#20]
 830 0684 1288     	 ldrh r2,[r2]
 831 0686 1A80     	 strh r2,[r3]
 395:../Dave/Generated/CMSIS_DSP/FilteringFunctions/arm_fir_interpolate_q15.c **** 
 396:../Dave/Generated/CMSIS_DSP/FilteringFunctions/arm_fir_interpolate_q15.c ****     /* Decrement the loop counter */
 397:../Dave/Generated/CMSIS_DSP/FilteringFunctions/arm_fir_interpolate_q15.c ****     i--;
 832              	 .loc 1 397 0
 833 0688 3B6E     	 ldr r3,[r7,#96]
 834 068a 013B     	 subs r3,r3,#1
 835 068c 3B66     	 str r3,[r7,#96]
 836              	.L20:
 392:../Dave/Generated/CMSIS_DSP/FilteringFunctions/arm_fir_interpolate_q15.c ****   {
 837              	 .loc 1 392 0
 838 068e 3B6E     	 ldr r3,[r7,#96]
 839 0690 002B     	 cmp r3,#0
 840 0692 F1D1     	 bne .L21
 398:../Dave/Generated/CMSIS_DSP/FilteringFunctions/arm_fir_interpolate_q15.c ****   }
 399:../Dave/Generated/CMSIS_DSP/FilteringFunctions/arm_fir_interpolate_q15.c **** }
 841              	 .loc 1 399 0
 842 0694 7C37     	 adds r7,r7,#124
 843              	.LCFI3:
 844              	 .cfi_def_cfa_offset 36
 845 0696 BD46     	 mov sp,r7
 846              	.LCFI4:
 847              	 .cfi_def_cfa_register 13
 848              	 
 849 0698 BDE8F08F 	 pop {r4,r5,r6,r7,r8,r9,r10,fp,pc}
 850              	 .cfi_endproc
 851              	.LFE139:
 853              	 .text
 854              	.Letext0:
 855              	 .file 2 "c:\\davev4-64bit\\dave-4.2.6\\eclipse\\arm-gcc-49\\arm-none-eabi\\include\\machine\\_default_types.h"
 856              	 .file 3 "c:\\davev4-64bit\\dave-4.2.6\\eclipse\\arm-gcc-49\\arm-none-eabi\\include\\stdint.h"
 857              	 .file 4 "C:\\Users\\Depes Crystalline\\Desktop\\school\\Active_Bike_Lighting_System\\Radar_Core\\Dave\\Generated/CMSIS_DSP/arm_math.h"
DEFINED SYMBOLS
                            *ABS*:00000000 arm_fir_interpolate_q15.c
    {standard input}:19     .text.arm_fir_interpolate_q15:00000000 $t
    {standard input}:24     .text.arm_fir_interpolate_q15:00000000 arm_fir_interpolate_q15
                     .debug_frame:00000010 $d

NO UNDEFINED SYMBOLS
