   1              	 .syntax unified
   2              	 .cpu cortex-m4
   3              	 .fpu softvfp
   4              	 .eabi_attribute 20,1
   5              	 .eabi_attribute 21,1
   6              	 .eabi_attribute 23,3
   7              	 .eabi_attribute 24,1
   8              	 .eabi_attribute 25,1
   9              	 .eabi_attribute 26,1
  10              	 .eabi_attribute 30,6
  11              	 .eabi_attribute 34,1
  12              	 .eabi_attribute 18,4
  13              	 .thumb
  14              	 .file "arm_fir_sparse_init_q15.c"
  15              	 .text
  16              	.Ltext0:
  17              	 .cfi_sections .debug_frame
  18              	 .section .text.arm_fir_sparse_init_q15,"ax",%progbits
  19              	 .align 2
  20              	 .global arm_fir_sparse_init_q15
  21              	 .thumb
  22              	 .thumb_func
  24              	arm_fir_sparse_init_q15:
  25              	.LFB139:
  26              	 .file 1 "../Dave/Generated/CMSIS_DSP/FilteringFunctions/arm_fir_sparse_init_q15.c"
   1:../Dave/Generated/CMSIS_DSP/FilteringFunctions/arm_fir_sparse_init_q15.c **** /* ----------------------------------------------------------------------    
   2:../Dave/Generated/CMSIS_DSP/FilteringFunctions/arm_fir_sparse_init_q15.c **** * Copyright (C) 2010-2014 ARM Limited. All rights reserved.    
   3:../Dave/Generated/CMSIS_DSP/FilteringFunctions/arm_fir_sparse_init_q15.c **** *    
   4:../Dave/Generated/CMSIS_DSP/FilteringFunctions/arm_fir_sparse_init_q15.c **** * $Date:        12. March 2014
   5:../Dave/Generated/CMSIS_DSP/FilteringFunctions/arm_fir_sparse_init_q15.c **** * $Revision: 	V1.4.4
   6:../Dave/Generated/CMSIS_DSP/FilteringFunctions/arm_fir_sparse_init_q15.c **** *    
   7:../Dave/Generated/CMSIS_DSP/FilteringFunctions/arm_fir_sparse_init_q15.c **** * Project: 	    CMSIS DSP Library    
   8:../Dave/Generated/CMSIS_DSP/FilteringFunctions/arm_fir_sparse_init_q15.c **** * Title:        arm_fir_sparse_init_q15.c    
   9:../Dave/Generated/CMSIS_DSP/FilteringFunctions/arm_fir_sparse_init_q15.c **** *    
  10:../Dave/Generated/CMSIS_DSP/FilteringFunctions/arm_fir_sparse_init_q15.c **** * Description:	Q15 sparse FIR filter initialization function.   
  11:../Dave/Generated/CMSIS_DSP/FilteringFunctions/arm_fir_sparse_init_q15.c **** *    
  12:../Dave/Generated/CMSIS_DSP/FilteringFunctions/arm_fir_sparse_init_q15.c **** * Target Processor: Cortex-M4/Cortex-M3/Cortex-M0
  13:../Dave/Generated/CMSIS_DSP/FilteringFunctions/arm_fir_sparse_init_q15.c **** *  
  14:../Dave/Generated/CMSIS_DSP/FilteringFunctions/arm_fir_sparse_init_q15.c **** * Redistribution and use in source and binary forms, with or without 
  15:../Dave/Generated/CMSIS_DSP/FilteringFunctions/arm_fir_sparse_init_q15.c **** * modification, are permitted provided that the following conditions
  16:../Dave/Generated/CMSIS_DSP/FilteringFunctions/arm_fir_sparse_init_q15.c **** * are met:
  17:../Dave/Generated/CMSIS_DSP/FilteringFunctions/arm_fir_sparse_init_q15.c **** *   - Redistributions of source code must retain the above copyright
  18:../Dave/Generated/CMSIS_DSP/FilteringFunctions/arm_fir_sparse_init_q15.c **** *     notice, this list of conditions and the following disclaimer.
  19:../Dave/Generated/CMSIS_DSP/FilteringFunctions/arm_fir_sparse_init_q15.c **** *   - Redistributions in binary form must reproduce the above copyright
  20:../Dave/Generated/CMSIS_DSP/FilteringFunctions/arm_fir_sparse_init_q15.c **** *     notice, this list of conditions and the following disclaimer in
  21:../Dave/Generated/CMSIS_DSP/FilteringFunctions/arm_fir_sparse_init_q15.c **** *     the documentation and/or other materials provided with the 
  22:../Dave/Generated/CMSIS_DSP/FilteringFunctions/arm_fir_sparse_init_q15.c **** *     distribution.
  23:../Dave/Generated/CMSIS_DSP/FilteringFunctions/arm_fir_sparse_init_q15.c **** *   - Neither the name of ARM LIMITED nor the names of its contributors
  24:../Dave/Generated/CMSIS_DSP/FilteringFunctions/arm_fir_sparse_init_q15.c **** *     may be used to endorse or promote products derived from this
  25:../Dave/Generated/CMSIS_DSP/FilteringFunctions/arm_fir_sparse_init_q15.c **** *     software without specific prior written permission.
  26:../Dave/Generated/CMSIS_DSP/FilteringFunctions/arm_fir_sparse_init_q15.c **** *
  27:../Dave/Generated/CMSIS_DSP/FilteringFunctions/arm_fir_sparse_init_q15.c **** * THIS SOFTWARE IS PROVIDED BY THE COPYRIGHT HOLDERS AND CONTRIBUTORS
  28:../Dave/Generated/CMSIS_DSP/FilteringFunctions/arm_fir_sparse_init_q15.c **** * "AS IS" AND ANY EXPRESS OR IMPLIED WARRANTIES, INCLUDING, BUT NOT
  29:../Dave/Generated/CMSIS_DSP/FilteringFunctions/arm_fir_sparse_init_q15.c **** * LIMITED TO, THE IMPLIED WARRANTIES OF MERCHANTABILITY AND FITNESS
  30:../Dave/Generated/CMSIS_DSP/FilteringFunctions/arm_fir_sparse_init_q15.c **** * FOR A PARTICULAR PURPOSE ARE DISCLAIMED. IN NO EVENT SHALL THE 
  31:../Dave/Generated/CMSIS_DSP/FilteringFunctions/arm_fir_sparse_init_q15.c **** * COPYRIGHT OWNER OR CONTRIBUTORS BE LIABLE FOR ANY DIRECT, INDIRECT,
  32:../Dave/Generated/CMSIS_DSP/FilteringFunctions/arm_fir_sparse_init_q15.c **** * INCIDENTAL, SPECIAL, EXEMPLARY, OR CONSEQUENTIAL DAMAGES (INCLUDING,
  33:../Dave/Generated/CMSIS_DSP/FilteringFunctions/arm_fir_sparse_init_q15.c **** * BUT NOT LIMITED TO, PROCUREMENT OF SUBSTITUTE GOODS OR SERVICES;
  34:../Dave/Generated/CMSIS_DSP/FilteringFunctions/arm_fir_sparse_init_q15.c **** * LOSS OF USE, DATA, OR PROFITS; OR BUSINESS INTERRUPTION) HOWEVER
  35:../Dave/Generated/CMSIS_DSP/FilteringFunctions/arm_fir_sparse_init_q15.c **** * CAUSED AND ON ANY THEORY OF LIABILITY, WHETHER IN CONTRACT, STRICT
  36:../Dave/Generated/CMSIS_DSP/FilteringFunctions/arm_fir_sparse_init_q15.c **** * LIABILITY, OR TORT (INCLUDING NEGLIGENCE OR OTHERWISE) ARISING IN
  37:../Dave/Generated/CMSIS_DSP/FilteringFunctions/arm_fir_sparse_init_q15.c **** * ANY WAY OUT OF THE USE OF THIS SOFTWARE, EVEN IF ADVISED OF THE
  38:../Dave/Generated/CMSIS_DSP/FilteringFunctions/arm_fir_sparse_init_q15.c **** * POSSIBILITY OF SUCH DAMAGE.   
  39:../Dave/Generated/CMSIS_DSP/FilteringFunctions/arm_fir_sparse_init_q15.c **** * ---------------------------------------------------------------------------*/
  40:../Dave/Generated/CMSIS_DSP/FilteringFunctions/arm_fir_sparse_init_q15.c **** 
  41:../Dave/Generated/CMSIS_DSP/FilteringFunctions/arm_fir_sparse_init_q15.c **** #include "CMSIS_DSP/cmsis_dsp.h"
  42:../Dave/Generated/CMSIS_DSP/FilteringFunctions/arm_fir_sparse_init_q15.c **** 
  43:../Dave/Generated/CMSIS_DSP/FilteringFunctions/arm_fir_sparse_init_q15.c **** /**    
  44:../Dave/Generated/CMSIS_DSP/FilteringFunctions/arm_fir_sparse_init_q15.c ****  * @ingroup groupFilters    
  45:../Dave/Generated/CMSIS_DSP/FilteringFunctions/arm_fir_sparse_init_q15.c ****  */
  46:../Dave/Generated/CMSIS_DSP/FilteringFunctions/arm_fir_sparse_init_q15.c **** 
  47:../Dave/Generated/CMSIS_DSP/FilteringFunctions/arm_fir_sparse_init_q15.c **** /**    
  48:../Dave/Generated/CMSIS_DSP/FilteringFunctions/arm_fir_sparse_init_q15.c ****  * @addtogroup FIR_Sparse    
  49:../Dave/Generated/CMSIS_DSP/FilteringFunctions/arm_fir_sparse_init_q15.c ****  * @{    
  50:../Dave/Generated/CMSIS_DSP/FilteringFunctions/arm_fir_sparse_init_q15.c ****  */
  51:../Dave/Generated/CMSIS_DSP/FilteringFunctions/arm_fir_sparse_init_q15.c **** 
  52:../Dave/Generated/CMSIS_DSP/FilteringFunctions/arm_fir_sparse_init_q15.c **** /**   
  53:../Dave/Generated/CMSIS_DSP/FilteringFunctions/arm_fir_sparse_init_q15.c ****  * @brief  Initialization function for the Q15 sparse FIR filter.   
  54:../Dave/Generated/CMSIS_DSP/FilteringFunctions/arm_fir_sparse_init_q15.c ****  * @param[in,out] *S         points to an instance of the Q15 sparse FIR structure.   
  55:../Dave/Generated/CMSIS_DSP/FilteringFunctions/arm_fir_sparse_init_q15.c ****  * @param[in]     numTaps    number of nonzero coefficients in the filter.   
  56:../Dave/Generated/CMSIS_DSP/FilteringFunctions/arm_fir_sparse_init_q15.c ****  * @param[in]     *pCoeffs   points to the array of filter coefficients.   
  57:../Dave/Generated/CMSIS_DSP/FilteringFunctions/arm_fir_sparse_init_q15.c ****  * @param[in]     *pState    points to the state buffer.   
  58:../Dave/Generated/CMSIS_DSP/FilteringFunctions/arm_fir_sparse_init_q15.c ****  * @param[in]     *pTapDelay points to the array of offset times.   
  59:../Dave/Generated/CMSIS_DSP/FilteringFunctions/arm_fir_sparse_init_q15.c ****  * @param[in]     maxDelay   maximum offset time supported.   
  60:../Dave/Generated/CMSIS_DSP/FilteringFunctions/arm_fir_sparse_init_q15.c ****  * @param[in]     blockSize  number of samples that will be processed per block.   
  61:../Dave/Generated/CMSIS_DSP/FilteringFunctions/arm_fir_sparse_init_q15.c ****  * @return none   
  62:../Dave/Generated/CMSIS_DSP/FilteringFunctions/arm_fir_sparse_init_q15.c ****  *    
  63:../Dave/Generated/CMSIS_DSP/FilteringFunctions/arm_fir_sparse_init_q15.c ****  * <b>Description:</b>    
  64:../Dave/Generated/CMSIS_DSP/FilteringFunctions/arm_fir_sparse_init_q15.c ****  * \par    
  65:../Dave/Generated/CMSIS_DSP/FilteringFunctions/arm_fir_sparse_init_q15.c ****  * <code>pCoeffs</code> holds the filter coefficients and has length <code>numTaps</code>.    
  66:../Dave/Generated/CMSIS_DSP/FilteringFunctions/arm_fir_sparse_init_q15.c ****  * <code>pState</code> holds the filter's state variables and must be of length    
  67:../Dave/Generated/CMSIS_DSP/FilteringFunctions/arm_fir_sparse_init_q15.c ****  * <code>maxDelay + blockSize</code>, where <code>maxDelay</code>    
  68:../Dave/Generated/CMSIS_DSP/FilteringFunctions/arm_fir_sparse_init_q15.c ****  * is the maximum number of delay line values.    
  69:../Dave/Generated/CMSIS_DSP/FilteringFunctions/arm_fir_sparse_init_q15.c ****  * <code>blockSize</code> is the    
  70:../Dave/Generated/CMSIS_DSP/FilteringFunctions/arm_fir_sparse_init_q15.c ****  * number of words processed by <code>arm_fir_sparse_q15()</code> function.    
  71:../Dave/Generated/CMSIS_DSP/FilteringFunctions/arm_fir_sparse_init_q15.c ****  */
  72:../Dave/Generated/CMSIS_DSP/FilteringFunctions/arm_fir_sparse_init_q15.c **** 
  73:../Dave/Generated/CMSIS_DSP/FilteringFunctions/arm_fir_sparse_init_q15.c **** void arm_fir_sparse_init_q15(
  74:../Dave/Generated/CMSIS_DSP/FilteringFunctions/arm_fir_sparse_init_q15.c ****   arm_fir_sparse_instance_q15 * S,
  75:../Dave/Generated/CMSIS_DSP/FilteringFunctions/arm_fir_sparse_init_q15.c ****   uint16_t numTaps,
  76:../Dave/Generated/CMSIS_DSP/FilteringFunctions/arm_fir_sparse_init_q15.c ****   q15_t * pCoeffs,
  77:../Dave/Generated/CMSIS_DSP/FilteringFunctions/arm_fir_sparse_init_q15.c ****   q15_t * pState,
  78:../Dave/Generated/CMSIS_DSP/FilteringFunctions/arm_fir_sparse_init_q15.c ****   int32_t * pTapDelay,
  79:../Dave/Generated/CMSIS_DSP/FilteringFunctions/arm_fir_sparse_init_q15.c ****   uint16_t maxDelay,
  80:../Dave/Generated/CMSIS_DSP/FilteringFunctions/arm_fir_sparse_init_q15.c ****   uint32_t blockSize)
  81:../Dave/Generated/CMSIS_DSP/FilteringFunctions/arm_fir_sparse_init_q15.c **** {
  27              	 .loc 1 81 0
  28              	 .cfi_startproc
  29              	 
  30              	 
  31 0000 80B5     	 push {r7,lr}
  32              	.LCFI0:
  33              	 .cfi_def_cfa_offset 8
  34              	 .cfi_offset 7,-8
  35              	 .cfi_offset 14,-4
  36 0002 84B0     	 sub sp,sp,#16
  37              	.LCFI1:
  38              	 .cfi_def_cfa_offset 24
  39 0004 00AF     	 add r7,sp,#0
  40              	.LCFI2:
  41              	 .cfi_def_cfa_register 7
  42 0006 F860     	 str r0,[r7,#12]
  43 0008 7A60     	 str r2,[r7,#4]
  44 000a 3B60     	 str r3,[r7]
  45 000c 0B46     	 mov r3,r1
  46 000e 7B81     	 strh r3,[r7,#10]
  82:../Dave/Generated/CMSIS_DSP/FilteringFunctions/arm_fir_sparse_init_q15.c ****   /* Assign filter taps */
  83:../Dave/Generated/CMSIS_DSP/FilteringFunctions/arm_fir_sparse_init_q15.c ****   S->numTaps = numTaps;
  47              	 .loc 1 83 0
  48 0010 FB68     	 ldr r3,[r7,#12]
  49 0012 7A89     	 ldrh r2,[r7,#10]
  50 0014 1A80     	 strh r2,[r3]
  84:../Dave/Generated/CMSIS_DSP/FilteringFunctions/arm_fir_sparse_init_q15.c **** 
  85:../Dave/Generated/CMSIS_DSP/FilteringFunctions/arm_fir_sparse_init_q15.c ****   /* Assign coefficient pointer */
  86:../Dave/Generated/CMSIS_DSP/FilteringFunctions/arm_fir_sparse_init_q15.c ****   S->pCoeffs = pCoeffs;
  51              	 .loc 1 86 0
  52 0016 FB68     	 ldr r3,[r7,#12]
  53 0018 7A68     	 ldr r2,[r7,#4]
  54 001a 9A60     	 str r2,[r3,#8]
  87:../Dave/Generated/CMSIS_DSP/FilteringFunctions/arm_fir_sparse_init_q15.c **** 
  88:../Dave/Generated/CMSIS_DSP/FilteringFunctions/arm_fir_sparse_init_q15.c ****   /* Assign TapDelay pointer */
  89:../Dave/Generated/CMSIS_DSP/FilteringFunctions/arm_fir_sparse_init_q15.c ****   S->pTapDelay = pTapDelay;
  55              	 .loc 1 89 0
  56 001c FB68     	 ldr r3,[r7,#12]
  57 001e BA69     	 ldr r2,[r7,#24]
  58 0020 1A61     	 str r2,[r3,#16]
  90:../Dave/Generated/CMSIS_DSP/FilteringFunctions/arm_fir_sparse_init_q15.c **** 
  91:../Dave/Generated/CMSIS_DSP/FilteringFunctions/arm_fir_sparse_init_q15.c ****   /* Assign MaxDelay */
  92:../Dave/Generated/CMSIS_DSP/FilteringFunctions/arm_fir_sparse_init_q15.c ****   S->maxDelay = maxDelay;
  59              	 .loc 1 92 0
  60 0022 FB68     	 ldr r3,[r7,#12]
  61 0024 BA8B     	 ldrh r2,[r7,#28]
  62 0026 9A81     	 strh r2,[r3,#12]
  93:../Dave/Generated/CMSIS_DSP/FilteringFunctions/arm_fir_sparse_init_q15.c **** 
  94:../Dave/Generated/CMSIS_DSP/FilteringFunctions/arm_fir_sparse_init_q15.c ****   /* reset the stateIndex to 0 */
  95:../Dave/Generated/CMSIS_DSP/FilteringFunctions/arm_fir_sparse_init_q15.c ****   S->stateIndex = 0u;
  63              	 .loc 1 95 0
  64 0028 FB68     	 ldr r3,[r7,#12]
  65 002a 0022     	 movs r2,#0
  66 002c 5A80     	 strh r2,[r3,#2]
  96:../Dave/Generated/CMSIS_DSP/FilteringFunctions/arm_fir_sparse_init_q15.c **** 
  97:../Dave/Generated/CMSIS_DSP/FilteringFunctions/arm_fir_sparse_init_q15.c ****   /* Clear state buffer and size is always maxDelay + blockSize */
  98:../Dave/Generated/CMSIS_DSP/FilteringFunctions/arm_fir_sparse_init_q15.c ****   memset(pState, 0, (maxDelay + blockSize) * sizeof(q15_t));
  67              	 .loc 1 98 0
  68 002e BA8B     	 ldrh r2,[r7,#28]
  69 0030 3B6A     	 ldr r3,[r7,#32]
  70 0032 1344     	 add r3,r3,r2
  71 0034 5B00     	 lsls r3,r3,#1
  72 0036 3868     	 ldr r0,[r7]
  73 0038 0021     	 movs r1,#0
  74 003a 1A46     	 mov r2,r3
  75 003c FFF7FEFF 	 bl memset
  99:../Dave/Generated/CMSIS_DSP/FilteringFunctions/arm_fir_sparse_init_q15.c **** 
 100:../Dave/Generated/CMSIS_DSP/FilteringFunctions/arm_fir_sparse_init_q15.c ****   /* Assign state pointer */
 101:../Dave/Generated/CMSIS_DSP/FilteringFunctions/arm_fir_sparse_init_q15.c ****   S->pState = pState;
  76              	 .loc 1 101 0
  77 0040 FB68     	 ldr r3,[r7,#12]
  78 0042 3A68     	 ldr r2,[r7]
  79 0044 5A60     	 str r2,[r3,#4]
 102:../Dave/Generated/CMSIS_DSP/FilteringFunctions/arm_fir_sparse_init_q15.c **** 
 103:../Dave/Generated/CMSIS_DSP/FilteringFunctions/arm_fir_sparse_init_q15.c **** }
  80              	 .loc 1 103 0
  81 0046 1037     	 adds r7,r7,#16
  82              	.LCFI3:
  83              	 .cfi_def_cfa_offset 8
  84 0048 BD46     	 mov sp,r7
  85              	.LCFI4:
  86              	 .cfi_def_cfa_register 13
  87              	 
  88 004a 80BD     	 pop {r7,pc}
  89              	 .cfi_endproc
  90              	.LFE139:
  92              	 .text
  93              	.Letext0:
  94              	 .file 2 "c:\\davev4-64bit\\dave-4.2.6\\eclipse\\arm-gcc-49\\arm-none-eabi\\include\\machine\\_default_types.h"
  95              	 .file 3 "c:\\davev4-64bit\\dave-4.2.6\\eclipse\\arm-gcc-49\\arm-none-eabi\\include\\stdint.h"
  96              	 .file 4 "C:\\Users\\Depes Crystalline\\Desktop\\school\\Active_Bike_Lighting_System\\Radar_Core\\Dave\\Generated/CMSIS_DSP/arm_math.h"
DEFINED SYMBOLS
                            *ABS*:00000000 arm_fir_sparse_init_q15.c
    {standard input}:19     .text.arm_fir_sparse_init_q15:00000000 $t
    {standard input}:24     .text.arm_fir_sparse_init_q15:00000000 arm_fir_sparse_init_q15
                     .debug_frame:00000010 $d

UNDEFINED SYMBOLS
memset
