   1              	 .syntax unified
   2              	 .cpu cortex-m4
   3              	 .fpu softvfp
   4              	 .eabi_attribute 20,1
   5              	 .eabi_attribute 21,1
   6              	 .eabi_attribute 23,3
   7              	 .eabi_attribute 24,1
   8              	 .eabi_attribute 25,1
   9              	 .eabi_attribute 26,1
  10              	 .eabi_attribute 30,6
  11              	 .eabi_attribute 34,1
  12              	 .eabi_attribute 18,4
  13              	 .thumb
  14              	 .file "arm_lms_norm_init_f32.c"
  15              	 .text
  16              	.Ltext0:
  17              	 .cfi_sections .debug_frame
  18              	 .section .text.arm_lms_norm_init_f32,"ax",%progbits
  19              	 .align 2
  20              	 .global arm_lms_norm_init_f32
  21              	 .thumb
  22              	 .thumb_func
  24              	arm_lms_norm_init_f32:
  25              	.LFB139:
  26              	 .file 1 "../Dave/Generated/CMSIS_DSP/FilteringFunctions/arm_lms_norm_init_f32.c"
   1:../Dave/Generated/CMSIS_DSP/FilteringFunctions/arm_lms_norm_init_f32.c **** /*-----------------------------------------------------------------------------    
   2:../Dave/Generated/CMSIS_DSP/FilteringFunctions/arm_lms_norm_init_f32.c **** * Copyright (C) 2010-2014 ARM Limited. All rights reserved.    
   3:../Dave/Generated/CMSIS_DSP/FilteringFunctions/arm_lms_norm_init_f32.c **** *    
   4:../Dave/Generated/CMSIS_DSP/FilteringFunctions/arm_lms_norm_init_f32.c **** * $Date:        12. March 2014
   5:../Dave/Generated/CMSIS_DSP/FilteringFunctions/arm_lms_norm_init_f32.c **** * $Revision: 	V1.4.4
   6:../Dave/Generated/CMSIS_DSP/FilteringFunctions/arm_lms_norm_init_f32.c **** *    
   7:../Dave/Generated/CMSIS_DSP/FilteringFunctions/arm_lms_norm_init_f32.c **** * Project: 	    CMSIS DSP Library    
   8:../Dave/Generated/CMSIS_DSP/FilteringFunctions/arm_lms_norm_init_f32.c **** * Title:        arm_lms_norm_init_f32.c    
   9:../Dave/Generated/CMSIS_DSP/FilteringFunctions/arm_lms_norm_init_f32.c **** *    
  10:../Dave/Generated/CMSIS_DSP/FilteringFunctions/arm_lms_norm_init_f32.c **** * Description:  Floating-point NLMS filter initialization function.    
  11:../Dave/Generated/CMSIS_DSP/FilteringFunctions/arm_lms_norm_init_f32.c **** *    
  12:../Dave/Generated/CMSIS_DSP/FilteringFunctions/arm_lms_norm_init_f32.c **** * Target Processor: Cortex-M4/Cortex-M3/Cortex-M0
  13:../Dave/Generated/CMSIS_DSP/FilteringFunctions/arm_lms_norm_init_f32.c **** *  
  14:../Dave/Generated/CMSIS_DSP/FilteringFunctions/arm_lms_norm_init_f32.c **** * Redistribution and use in source and binary forms, with or without 
  15:../Dave/Generated/CMSIS_DSP/FilteringFunctions/arm_lms_norm_init_f32.c **** * modification, are permitted provided that the following conditions
  16:../Dave/Generated/CMSIS_DSP/FilteringFunctions/arm_lms_norm_init_f32.c **** * are met:
  17:../Dave/Generated/CMSIS_DSP/FilteringFunctions/arm_lms_norm_init_f32.c **** *   - Redistributions of source code must retain the above copyright
  18:../Dave/Generated/CMSIS_DSP/FilteringFunctions/arm_lms_norm_init_f32.c **** *     notice, this list of conditions and the following disclaimer.
  19:../Dave/Generated/CMSIS_DSP/FilteringFunctions/arm_lms_norm_init_f32.c **** *   - Redistributions in binary form must reproduce the above copyright
  20:../Dave/Generated/CMSIS_DSP/FilteringFunctions/arm_lms_norm_init_f32.c **** *     notice, this list of conditions and the following disclaimer in
  21:../Dave/Generated/CMSIS_DSP/FilteringFunctions/arm_lms_norm_init_f32.c **** *     the documentation and/or other materials provided with the 
  22:../Dave/Generated/CMSIS_DSP/FilteringFunctions/arm_lms_norm_init_f32.c **** *     distribution.
  23:../Dave/Generated/CMSIS_DSP/FilteringFunctions/arm_lms_norm_init_f32.c **** *   - Neither the name of ARM LIMITED nor the names of its contributors
  24:../Dave/Generated/CMSIS_DSP/FilteringFunctions/arm_lms_norm_init_f32.c **** *     may be used to endorse or promote products derived from this
  25:../Dave/Generated/CMSIS_DSP/FilteringFunctions/arm_lms_norm_init_f32.c **** *     software without specific prior written permission.
  26:../Dave/Generated/CMSIS_DSP/FilteringFunctions/arm_lms_norm_init_f32.c **** *
  27:../Dave/Generated/CMSIS_DSP/FilteringFunctions/arm_lms_norm_init_f32.c **** * THIS SOFTWARE IS PROVIDED BY THE COPYRIGHT HOLDERS AND CONTRIBUTORS
  28:../Dave/Generated/CMSIS_DSP/FilteringFunctions/arm_lms_norm_init_f32.c **** * "AS IS" AND ANY EXPRESS OR IMPLIED WARRANTIES, INCLUDING, BUT NOT
  29:../Dave/Generated/CMSIS_DSP/FilteringFunctions/arm_lms_norm_init_f32.c **** * LIMITED TO, THE IMPLIED WARRANTIES OF MERCHANTABILITY AND FITNESS
  30:../Dave/Generated/CMSIS_DSP/FilteringFunctions/arm_lms_norm_init_f32.c **** * FOR A PARTICULAR PURPOSE ARE DISCLAIMED. IN NO EVENT SHALL THE 
  31:../Dave/Generated/CMSIS_DSP/FilteringFunctions/arm_lms_norm_init_f32.c **** * COPYRIGHT OWNER OR CONTRIBUTORS BE LIABLE FOR ANY DIRECT, INDIRECT,
  32:../Dave/Generated/CMSIS_DSP/FilteringFunctions/arm_lms_norm_init_f32.c **** * INCIDENTAL, SPECIAL, EXEMPLARY, OR CONSEQUENTIAL DAMAGES (INCLUDING,
  33:../Dave/Generated/CMSIS_DSP/FilteringFunctions/arm_lms_norm_init_f32.c **** * BUT NOT LIMITED TO, PROCUREMENT OF SUBSTITUTE GOODS OR SERVICES;
  34:../Dave/Generated/CMSIS_DSP/FilteringFunctions/arm_lms_norm_init_f32.c **** * LOSS OF USE, DATA, OR PROFITS; OR BUSINESS INTERRUPTION) HOWEVER
  35:../Dave/Generated/CMSIS_DSP/FilteringFunctions/arm_lms_norm_init_f32.c **** * CAUSED AND ON ANY THEORY OF LIABILITY, WHETHER IN CONTRACT, STRICT
  36:../Dave/Generated/CMSIS_DSP/FilteringFunctions/arm_lms_norm_init_f32.c **** * LIABILITY, OR TORT (INCLUDING NEGLIGENCE OR OTHERWISE) ARISING IN
  37:../Dave/Generated/CMSIS_DSP/FilteringFunctions/arm_lms_norm_init_f32.c **** * ANY WAY OUT OF THE USE OF THIS SOFTWARE, EVEN IF ADVISED OF THE
  38:../Dave/Generated/CMSIS_DSP/FilteringFunctions/arm_lms_norm_init_f32.c **** * POSSIBILITY OF SUCH DAMAGE.    
  39:../Dave/Generated/CMSIS_DSP/FilteringFunctions/arm_lms_norm_init_f32.c **** * ---------------------------------------------------------------------------*/
  40:../Dave/Generated/CMSIS_DSP/FilteringFunctions/arm_lms_norm_init_f32.c **** 
  41:../Dave/Generated/CMSIS_DSP/FilteringFunctions/arm_lms_norm_init_f32.c **** #include "CMSIS_DSP/cmsis_dsp.h"
  42:../Dave/Generated/CMSIS_DSP/FilteringFunctions/arm_lms_norm_init_f32.c **** 
  43:../Dave/Generated/CMSIS_DSP/FilteringFunctions/arm_lms_norm_init_f32.c **** /**    
  44:../Dave/Generated/CMSIS_DSP/FilteringFunctions/arm_lms_norm_init_f32.c ****  * @ingroup groupFilters    
  45:../Dave/Generated/CMSIS_DSP/FilteringFunctions/arm_lms_norm_init_f32.c ****  */
  46:../Dave/Generated/CMSIS_DSP/FilteringFunctions/arm_lms_norm_init_f32.c **** 
  47:../Dave/Generated/CMSIS_DSP/FilteringFunctions/arm_lms_norm_init_f32.c **** /**    
  48:../Dave/Generated/CMSIS_DSP/FilteringFunctions/arm_lms_norm_init_f32.c ****  * @addtogroup LMS_NORM    
  49:../Dave/Generated/CMSIS_DSP/FilteringFunctions/arm_lms_norm_init_f32.c ****  * @{    
  50:../Dave/Generated/CMSIS_DSP/FilteringFunctions/arm_lms_norm_init_f32.c ****  */
  51:../Dave/Generated/CMSIS_DSP/FilteringFunctions/arm_lms_norm_init_f32.c **** 
  52:../Dave/Generated/CMSIS_DSP/FilteringFunctions/arm_lms_norm_init_f32.c ****   /**    
  53:../Dave/Generated/CMSIS_DSP/FilteringFunctions/arm_lms_norm_init_f32.c ****    * @brief Initialization function for floating-point normalized LMS filter.    
  54:../Dave/Generated/CMSIS_DSP/FilteringFunctions/arm_lms_norm_init_f32.c ****    * @param[in] *S points to an instance of the floating-point LMS filter structure.    
  55:../Dave/Generated/CMSIS_DSP/FilteringFunctions/arm_lms_norm_init_f32.c ****    * @param[in] numTaps  number of filter coefficients.    
  56:../Dave/Generated/CMSIS_DSP/FilteringFunctions/arm_lms_norm_init_f32.c ****    * @param[in] *pCoeffs points to coefficient buffer.    
  57:../Dave/Generated/CMSIS_DSP/FilteringFunctions/arm_lms_norm_init_f32.c ****    * @param[in] *pState points to state buffer.    
  58:../Dave/Generated/CMSIS_DSP/FilteringFunctions/arm_lms_norm_init_f32.c ****    * @param[in] mu step size that controls filter coefficient updates.    
  59:../Dave/Generated/CMSIS_DSP/FilteringFunctions/arm_lms_norm_init_f32.c ****    * @param[in] blockSize number of samples to process.    
  60:../Dave/Generated/CMSIS_DSP/FilteringFunctions/arm_lms_norm_init_f32.c ****    * @return none.    
  61:../Dave/Generated/CMSIS_DSP/FilteringFunctions/arm_lms_norm_init_f32.c ****    *    
  62:../Dave/Generated/CMSIS_DSP/FilteringFunctions/arm_lms_norm_init_f32.c ****  * \par Description:    
  63:../Dave/Generated/CMSIS_DSP/FilteringFunctions/arm_lms_norm_init_f32.c ****  * <code>pCoeffs</code> points to the array of filter coefficients stored in time reversed order:  
  64:../Dave/Generated/CMSIS_DSP/FilteringFunctions/arm_lms_norm_init_f32.c ****  * <pre>    
  65:../Dave/Generated/CMSIS_DSP/FilteringFunctions/arm_lms_norm_init_f32.c ****  *    {b[numTaps-1], b[numTaps-2], b[N-2], ..., b[1], b[0]}    
  66:../Dave/Generated/CMSIS_DSP/FilteringFunctions/arm_lms_norm_init_f32.c ****  * </pre>    
  67:../Dave/Generated/CMSIS_DSP/FilteringFunctions/arm_lms_norm_init_f32.c ****  * The initial filter coefficients serve as a starting point for the adaptive filter.    
  68:../Dave/Generated/CMSIS_DSP/FilteringFunctions/arm_lms_norm_init_f32.c ****  * <code>pState</code> points to an array of length <code>numTaps+blockSize-1</code> samples,    
  69:../Dave/Generated/CMSIS_DSP/FilteringFunctions/arm_lms_norm_init_f32.c ****  * where <code>blockSize</code> is the number of input samples processed by each call to <code>arm_
  70:../Dave/Generated/CMSIS_DSP/FilteringFunctions/arm_lms_norm_init_f32.c ****  */
  71:../Dave/Generated/CMSIS_DSP/FilteringFunctions/arm_lms_norm_init_f32.c **** 
  72:../Dave/Generated/CMSIS_DSP/FilteringFunctions/arm_lms_norm_init_f32.c **** void arm_lms_norm_init_f32(
  73:../Dave/Generated/CMSIS_DSP/FilteringFunctions/arm_lms_norm_init_f32.c ****   arm_lms_norm_instance_f32 * S,
  74:../Dave/Generated/CMSIS_DSP/FilteringFunctions/arm_lms_norm_init_f32.c ****   uint16_t numTaps,
  75:../Dave/Generated/CMSIS_DSP/FilteringFunctions/arm_lms_norm_init_f32.c ****   float32_t * pCoeffs,
  76:../Dave/Generated/CMSIS_DSP/FilteringFunctions/arm_lms_norm_init_f32.c ****   float32_t * pState,
  77:../Dave/Generated/CMSIS_DSP/FilteringFunctions/arm_lms_norm_init_f32.c ****   float32_t mu,
  78:../Dave/Generated/CMSIS_DSP/FilteringFunctions/arm_lms_norm_init_f32.c ****   uint32_t blockSize)
  79:../Dave/Generated/CMSIS_DSP/FilteringFunctions/arm_lms_norm_init_f32.c **** {
  27              	 .loc 1 79 0
  28              	 .cfi_startproc
  29              	 
  30              	 
  31 0000 80B5     	 push {r7,lr}
  32              	.LCFI0:
  33              	 .cfi_def_cfa_offset 8
  34              	 .cfi_offset 7,-8
  35              	 .cfi_offset 14,-4
  36 0002 84B0     	 sub sp,sp,#16
  37              	.LCFI1:
  38              	 .cfi_def_cfa_offset 24
  39 0004 00AF     	 add r7,sp,#0
  40              	.LCFI2:
  41              	 .cfi_def_cfa_register 7
  42 0006 F860     	 str r0,[r7,#12]
  43 0008 7A60     	 str r2,[r7,#4]
  44 000a 3B60     	 str r3,[r7]
  45 000c 0B46     	 mov r3,r1
  46 000e 7B81     	 strh r3,[r7,#10]
  80:../Dave/Generated/CMSIS_DSP/FilteringFunctions/arm_lms_norm_init_f32.c ****   /* Assign filter taps */
  81:../Dave/Generated/CMSIS_DSP/FilteringFunctions/arm_lms_norm_init_f32.c ****   S->numTaps = numTaps;
  47              	 .loc 1 81 0
  48 0010 FB68     	 ldr r3,[r7,#12]
  49 0012 7A89     	 ldrh r2,[r7,#10]
  50 0014 1A80     	 strh r2,[r3]
  82:../Dave/Generated/CMSIS_DSP/FilteringFunctions/arm_lms_norm_init_f32.c **** 
  83:../Dave/Generated/CMSIS_DSP/FilteringFunctions/arm_lms_norm_init_f32.c ****   /* Assign coefficient pointer */
  84:../Dave/Generated/CMSIS_DSP/FilteringFunctions/arm_lms_norm_init_f32.c ****   S->pCoeffs = pCoeffs;
  51              	 .loc 1 84 0
  52 0016 FB68     	 ldr r3,[r7,#12]
  53 0018 7A68     	 ldr r2,[r7,#4]
  54 001a 9A60     	 str r2,[r3,#8]
  85:../Dave/Generated/CMSIS_DSP/FilteringFunctions/arm_lms_norm_init_f32.c **** 
  86:../Dave/Generated/CMSIS_DSP/FilteringFunctions/arm_lms_norm_init_f32.c ****   /* Clear state buffer and size is always blockSize + numTaps - 1 */
  87:../Dave/Generated/CMSIS_DSP/FilteringFunctions/arm_lms_norm_init_f32.c ****   memset(pState, 0, (numTaps + (blockSize - 1u)) * sizeof(float32_t));
  55              	 .loc 1 87 0
  56 001c 7A89     	 ldrh r2,[r7,#10]
  57 001e FB69     	 ldr r3,[r7,#28]
  58 0020 1344     	 add r3,r3,r2
  59 0022 03F18043 	 add r3,r3,#1073741824
  60 0026 013B     	 subs r3,r3,#1
  61 0028 9B00     	 lsls r3,r3,#2
  62 002a 3868     	 ldr r0,[r7]
  63 002c 0021     	 movs r1,#0
  64 002e 1A46     	 mov r2,r3
  65 0030 FFF7FEFF 	 bl memset
  88:../Dave/Generated/CMSIS_DSP/FilteringFunctions/arm_lms_norm_init_f32.c **** 
  89:../Dave/Generated/CMSIS_DSP/FilteringFunctions/arm_lms_norm_init_f32.c ****   /* Assign state pointer */
  90:../Dave/Generated/CMSIS_DSP/FilteringFunctions/arm_lms_norm_init_f32.c ****   S->pState = pState;
  66              	 .loc 1 90 0
  67 0034 FB68     	 ldr r3,[r7,#12]
  68 0036 3A68     	 ldr r2,[r7]
  69 0038 5A60     	 str r2,[r3,#4]
  91:../Dave/Generated/CMSIS_DSP/FilteringFunctions/arm_lms_norm_init_f32.c **** 
  92:../Dave/Generated/CMSIS_DSP/FilteringFunctions/arm_lms_norm_init_f32.c ****   /* Assign Step size value */
  93:../Dave/Generated/CMSIS_DSP/FilteringFunctions/arm_lms_norm_init_f32.c ****   S->mu = mu;
  70              	 .loc 1 93 0
  71 003a FB68     	 ldr r3,[r7,#12]
  72 003c BA69     	 ldr r2,[r7,#24]
  73 003e DA60     	 str r2,[r3,#12]
  94:../Dave/Generated/CMSIS_DSP/FilteringFunctions/arm_lms_norm_init_f32.c **** 
  95:../Dave/Generated/CMSIS_DSP/FilteringFunctions/arm_lms_norm_init_f32.c ****   /* Initialise Energy to zero */
  96:../Dave/Generated/CMSIS_DSP/FilteringFunctions/arm_lms_norm_init_f32.c ****   S->energy = 0.0f;
  74              	 .loc 1 96 0
  75 0040 FB68     	 ldr r3,[r7,#12]
  76 0042 4FF00002 	 mov r2,#0
  77 0046 1A61     	 str r2,[r3,#16]
  97:../Dave/Generated/CMSIS_DSP/FilteringFunctions/arm_lms_norm_init_f32.c **** 
  98:../Dave/Generated/CMSIS_DSP/FilteringFunctions/arm_lms_norm_init_f32.c ****   /* Initialise x0 to zero */
  99:../Dave/Generated/CMSIS_DSP/FilteringFunctions/arm_lms_norm_init_f32.c ****   S->x0 = 0.0f;
  78              	 .loc 1 99 0
  79 0048 FB68     	 ldr r3,[r7,#12]
  80 004a 4FF00002 	 mov r2,#0
  81 004e 5A61     	 str r2,[r3,#20]
 100:../Dave/Generated/CMSIS_DSP/FilteringFunctions/arm_lms_norm_init_f32.c **** 
 101:../Dave/Generated/CMSIS_DSP/FilteringFunctions/arm_lms_norm_init_f32.c **** }
  82              	 .loc 1 101 0
  83 0050 1037     	 adds r7,r7,#16
  84              	.LCFI3:
  85              	 .cfi_def_cfa_offset 8
  86 0052 BD46     	 mov sp,r7
  87              	.LCFI4:
  88              	 .cfi_def_cfa_register 13
  89              	 
  90 0054 80BD     	 pop {r7,pc}
  91              	 .cfi_endproc
  92              	.LFE139:
  94 0056 00BF     	 .text
  95              	.Letext0:
  96              	 .file 2 "c:\\davev4-64bit\\dave-4.2.6\\eclipse\\arm-gcc-49\\arm-none-eabi\\include\\machine\\_default_types.h"
  97              	 .file 3 "c:\\davev4-64bit\\dave-4.2.6\\eclipse\\arm-gcc-49\\arm-none-eabi\\include\\stdint.h"
  98              	 .file 4 "C:\\Users\\Depes Crystalline\\Desktop\\school\\Active_Bike_Lighting_System\\Radar_Core\\Dave\\Generated/CMSIS_DSP/arm_math.h"
DEFINED SYMBOLS
                            *ABS*:00000000 arm_lms_norm_init_f32.c
    {standard input}:19     .text.arm_lms_norm_init_f32:00000000 $t
    {standard input}:24     .text.arm_lms_norm_init_f32:00000000 arm_lms_norm_init_f32
                     .debug_frame:00000010 $d

UNDEFINED SYMBOLS
memset
