   1              	 .syntax unified
   2              	 .cpu cortex-m4
   3              	 .fpu softvfp
   4              	 .eabi_attribute 20,1
   5              	 .eabi_attribute 21,1
   6              	 .eabi_attribute 23,3
   7              	 .eabi_attribute 24,1
   8              	 .eabi_attribute 25,1
   9              	 .eabi_attribute 26,1
  10              	 .eabi_attribute 30,6
  11              	 .eabi_attribute 34,1
  12              	 .eabi_attribute 18,4
  13              	 .thumb
  14              	 .file "global_dma_conf.c"
  15              	 .text
  16              	.Ltext0:
  17              	 .cfi_sections .debug_frame
  18              	 .global GLOBAL_DMA_0_CONFIG
  19              	 .section .data.GLOBAL_DMA_0_CONFIG,"aw",%progbits
  20              	 .align 2
  23              	GLOBAL_DMA_0_CONFIG:
  24 0000 3F       	 .byte 63
  25 0001 00       	 .byte 0
  26              	 .global GLOBAL_DMA_0
  27 0002 0000     	 .section .data.GLOBAL_DMA_0,"aw",%progbits
  28              	 .align 2
  31              	GLOBAL_DMA_0:
  32 0000 00400150 	 .word 1342259200
  33 0004 00000000 	 .word GLOBAL_DMA_0_CONFIG
  34 0008 00       	 .byte 0
  35 0009 69       	 .byte 105
  36 000a 0000     	 .space 2
  37              	 .section .text.GPDMA0_0_IRQHandler,"ax",%progbits
  38              	 .align 2
  39              	 .global GPDMA0_0_IRQHandler
  40              	 .thumb
  41              	 .thumb_func
  43              	GPDMA0_0_IRQHandler:
  44              	.LFB139:
  45              	 .file 1 "../Dave/Generated/GLOBAL_DMA/global_dma_conf.c"
   1:../Dave/Generated/GLOBAL_DMA/global_dma_conf.c **** /**************************************************************************************************
   2:../Dave/Generated/GLOBAL_DMA/global_dma_conf.c **** * DAVE APP Name : GLOBAL_DMA       APP Version: 4.0.4
   3:../Dave/Generated/GLOBAL_DMA/global_dma_conf.c **** *
   4:../Dave/Generated/GLOBAL_DMA/global_dma_conf.c **** * NOTE:
   5:../Dave/Generated/GLOBAL_DMA/global_dma_conf.c **** * This file is generated by DAVE. Any manual modification done to this file will be lost when the c
   6:../Dave/Generated/GLOBAL_DMA/global_dma_conf.c **** ***************************************************************************************************
   7:../Dave/Generated/GLOBAL_DMA/global_dma_conf.c **** 
   8:../Dave/Generated/GLOBAL_DMA/global_dma_conf.c **** /**
   9:../Dave/Generated/GLOBAL_DMA/global_dma_conf.c ****  * @cond
  10:../Dave/Generated/GLOBAL_DMA/global_dma_conf.c ****  **************************************************************************************************
  11:../Dave/Generated/GLOBAL_DMA/global_dma_conf.c ****  * Copyright (c) 2015, Infineon Technologies AG
  12:../Dave/Generated/GLOBAL_DMA/global_dma_conf.c ****  * All rights reserved.
  13:../Dave/Generated/GLOBAL_DMA/global_dma_conf.c ****  *
  14:../Dave/Generated/GLOBAL_DMA/global_dma_conf.c ****  * Redistribution and use in source and binary forms, with or without modification,are permitted pr
  15:../Dave/Generated/GLOBAL_DMA/global_dma_conf.c ****  * following conditions are met:
  16:../Dave/Generated/GLOBAL_DMA/global_dma_conf.c ****  *
  17:../Dave/Generated/GLOBAL_DMA/global_dma_conf.c ****  *   Redistributions of source code must retain the above copyright notice, this list of conditions
  18:../Dave/Generated/GLOBAL_DMA/global_dma_conf.c ****  *   disclaimer.
  19:../Dave/Generated/GLOBAL_DMA/global_dma_conf.c ****  *
  20:../Dave/Generated/GLOBAL_DMA/global_dma_conf.c ****  *   Redistributions in binary form must reproduce the above copyright notice, this list of conditi
  21:../Dave/Generated/GLOBAL_DMA/global_dma_conf.c ****  *   following disclaimer in the documentation and/or other materials provided with the distributio
  22:../Dave/Generated/GLOBAL_DMA/global_dma_conf.c ****  *
  23:../Dave/Generated/GLOBAL_DMA/global_dma_conf.c ****  *   Neither the name of the copyright holders nor the names of its contributors may be used to end
  24:../Dave/Generated/GLOBAL_DMA/global_dma_conf.c ****  *   products derived from this software without specific prior written permission.
  25:../Dave/Generated/GLOBAL_DMA/global_dma_conf.c ****  *
  26:../Dave/Generated/GLOBAL_DMA/global_dma_conf.c ****  * THIS SOFTWARE IS PROVIDED BY THE COPYRIGHT HOLDERS AND CONTRIBUTORS "AS IS" AND ANY EXPRESS OR I
  27:../Dave/Generated/GLOBAL_DMA/global_dma_conf.c ****  * INCLUDING, BUT NOT LIMITED TO, THE IMPLIED WARRANTIES OF MERCHANTABILITY AND FITNESS FOR A PARTI
  28:../Dave/Generated/GLOBAL_DMA/global_dma_conf.c ****  * DISCLAIMED. IN NO EVENT SHALL THE COPYRIGHT HOLDER OR CONTRIBUTORS BE LIABLE  FOR ANY DIRECT, IN
  29:../Dave/Generated/GLOBAL_DMA/global_dma_conf.c ****  * SPECIAL, EXEMPLARY, OR CONSEQUENTIAL DAMAGES (INCLUDING, BUT NOT LIMITED TO, PROCUREMENT OF SUBS
  30:../Dave/Generated/GLOBAL_DMA/global_dma_conf.c ****  * SERVICES; LOSS OF USE, DATA, OR PROFITS; OR BUSINESS INTERRUPTION) HOWEVER CAUSED AND ON ANY THE
  31:../Dave/Generated/GLOBAL_DMA/global_dma_conf.c ****  * WHETHER IN CONTRACT, STRICT LIABILITY,OR TORT (INCLUDING NEGLIGENCE OR OTHERWISE) ARISING IN ANY
  32:../Dave/Generated/GLOBAL_DMA/global_dma_conf.c ****  * USE OF THIS SOFTWARE, EVEN IF ADVISED OF THE POSSIBILITY OF SUCH DAMAGE.
  33:../Dave/Generated/GLOBAL_DMA/global_dma_conf.c ****  *
  34:../Dave/Generated/GLOBAL_DMA/global_dma_conf.c ****  * To improve the quality of the software, users are encouraged to share modifications, enhancement
  35:../Dave/Generated/GLOBAL_DMA/global_dma_conf.c ****  * with Infineon Technologies AG (dave@infineon.com).
  36:../Dave/Generated/GLOBAL_DMA/global_dma_conf.c ****  **************************************************************************************************
  37:../Dave/Generated/GLOBAL_DMA/global_dma_conf.c ****  *
  38:../Dave/Generated/GLOBAL_DMA/global_dma_conf.c ****  * Change History
  39:../Dave/Generated/GLOBAL_DMA/global_dma_conf.c ****  * --------------
  40:../Dave/Generated/GLOBAL_DMA/global_dma_conf.c ****  *
  41:../Dave/Generated/GLOBAL_DMA/global_dma_conf.c ****  * 2015-02-20:
  42:../Dave/Generated/GLOBAL_DMA/global_dma_conf.c ****  *     - Initial version <br>
  43:../Dave/Generated/GLOBAL_DMA/global_dma_conf.c ****  *
  44:../Dave/Generated/GLOBAL_DMA/global_dma_conf.c ****  * @endcond
  45:../Dave/Generated/GLOBAL_DMA/global_dma_conf.c ****  */
  46:../Dave/Generated/GLOBAL_DMA/global_dma_conf.c **** 
  47:../Dave/Generated/GLOBAL_DMA/global_dma_conf.c **** /**************************************************************************************************
  48:../Dave/Generated/GLOBAL_DMA/global_dma_conf.c ****  * HEADER FILES
  49:../Dave/Generated/GLOBAL_DMA/global_dma_conf.c ****  **************************************************************************************************
  50:../Dave/Generated/GLOBAL_DMA/global_dma_conf.c **** 
  51:../Dave/Generated/GLOBAL_DMA/global_dma_conf.c **** #include "global_dma.h"
  52:../Dave/Generated/GLOBAL_DMA/global_dma_conf.c **** 
  53:../Dave/Generated/GLOBAL_DMA/global_dma_conf.c **** /**************************************************************************************************
  54:../Dave/Generated/GLOBAL_DMA/global_dma_conf.c ****  * DATA STRUCTURES
  55:../Dave/Generated/GLOBAL_DMA/global_dma_conf.c ****  **************************************************************************************************
  56:../Dave/Generated/GLOBAL_DMA/global_dma_conf.c **** 
  57:../Dave/Generated/GLOBAL_DMA/global_dma_conf.c **** GLOBAL_DMA_INTERRUPT_CONFIG_t GLOBAL_DMA_0_CONFIG =
  58:../Dave/Generated/GLOBAL_DMA/global_dma_conf.c **** {
  59:../Dave/Generated/GLOBAL_DMA/global_dma_conf.c ****   .priority = 63U, /* Node interrupt priority */
  60:../Dave/Generated/GLOBAL_DMA/global_dma_conf.c ****   .sub_priority = 0U  /* Node interrupt sub-priority */
  61:../Dave/Generated/GLOBAL_DMA/global_dma_conf.c **** };
  62:../Dave/Generated/GLOBAL_DMA/global_dma_conf.c **** 
  63:../Dave/Generated/GLOBAL_DMA/global_dma_conf.c **** GLOBAL_DMA_t GLOBAL_DMA_0 =
  64:../Dave/Generated/GLOBAL_DMA/global_dma_conf.c **** {
  65:../Dave/Generated/GLOBAL_DMA/global_dma_conf.c ****   .dma = XMC_DMA0, /* Which DMA module? */
  66:../Dave/Generated/GLOBAL_DMA/global_dma_conf.c ****   .config = &GLOBAL_DMA_0_CONFIG, /* A reference to interrupt config */
  67:../Dave/Generated/GLOBAL_DMA/global_dma_conf.c ****   .initialized = (bool)0U, /* Is DMA initialized yet? */
  68:../Dave/Generated/GLOBAL_DMA/global_dma_conf.c ****   .irq_node = (IRQn_Type)105U /* Allotted DMA IRQ node */
  69:../Dave/Generated/GLOBAL_DMA/global_dma_conf.c **** };
  70:../Dave/Generated/GLOBAL_DMA/global_dma_conf.c **** 
  71:../Dave/Generated/GLOBAL_DMA/global_dma_conf.c **** void GPDMA0_0_IRQHandler(void)
  72:../Dave/Generated/GLOBAL_DMA/global_dma_conf.c **** {
  46              	 .loc 1 72 0
  47              	 .cfi_startproc
  48              	 
  49              	 
  50 0000 80B5     	 push {r7,lr}
  51              	.LCFI0:
  52              	 .cfi_def_cfa_offset 8
  53              	 .cfi_offset 7,-8
  54              	 .cfi_offset 14,-4
  55 0002 00AF     	 add r7,sp,#0
  56              	.LCFI1:
  57              	 .cfi_def_cfa_register 7
  73:../Dave/Generated/GLOBAL_DMA/global_dma_conf.c ****   XMC_DMA_IRQHandler(XMC_DMA0);
  58              	 .loc 1 73 0
  59 0004 0148     	 ldr r0,.L2
  60 0006 FFF7FEFF 	 bl XMC_DMA_IRQHandler
  74:../Dave/Generated/GLOBAL_DMA/global_dma_conf.c **** }
  61              	 .loc 1 74 0
  62 000a 80BD     	 pop {r7,pc}
  63              	.L3:
  64              	 .align 2
  65              	.L2:
  66 000c 00400150 	 .word 1342259200
  67              	 .cfi_endproc
  68              	.LFE139:
  70              	 .text
  71              	.Letext0:
  72              	 .file 2 "c:\\davev4-64bit\\dave-4.2.6\\eclipse\\arm-gcc-49\\arm-none-eabi\\include\\machine\\_default_types.h"
  73              	 .file 3 "c:\\davev4-64bit\\dave-4.2.6\\eclipse\\arm-gcc-49\\arm-none-eabi\\include\\stdint.h"
  74              	 .file 4 "C:\\Users\\Depes Crystalline\\Desktop\\school\\Active_Bike_Lighting_System\\Radar_Core/Libraries/CMSIS/Infineon/XMC4200_series/Include/XMC4200.h"
  75              	 .file 5 "C:\\Users\\Depes Crystalline\\Desktop\\school\\Active_Bike_Lighting_System\\Radar_Core\\Libraries\\XMCLib\\inc/xmc_dma.h"
  76              	 .file 6 "../Dave/Generated/GLOBAL_DMA/global_dma.h"
  77              	 .file 7 "C:\\Users\\Depes Crystalline\\Desktop\\school\\Active_Bike_Lighting_System\\Radar_Core/Libraries/CMSIS/Include/core_cm4.h"
DEFINED SYMBOLS
                            *ABS*:00000000 global_dma_conf.c
    {standard input}:23     .data.GLOBAL_DMA_0_CONFIG:00000000 GLOBAL_DMA_0_CONFIG
    {standard input}:20     .data.GLOBAL_DMA_0_CONFIG:00000000 $d
    {standard input}:31     .data.GLOBAL_DMA_0:00000000 GLOBAL_DMA_0
    {standard input}:28     .data.GLOBAL_DMA_0:00000000 $d
    {standard input}:38     .text.GPDMA0_0_IRQHandler:00000000 $t
    {standard input}:43     .text.GPDMA0_0_IRQHandler:00000000 GPDMA0_0_IRQHandler
    {standard input}:66     .text.GPDMA0_0_IRQHandler:0000000c $d
                     .debug_frame:00000010 $d

UNDEFINED SYMBOLS
XMC_DMA_IRQHandler
